2024-09-28 17:26:19,760 [INFO] Activator:176 - 


2024-09-28 17:26:19,767 [INFO] Activator:177 - !SESSION log4j initialized
2024-09-28 17:26:26,133 [INFO] LogOutputStream:77 - [STDOUT_REDIRECT] 
2024-09-28 17:26:33,492 [INFO] ApplicationProperties:184 - Using Application install path: C:\ST\STM32CubeIDE_1.15.0\STM32CubeIDE\plugins\com.st.stm32cube.common.mx_6.11.0.202403141607
2024-09-28 17:26:33,509 [INFO] DbMcusXml:78 - Set database path to: C:\ST\STM32CubeIDE_1.15.0\STM32CubeIDE\plugins\com.st.stm32cube.common.mx_6.11.0.202403141607\\db\/mcu/
2024-09-28 17:26:33,510 [INFO] ApiDb:274 - Set plugin database path to: C:\ST\STM32CubeIDE_1.15.0\STM32CubeIDE\plugins\com.st.stm32cube.common.mx_6.11.0.202403141607\\db\/plugins/boardmanager/
2024-09-28 17:26:33,510 [WARN] ApiDb:259 - Overriding images path with different value:  => C:\ST\STM32CubeIDE_1.15.0\STM32CubeIDE\plugins\com.st.stm32cube.common.mx_6.11.0.202403141607\\db\/plugins/mcufinder/images/
2024-09-28 17:26:33,524 [INFO] ApiDb:250 - Set database path to: C:\Users\Admin\.stmcufinder\plugins\mcufinder//mcu/
2024-09-28 17:26:33,525 [INFO] DbMcusAds:125 - Set database path to: C:\Users\Admin\.stmcufinder\plugins\mcufinder//mcu/
2024-09-28 17:26:33,527 [INFO] CrossReferenceDbSqlite:203 - Set database path to: C:\Users\Admin\.stmcufinder\plugins\mcufinder//mcu/cs/
2024-09-28 17:26:33,670 [INFO] RulesReader:64 - Compatibility file has been processed (297 Rules)
2024-09-28 17:26:33,782 [INFO] DbMcusXml:78 - Set database path to: C:\ST\STM32CubeIDE_1.15.0\STM32CubeIDE\plugins\com.st.stm32cube.common.mx_6.11.0.202403141607\\db\/mcu/
2024-09-28 17:26:33,782 [INFO] ApiDb:274 - Set plugin database path to: C:\ST\STM32CubeIDE_1.15.0\STM32CubeIDE\plugins\com.st.stm32cube.common.mx_6.11.0.202403141607\\db\/plugins/boardmanager/
2024-09-28 17:26:33,782 [INFO] ApiDb:261 - Set plugin images path to: C:\ST\STM32CubeIDE_1.15.0\STM32CubeIDE\plugins\com.st.stm32cube.common.mx_6.11.0.202403141607\\db\/plugins/mcufinder/images/
2024-09-28 17:26:33,782 [WARN] DbFile:41 - Overriding database path with different value: C:\Users\Admin\.stmcufinder\plugins\mcufinder/ => C:\Users\Admin\.stmcufinder\plugins\mcufinder
2024-09-28 17:26:33,782 [INFO] ApiDb:250 - Set database path to: C:\Users\Admin\.stmcufinder\plugins\mcufinder//mcu/
2024-09-28 17:26:33,783 [WARN] DbFile:41 - Overriding database path with different value: C:\Users\Admin\.stmcufinder\plugins\mcufinder/ => C:\Users\Admin\.stmcufinder\plugins\mcufinder
2024-09-28 17:26:33,783 [INFO] DbMcusAds:125 - Set database path to: C:\Users\Admin\.stmcufinder\plugins\mcufinder//mcu/
2024-09-28 17:26:33,783 [WARN] DbFile:41 - Overriding database path with different value: C:\Users\Admin\.stmcufinder\plugins\mcufinder/ => C:\Users\Admin\.stmcufinder\plugins\mcufinder
2024-09-28 17:26:33,783 [WARN] DbFile:41 - Overriding database path with different value: C:\Users\Admin\.stmcufinder\plugins\mcufinder/ => C:\Users\Admin\.stmcufinder\plugins\mcufinder
2024-09-28 17:26:33,783 [INFO] CrossReferenceDbSqlite:203 - Set database path to: C:\Users\Admin\.stmcufinder\plugins\mcufinder//mcu/cs/
2024-09-28 17:26:33,907 [INFO] MainPanel:264 - HeapMemory: 268435456
2024-09-28 17:26:34,008 [INFO] DbMcusXml:78 - Set database path to: C:\ST\STM32CubeIDE_1.15.0\STM32CubeIDE\plugins\com.st.stm32cube.common.mx_6.11.0.202403141607\\db\/mcu/
2024-09-28 17:26:34,008 [INFO] ApiDb:274 - Set plugin database path to: C:\ST\STM32CubeIDE_1.15.0\STM32CubeIDE\plugins\com.st.stm32cube.common.mx_6.11.0.202403141607\\db\/plugins/boardmanager/
2024-09-28 17:26:34,008 [INFO] ApiDb:261 - Set plugin images path to: C:\ST\STM32CubeIDE_1.15.0\STM32CubeIDE\plugins\com.st.stm32cube.common.mx_6.11.0.202403141607\\db\/plugins/mcufinder/images/
2024-09-28 17:26:34,009 [WARN] DbFile:41 - Overriding database path with different value: C:\Users\Admin\.stmcufinder\plugins\mcufinder/ => C:\Users\Admin\.stmcufinder\plugins\mcufinder
2024-09-28 17:26:34,009 [INFO] ApiDb:250 - Set database path to: C:\Users\Admin\.stmcufinder\plugins\mcufinder//mcu/
2024-09-28 17:26:34,009 [WARN] DbFile:41 - Overriding database path with different value: C:\Users\Admin\.stmcufinder\plugins\mcufinder/ => C:\Users\Admin\.stmcufinder\plugins\mcufinder
2024-09-28 17:26:34,009 [INFO] DbMcusAds:125 - Set database path to: C:\Users\Admin\.stmcufinder\plugins\mcufinder//mcu/
2024-09-28 17:26:34,009 [WARN] DbFile:41 - Overriding database path with different value: C:\Users\Admin\.stmcufinder\plugins\mcufinder/ => C:\Users\Admin\.stmcufinder\plugins\mcufinder
2024-09-28 17:26:34,009 [WARN] DbFile:41 - Overriding database path with different value: C:\Users\Admin\.stmcufinder\plugins\mcufinder/ => C:\Users\Admin\.stmcufinder\plugins\mcufinder
2024-09-28 17:26:34,009 [INFO] CrossReferenceDbSqlite:203 - Set database path to: C:\Users\Admin\.stmcufinder\plugins\mcufinder//mcu/cs/
2024-09-28 17:26:34,025 [INFO] ApplicationProperties:184 - Using Application install path: C:\ST\STM32CubeIDE_1.15.0\STM32CubeIDE\plugins\com.st.stm32cube.common.mx_6.11.0.202403141607
2024-09-28 17:26:34,026 [INFO] PluginManage:196 - Search for loadable plugins [exclusion list=, ]
2024-09-28 17:26:34,028 [INFO] PluginManage:310 - Check plugin analytics
2024-09-28 17:26:34,180 [INFO] AnalyticsPlugin:253 - Accepted Software Licenses: STM32CubeMX.6.10.0
2024-09-28 17:26:34,180 [INFO] AnalyticsPlugin:255 - Accepted CMSIS Pack Licenses: 
2024-09-28 17:26:34,180 [INFO] AnalyticsPlugin:257 - Accepted Firmware Licenses: 
2024-09-28 17:26:34,182 [INFO] PluginManage:359 - Loaded plugin analytics (category:tool,tabindex:-1)
2024-09-28 17:26:34,182 [INFO] PluginManage:310 - Check plugin cadmodel
2024-09-28 17:26:34,197 [INFO] CADModel:105 - Init CAD model plugin
2024-09-28 17:26:34,198 [INFO] PluginManage:359 - Loaded plugin cadmodel (category:power,tabindex:5)
2024-09-28 17:26:34,198 [INFO] PluginManage:310 - Check plugin clock
2024-09-28 17:26:34,217 [INFO] PluginManage:359 - Loaded plugin clock (category:base,tabindex:2)
2024-09-28 17:26:34,217 [INFO] PluginManage:310 - Check plugin ddr
2024-09-28 17:26:34,219 [INFO] PluginManage:359 - Loaded plugin ddr (category:tool,tabindex:6)
2024-09-28 17:26:34,219 [INFO] PluginManage:310 - Check plugin filemanager
2024-09-28 17:26:34,362 [INFO] PluginManage:359 - Loaded plugin filemanager (category:base,tabindex:10)
2024-09-28 17:26:34,362 [INFO] PluginManage:310 - Check plugin ipmanager
2024-09-28 17:26:34,368 [INFO] PluginManage:359 - Loaded plugin ipmanager (category:base,tabindex:5)
2024-09-28 17:26:34,368 [INFO] PluginManage:310 - Check plugin lpbam
2024-09-28 17:26:34,386 [INFO] PluginManage:359 - Loaded plugin lpbam (category:base,tabindex:0)
2024-09-28 17:26:34,386 [INFO] PluginManage:310 - Check plugin memorymap
2024-09-28 17:26:34,406 [INFO] PluginManage:359 - Loaded plugin memorymap (category:base,tabindex:4)
2024-09-28 17:26:34,407 [INFO] PluginManage:310 - Check plugin pinoutandconfiguration
2024-09-28 17:26:34,425 [INFO] PluginManage:359 - Loaded plugin pinoutandconfiguration (category:base,tabindex:1)
2024-09-28 17:26:34,425 [INFO] PluginManage:310 - Check plugin pinoutconfig
2024-09-28 17:26:34,517 [WARN] SupportedApi:132 - Cannot load RTOS API schema: s4s-elt-must-match.1: The content of 'definitions' must match (annotation?, (simpleType | complexType)?, (unique | key | keyref)*)). A problem was found starting at: attribute.
2024-09-28 17:26:34,637 [INFO] PluginManage:359 - Loaded plugin pinoutconfig (category:base,tabindex:0)
2024-09-28 17:26:34,637 [INFO] PluginManage:310 - Check plugin power
2024-09-28 17:26:34,657 [INFO] PluginManage:359 - Loaded plugin power (category:power,tabindex:4)
2024-09-28 17:26:34,657 [INFO] PluginManage:310 - Check plugin projectmanager
2024-09-28 17:26:34,673 [INFO] PluginManage:359 - Loaded plugin projectmanager (category:projectmanager,tabindex:3)
2024-09-28 17:26:34,673 [INFO] PluginManage:310 - Check plugin thirdparty
2024-09-28 17:26:34,930 [INFO] PluginManage:359 - Loaded plugin thirdparty (category:base,tabindex:-1)
2024-09-28 17:26:34,930 [WARN] IntegrityCheckThread:84 - waiting for thirdparty lock release [integrity check]
2024-09-28 17:26:34,930 [INFO] PluginManage:310 - Check plugin tools
2024-09-28 17:26:34,930 [INFO] IntegrityCheckThread:86 - entering critical section [integrity check]
2024-09-28 17:26:34,931 [INFO] ThirdPartyUpdaterWithRetryManager:70 - Updater plugin not ready yet. [1/15]
2024-09-28 17:26:34,959 [INFO] PluginManage:359 - Loaded plugin tools (category:base,tabindex:7)
2024-09-28 17:26:34,959 [INFO] PluginManage:310 - Check plugin tutovideos
2024-09-28 17:26:35,137 [INFO] PluginManage:359 - Loaded plugin tutovideos (category:base,tabindex:-1)
2024-09-28 17:26:35,137 [INFO] PluginManage:310 - Check plugin updater
2024-09-28 17:26:35,148 [INFO] PluginManage:359 - Loaded plugin updater (category:base,tabindex:12)
2024-09-28 17:26:35,148 [INFO] PluginManage:310 - Check plugin userauth
2024-09-28 17:26:35,152 [INFO] UserAuth:114 - Init User Auth plugin
2024-09-28 17:26:35,152 [INFO] PluginManage:359 - Loaded plugin userauth (category:base,tabindex:14)
2024-09-28 17:26:35,152 [INFO] PluginManage:283 - PluginManage : Loaded plugins [17]
2024-09-28 17:26:35,350 [INFO] PinOutPanel:1561 - setPackage(No Configuration,No Configuration)
2024-09-28 17:26:35,415 [INFO] CADModel:165 - CPN selected for project level
2024-09-28 17:26:35,415 [INFO] CADModel:114 - Register for checkConnection events
2024-09-28 17:26:35,444 [INFO] IPUIPlugin:80 - create IPUIPlugin
2024-09-28 17:26:35,444 [INFO] PluginManager:220 - loadIPPluginJar : add adc
2024-09-28 17:26:35,477 [INFO] IPUIPlugin:80 - create IPUIPlugin
2024-09-28 17:26:35,478 [INFO] PluginManager:220 - loadIPPluginJar : add aes
2024-09-28 17:26:35,516 [INFO] IPUIPlugin:80 - create IPUIPlugin
2024-09-28 17:26:35,516 [INFO] PluginManager:220 - loadIPPluginJar : add can
2024-09-28 17:26:35,537 [INFO] IPUIPlugin:80 - create IPUIPlugin
2024-09-28 17:26:35,537 [INFO] PluginManager:220 - loadIPPluginJar : add comp
2024-09-28 17:26:35,571 [INFO] IPUIPlugin:80 - create IPUIPlugin
2024-09-28 17:26:35,571 [INFO] PluginManager:220 - loadIPPluginJar : add cryp
2024-09-28 17:26:35,597 [INFO] IPUIPlugin:80 - create IPUIPlugin
2024-09-28 17:26:35,597 [INFO] PluginManager:220 - loadIPPluginJar : add dfsdm
2024-09-28 17:26:35,609 [INFO] IPUIPlugin:80 - create IPUIPlugin
2024-09-28 17:26:35,609 [INFO] PluginManager:220 - loadIPPluginJar : add dma
2024-09-28 17:26:35,660 [INFO] IPUIPlugin:80 - create IPUIPlugin
2024-09-28 17:26:35,660 [INFO] PluginManager:220 - loadIPPluginJar : add dma3
2024-09-28 17:26:35,701 [INFO] IPUIPlugin:80 - create IPUIPlugin
2024-09-28 17:26:35,701 [INFO] PluginManager:220 - loadIPPluginJar : add extmemmanager
2024-09-28 17:26:35,731 [INFO] IPUIPlugin:80 - create IPUIPlugin
2024-09-28 17:26:35,731 [INFO] PluginManager:220 - loadIPPluginJar : add fatfs
2024-09-28 17:26:35,771 [INFO] IPUIPlugin:80 - create IPUIPlugin
2024-09-28 17:26:35,771 [INFO] PluginManager:220 - loadIPPluginJar : add fmc
2024-09-28 17:26:35,784 [INFO] IPUIPlugin:80 - create IPUIPlugin
2024-09-28 17:26:35,784 [INFO] PluginManager:220 - loadIPPluginJar : add freertos
2024-09-28 17:26:35,802 [INFO] IPUIPlugin:80 - create IPUIPlugin
2024-09-28 17:26:35,802 [INFO] PluginManager:220 - loadIPPluginJar : add genericplugin
2024-09-28 17:26:35,883 [INFO] IPUIPlugin:80 - create IPUIPlugin
2024-09-28 17:26:35,883 [INFO] PluginManager:220 - loadIPPluginJar : add gfxmmu
2024-09-28 17:26:36,025 [INFO] IPUIPlugin:80 - create IPUIPlugin
2024-09-28 17:26:36,025 [INFO] PluginManager:220 - loadIPPluginJar : add gic
2024-09-28 17:26:36,035 [INFO] IPUIPlugin:80 - create IPUIPlugin
2024-09-28 17:26:36,035 [INFO] PluginManager:220 - loadIPPluginJar : add gpio
2024-09-28 17:26:36,136 [INFO] IPUIPlugin:80 - create IPUIPlugin
2024-09-28 17:26:36,136 [INFO] PluginManager:220 - loadIPPluginJar : add gtzc
2024-09-28 17:26:36,172 [INFO] IPUIPlugin:80 - create IPUIPlugin
2024-09-28 17:26:36,172 [INFO] PluginManager:220 - loadIPPluginJar : add hash
2024-09-28 17:26:36,224 [INFO] IPUIPlugin:80 - create IPUIPlugin
2024-09-28 17:26:36,224 [INFO] PluginManager:220 - loadIPPluginJar : add i2c
2024-09-28 17:26:36,258 [INFO] IPUIPlugin:80 - create IPUIPlugin
2024-09-28 17:26:36,258 [INFO] PluginManager:220 - loadIPPluginJar : add i2s
2024-09-28 17:26:36,303 [INFO] IPUIPlugin:80 - create IPUIPlugin
2024-09-28 17:26:36,304 [INFO] PluginManager:220 - loadIPPluginJar : add i3c
2024-09-28 17:26:36,401 [INFO] IPUIPlugin:80 - create IPUIPlugin
2024-09-28 17:26:36,402 [INFO] PluginManager:220 - loadIPPluginJar : add ipddr
2024-09-28 17:26:36,483 [INFO] IPUIPlugin:80 - create IPUIPlugin
2024-09-28 17:26:36,483 [INFO] PluginManager:220 - loadIPPluginJar : add linkedlist
2024-09-28 17:26:36,513 [INFO] IPUIPlugin:80 - create IPUIPlugin
2024-09-28 17:26:36,513 [INFO] PluginManager:220 - loadIPPluginJar : add lorawan
2024-09-28 17:26:36,552 [INFO] IPUIPlugin:80 - create IPUIPlugin
2024-09-28 17:26:36,553 [INFO] PluginManager:220 - loadIPPluginJar : add ltdc
2024-09-28 17:26:36,565 [INFO] IPUIPlugin:80 - create IPUIPlugin
2024-09-28 17:26:36,565 [INFO] PluginManager:220 - loadIPPluginJar : add mdma
2024-09-28 17:26:36,576 [INFO] IPUIPlugin:80 - create IPUIPlugin
2024-09-28 17:26:36,576 [INFO] PluginManager:220 - loadIPPluginJar : add nvic
2024-09-28 17:26:36,619 [INFO] IPUIPlugin:80 - create IPUIPlugin
2024-09-28 17:26:36,619 [INFO] PluginManager:220 - loadIPPluginJar : add opamp
2024-09-28 17:26:36,671 [INFO] IPUIPlugin:80 - create IPUIPlugin
2024-09-28 17:26:36,672 [INFO] PluginManager:220 - loadIPPluginJar : add openamp
2024-09-28 17:26:36,710 [INFO] IPUIPlugin:80 - create IPUIPlugin
2024-09-28 17:26:36,710 [INFO] PluginManager:220 - loadIPPluginJar : add pdm2pcm
2024-09-28 17:26:36,731 [INFO] IPUIPlugin:80 - create IPUIPlugin
2024-09-28 17:26:36,735 [INFO] PluginManager:220 - loadIPPluginJar : add plateformsettings
2024-09-28 17:26:36,766 [INFO] IPUIPlugin:80 - create IPUIPlugin
2024-09-28 17:26:36,766 [INFO] PluginManager:220 - loadIPPluginJar : add quadspi
2024-09-28 17:26:36,784 [INFO] IPUIPlugin:80 - create IPUIPlugin
2024-09-28 17:26:36,784 [INFO] PluginManager:220 - loadIPPluginJar : add resmgrutility
2024-09-28 17:26:36,832 [INFO] IPUIPlugin:80 - create IPUIPlugin
2024-09-28 17:26:36,832 [INFO] PluginManager:220 - loadIPPluginJar : add sai
2024-09-28 17:26:36,874 [INFO] IPUIPlugin:80 - create IPUIPlugin
2024-09-28 17:26:36,874 [INFO] PluginManager:220 - loadIPPluginJar : add spi
2024-09-28 17:26:36,959 [INFO] IPUIPlugin:80 - create IPUIPlugin
2024-09-28 17:26:36,959 [INFO] PluginManager:220 - loadIPPluginJar : add stm32_wpan
2024-09-28 17:26:36,992 [INFO] IPUIPlugin:80 - create IPUIPlugin
2024-09-28 17:26:36,993 [INFO] PluginManager:220 - loadIPPluginJar : add tim
2024-09-28 17:26:37,055 [INFO] IPUIPlugin:80 - create IPUIPlugin
2024-09-28 17:26:37,055 [INFO] PluginManager:220 - loadIPPluginJar : add touchsensing
2024-09-28 17:26:37,077 [INFO] IPUIPlugin:80 - create IPUIPlugin
2024-09-28 17:26:37,077 [INFO] PluginManager:220 - loadIPPluginJar : add tracer_emb
2024-09-28 17:26:37,102 [INFO] IPUIPlugin:80 - create IPUIPlugin
2024-09-28 17:26:37,102 [INFO] PluginManager:220 - loadIPPluginJar : add ts
2024-09-28 17:26:37,127 [INFO] IPUIPlugin:80 - create IPUIPlugin
2024-09-28 17:26:37,128 [INFO] PluginManager:220 - loadIPPluginJar : add tsc
2024-09-28 17:26:37,152 [INFO] IPUIPlugin:80 - create IPUIPlugin
2024-09-28 17:26:37,152 [INFO] PluginManager:220 - loadIPPluginJar : add ucpd
2024-09-28 17:26:37,193 [INFO] IPUIPlugin:80 - create IPUIPlugin
2024-09-28 17:26:37,193 [INFO] PluginManager:220 - loadIPPluginJar : add usart
2024-09-28 17:26:37,250 [INFO] IPUIPlugin:80 - create IPUIPlugin
2024-09-28 17:26:37,250 [INFO] PluginManager:220 - loadIPPluginJar : add usbx
2024-09-28 17:26:37,370 [INFO] CADModel:165 - CPN selected for project level
2024-09-28 17:26:37,370 [INFO] CADModel:114 - Register for checkConnection events
2024-09-28 17:26:37,370 [FATAL] Updater:308 - Updater called before beeing initialized
2024-09-28 17:26:37,370 [ERROR] CADModel:125 - Updater not yet initialized, retry later 
2024-09-28 17:26:37,493 [INFO] CADModel:165 - CPN selected for project level
2024-09-28 17:26:37,493 [INFO] CADModel:114 - Register for checkConnection events
2024-09-28 17:26:37,494 [FATAL] Updater:308 - Updater called before beeing initialized
2024-09-28 17:26:37,494 [ERROR] CADModel:125 - Updater not yet initialized, retry later 
2024-09-28 17:26:37,497 [FATAL] Updater:308 - Updater called before beeing initialized
2024-09-28 17:26:37,587 [FATAL] Updater:308 - Updater called before beeing initialized
2024-09-28 17:26:37,600 [INFO] DbMcusAds:53 - JSON generation date=Fri Sep 20 20:04:23 ICT 2024 (1726837463113)
2024-09-28 17:26:37,601 [FATAL] Updater:308 - Updater called before beeing initialized
2024-09-28 17:26:37,677 [WARN] DetailPanel:346 - Failed to get advertising image, set to default
2024-09-28 17:26:37,747 [FATAL] Updater:308 - Updater called before beeing initialized
2024-09-28 17:26:37,749 [FATAL] Updater:308 - Updater called before beeing initialized
2024-09-28 17:26:37,749 [FATAL] Updater:308 - Updater called before beeing initialized
2024-09-28 17:26:37,749 [WARN] DetailPanel:346 - Failed to get advertising image, set to default
2024-09-28 17:26:37,750 [FATAL] Updater:308 - Updater called before beeing initialized
2024-09-28 17:26:37,814 [ERROR] Updater:1120 - MainUpdater not yet initialized. External WinMGr cannot be set.
2024-09-28 17:26:37,829 [INFO] Updater:1056 - Updater Version found : 6.11.0
2024-09-28 17:26:37,852 [INFO] ApplicationProperties:184 - Using Application install path: C:\ST\STM32CubeIDE_1.15.0\STM32CubeIDE\plugins\com.st.stm32cube.common.mx_6.11.0.202403141607
2024-09-28 17:26:37,932 [INFO] ThirdPartyUpdaterWithRetryManager:70 - Updater plugin not ready yet. [2/15]
2024-09-28 17:26:39,445 [ERROR] LogOutputStream:75 - [STDERR_REDIRECT] Sep 28, 2024 5:26:39 PM java.util.prefs.WindowsPreferences <init>
2024-09-28 17:26:39,449 [ERROR] LogOutputStream:75 - [STDERR_REDIRECT] WARNING: Could not open/create prefs root node Software\JavaSoft\Prefs at root 0xffffffff80000002. Windows RegCreateKeyEx(...) returned error code 5.
2024-09-28 17:26:39,449 [ERROR] LogOutputStream:75 - [STDERR_REDIRECT] 
2024-09-28 17:26:39,787 [INFO] MainUpdater:2873 - connection check result : 10
2024-09-28 17:26:39,787 [INFO] MainUpdater:3567 - Updater definition file requires update
2024-09-28 17:26:39,788 [INFO] MainUpdater:290 - Updater Check For Update Now.
2024-09-28 17:26:39,788 [INFO] MicroXplorer:498 - Change Database Version : DB.6.0.110
2024-09-28 17:26:39,803 [INFO] McuFinderGlobals:63 - Set McuFinder mode to 2 (CubeIDE integrated)
2024-09-28 17:26:39,813 [INFO] UserAuth:415 - Internet connection configuration mode: 1
2024-09-28 17:26:39,819 [INFO] ServerAccessManage:473 - Download File updaters.zip
2024-09-28 17:26:39,835 [INFO] JxBrowserEngine:152 - Initiate JxBrowser Engine with user profile folder
2024-09-28 17:26:39,906 [INFO] FileExtend:240 - Unzip File : updaters.zip
2024-09-28 17:26:39,907 [INFO] FileExtend:255 - Standard Zip Deflate
2024-09-28 17:26:40,442 [INFO] ServerAccessManage:473 - Download File PacksControlFlags.xml
2024-09-28 17:26:40,546 [INFO] ServerAccessManage:473 - Download File cubemx.pidx
2024-09-28 17:26:40,935 [WARN] MainUpdater:1194 - Updater busy. Cannot search thirdparties
2024-09-28 17:26:40,935 [INFO] ThirdPartyUpdaterWithRetryManager:96 - Updater plugin is busy. [1/15]
2024-09-28 17:26:41,465 [INFO] ServerAccessManage:473 - Download File STMicroelectronics.X-CUBE-NFC9.pdsc
2024-09-28 17:26:41,578 [INFO] ServerAccessManage:473 - Download File STMicroelectronics.X-CUBE-NFC10.pdsc
2024-09-28 17:26:42,459 [WARN] PackLoader:240 - Cannot read IP mode file for STMicroelectronics.X-CUBE-NFC9.1.0.0
2024-09-28 17:26:42,470 [WARN] PackLoader:240 - Cannot read IP mode file for STMicroelectronics.X-CUBE-NFC10.1.0.0
2024-09-28 17:26:42,473 [INFO] PopulateThirdPartyThread:66 - Ending populate Thread
2024-09-28 17:26:42,475 [INFO] ThirdParty:1030 - CMSIS Pack Vendor :STMicroelectronics X-CUBE-NFC9 1.0.0
2024-09-28 17:26:42,475 [INFO] ThirdParty:1030 - CMSIS Pack Vendor :STMicroelectronics X-CUBE-NFC10 1.0.0
2024-09-28 17:26:42,475 [INFO] LoadServerUpdatesThread:375 - End of LoadServerUpdate Thread
2024-09-28 17:26:42,603 [INFO] CheckServerUpdateThread:120 - End of CheckServer Thread
2024-09-28 17:26:44,107 [WARN] PackLoader:240 - Cannot read IP mode file for STMicroelectronics.FP-SNS-MOTENVWB1.1.4.0
2024-09-28 17:26:44,123 [WARN] PackLoader:240 - Cannot read IP mode file for STMicroelectronics.X-CUBE-SMBUS.2.1.0
2024-09-28 17:26:44,138 [WARN] PackLoader:240 - Cannot read IP mode file for STMicroelectronics.X-CUBE-TOUCHGFX.4.23.0
2024-09-28 17:26:44,153 [WARN] PackLoader:240 - Cannot read IP mode file for STMicroelectronics.X-CUBE-TOUCHGFX.4.23.2
2024-09-28 17:26:44,190 [WARN] PackLoader:240 - Cannot read IP mode file for STMicroelectronics.X-CUBE-AZRTOS-F7.1.1.0
2024-09-28 17:26:44,213 [WARN] PackLoader:240 - Cannot read IP mode file for STMicroelectronics.FP-SNS-MOTENV1.4.3.2
2024-09-28 17:26:44,320 [WARN] PackLoader:240 - Cannot read IP mode file for STMicroelectronics.X-CUBE-MEMS1.11.0.0
2024-09-28 17:26:44,515 [WARN] PackLoader:240 - Cannot read IP mode file for STMicroelectronics.FP-SNS-FLIGHT1.5.0.2
2024-09-28 17:26:44,534 [WARN] PackLoader:240 - Cannot read IP mode file for STMicroelectronics.X-CUBE-DISPLAY.3.0.0
2024-09-28 17:26:44,562 [WARN] PackLoader:240 - Cannot read IP mode file for STMicroelectronics.X-CUBE-BLE1.7.0.0
2024-09-28 17:26:44,569 [WARN] PackLoader:240 - Cannot read IP mode file for STMicroelectronics.X-CUBE-NFC10.1.0.0
2024-09-28 17:26:44,584 [WARN] PackLoader:240 - Cannot read IP mode file for emotas.I-CUBE-CANOPEN.1.3.0
2024-09-28 17:26:44,607 [WARN] PackLoader:240 - Cannot read IP mode file for STMicroelectronics.X-CUBE-BLEMGR.3.1.0
2024-09-28 17:26:44,629 [WARN] PackLoader:240 - Cannot read IP mode file for STMicroelectronics.FP-SNS-SMARTAG2.1.2.0
2024-09-28 17:26:44,652 [INFO] LogOutputStream:77 - [STDOUT_REDIRECT] 1 : Invalid condition id : UX_CORESTACK_Condition cause : null
2024-09-28 17:26:44,653 [INFO] LogOutputStream:77 - [STDOUT_REDIRECT] 1 : Invalid condition id : UX_CORESTACK_Condition cause : null
2024-09-28 17:26:44,654 [INFO] LogOutputStream:77 - [STDOUT_REDIRECT] 1 : Invalid condition id : UX_CORESTACK_Condition cause : null
2024-09-28 17:26:44,655 [INFO] LogOutputStream:77 - [STDOUT_REDIRECT] 1 : Invalid condition id : UX_CORESTACK_Condition cause : null
2024-09-28 17:26:44,656 [INFO] LogOutputStream:77 - [STDOUT_REDIRECT] 1 : Invalid condition id : UX_CORESTACK_Condition cause : null
2024-09-28 17:26:44,660 [WARN] PackLoader:240 - Cannot read IP mode file for STMicroelectronics.X-CUBE-AZRTOS-WL.2.0.0
2024-09-28 17:26:44,689 [WARN] PackLoader:240 - Cannot read IP mode file for STMicroelectronics.FP-SNS-MOTENV1.5.0.0
2024-09-28 17:26:44,697 [WARN] PackLoader:240 - Cannot read IP mode file for wolfSSL.I-CUBE-wolfMQTT.1.19.0
2024-09-28 17:26:44,720 [WARN] PackLoader:240 - Cannot read IP mode file for WES.I-CUBE-Cesium.1.3.0
2024-09-28 17:26:44,739 [WARN] PackLoader:240 - Cannot read IP mode file for STMicroelectronics.X-CUBE-BLE2.3.3.0
2024-09-28 17:26:44,748 [WARN] PackLoader:240 - Cannot read IP mode file for STMicroelectronics.X-CUBE-NFC9.1.0.0
2024-09-28 17:26:44,773 [WARN] PackLoader:240 - Cannot read IP mode file for STMicroelectronics.X-CUBE-TCPP.4.1.0
2024-09-28 17:26:44,791 [WARN] PackLoader:240 - Cannot read IP mode file for STMicroelectronics.X-CUBE-ALGOBUILD.1.3.0
2024-09-28 17:26:44,821 [WARN] PackLoader:240 - Cannot read IP mode file for STMicroelectronics.X-CUBE-AZRTOS-G0.1.1.0
2024-09-28 17:26:44,841 [WARN] PackLoader:240 - Cannot read IP mode file for STMicroelectronics.X-CUBE-SAFEA1.1.2.2
2024-09-28 17:26:44,855 [WARN] PackLoader:240 - Cannot read IP mode file for STMicroelectronics.X-CUBE-NFC4.3.0.0
2024-09-28 17:26:44,877 [WARN] PackLoader:240 - Cannot read IP mode file for EmbeddedOffice.I-CUBE-FS-RTOS.1.0.1
2024-09-28 17:26:44,877 [ERROR] ConditionMgr:805 - Attr not supported : Dmpu
2024-09-28 17:26:44,877 [ERROR] ConditionMgr:805 - Attr not supported : Dmpu
2024-09-28 17:26:44,878 [ERROR] ConditionMgr:805 - Attr not supported : Dmpu
2024-09-28 17:26:44,878 [ERROR] ConditionMgr:805 - Attr not supported : Dmpu
2024-09-28 17:26:44,878 [ERROR] ConditionMgr:805 - Attr not supported : Dmpu
2024-09-28 17:26:44,878 [ERROR] ConditionMgr:805 - Attr not supported : Dmpu
2024-09-28 17:26:44,878 [ERROR] ConditionMgr:805 - Attr not supported : Dmpu
2024-09-28 17:26:44,878 [ERROR] ConditionMgr:805 - Attr not supported : Dmpu
2024-09-28 17:26:44,878 [ERROR] ConditionMgr:805 - Attr not supported : Dmpu
2024-09-28 17:26:44,878 [ERROR] ConditionMgr:805 - Attr not supported : Dmpu
2024-09-28 17:26:44,878 [ERROR] ConditionMgr:805 - Attr not supported : Dmpu
2024-09-28 17:26:44,878 [ERROR] ConditionMgr:805 - Attr not supported : Dmpu
2024-09-28 17:26:44,878 [ERROR] ConditionMgr:805 - Attr not supported : Dmpu
2024-09-28 17:26:44,879 [ERROR] ConditionMgr:805 - Attr not supported : Dmpu
2024-09-28 17:26:44,879 [ERROR] ConditionMgr:805 - Attr not supported : Dmpu
2024-09-28 17:26:44,879 [ERROR] ConditionMgr:805 - Attr not supported : Dmpu
2024-09-28 17:26:44,879 [ERROR] ConditionMgr:805 - Attr not supported : Dmpu
2024-09-28 17:26:44,879 [ERROR] ConditionMgr:805 - Attr not supported : Dmpu
2024-09-28 17:26:44,879 [ERROR] ConditionMgr:805 - Attr not supported : Dmpu
2024-09-28 17:26:44,879 [ERROR] ConditionMgr:805 - Attr not supported : Dmpu
2024-09-28 17:26:44,879 [ERROR] ConditionMgr:805 - Attr not supported : Dmpu
2024-09-28 17:26:44,879 [ERROR] ConditionMgr:805 - Attr not supported : Dmpu
2024-09-28 17:26:44,879 [ERROR] ConditionMgr:805 - Attr not supported : Dmpu
2024-09-28 17:26:44,879 [ERROR] ConditionMgr:805 - Attr not supported : Dmpu
2024-09-28 17:26:44,879 [ERROR] ConditionMgr:805 - Attr not supported : Dmpu
2024-09-28 17:26:44,879 [ERROR] ConditionMgr:805 - Attr not supported : Dmpu
2024-09-28 17:26:44,879 [ERROR] ConditionMgr:805 - Attr not supported : Dmpu
2024-09-28 17:26:44,880 [ERROR] ConditionMgr:805 - Attr not supported : Dmpu
2024-09-28 17:26:44,880 [ERROR] ConditionMgr:805 - Attr not supported : Dmpu
2024-09-28 17:26:44,880 [ERROR] ConditionMgr:805 - Attr not supported : Dmpu
2024-09-28 17:26:44,880 [ERROR] ConditionMgr:805 - Attr not supported : Dmpu
2024-09-28 17:26:44,880 [ERROR] ConditionMgr:805 - Attr not supported : Dmpu
2024-09-28 17:26:44,880 [ERROR] ConditionMgr:805 - Attr not supported : Dmpu
2024-09-28 17:26:44,880 [ERROR] ConditionMgr:805 - Attr not supported : Dmpu
2024-09-28 17:26:44,880 [ERROR] ConditionMgr:805 - Attr not supported : Dmpu
2024-09-28 17:26:44,880 [ERROR] ConditionMgr:805 - Attr not supported : Dmpu
2024-09-28 17:26:44,880 [ERROR] ConditionMgr:805 - Attr not supported : Dmpu
2024-09-28 17:26:44,880 [ERROR] ConditionMgr:805 - Attr not supported : Dmpu
2024-09-28 17:26:44,880 [ERROR] ConditionMgr:805 - Attr not supported : Dmpu
2024-09-28 17:26:44,880 [ERROR] ConditionMgr:805 - Attr not supported : Dmpu
2024-09-28 17:26:44,880 [ERROR] ConditionMgr:805 - Attr not supported : Dmpu
2024-09-28 17:26:44,880 [ERROR] ConditionMgr:805 - Attr not supported : Dmpu
2024-09-28 17:26:44,880 [ERROR] ConditionMgr:805 - Attr not supported : Dmpu
2024-09-28 17:26:44,881 [ERROR] ConditionMgr:805 - Attr not supported : Dmpu
2024-09-28 17:26:44,881 [ERROR] ConditionMgr:805 - Attr not supported : Dmpu
2024-09-28 17:26:44,881 [ERROR] ConditionMgr:805 - Attr not supported : Dmpu
2024-09-28 17:26:44,881 [ERROR] ConditionMgr:805 - Attr not supported : Dmpu
2024-09-28 17:26:44,881 [ERROR] ConditionMgr:805 - Attr not supported : Dmpu
2024-09-28 17:26:44,881 [ERROR] ConditionMgr:805 - Attr not supported : Dmpu
2024-09-28 17:26:44,881 [ERROR] ConditionMgr:805 - Attr not supported : Dmpu
2024-09-28 17:26:44,881 [ERROR] ConditionMgr:805 - Attr not supported : Dmpu
2024-09-28 17:26:44,881 [ERROR] ConditionMgr:805 - Attr not supported : Dmpu
2024-09-28 17:26:44,881 [ERROR] ConditionMgr:805 - Attr not supported : Dmpu
2024-09-28 17:26:44,881 [ERROR] ConditionMgr:805 - Attr not supported : Dmpu
2024-09-28 17:26:44,881 [ERROR] ConditionMgr:805 - Attr not supported : Dmpu
2024-09-28 17:26:44,881 [ERROR] ConditionMgr:805 - Attr not supported : Dmpu
2024-09-28 17:26:44,881 [ERROR] ConditionMgr:805 - Attr not supported : Dmpu
2024-09-28 17:26:44,882 [ERROR] ConditionMgr:805 - Attr not supported : Dmpu
2024-09-28 17:26:44,882 [ERROR] ConditionMgr:805 - Attr not supported : Dmpu
2024-09-28 17:26:44,882 [ERROR] ConditionMgr:805 - Attr not supported : Dmpu
2024-09-28 17:26:44,882 [ERROR] ConditionMgr:805 - Attr not supported : Dmpu
2024-09-28 17:26:44,882 [ERROR] ConditionMgr:805 - Attr not supported : Dmpu
2024-09-28 17:26:44,882 [ERROR] ConditionMgr:805 - Attr not supported : Dmpu
2024-09-28 17:26:44,882 [ERROR] ConditionMgr:805 - Attr not supported : Dmpu
2024-09-28 17:26:44,895 [WARN] PackLoader:240 - Cannot read IP mode file for RealThread.X-CUBE-RT-Thread_Nano.4.1.1
2024-09-28 17:26:44,902 [WARN] PackLoader:240 - Cannot read IP mode file for STMicroelectronics.FP-ATR-SIGFOX1.3.2.0
2024-09-28 17:26:44,922 [WARN] PackLoader:240 - Cannot read IP mode file for STMicroelectronics.X-CUBE-EEPRMA1.5.1.0
2024-09-28 17:26:44,964 [WARN] PackLoader:240 - Cannot read IP mode file for SEGGER.I-CUBE-embOS.1.3.1
2024-09-28 17:26:45,013 [WARN] PackLoader:240 - Cannot read IP mode file for STMicroelectronics.X-CUBE-ALGOBUILD.1.4.0
2024-09-28 17:26:45,027 [WARN] PackLoader:240 - Cannot read IP mode file for STMicroelectronics.X-CUBE-GNSS1.6.0.0
2024-09-28 17:26:45,069 [WARN] PackLoader:240 - Cannot read IP mode file for STMicroelectronics.X-CUBE-AZRTOS-F4.1.1.0
2024-09-28 17:26:45,083 [WARN] PackLoader:240 - Cannot read IP mode file for STMicroelectronics.X-CUBE-ISPU.2.1.0
2024-09-28 17:26:45,101 [WARN] PackLoader:240 - Cannot read IP mode file for STMicroelectronics.X-CUBE-FREERTOS.1.2.0
2024-09-28 17:26:45,117 [WARN] PackLoader:240 - Cannot read IP mode file for wolfSSL.I-CUBE-wolfSSL.5.6.6
2024-09-28 17:26:45,149 [WARN] PackLoader:240 - Cannot read IP mode file for STMicroelectronics.X-CUBE-AZRTOS-L5.2.0.0
2024-09-28 17:26:45,180 [WARN] PackLoader:240 - Cannot read IP mode file for STMicroelectronics.X-CUBE-NFC6.3.1.0
2024-09-28 17:26:45,199 [WARN] PackLoader:240 - Cannot read IP mode file for ITTIA_DB.I-CUBE-ITTIADB.8.8.0
2024-09-28 17:26:45,212 [WARN] PackLoader:240 - Cannot read IP mode file for STMicroelectronics.X-CUBE-DPower.1.2.0
2024-09-28 17:26:45,229 [WARN] PackLoader:240 - Cannot read IP mode file for STMicroelectronics.X-CUBE-AI.9.0.0
2024-09-28 17:26:45,247 [WARN] PackLoader:240 - Cannot read IP mode file for STMicroelectronics.X-CUBE-NFC7.1.0.1
2024-09-28 17:26:45,253 [WARN] PackLoader:240 - Cannot read IP mode file for wolfSSL.I-CUBE-wolfTPM.3.2.0
2024-09-28 17:26:45,270 [WARN] PackLoader:240 - Cannot read IP mode file for STMicroelectronics.X-CUBE-NFC6.3.0.0
2024-09-28 17:26:45,290 [WARN] PackLoader:240 - Cannot read IP mode file for STMicroelectronics.X-CUBE-AI.8.1.0
2024-09-28 17:26:45,328 [WARN] ConditionMgr:438 - getConditionDescription Invalid condition id : LAN8742 Phy interface Condition cause : null
2024-09-28 17:26:45,330 [WARN] PackLoader:240 - Cannot read IP mode file for STMicroelectronics.X-CUBE-AZRTOS-L4.2.0.0
2024-09-28 17:26:45,331 [WARN] ConditionMgr:1039 - genDependencies : Invalid condition id : LAN8742 Phy interface Condition cause : null
2024-09-28 17:26:45,331 [WARN] ConditionMgr:1039 - genDependencies : Invalid condition id : LAN8742 Phy interface Condition cause : null
2024-09-28 17:26:45,333 [WARN] ConditionMgr:1039 - genDependencies : Invalid condition id : LAN8742 Phy interface Condition cause : null
2024-09-28 17:26:45,355 [WARN] PackLoader:240 - Cannot read IP mode file for STMicroelectronics.X-CUBE-SFXS2LP1.4.0.0
2024-09-28 17:26:45,405 [WARN] PackLoader:240 - Cannot read IP mode file for STMicroelectronics.X-CUBE-AZRTOS-H7.3.3.0
2024-09-28 17:26:45,450 [WARN] ConditionMgr:438 - getConditionDescription Invalid condition id : UX DEVICE CLASS RTOS Condition cause : null
2024-09-28 17:26:45,450 [WARN] ConditionMgr:438 - getConditionDescription Invalid condition id : UX DEVICE CLASS RTOS Condition cause : null
2024-09-28 17:26:45,452 [WARN] PackLoader:240 - Cannot read IP mode file for STMicroelectronics.X-CUBE-AZRTOS-WB.2.0.0
2024-09-28 17:26:45,453 [WARN] ConditionMgr:1039 - genDependencies : Invalid condition id : UX DEVICE CLASS RTOS Condition cause : null
2024-09-28 17:26:45,453 [WARN] ConditionMgr:1039 - genDependencies : Invalid condition id : UX DEVICE CLASS RTOS Condition cause : null
2024-09-28 17:26:45,453 [WARN] ConditionMgr:1039 - genDependencies : Invalid condition id : UX DEVICE CLASS RTOS Condition cause : null
2024-09-28 17:26:45,454 [WARN] ConditionMgr:1039 - genDependencies : Invalid condition id : UX DEVICE CLASS RTOS Condition cause : null
2024-09-28 17:26:45,454 [WARN] ConditionMgr:1039 - genDependencies : Invalid condition id : UX DEVICE CLASS RTOS Condition cause : null
2024-09-28 17:26:45,472 [WARN] PackLoader:240 - Cannot read IP mode file for STMicroelectronics.X-CUBE-GNSS1.7.0.0
2024-09-28 17:26:45,492 [WARN] PackLoader:240 - Cannot read IP mode file for STMicroelectronics.FP-SNS-STBOX1.2.0.0
2024-09-28 17:26:45,512 [WARN] PackLoader:240 - Cannot read IP mode file for STMicroelectronics.X-CUBE-SUBG2.5.0.0
2024-09-28 17:26:45,524 [WARN] PackLoader:240 - Cannot read IP mode file for Cesanta.I-CUBE-Mongoose.7.13.0
2024-09-28 17:26:45,561 [WARN] PackLoader:240 - Cannot read IP mode file for STMicroelectronics.X-CUBE-AZRTOS-G4.2.0.0
2024-09-28 17:26:45,592 [WARN] PackLoader:240 - Cannot read IP mode file for Infineon.AIROC-Wi-Fi-Bluetooth-STM32.1.5.1
2024-09-28 17:26:45,611 [WARN] PackLoader:240 - Cannot read IP mode file for STMicroelectronics.FP-SNS-MOTENVWB1.1.3.1
2024-09-28 17:26:45,631 [WARN] PackLoader:240 - Cannot read IP mode file for STMicroelectronics.X-CUBE-ISPU.2.0.0
2024-09-28 17:26:45,646 [WARN] PackLoader:240 - Cannot read IP mode file for STMicroelectronics.X-CUBE-ALS.1.0.2
2024-09-28 17:26:45,694 [WARN] PackLoader:240 - Cannot read IP mode file for STMicroelectronics.X-CUBE-MEMS1.10.0.0
2024-09-28 17:26:45,838 [WARN] PackLoader:240 - Cannot read IP mode file for STMicroelectronics.X-CUBE-FREERTOS.1.1.0
2024-09-28 17:26:45,882 [WARN] PackLoader:240 - Cannot read IP mode file for STMicroelectronics.X-CUBE-TOUCHGFX.4.24.0
2024-09-28 17:26:45,906 [WARN] PackLoader:240 - Cannot read IP mode file for STMicroelectronics.X-CUBE-TOUCHGFX.4.24.1
2024-09-28 17:26:45,929 [WARN] PackLoader:240 - Cannot read IP mode file for portGmbH.I-Cube-SoM-uGOAL.1.1.0
2024-09-28 17:26:45,958 [WARN] PackLoader:240 - Cannot read IP mode file for STMicroelectronics.X-CUBE-ALS.1.0.1
2024-09-28 17:26:46,002 [WARN] PackLoader:240 - Cannot read IP mode file for STMicroelectronics.X-CUBE-AZRTOS-H7RS.1.0.0
2024-09-28 17:26:46,013 [WARN] PackLoader:240 - Cannot read IP mode file for STMicroelectronics.FP-ATR-ASTRA1.2.0.0
2024-09-28 17:26:46,039 [WARN] PackLoader:240 - Cannot read IP mode file for STMicroelectronics.X-CUBE-TOF1.3.4.2
2024-09-28 17:26:46,068 [WARN] PackLoader:240 - Cannot read IP mode file for STMicroelectronics.X-CUBE-TOF1.3.4.1
2024-09-28 17:26:46,103 [WARN] PackLoader:240 - Cannot read IP mode file for STMicroelectronics.X-CUBE-AZRTOS-H7.3.2.0
2024-09-28 17:26:46,109 [WARN] PackLoader:240 - Cannot read IP mode file for wolfSSL.I-CUBE-wolfSSH.1.4.17
2024-09-28 17:26:46,110 [INFO] ThirdParty:978 - Integrity check success = true
2024-09-28 17:26:46,110 [INFO] IntegrityCheckThread:100 - exiting critical section [integrity check]
2024-09-28 17:26:46,110 [INFO] IntegrityCheckThread:103 - End integrity checks thread
2024-09-28 17:26:46,161 [INFO] WebApp:161 - Instantiating new browser for Auth
2024-09-28 17:26:46,852 [INFO] WebApp:779 - Register for checkConnection events
2024-09-28 17:26:46,852 [INFO] WebApp:414 - Apply proxy settings
2024-09-28 17:26:46,852 [INFO] WebApp:499 - Chromium requires no authentication
2024-09-28 17:26:46,860 [INFO] WebApp:442 - Direct internet connection detected
2024-09-28 17:26:46,998 [INFO] WebApp:192 - Starting web application
2024-09-28 17:26:46,998 [INFO] WebApp:544 - Web application path used C:\ST\STM32CubeIDE_1.15.0\STM32CubeIDE\plugins\com.st.stm32cube.common.mx_6.11.0.202403141607\db\plugins\mcufinder\reactClient1\index.html
2024-09-28 17:27:46,435 [ERROR] LogOutputStream:75 - [STDERR_REDIRECT] 
2024-09-28 17:27:46,435 [ERROR] LogOutputStream:75 - [STDERR_REDIRECT] 
