2024-08-28 22:46:49,099 [INFO] Activator:176 - 


2024-08-28 22:46:49,103 [INFO] Activator:177 - !SESSION log4j initialized
2024-08-28 22:46:55,343 [INFO] LogOutputStream:77 - [STDOUT_REDIRECT] 
2024-08-28 22:47:01,115 [INFO] ApplicationProperties:184 - Using Application install path: C:\ST\STM32CubeIDE_1.15.0\STM32CubeIDE\plugins\com.st.stm32cube.common.mx_6.11.0.202403141607
2024-08-28 22:47:01,128 [INFO] DbMcusXml:78 - Set database path to: C:\ST\STM32CubeIDE_1.15.0\STM32CubeIDE\plugins\com.st.stm32cube.common.mx_6.11.0.202403141607\\db\/mcu/
2024-08-28 22:47:01,129 [INFO] ApiDb:274 - Set plugin database path to: C:\ST\STM32CubeIDE_1.15.0\STM32CubeIDE\plugins\com.st.stm32cube.common.mx_6.11.0.202403141607\\db\/plugins/boardmanager/
2024-08-28 22:47:01,129 [WARN] ApiDb:259 - Overriding images path with different value:  => C:\ST\STM32CubeIDE_1.15.0\STM32CubeIDE\plugins\com.st.stm32cube.common.mx_6.11.0.202403141607\\db\/plugins/mcufinder/images/
2024-08-28 22:47:01,139 [INFO] ApiDb:250 - Set database path to: C:\Users\Admin\.stmcufinder\plugins\mcufinder//mcu/
2024-08-28 22:47:01,140 [INFO] DbMcusAds:125 - Set database path to: C:\Users\Admin\.stmcufinder\plugins\mcufinder//mcu/
2024-08-28 22:47:01,141 [INFO] CrossReferenceDbSqlite:203 - Set database path to: C:\Users\Admin\.stmcufinder\plugins\mcufinder//mcu/cs/
2024-08-28 22:47:01,227 [INFO] RulesReader:64 - Compatibility file has been processed (297 Rules)
2024-08-28 22:47:01,289 [INFO] DbMcusXml:78 - Set database path to: C:\ST\STM32CubeIDE_1.15.0\STM32CubeIDE\plugins\com.st.stm32cube.common.mx_6.11.0.202403141607\\db\/mcu/
2024-08-28 22:47:01,290 [INFO] ApiDb:274 - Set plugin database path to: C:\ST\STM32CubeIDE_1.15.0\STM32CubeIDE\plugins\com.st.stm32cube.common.mx_6.11.0.202403141607\\db\/plugins/boardmanager/
2024-08-28 22:47:01,290 [INFO] ApiDb:261 - Set plugin images path to: C:\ST\STM32CubeIDE_1.15.0\STM32CubeIDE\plugins\com.st.stm32cube.common.mx_6.11.0.202403141607\\db\/plugins/mcufinder/images/
2024-08-28 22:47:01,290 [WARN] DbFile:41 - Overriding database path with different value: C:\Users\Admin\.stmcufinder\plugins\mcufinder/ => C:\Users\Admin\.stmcufinder\plugins\mcufinder
2024-08-28 22:47:01,290 [INFO] ApiDb:250 - Set database path to: C:\Users\Admin\.stmcufinder\plugins\mcufinder//mcu/
2024-08-28 22:47:01,290 [WARN] DbFile:41 - Overriding database path with different value: C:\Users\Admin\.stmcufinder\plugins\mcufinder/ => C:\Users\Admin\.stmcufinder\plugins\mcufinder
2024-08-28 22:47:01,290 [INFO] DbMcusAds:125 - Set database path to: C:\Users\Admin\.stmcufinder\plugins\mcufinder//mcu/
2024-08-28 22:47:01,290 [WARN] DbFile:41 - Overriding database path with different value: C:\Users\Admin\.stmcufinder\plugins\mcufinder/ => C:\Users\Admin\.stmcufinder\plugins\mcufinder
2024-08-28 22:47:01,290 [WARN] DbFile:41 - Overriding database path with different value: C:\Users\Admin\.stmcufinder\plugins\mcufinder/ => C:\Users\Admin\.stmcufinder\plugins\mcufinder
2024-08-28 22:47:01,290 [INFO] CrossReferenceDbSqlite:203 - Set database path to: C:\Users\Admin\.stmcufinder\plugins\mcufinder//mcu/cs/
2024-08-28 22:47:01,346 [INFO] MainPanel:264 - HeapMemory: 268435456
2024-08-28 22:47:01,413 [INFO] DbMcusXml:78 - Set database path to: C:\ST\STM32CubeIDE_1.15.0\STM32CubeIDE\plugins\com.st.stm32cube.common.mx_6.11.0.202403141607\\db\/mcu/
2024-08-28 22:47:01,413 [INFO] ApiDb:274 - Set plugin database path to: C:\ST\STM32CubeIDE_1.15.0\STM32CubeIDE\plugins\com.st.stm32cube.common.mx_6.11.0.202403141607\\db\/plugins/boardmanager/
2024-08-28 22:47:01,413 [INFO] ApiDb:261 - Set plugin images path to: C:\ST\STM32CubeIDE_1.15.0\STM32CubeIDE\plugins\com.st.stm32cube.common.mx_6.11.0.202403141607\\db\/plugins/mcufinder/images/
2024-08-28 22:47:01,413 [WARN] DbFile:41 - Overriding database path with different value: C:\Users\Admin\.stmcufinder\plugins\mcufinder/ => C:\Users\Admin\.stmcufinder\plugins\mcufinder
2024-08-28 22:47:01,413 [INFO] ApiDb:250 - Set database path to: C:\Users\Admin\.stmcufinder\plugins\mcufinder//mcu/
2024-08-28 22:47:01,413 [WARN] DbFile:41 - Overriding database path with different value: C:\Users\Admin\.stmcufinder\plugins\mcufinder/ => C:\Users\Admin\.stmcufinder\plugins\mcufinder
2024-08-28 22:47:01,414 [INFO] DbMcusAds:125 - Set database path to: C:\Users\Admin\.stmcufinder\plugins\mcufinder//mcu/
2024-08-28 22:47:01,414 [WARN] DbFile:41 - Overriding database path with different value: C:\Users\Admin\.stmcufinder\plugins\mcufinder/ => C:\Users\Admin\.stmcufinder\plugins\mcufinder
2024-08-28 22:47:01,414 [WARN] DbFile:41 - Overriding database path with different value: C:\Users\Admin\.stmcufinder\plugins\mcufinder/ => C:\Users\Admin\.stmcufinder\plugins\mcufinder
2024-08-28 22:47:01,414 [INFO] CrossReferenceDbSqlite:203 - Set database path to: C:\Users\Admin\.stmcufinder\plugins\mcufinder//mcu/cs/
2024-08-28 22:47:01,427 [INFO] ApplicationProperties:184 - Using Application install path: C:\ST\STM32CubeIDE_1.15.0\STM32CubeIDE\plugins\com.st.stm32cube.common.mx_6.11.0.202403141607
2024-08-28 22:47:01,428 [INFO] PluginManage:196 - Search for loadable plugins [exclusion list=, ]
2024-08-28 22:47:01,429 [INFO] PluginManage:310 - Check plugin analytics
2024-08-28 22:47:01,539 [INFO] AnalyticsPlugin:253 - Accepted Software Licenses: STM32CubeMX.6.10.0
2024-08-28 22:47:01,539 [INFO] AnalyticsPlugin:255 - Accepted CMSIS Pack Licenses: 
2024-08-28 22:47:01,539 [INFO] AnalyticsPlugin:257 - Accepted Firmware Licenses: 
2024-08-28 22:47:01,541 [INFO] PluginManage:359 - Loaded plugin analytics (category:tool,tabindex:-1)
2024-08-28 22:47:01,541 [INFO] PluginManage:310 - Check plugin cadmodel
2024-08-28 22:47:01,554 [INFO] CADModel:105 - Init CAD model plugin
2024-08-28 22:47:01,554 [INFO] PluginManage:359 - Loaded plugin cadmodel (category:power,tabindex:5)
2024-08-28 22:47:01,554 [INFO] PluginManage:310 - Check plugin clock
2024-08-28 22:47:01,572 [INFO] PluginManage:359 - Loaded plugin clock (category:base,tabindex:2)
2024-08-28 22:47:01,573 [INFO] PluginManage:310 - Check plugin ddr
2024-08-28 22:47:01,574 [INFO] PluginManage:359 - Loaded plugin ddr (category:tool,tabindex:6)
2024-08-28 22:47:01,574 [INFO] PluginManage:310 - Check plugin filemanager
2024-08-28 22:47:01,676 [INFO] PluginManage:359 - Loaded plugin filemanager (category:base,tabindex:10)
2024-08-28 22:47:01,677 [INFO] PluginManage:310 - Check plugin ipmanager
2024-08-28 22:47:01,682 [INFO] PluginManage:359 - Loaded plugin ipmanager (category:base,tabindex:5)
2024-08-28 22:47:01,682 [INFO] PluginManage:310 - Check plugin lpbam
2024-08-28 22:47:01,697 [INFO] PluginManage:359 - Loaded plugin lpbam (category:base,tabindex:0)
2024-08-28 22:47:01,697 [INFO] PluginManage:310 - Check plugin memorymap
2024-08-28 22:47:01,715 [INFO] PluginManage:359 - Loaded plugin memorymap (category:base,tabindex:4)
2024-08-28 22:47:01,715 [INFO] PluginManage:310 - Check plugin pinoutandconfiguration
2024-08-28 22:47:01,728 [INFO] PluginManage:359 - Loaded plugin pinoutandconfiguration (category:base,tabindex:1)
2024-08-28 22:47:01,728 [INFO] PluginManage:310 - Check plugin pinoutconfig
2024-08-28 22:47:01,797 [WARN] SupportedApi:132 - Cannot load RTOS API schema: s4s-elt-must-match.1: The content of 'definitions' must match (annotation?, (simpleType | complexType)?, (unique | key | keyref)*)). A problem was found starting at: attribute.
2024-08-28 22:47:01,911 [INFO] PluginManage:359 - Loaded plugin pinoutconfig (category:base,tabindex:0)
2024-08-28 22:47:01,911 [INFO] PluginManage:310 - Check plugin power
2024-08-28 22:47:01,934 [INFO] PluginManage:359 - Loaded plugin power (category:power,tabindex:4)
2024-08-28 22:47:01,934 [INFO] PluginManage:310 - Check plugin projectmanager
2024-08-28 22:47:01,948 [INFO] PluginManage:359 - Loaded plugin projectmanager (category:projectmanager,tabindex:3)
2024-08-28 22:47:01,948 [INFO] PluginManage:310 - Check plugin thirdparty
2024-08-28 22:47:02,174 [INFO] PluginManage:359 - Loaded plugin thirdparty (category:base,tabindex:-1)
2024-08-28 22:47:02,174 [WARN] IntegrityCheckThread:84 - waiting for thirdparty lock release [integrity check]
2024-08-28 22:47:02,174 [INFO] PluginManage:310 - Check plugin tools
2024-08-28 22:47:02,174 [INFO] IntegrityCheckThread:86 - entering critical section [integrity check]
2024-08-28 22:47:02,174 [INFO] ThirdPartyUpdaterWithRetryManager:70 - Updater plugin not ready yet. [1/15]
2024-08-28 22:47:02,203 [INFO] PluginManage:359 - Loaded plugin tools (category:base,tabindex:7)
2024-08-28 22:47:02,203 [INFO] PluginManage:310 - Check plugin tutovideos
2024-08-28 22:47:02,342 [INFO] PluginManage:359 - Loaded plugin tutovideos (category:base,tabindex:-1)
2024-08-28 22:47:02,342 [INFO] PluginManage:310 - Check plugin updater
2024-08-28 22:47:02,351 [INFO] PluginManage:359 - Loaded plugin updater (category:base,tabindex:12)
2024-08-28 22:47:02,351 [INFO] PluginManage:310 - Check plugin userauth
2024-08-28 22:47:02,356 [INFO] UserAuth:114 - Init User Auth plugin
2024-08-28 22:47:02,356 [INFO] PluginManage:359 - Loaded plugin userauth (category:base,tabindex:14)
2024-08-28 22:47:02,356 [INFO] PluginManage:283 - PluginManage : Loaded plugins [17]
2024-08-28 22:47:02,511 [INFO] PinOutPanel:1561 - setPackage(No Configuration,No Configuration)
2024-08-28 22:47:02,566 [INFO] CADModel:165 - CPN selected for project level
2024-08-28 22:47:02,566 [INFO] CADModel:114 - Register for checkConnection events
2024-08-28 22:47:02,588 [INFO] IPUIPlugin:80 - create IPUIPlugin
2024-08-28 22:47:02,588 [INFO] PluginManager:220 - loadIPPluginJar : add adc
2024-08-28 22:47:02,616 [INFO] IPUIPlugin:80 - create IPUIPlugin
2024-08-28 22:47:02,616 [INFO] PluginManager:220 - loadIPPluginJar : add aes
2024-08-28 22:47:02,649 [INFO] IPUIPlugin:80 - create IPUIPlugin
2024-08-28 22:47:02,650 [INFO] PluginManager:220 - loadIPPluginJar : add can
2024-08-28 22:47:02,670 [INFO] IPUIPlugin:80 - create IPUIPlugin
2024-08-28 22:47:02,670 [INFO] PluginManager:220 - loadIPPluginJar : add comp
2024-08-28 22:47:02,696 [INFO] IPUIPlugin:80 - create IPUIPlugin
2024-08-28 22:47:02,696 [INFO] PluginManager:220 - loadIPPluginJar : add cryp
2024-08-28 22:47:02,719 [INFO] IPUIPlugin:80 - create IPUIPlugin
2024-08-28 22:47:02,719 [INFO] PluginManager:220 - loadIPPluginJar : add dfsdm
2024-08-28 22:47:02,731 [INFO] IPUIPlugin:80 - create IPUIPlugin
2024-08-28 22:47:02,731 [INFO] PluginManager:220 - loadIPPluginJar : add dma
2024-08-28 22:47:02,766 [INFO] IPUIPlugin:80 - create IPUIPlugin
2024-08-28 22:47:02,766 [INFO] PluginManager:220 - loadIPPluginJar : add dma3
2024-08-28 22:47:02,803 [INFO] IPUIPlugin:80 - create IPUIPlugin
2024-08-28 22:47:02,803 [INFO] PluginManager:220 - loadIPPluginJar : add extmemmanager
2024-08-28 22:47:02,822 [INFO] IPUIPlugin:80 - create IPUIPlugin
2024-08-28 22:47:02,822 [INFO] PluginManager:220 - loadIPPluginJar : add fatfs
2024-08-28 22:47:02,860 [INFO] IPUIPlugin:80 - create IPUIPlugin
2024-08-28 22:47:02,860 [INFO] PluginManager:220 - loadIPPluginJar : add fmc
2024-08-28 22:47:02,874 [INFO] IPUIPlugin:80 - create IPUIPlugin
2024-08-28 22:47:02,874 [INFO] PluginManager:220 - loadIPPluginJar : add freertos
2024-08-28 22:47:02,891 [INFO] IPUIPlugin:80 - create IPUIPlugin
2024-08-28 22:47:02,891 [INFO] PluginManager:220 - loadIPPluginJar : add genericplugin
2024-08-28 22:47:02,961 [INFO] IPUIPlugin:80 - create IPUIPlugin
2024-08-28 22:47:02,961 [INFO] PluginManager:220 - loadIPPluginJar : add gfxmmu
2024-08-28 22:47:03,062 [INFO] IPUIPlugin:80 - create IPUIPlugin
2024-08-28 22:47:03,062 [INFO] PluginManager:220 - loadIPPluginJar : add gic
2024-08-28 22:47:03,073 [INFO] IPUIPlugin:80 - create IPUIPlugin
2024-08-28 22:47:03,073 [INFO] PluginManager:220 - loadIPPluginJar : add gpio
2024-08-28 22:47:03,142 [INFO] IPUIPlugin:80 - create IPUIPlugin
2024-08-28 22:47:03,143 [INFO] PluginManager:220 - loadIPPluginJar : add gtzc
2024-08-28 22:47:03,173 [INFO] IPUIPlugin:80 - create IPUIPlugin
2024-08-28 22:47:03,173 [INFO] PluginManager:220 - loadIPPluginJar : add hash
2024-08-28 22:47:03,212 [INFO] IPUIPlugin:80 - create IPUIPlugin
2024-08-28 22:47:03,212 [INFO] PluginManager:220 - loadIPPluginJar : add i2c
2024-08-28 22:47:03,242 [INFO] IPUIPlugin:80 - create IPUIPlugin
2024-08-28 22:47:03,242 [INFO] PluginManager:220 - loadIPPluginJar : add i2s
2024-08-28 22:47:03,276 [INFO] IPUIPlugin:80 - create IPUIPlugin
2024-08-28 22:47:03,276 [INFO] PluginManager:220 - loadIPPluginJar : add i3c
2024-08-28 22:47:03,360 [INFO] IPUIPlugin:80 - create IPUIPlugin
2024-08-28 22:47:03,360 [INFO] PluginManager:220 - loadIPPluginJar : add ipddr
2024-08-28 22:47:03,433 [INFO] IPUIPlugin:80 - create IPUIPlugin
2024-08-28 22:47:03,433 [INFO] PluginManager:220 - loadIPPluginJar : add linkedlist
2024-08-28 22:47:03,461 [INFO] IPUIPlugin:80 - create IPUIPlugin
2024-08-28 22:47:03,461 [INFO] PluginManager:220 - loadIPPluginJar : add lorawan
2024-08-28 22:47:03,489 [INFO] IPUIPlugin:80 - create IPUIPlugin
2024-08-28 22:47:03,489 [INFO] PluginManager:220 - loadIPPluginJar : add ltdc
2024-08-28 22:47:03,500 [INFO] IPUIPlugin:80 - create IPUIPlugin
2024-08-28 22:47:03,500 [INFO] PluginManager:220 - loadIPPluginJar : add mdma
2024-08-28 22:47:03,510 [INFO] IPUIPlugin:80 - create IPUIPlugin
2024-08-28 22:47:03,510 [INFO] PluginManager:220 - loadIPPluginJar : add nvic
2024-08-28 22:47:03,566 [INFO] IPUIPlugin:80 - create IPUIPlugin
2024-08-28 22:47:03,567 [INFO] PluginManager:220 - loadIPPluginJar : add opamp
2024-08-28 22:47:03,621 [INFO] IPUIPlugin:80 - create IPUIPlugin
2024-08-28 22:47:03,621 [INFO] PluginManager:220 - loadIPPluginJar : add openamp
2024-08-28 22:47:03,662 [INFO] IPUIPlugin:80 - create IPUIPlugin
2024-08-28 22:47:03,662 [INFO] PluginManager:220 - loadIPPluginJar : add pdm2pcm
2024-08-28 22:47:03,674 [INFO] IPUIPlugin:80 - create IPUIPlugin
2024-08-28 22:47:03,675 [INFO] PluginManager:220 - loadIPPluginJar : add plateformsettings
2024-08-28 22:47:03,702 [INFO] IPUIPlugin:80 - create IPUIPlugin
2024-08-28 22:47:03,703 [INFO] PluginManager:220 - loadIPPluginJar : add quadspi
2024-08-28 22:47:03,713 [INFO] IPUIPlugin:80 - create IPUIPlugin
2024-08-28 22:47:03,713 [INFO] PluginManager:220 - loadIPPluginJar : add resmgrutility
2024-08-28 22:47:03,758 [INFO] IPUIPlugin:80 - create IPUIPlugin
2024-08-28 22:47:03,758 [INFO] PluginManager:220 - loadIPPluginJar : add sai
2024-08-28 22:47:03,790 [INFO] IPUIPlugin:80 - create IPUIPlugin
2024-08-28 22:47:03,790 [INFO] PluginManager:220 - loadIPPluginJar : add spi
2024-08-28 22:47:03,842 [INFO] IPUIPlugin:80 - create IPUIPlugin
2024-08-28 22:47:03,842 [INFO] PluginManager:220 - loadIPPluginJar : add stm32_wpan
2024-08-28 22:47:03,869 [INFO] IPUIPlugin:80 - create IPUIPlugin
2024-08-28 22:47:03,869 [INFO] PluginManager:220 - loadIPPluginJar : add tim
2024-08-28 22:47:03,921 [INFO] IPUIPlugin:80 - create IPUIPlugin
2024-08-28 22:47:03,921 [INFO] PluginManager:220 - loadIPPluginJar : add touchsensing
2024-08-28 22:47:03,939 [INFO] IPUIPlugin:80 - create IPUIPlugin
2024-08-28 22:47:03,939 [INFO] PluginManager:220 - loadIPPluginJar : add tracer_emb
2024-08-28 22:47:03,958 [INFO] IPUIPlugin:80 - create IPUIPlugin
2024-08-28 22:47:03,958 [INFO] PluginManager:220 - loadIPPluginJar : add ts
2024-08-28 22:47:03,978 [INFO] IPUIPlugin:80 - create IPUIPlugin
2024-08-28 22:47:03,978 [INFO] PluginManager:220 - loadIPPluginJar : add tsc
2024-08-28 22:47:03,998 [INFO] IPUIPlugin:80 - create IPUIPlugin
2024-08-28 22:47:03,998 [INFO] PluginManager:220 - loadIPPluginJar : add ucpd
2024-08-28 22:47:04,037 [INFO] IPUIPlugin:80 - create IPUIPlugin
2024-08-28 22:47:04,037 [INFO] PluginManager:220 - loadIPPluginJar : add usart
2024-08-28 22:47:04,077 [INFO] IPUIPlugin:80 - create IPUIPlugin
2024-08-28 22:47:04,077 [INFO] PluginManager:220 - loadIPPluginJar : add usbx
2024-08-28 22:47:04,191 [INFO] CADModel:165 - CPN selected for project level
2024-08-28 22:47:04,192 [INFO] CADModel:114 - Register for checkConnection events
2024-08-28 22:47:04,192 [FATAL] Updater:308 - Updater called before beeing initialized
2024-08-28 22:47:04,192 [ERROR] CADModel:125 - Updater not yet initialized, retry later 
2024-08-28 22:47:04,290 [INFO] CADModel:165 - CPN selected for project level
2024-08-28 22:47:04,290 [INFO] CADModel:114 - Register for checkConnection events
2024-08-28 22:47:04,290 [FATAL] Updater:308 - Updater called before beeing initialized
2024-08-28 22:47:04,290 [ERROR] CADModel:125 - Updater not yet initialized, retry later 
2024-08-28 22:47:04,293 [FATAL] Updater:308 - Updater called before beeing initialized
2024-08-28 22:47:04,367 [FATAL] Updater:308 - Updater called before beeing initialized
2024-08-28 22:47:04,376 [INFO] DbMcusAds:53 - JSON generation date=Thu May 16 16:22:00 ICT 2024 (1715851320667)
2024-08-28 22:47:04,376 [FATAL] Updater:308 - Updater called before beeing initialized
2024-08-28 22:47:04,446 [WARN] DetailPanel:346 - Failed to get advertising image, set to default
2024-08-28 22:47:04,504 [FATAL] Updater:308 - Updater called before beeing initialized
2024-08-28 22:47:04,507 [FATAL] Updater:308 - Updater called before beeing initialized
2024-08-28 22:47:04,507 [FATAL] Updater:308 - Updater called before beeing initialized
2024-08-28 22:47:04,507 [WARN] DetailPanel:346 - Failed to get advertising image, set to default
2024-08-28 22:47:04,507 [FATAL] Updater:308 - Updater called before beeing initialized
2024-08-28 22:47:04,555 [ERROR] Updater:1120 - MainUpdater not yet initialized. External WinMGr cannot be set.
2024-08-28 22:47:04,564 [INFO] Updater:1056 - Updater Version found : 6.11.0
2024-08-28 22:47:04,584 [INFO] ApplicationProperties:184 - Using Application install path: C:\ST\STM32CubeIDE_1.15.0\STM32CubeIDE\plugins\com.st.stm32cube.common.mx_6.11.0.202403141607
2024-08-28 22:47:05,175 [INFO] ThirdPartyUpdaterWithRetryManager:70 - Updater plugin not ready yet. [2/15]
2024-08-28 22:47:06,159 [ERROR] LogOutputStream:75 - [STDERR_REDIRECT] Aug 28, 2024 10:47:06 PM java.util.prefs.WindowsPreferences <init>
2024-08-28 22:47:06,160 [ERROR] LogOutputStream:75 - [STDERR_REDIRECT] WARNING: Could not open/create prefs root node Software\JavaSoft\Prefs at root 0xffffffff80000002. Windows RegCreateKeyEx(...) returned error code 5.
2024-08-28 22:47:06,160 [ERROR] LogOutputStream:75 - [STDERR_REDIRECT] 
2024-08-28 22:47:06,435 [INFO] MainUpdater:2873 - connection check result : 10
2024-08-28 22:47:06,436 [INFO] MainUpdater:290 - Updater Check For Update Now.
2024-08-28 22:47:06,436 [INFO] MicroXplorer:498 - Change Database Version : DB.6.0.110
2024-08-28 22:47:06,448 [INFO] McuFinderGlobals:63 - Set McuFinder mode to 2 (CubeIDE integrated)
2024-08-28 22:47:06,459 [INFO] UserAuth:415 - Internet connection configuration mode: 1
2024-08-28 22:47:06,484 [INFO] JxBrowserEngine:152 - Initiate JxBrowser Engine with user profile folder
2024-08-28 22:47:06,620 [INFO] CheckServerUpdateThread:120 - End of CheckServer Thread
2024-08-28 22:47:08,329 [WARN] PackLoader:240 - Cannot read IP mode file for STMicroelectronics.FP-SNS-MOTENVWB1.1.4.0
2024-08-28 22:47:08,349 [WARN] PackLoader:240 - Cannot read IP mode file for STMicroelectronics.X-CUBE-SMBUS.2.1.0
2024-08-28 22:47:08,376 [WARN] PackLoader:240 - Cannot read IP mode file for STMicroelectronics.X-CUBE-TOUCHGFX.4.23.0
2024-08-28 22:47:08,391 [WARN] PackLoader:240 - Cannot read IP mode file for STMicroelectronics.X-CUBE-TOUCHGFX.4.23.2
2024-08-28 22:47:08,430 [WARN] PackLoader:240 - Cannot read IP mode file for STMicroelectronics.X-CUBE-AZRTOS-F7.1.1.0
2024-08-28 22:47:08,453 [WARN] PackLoader:240 - Cannot read IP mode file for STMicroelectronics.FP-SNS-MOTENV1.4.3.2
2024-08-28 22:47:08,527 [WARN] PackLoader:240 - Cannot read IP mode file for STMicroelectronics.X-CUBE-MEMS1.11.0.0
2024-08-28 22:47:08,657 [WARN] PackLoader:240 - Cannot read IP mode file for STMicroelectronics.FP-SNS-FLIGHT1.5.0.2
2024-08-28 22:47:08,674 [WARN] PackLoader:240 - Cannot read IP mode file for STMicroelectronics.X-CUBE-DISPLAY.3.0.0
2024-08-28 22:47:08,690 [WARN] PackLoader:240 - Cannot read IP mode file for STMicroelectronics.X-CUBE-BLE1.7.0.0
2024-08-28 22:47:08,705 [WARN] PackLoader:240 - Cannot read IP mode file for emotas.I-CUBE-CANOPEN.1.3.0
2024-08-28 22:47:08,725 [WARN] PackLoader:240 - Cannot read IP mode file for STMicroelectronics.X-CUBE-BLEMGR.3.1.0
2024-08-28 22:47:08,747 [WARN] PackLoader:240 - Cannot read IP mode file for STMicroelectronics.FP-SNS-SMARTAG2.1.2.0
2024-08-28 22:47:08,774 [INFO] LogOutputStream:77 - [STDOUT_REDIRECT] 1 : Invalid condition id : UX_CORESTACK_Condition cause : null
2024-08-28 22:47:08,774 [INFO] LogOutputStream:77 - [STDOUT_REDIRECT] 1 : Invalid condition id : UX_CORESTACK_Condition cause : null
2024-08-28 22:47:08,775 [INFO] LogOutputStream:77 - [STDOUT_REDIRECT] 1 : Invalid condition id : UX_CORESTACK_Condition cause : null
2024-08-28 22:47:08,776 [INFO] LogOutputStream:77 - [STDOUT_REDIRECT] 1 : Invalid condition id : UX_CORESTACK_Condition cause : null
2024-08-28 22:47:08,777 [INFO] LogOutputStream:77 - [STDOUT_REDIRECT] 1 : Invalid condition id : UX_CORESTACK_Condition cause : null
2024-08-28 22:47:08,781 [WARN] PackLoader:240 - Cannot read IP mode file for STMicroelectronics.X-CUBE-AZRTOS-WL.2.0.0
2024-08-28 22:47:08,796 [WARN] PackLoader:240 - Cannot read IP mode file for STMicroelectronics.FP-SNS-MOTENV1.5.0.0
2024-08-28 22:47:08,814 [WARN] PackLoader:240 - Cannot read IP mode file for wolfSSL.I-CUBE-wolfMQTT.1.19.0
2024-08-28 22:47:08,835 [WARN] PackLoader:240 - Cannot read IP mode file for WES.I-CUBE-Cesium.1.3.0
2024-08-28 22:47:08,852 [WARN] PackLoader:240 - Cannot read IP mode file for STMicroelectronics.X-CUBE-BLE2.3.3.0
2024-08-28 22:47:08,867 [WARN] PackLoader:240 - Cannot read IP mode file for STMicroelectronics.X-CUBE-TCPP.4.1.0
2024-08-28 22:47:08,885 [WARN] PackLoader:240 - Cannot read IP mode file for STMicroelectronics.X-CUBE-ALGOBUILD.1.3.0
2024-08-28 22:47:08,928 [WARN] PackLoader:240 - Cannot read IP mode file for STMicroelectronics.X-CUBE-AZRTOS-G0.1.1.0
2024-08-28 22:47:08,952 [WARN] PackLoader:240 - Cannot read IP mode file for STMicroelectronics.X-CUBE-SAFEA1.1.2.2
2024-08-28 22:47:08,971 [WARN] PackLoader:240 - Cannot read IP mode file for STMicroelectronics.X-CUBE-NFC4.3.0.0
2024-08-28 22:47:08,994 [WARN] PackLoader:240 - Cannot read IP mode file for EmbeddedOffice.I-CUBE-FS-RTOS.1.0.1
2024-08-28 22:47:08,994 [ERROR] ConditionMgr:805 - Attr not supported : Dmpu
2024-08-28 22:47:08,994 [ERROR] ConditionMgr:805 - Attr not supported : Dmpu
2024-08-28 22:47:08,994 [ERROR] ConditionMgr:805 - Attr not supported : Dmpu
2024-08-28 22:47:08,995 [ERROR] ConditionMgr:805 - Attr not supported : Dmpu
2024-08-28 22:47:08,995 [ERROR] ConditionMgr:805 - Attr not supported : Dmpu
2024-08-28 22:47:08,995 [ERROR] ConditionMgr:805 - Attr not supported : Dmpu
2024-08-28 22:47:08,995 [ERROR] ConditionMgr:805 - Attr not supported : Dmpu
2024-08-28 22:47:08,995 [ERROR] ConditionMgr:805 - Attr not supported : Dmpu
2024-08-28 22:47:08,995 [ERROR] ConditionMgr:805 - Attr not supported : Dmpu
2024-08-28 22:47:08,995 [ERROR] ConditionMgr:805 - Attr not supported : Dmpu
2024-08-28 22:47:08,995 [ERROR] ConditionMgr:805 - Attr not supported : Dmpu
2024-08-28 22:47:08,995 [ERROR] ConditionMgr:805 - Attr not supported : Dmpu
2024-08-28 22:47:08,995 [ERROR] ConditionMgr:805 - Attr not supported : Dmpu
2024-08-28 22:47:08,995 [ERROR] ConditionMgr:805 - Attr not supported : Dmpu
2024-08-28 22:47:08,995 [ERROR] ConditionMgr:805 - Attr not supported : Dmpu
2024-08-28 22:47:08,995 [ERROR] ConditionMgr:805 - Attr not supported : Dmpu
2024-08-28 22:47:08,995 [ERROR] ConditionMgr:805 - Attr not supported : Dmpu
2024-08-28 22:47:08,996 [ERROR] ConditionMgr:805 - Attr not supported : Dmpu
2024-08-28 22:47:08,996 [ERROR] ConditionMgr:805 - Attr not supported : Dmpu
2024-08-28 22:47:08,996 [ERROR] ConditionMgr:805 - Attr not supported : Dmpu
2024-08-28 22:47:08,996 [ERROR] ConditionMgr:805 - Attr not supported : Dmpu
2024-08-28 22:47:08,996 [ERROR] ConditionMgr:805 - Attr not supported : Dmpu
2024-08-28 22:47:08,996 [ERROR] ConditionMgr:805 - Attr not supported : Dmpu
2024-08-28 22:47:08,996 [ERROR] ConditionMgr:805 - Attr not supported : Dmpu
2024-08-28 22:47:08,996 [ERROR] ConditionMgr:805 - Attr not supported : Dmpu
2024-08-28 22:47:08,996 [ERROR] ConditionMgr:805 - Attr not supported : Dmpu
2024-08-28 22:47:08,996 [ERROR] ConditionMgr:805 - Attr not supported : Dmpu
2024-08-28 22:47:08,996 [ERROR] ConditionMgr:805 - Attr not supported : Dmpu
2024-08-28 22:47:08,996 [ERROR] ConditionMgr:805 - Attr not supported : Dmpu
2024-08-28 22:47:08,996 [ERROR] ConditionMgr:805 - Attr not supported : Dmpu
2024-08-28 22:47:08,997 [ERROR] ConditionMgr:805 - Attr not supported : Dmpu
2024-08-28 22:47:08,997 [ERROR] ConditionMgr:805 - Attr not supported : Dmpu
2024-08-28 22:47:08,997 [ERROR] ConditionMgr:805 - Attr not supported : Dmpu
2024-08-28 22:47:08,997 [ERROR] ConditionMgr:805 - Attr not supported : Dmpu
2024-08-28 22:47:08,997 [ERROR] ConditionMgr:805 - Attr not supported : Dmpu
2024-08-28 22:47:08,997 [ERROR] ConditionMgr:805 - Attr not supported : Dmpu
2024-08-28 22:47:08,997 [ERROR] ConditionMgr:805 - Attr not supported : Dmpu
2024-08-28 22:47:08,997 [ERROR] ConditionMgr:805 - Attr not supported : Dmpu
2024-08-28 22:47:08,997 [ERROR] ConditionMgr:805 - Attr not supported : Dmpu
2024-08-28 22:47:08,997 [ERROR] ConditionMgr:805 - Attr not supported : Dmpu
2024-08-28 22:47:08,997 [ERROR] ConditionMgr:805 - Attr not supported : Dmpu
2024-08-28 22:47:08,998 [ERROR] ConditionMgr:805 - Attr not supported : Dmpu
2024-08-28 22:47:08,998 [ERROR] ConditionMgr:805 - Attr not supported : Dmpu
2024-08-28 22:47:08,998 [ERROR] ConditionMgr:805 - Attr not supported : Dmpu
2024-08-28 22:47:08,998 [ERROR] ConditionMgr:805 - Attr not supported : Dmpu
2024-08-28 22:47:08,998 [ERROR] ConditionMgr:805 - Attr not supported : Dmpu
2024-08-28 22:47:08,998 [ERROR] ConditionMgr:805 - Attr not supported : Dmpu
2024-08-28 22:47:08,998 [ERROR] ConditionMgr:805 - Attr not supported : Dmpu
2024-08-28 22:47:08,998 [ERROR] ConditionMgr:805 - Attr not supported : Dmpu
2024-08-28 22:47:08,998 [ERROR] ConditionMgr:805 - Attr not supported : Dmpu
2024-08-28 22:47:08,998 [ERROR] ConditionMgr:805 - Attr not supported : Dmpu
2024-08-28 22:47:08,998 [ERROR] ConditionMgr:805 - Attr not supported : Dmpu
2024-08-28 22:47:08,998 [ERROR] ConditionMgr:805 - Attr not supported : Dmpu
2024-08-28 22:47:08,999 [ERROR] ConditionMgr:805 - Attr not supported : Dmpu
2024-08-28 22:47:08,999 [ERROR] ConditionMgr:805 - Attr not supported : Dmpu
2024-08-28 22:47:08,999 [ERROR] ConditionMgr:805 - Attr not supported : Dmpu
2024-08-28 22:47:08,999 [ERROR] ConditionMgr:805 - Attr not supported : Dmpu
2024-08-28 22:47:08,999 [ERROR] ConditionMgr:805 - Attr not supported : Dmpu
2024-08-28 22:47:08,999 [ERROR] ConditionMgr:805 - Attr not supported : Dmpu
2024-08-28 22:47:08,999 [ERROR] ConditionMgr:805 - Attr not supported : Dmpu
2024-08-28 22:47:08,999 [ERROR] ConditionMgr:805 - Attr not supported : Dmpu
2024-08-28 22:47:08,999 [ERROR] ConditionMgr:805 - Attr not supported : Dmpu
2024-08-28 22:47:08,999 [ERROR] ConditionMgr:805 - Attr not supported : Dmpu
2024-08-28 22:47:08,999 [ERROR] ConditionMgr:805 - Attr not supported : Dmpu
2024-08-28 22:47:09,014 [WARN] PackLoader:240 - Cannot read IP mode file for RealThread.X-CUBE-RT-Thread_Nano.4.1.1
2024-08-28 22:47:09,027 [WARN] PackLoader:240 - Cannot read IP mode file for STMicroelectronics.FP-ATR-SIGFOX1.3.2.0
2024-08-28 22:47:09,041 [WARN] PackLoader:240 - Cannot read IP mode file for STMicroelectronics.X-CUBE-EEPRMA1.5.1.0
2024-08-28 22:47:09,102 [WARN] PackLoader:240 - Cannot read IP mode file for SEGGER.I-CUBE-embOS.1.3.1
2024-08-28 22:47:09,163 [WARN] PackLoader:240 - Cannot read IP mode file for STMicroelectronics.X-CUBE-ALGOBUILD.1.4.0
2024-08-28 22:47:09,191 [WARN] PackLoader:240 - Cannot read IP mode file for STMicroelectronics.X-CUBE-GNSS1.6.0.0
2024-08-28 22:47:09,223 [WARN] PackLoader:240 - Cannot read IP mode file for STMicroelectronics.X-CUBE-AZRTOS-F4.1.1.0
2024-08-28 22:47:09,240 [WARN] PackLoader:240 - Cannot read IP mode file for STMicroelectronics.X-CUBE-FREERTOS.1.2.0
2024-08-28 22:47:09,255 [WARN] PackLoader:240 - Cannot read IP mode file for wolfSSL.I-CUBE-wolfSSL.5.6.6
2024-08-28 22:47:09,279 [WARN] PackLoader:240 - Cannot read IP mode file for STMicroelectronics.X-CUBE-AZRTOS-L5.2.0.0
2024-08-28 22:47:09,295 [WARN] PackLoader:240 - Cannot read IP mode file for STMicroelectronics.X-CUBE-NFC6.3.1.0
2024-08-28 22:47:09,312 [WARN] PackLoader:240 - Cannot read IP mode file for ITTIA_DB.I-CUBE-ITTIADB.8.8.0
2024-08-28 22:47:09,327 [WARN] PackLoader:240 - Cannot read IP mode file for STMicroelectronics.X-CUBE-DPower.1.2.0
2024-08-28 22:47:09,341 [WARN] PackLoader:240 - Cannot read IP mode file for STMicroelectronics.X-CUBE-AI.9.0.0
2024-08-28 22:47:09,357 [WARN] PackLoader:240 - Cannot read IP mode file for STMicroelectronics.X-CUBE-NFC7.1.0.1
2024-08-28 22:47:09,373 [WARN] PackLoader:240 - Cannot read IP mode file for wolfSSL.I-CUBE-wolfTPM.3.2.0
2024-08-28 22:47:09,386 [WARN] PackLoader:240 - Cannot read IP mode file for STMicroelectronics.X-CUBE-NFC6.3.0.0
2024-08-28 22:47:09,399 [WARN] PackLoader:240 - Cannot read IP mode file for STMicroelectronics.X-CUBE-AI.8.1.0
2024-08-28 22:47:09,427 [WARN] ConditionMgr:438 - getConditionDescription Invalid condition id : LAN8742 Phy interface Condition cause : null
2024-08-28 22:47:09,427 [WARN] PackLoader:240 - Cannot read IP mode file for STMicroelectronics.X-CUBE-AZRTOS-L4.2.0.0
2024-08-28 22:47:09,428 [WARN] ConditionMgr:1039 - genDependencies : Invalid condition id : LAN8742 Phy interface Condition cause : null
2024-08-28 22:47:09,429 [WARN] ConditionMgr:1039 - genDependencies : Invalid condition id : LAN8742 Phy interface Condition cause : null
2024-08-28 22:47:09,429 [WARN] ConditionMgr:1039 - genDependencies : Invalid condition id : LAN8742 Phy interface Condition cause : null
2024-08-28 22:47:09,442 [WARN] PackLoader:240 - Cannot read IP mode file for STMicroelectronics.X-CUBE-SFXS2LP1.4.0.0
2024-08-28 22:47:09,469 [WARN] PackLoader:240 - Cannot read IP mode file for STMicroelectronics.X-CUBE-AZRTOS-H7.3.3.0
2024-08-28 22:47:09,492 [WARN] ConditionMgr:438 - getConditionDescription Invalid condition id : UX DEVICE CLASS RTOS Condition cause : null
2024-08-28 22:47:09,492 [WARN] ConditionMgr:438 - getConditionDescription Invalid condition id : UX DEVICE CLASS RTOS Condition cause : null
2024-08-28 22:47:09,494 [WARN] PackLoader:240 - Cannot read IP mode file for STMicroelectronics.X-CUBE-AZRTOS-WB.2.0.0
2024-08-28 22:47:09,495 [WARN] ConditionMgr:1039 - genDependencies : Invalid condition id : UX DEVICE CLASS RTOS Condition cause : null
2024-08-28 22:47:09,495 [WARN] ConditionMgr:1039 - genDependencies : Invalid condition id : UX DEVICE CLASS RTOS Condition cause : null
2024-08-28 22:47:09,495 [WARN] ConditionMgr:1039 - genDependencies : Invalid condition id : UX DEVICE CLASS RTOS Condition cause : null
2024-08-28 22:47:09,495 [WARN] ConditionMgr:1039 - genDependencies : Invalid condition id : UX DEVICE CLASS RTOS Condition cause : null
2024-08-28 22:47:09,495 [WARN] ConditionMgr:1039 - genDependencies : Invalid condition id : UX DEVICE CLASS RTOS Condition cause : null
2024-08-28 22:47:09,509 [WARN] PackLoader:240 - Cannot read IP mode file for STMicroelectronics.FP-SNS-STBOX1.2.0.0
2024-08-28 22:47:09,529 [WARN] PackLoader:240 - Cannot read IP mode file for STMicroelectronics.X-CUBE-SUBG2.5.0.0
2024-08-28 22:47:09,544 [WARN] PackLoader:240 - Cannot read IP mode file for Cesanta.I-CUBE-Mongoose.7.13.0
2024-08-28 22:47:09,565 [WARN] PackLoader:240 - Cannot read IP mode file for STMicroelectronics.X-CUBE-AZRTOS-G4.2.0.0
2024-08-28 22:47:09,586 [WARN] PackLoader:240 - Cannot read IP mode file for Infineon.AIROC-Wi-Fi-Bluetooth-STM32.1.5.1
2024-08-28 22:47:09,598 [WARN] PackLoader:240 - Cannot read IP mode file for STMicroelectronics.FP-SNS-MOTENVWB1.1.3.1
2024-08-28 22:47:09,610 [WARN] PackLoader:240 - Cannot read IP mode file for STMicroelectronics.X-CUBE-ISPU.2.0.0
2024-08-28 22:47:09,623 [WARN] PackLoader:240 - Cannot read IP mode file for STMicroelectronics.X-CUBE-ALS.1.0.2
2024-08-28 22:47:09,668 [WARN] PackLoader:240 - Cannot read IP mode file for STMicroelectronics.X-CUBE-MEMS1.10.0.0
2024-08-28 22:47:09,762 [WARN] PackLoader:240 - Cannot read IP mode file for STMicroelectronics.X-CUBE-FREERTOS.1.1.0
2024-08-28 22:47:09,775 [WARN] PackLoader:240 - Cannot read IP mode file for STMicroelectronics.X-CUBE-TOUCHGFX.4.24.0
2024-08-28 22:47:09,797 [WARN] PackLoader:240 - Cannot read IP mode file for portGmbH.I-Cube-SoM-uGOAL.1.1.0
2024-08-28 22:47:09,813 [WARN] PackLoader:240 - Cannot read IP mode file for STMicroelectronics.X-CUBE-ALS.1.0.1
2024-08-28 22:47:09,839 [WARN] PackLoader:240 - Cannot read IP mode file for STMicroelectronics.X-CUBE-AZRTOS-H7RS.1.0.0
2024-08-28 22:47:09,852 [WARN] PackLoader:240 - Cannot read IP mode file for STMicroelectronics.FP-ATR-ASTRA1.2.0.0
2024-08-28 22:47:09,869 [WARN] PackLoader:240 - Cannot read IP mode file for STMicroelectronics.X-CUBE-TOF1.3.4.2
2024-08-28 22:47:09,899 [WARN] PackLoader:240 - Cannot read IP mode file for STMicroelectronics.X-CUBE-TOF1.3.4.1
2024-08-28 22:47:09,933 [WARN] PackLoader:240 - Cannot read IP mode file for STMicroelectronics.X-CUBE-AZRTOS-H7.3.2.0
2024-08-28 22:47:09,947 [WARN] PackLoader:240 - Cannot read IP mode file for wolfSSL.I-CUBE-wolfSSH.1.4.17
2024-08-28 22:47:09,948 [INFO] ThirdParty:978 - Integrity check success = true
2024-08-28 22:47:09,948 [INFO] IntegrityCheckThread:100 - exiting critical section [integrity check]
2024-08-28 22:47:09,948 [INFO] IntegrityCheckThread:103 - End integrity checks thread
2024-08-28 22:47:11,360 [INFO] WebApp:161 - Instantiating new browser for Auth
2024-08-28 22:47:12,065 [INFO] WebApp:779 - Register for checkConnection events
2024-08-28 22:47:12,065 [INFO] WebApp:414 - Apply proxy settings
2024-08-28 22:47:12,065 [INFO] WebApp:499 - Chromium requires no authentication
2024-08-28 22:47:12,071 [INFO] WebApp:442 - Direct internet connection detected
2024-08-28 22:47:12,182 [INFO] WebApp:192 - Starting web application
2024-08-28 22:47:12,182 [INFO] WebApp:544 - Web application path used C:\ST\STM32CubeIDE_1.15.0\STM32CubeIDE\plugins\com.st.stm32cube.common.mx_6.11.0.202403141607\db\plugins\mcufinder\reactClient1\index.html
2024-08-28 23:46:13,304 [ERROR] LogOutputStream:75 - [STDERR_REDIRECT] 
