2024-08-26 14:38:42,632 [INFO] Activator:176 - 


2024-08-26 14:38:42,639 [INFO] Activator:177 - !SESSION log4j initialized
2024-08-26 14:38:49,641 [INFO] LogOutputStream:77 - [STDOUT_REDIRECT] 
2024-08-26 14:38:50,553 [ERROR] ConfigurationRetriever:142 - IOException on connection: Remote host terminated the handshake
2024-08-26 14:38:50,572 [ERROR] ConfigurationRetriever:142 - IOException on connection: Remote host terminated the handshake
2024-08-26 14:38:50,587 [ERROR] ConfigurationRetriever:142 - IOException on connection: Remote host terminated the handshake
2024-08-26 14:38:53,162 [INFO] ApplicationProperties:184 - Using Application install path: C:\ST\STM32CubeIDE_1.15.0\STM32CubeIDE\plugins\com.st.stm32cube.common.mx_6.11.0.202403141607
2024-08-26 14:38:53,194 [INFO] DbMcusXml:78 - Set database path to: C:\ST\STM32CubeIDE_1.15.0\STM32CubeIDE\plugins\com.st.stm32cube.common.mx_6.11.0.202403141607\\db\/mcu/
2024-08-26 14:38:53,195 [INFO] ApiDb:274 - Set plugin database path to: C:\ST\STM32CubeIDE_1.15.0\STM32CubeIDE\plugins\com.st.stm32cube.common.mx_6.11.0.202403141607\\db\/plugins/boardmanager/
2024-08-26 14:38:53,195 [WARN] ApiDb:259 - Overriding images path with different value:  => C:\ST\STM32CubeIDE_1.15.0\STM32CubeIDE\plugins\com.st.stm32cube.common.mx_6.11.0.202403141607\\db\/plugins/mcufinder/images/
2024-08-26 14:38:53,215 [INFO] ApiDb:250 - Set database path to: C:\Users\Admin\.stmcufinder\plugins\mcufinder//mcu/
2024-08-26 14:38:53,217 [INFO] DbMcusAds:125 - Set database path to: C:\Users\Admin\.stmcufinder\plugins\mcufinder//mcu/
2024-08-26 14:38:53,221 [INFO] CrossReferenceDbSqlite:203 - Set database path to: C:\Users\Admin\.stmcufinder\plugins\mcufinder//mcu/cs/
2024-08-26 14:38:53,419 [INFO] RulesReader:64 - Compatibility file has been processed (297 Rules)
2024-08-26 14:38:53,563 [INFO] DbMcusXml:78 - Set database path to: C:\ST\STM32CubeIDE_1.15.0\STM32CubeIDE\plugins\com.st.stm32cube.common.mx_6.11.0.202403141607\\db\/mcu/
2024-08-26 14:38:53,563 [INFO] ApiDb:274 - Set plugin database path to: C:\ST\STM32CubeIDE_1.15.0\STM32CubeIDE\plugins\com.st.stm32cube.common.mx_6.11.0.202403141607\\db\/plugins/boardmanager/
2024-08-26 14:38:53,563 [INFO] ApiDb:261 - Set plugin images path to: C:\ST\STM32CubeIDE_1.15.0\STM32CubeIDE\plugins\com.st.stm32cube.common.mx_6.11.0.202403141607\\db\/plugins/mcufinder/images/
2024-08-26 14:38:53,564 [WARN] DbFile:41 - Overriding database path with different value: C:\Users\Admin\.stmcufinder\plugins\mcufinder/ => C:\Users\Admin\.stmcufinder\plugins\mcufinder
2024-08-26 14:38:53,564 [INFO] ApiDb:250 - Set database path to: C:\Users\Admin\.stmcufinder\plugins\mcufinder//mcu/
2024-08-26 14:38:53,564 [WARN] DbFile:41 - Overriding database path with different value: C:\Users\Admin\.stmcufinder\plugins\mcufinder/ => C:\Users\Admin\.stmcufinder\plugins\mcufinder
2024-08-26 14:38:53,564 [INFO] DbMcusAds:125 - Set database path to: C:\Users\Admin\.stmcufinder\plugins\mcufinder//mcu/
2024-08-26 14:38:53,564 [WARN] DbFile:41 - Overriding database path with different value: C:\Users\Admin\.stmcufinder\plugins\mcufinder/ => C:\Users\Admin\.stmcufinder\plugins\mcufinder
2024-08-26 14:38:53,564 [WARN] DbFile:41 - Overriding database path with different value: C:\Users\Admin\.stmcufinder\plugins\mcufinder/ => C:\Users\Admin\.stmcufinder\plugins\mcufinder
2024-08-26 14:38:53,565 [INFO] CrossReferenceDbSqlite:203 - Set database path to: C:\Users\Admin\.stmcufinder\plugins\mcufinder//mcu/cs/
2024-08-26 14:38:53,685 [INFO] MainPanel:264 - HeapMemory: 268435456
2024-08-26 14:38:53,860 [INFO] DbMcusXml:78 - Set database path to: C:\ST\STM32CubeIDE_1.15.0\STM32CubeIDE\plugins\com.st.stm32cube.common.mx_6.11.0.202403141607\\db\/mcu/
2024-08-26 14:38:53,860 [INFO] ApiDb:274 - Set plugin database path to: C:\ST\STM32CubeIDE_1.15.0\STM32CubeIDE\plugins\com.st.stm32cube.common.mx_6.11.0.202403141607\\db\/plugins/boardmanager/
2024-08-26 14:38:53,861 [INFO] ApiDb:261 - Set plugin images path to: C:\ST\STM32CubeIDE_1.15.0\STM32CubeIDE\plugins\com.st.stm32cube.common.mx_6.11.0.202403141607\\db\/plugins/mcufinder/images/
2024-08-26 14:38:53,862 [WARN] DbFile:41 - Overriding database path with different value: C:\Users\Admin\.stmcufinder\plugins\mcufinder/ => C:\Users\Admin\.stmcufinder\plugins\mcufinder
2024-08-26 14:38:53,862 [INFO] ApiDb:250 - Set database path to: C:\Users\Admin\.stmcufinder\plugins\mcufinder//mcu/
2024-08-26 14:38:53,862 [WARN] DbFile:41 - Overriding database path with different value: C:\Users\Admin\.stmcufinder\plugins\mcufinder/ => C:\Users\Admin\.stmcufinder\plugins\mcufinder
2024-08-26 14:38:53,862 [INFO] DbMcusAds:125 - Set database path to: C:\Users\Admin\.stmcufinder\plugins\mcufinder//mcu/
2024-08-26 14:38:53,863 [WARN] DbFile:41 - Overriding database path with different value: C:\Users\Admin\.stmcufinder\plugins\mcufinder/ => C:\Users\Admin\.stmcufinder\plugins\mcufinder
2024-08-26 14:38:53,863 [WARN] DbFile:41 - Overriding database path with different value: C:\Users\Admin\.stmcufinder\plugins\mcufinder/ => C:\Users\Admin\.stmcufinder\plugins\mcufinder
2024-08-26 14:38:53,863 [INFO] CrossReferenceDbSqlite:203 - Set database path to: C:\Users\Admin\.stmcufinder\plugins\mcufinder//mcu/cs/
2024-08-26 14:38:53,892 [INFO] ApplicationProperties:184 - Using Application install path: C:\ST\STM32CubeIDE_1.15.0\STM32CubeIDE\plugins\com.st.stm32cube.common.mx_6.11.0.202403141607
2024-08-26 14:38:53,894 [INFO] PluginManage:196 - Search for loadable plugins [exclusion list=, ]
2024-08-26 14:38:53,897 [INFO] PluginManage:310 - Check plugin analytics
2024-08-26 14:38:54,226 [INFO] AnalyticsPlugin:253 - Accepted Software Licenses: STM32CubeMX.6.10.0
2024-08-26 14:38:54,226 [INFO] AnalyticsPlugin:255 - Accepted CMSIS Pack Licenses: 
2024-08-26 14:38:54,227 [INFO] AnalyticsPlugin:257 - Accepted Firmware Licenses: 
2024-08-26 14:38:54,231 [INFO] PluginManage:359 - Loaded plugin analytics (category:tool,tabindex:-1)
2024-08-26 14:38:54,231 [INFO] PluginManage:310 - Check plugin cadmodel
2024-08-26 14:38:54,239 [INFO] CADModel:105 - Init CAD model plugin
2024-08-26 14:38:54,239 [INFO] PluginManage:359 - Loaded plugin cadmodel (category:power,tabindex:5)
2024-08-26 14:38:54,239 [INFO] PluginManage:310 - Check plugin clock
2024-08-26 14:38:54,245 [ERROR] ConfigurationRetriever:142 - IOException on connection: Remote host terminated the handshake
2024-08-26 14:38:54,254 [INFO] PluginManage:359 - Loaded plugin clock (category:base,tabindex:2)
2024-08-26 14:38:54,255 [INFO] PluginManage:310 - Check plugin ddr
2024-08-26 14:38:54,258 [INFO] PluginManage:359 - Loaded plugin ddr (category:tool,tabindex:6)
2024-08-26 14:38:54,259 [INFO] PluginManage:310 - Check plugin filemanager
2024-08-26 14:38:54,260 [ERROR] ConfigurationRetriever:142 - IOException on connection: Remote host terminated the handshake
2024-08-26 14:38:54,274 [ERROR] ConfigurationRetriever:142 - IOException on connection: Remote host terminated the handshake
2024-08-26 14:38:54,489 [INFO] PluginManage:359 - Loaded plugin filemanager (category:base,tabindex:10)
2024-08-26 14:38:54,489 [INFO] PluginManage:310 - Check plugin ipmanager
2024-08-26 14:38:54,501 [INFO] PluginManage:359 - Loaded plugin ipmanager (category:base,tabindex:5)
2024-08-26 14:38:54,501 [INFO] PluginManage:310 - Check plugin lpbam
2024-08-26 14:38:54,513 [INFO] PluginManage:359 - Loaded plugin lpbam (category:base,tabindex:0)
2024-08-26 14:38:54,513 [INFO] PluginManage:310 - Check plugin memorymap
2024-08-26 14:38:54,536 [INFO] PluginManage:359 - Loaded plugin memorymap (category:base,tabindex:4)
2024-08-26 14:38:54,536 [INFO] PluginManage:310 - Check plugin pinoutandconfiguration
2024-08-26 14:38:54,549 [INFO] PluginManage:359 - Loaded plugin pinoutandconfiguration (category:base,tabindex:1)
2024-08-26 14:38:54,549 [INFO] PluginManage:310 - Check plugin pinoutconfig
2024-08-26 14:38:54,684 [WARN] SupportedApi:132 - Cannot load RTOS API schema: s4s-elt-must-match.1: The content of 'definitions' must match (annotation?, (simpleType | complexType)?, (unique | key | keyref)*)). A problem was found starting at: attribute.
2024-08-26 14:38:54,907 [INFO] PluginManage:359 - Loaded plugin pinoutconfig (category:base,tabindex:0)
2024-08-26 14:38:54,908 [INFO] PluginManage:310 - Check plugin power
2024-08-26 14:38:54,924 [INFO] PluginManage:359 - Loaded plugin power (category:power,tabindex:4)
2024-08-26 14:38:54,925 [INFO] PluginManage:310 - Check plugin projectmanager
2024-08-26 14:38:54,952 [INFO] PluginManage:359 - Loaded plugin projectmanager (category:projectmanager,tabindex:3)
2024-08-26 14:38:54,953 [INFO] PluginManage:310 - Check plugin thirdparty
2024-08-26 14:38:55,151 [WARN] IntegrityCheckThread:84 - waiting for thirdparty lock release [integrity check]
2024-08-26 14:38:55,151 [INFO] PluginManage:359 - Loaded plugin thirdparty (category:base,tabindex:-1)
2024-08-26 14:38:55,151 [INFO] IntegrityCheckThread:86 - entering critical section [integrity check]
2024-08-26 14:38:55,151 [INFO] PluginManage:310 - Check plugin tools
2024-08-26 14:38:55,152 [INFO] ThirdPartyUpdaterWithRetryManager:70 - Updater plugin not ready yet. [1/15]
2024-08-26 14:38:55,156 [INFO] PluginManage:359 - Loaded plugin tools (category:base,tabindex:7)
2024-08-26 14:38:55,156 [INFO] PluginManage:310 - Check plugin tutovideos
2024-08-26 14:38:55,449 [INFO] PluginManage:359 - Loaded plugin tutovideos (category:base,tabindex:-1)
2024-08-26 14:38:55,450 [INFO] PluginManage:310 - Check plugin updater
2024-08-26 14:38:55,467 [INFO] PluginManage:359 - Loaded plugin updater (category:base,tabindex:12)
2024-08-26 14:38:55,467 [INFO] PluginManage:310 - Check plugin userauth
2024-08-26 14:38:55,475 [INFO] UserAuth:114 - Init User Auth plugin
2024-08-26 14:38:55,475 [INFO] PluginManage:359 - Loaded plugin userauth (category:base,tabindex:14)
2024-08-26 14:38:55,476 [INFO] PluginManage:283 - PluginManage : Loaded plugins [17]
2024-08-26 14:38:55,840 [INFO] PinOutPanel:1561 - setPackage(No Configuration,No Configuration)
2024-08-26 14:38:55,963 [INFO] CADModel:165 - CPN selected for project level
2024-08-26 14:38:55,963 [INFO] CADModel:114 - Register for checkConnection events
2024-08-26 14:38:55,991 [INFO] IPUIPlugin:80 - create IPUIPlugin
2024-08-26 14:38:55,991 [INFO] PluginManager:220 - loadIPPluginJar : add adc
2024-08-26 14:38:55,995 [INFO] IPUIPlugin:80 - create IPUIPlugin
2024-08-26 14:38:55,995 [INFO] PluginManager:220 - loadIPPluginJar : add aes
2024-08-26 14:38:55,999 [INFO] IPUIPlugin:80 - create IPUIPlugin
2024-08-26 14:38:55,999 [INFO] PluginManager:220 - loadIPPluginJar : add can
2024-08-26 14:38:56,002 [INFO] IPUIPlugin:80 - create IPUIPlugin
2024-08-26 14:38:56,002 [INFO] PluginManager:220 - loadIPPluginJar : add comp
2024-08-26 14:38:56,006 [INFO] IPUIPlugin:80 - create IPUIPlugin
2024-08-26 14:38:56,006 [INFO] PluginManager:220 - loadIPPluginJar : add cryp
2024-08-26 14:38:56,010 [INFO] IPUIPlugin:80 - create IPUIPlugin
2024-08-26 14:38:56,010 [INFO] PluginManager:220 - loadIPPluginJar : add dfsdm
2024-08-26 14:38:56,019 [INFO] IPUIPlugin:80 - create IPUIPlugin
2024-08-26 14:38:56,020 [INFO] PluginManager:220 - loadIPPluginJar : add dma
2024-08-26 14:38:56,023 [INFO] IPUIPlugin:80 - create IPUIPlugin
2024-08-26 14:38:56,023 [INFO] PluginManager:220 - loadIPPluginJar : add dma3
2024-08-26 14:38:56,027 [INFO] IPUIPlugin:80 - create IPUIPlugin
2024-08-26 14:38:56,027 [INFO] PluginManager:220 - loadIPPluginJar : add extmemmanager
2024-08-26 14:38:56,030 [INFO] IPUIPlugin:80 - create IPUIPlugin
2024-08-26 14:38:56,030 [INFO] PluginManager:220 - loadIPPluginJar : add fatfs
2024-08-26 14:38:56,036 [INFO] IPUIPlugin:80 - create IPUIPlugin
2024-08-26 14:38:56,036 [INFO] PluginManager:220 - loadIPPluginJar : add fmc
2024-08-26 14:38:56,044 [INFO] IPUIPlugin:80 - create IPUIPlugin
2024-08-26 14:38:56,044 [INFO] PluginManager:220 - loadIPPluginJar : add freertos
2024-08-26 14:38:56,047 [INFO] IPUIPlugin:80 - create IPUIPlugin
2024-08-26 14:38:56,047 [INFO] PluginManager:220 - loadIPPluginJar : add genericplugin
2024-08-26 14:38:56,051 [INFO] IPUIPlugin:80 - create IPUIPlugin
2024-08-26 14:38:56,051 [INFO] PluginManager:220 - loadIPPluginJar : add gfxmmu
2024-08-26 14:38:56,059 [INFO] IPUIPlugin:80 - create IPUIPlugin
2024-08-26 14:38:56,059 [INFO] PluginManager:220 - loadIPPluginJar : add gic
2024-08-26 14:38:56,066 [INFO] IPUIPlugin:80 - create IPUIPlugin
2024-08-26 14:38:56,066 [INFO] PluginManager:220 - loadIPPluginJar : add gpio
2024-08-26 14:38:56,071 [INFO] IPUIPlugin:80 - create IPUIPlugin
2024-08-26 14:38:56,071 [INFO] PluginManager:220 - loadIPPluginJar : add gtzc
2024-08-26 14:38:56,075 [INFO] IPUIPlugin:80 - create IPUIPlugin
2024-08-26 14:38:56,076 [INFO] PluginManager:220 - loadIPPluginJar : add hash
2024-08-26 14:38:56,080 [INFO] IPUIPlugin:80 - create IPUIPlugin
2024-08-26 14:38:56,080 [INFO] PluginManager:220 - loadIPPluginJar : add i2c
2024-08-26 14:38:56,084 [INFO] IPUIPlugin:80 - create IPUIPlugin
2024-08-26 14:38:56,084 [INFO] PluginManager:220 - loadIPPluginJar : add i2s
2024-08-26 14:38:56,089 [INFO] IPUIPlugin:80 - create IPUIPlugin
2024-08-26 14:38:56,089 [INFO] PluginManager:220 - loadIPPluginJar : add i3c
2024-08-26 14:38:56,094 [INFO] IPUIPlugin:80 - create IPUIPlugin
2024-08-26 14:38:56,095 [INFO] PluginManager:220 - loadIPPluginJar : add ipddr
2024-08-26 14:38:56,105 [INFO] IPUIPlugin:80 - create IPUIPlugin
2024-08-26 14:38:56,106 [INFO] PluginManager:220 - loadIPPluginJar : add linkedlist
2024-08-26 14:38:56,110 [INFO] IPUIPlugin:80 - create IPUIPlugin
2024-08-26 14:38:56,110 [INFO] PluginManager:220 - loadIPPluginJar : add lorawan
2024-08-26 14:38:56,112 [INFO] IPUIPlugin:80 - create IPUIPlugin
2024-08-26 14:38:56,113 [INFO] PluginManager:220 - loadIPPluginJar : add ltdc
2024-08-26 14:38:56,122 [INFO] IPUIPlugin:80 - create IPUIPlugin
2024-08-26 14:38:56,122 [INFO] PluginManager:220 - loadIPPluginJar : add mdma
2024-08-26 14:38:56,127 [INFO] IPUIPlugin:80 - create IPUIPlugin
2024-08-26 14:38:56,128 [INFO] PluginManager:220 - loadIPPluginJar : add nvic
2024-08-26 14:38:56,132 [INFO] IPUIPlugin:80 - create IPUIPlugin
2024-08-26 14:38:56,132 [INFO] PluginManager:220 - loadIPPluginJar : add opamp
2024-08-26 14:38:56,136 [INFO] IPUIPlugin:80 - create IPUIPlugin
2024-08-26 14:38:56,137 [INFO] PluginManager:220 - loadIPPluginJar : add openamp
2024-08-26 14:38:56,141 [INFO] IPUIPlugin:80 - create IPUIPlugin
2024-08-26 14:38:56,142 [INFO] PluginManager:220 - loadIPPluginJar : add pdm2pcm
2024-08-26 14:38:56,149 [INFO] IPUIPlugin:80 - create IPUIPlugin
2024-08-26 14:38:56,153 [INFO] PluginManager:220 - loadIPPluginJar : add plateformsettings
2024-08-26 14:38:56,156 [INFO] IPUIPlugin:80 - create IPUIPlugin
2024-08-26 14:38:56,156 [INFO] PluginManager:220 - loadIPPluginJar : add quadspi
2024-08-26 14:38:56,162 [INFO] IPUIPlugin:80 - create IPUIPlugin
2024-08-26 14:38:56,163 [INFO] PluginManager:220 - loadIPPluginJar : add resmgrutility
2024-08-26 14:38:56,167 [INFO] IPUIPlugin:80 - create IPUIPlugin
2024-08-26 14:38:56,167 [INFO] PluginManager:220 - loadIPPluginJar : add sai
2024-08-26 14:38:56,180 [INFO] IPUIPlugin:80 - create IPUIPlugin
2024-08-26 14:38:56,180 [INFO] PluginManager:220 - loadIPPluginJar : add spi
2024-08-26 14:38:56,189 [INFO] IPUIPlugin:80 - create IPUIPlugin
2024-08-26 14:38:56,189 [INFO] PluginManager:220 - loadIPPluginJar : add stm32_wpan
2024-08-26 14:38:56,193 [INFO] IPUIPlugin:80 - create IPUIPlugin
2024-08-26 14:38:56,193 [INFO] PluginManager:220 - loadIPPluginJar : add tim
2024-08-26 14:38:56,199 [INFO] IPUIPlugin:80 - create IPUIPlugin
2024-08-26 14:38:56,199 [INFO] PluginManager:220 - loadIPPluginJar : add touchsensing
2024-08-26 14:38:56,204 [INFO] IPUIPlugin:80 - create IPUIPlugin
2024-08-26 14:38:56,204 [INFO] PluginManager:220 - loadIPPluginJar : add tracer_emb
2024-08-26 14:38:56,207 [INFO] IPUIPlugin:80 - create IPUIPlugin
2024-08-26 14:38:56,208 [INFO] PluginManager:220 - loadIPPluginJar : add ts
2024-08-26 14:38:56,210 [INFO] IPUIPlugin:80 - create IPUIPlugin
2024-08-26 14:38:56,211 [INFO] PluginManager:220 - loadIPPluginJar : add tsc
2024-08-26 14:38:56,215 [INFO] IPUIPlugin:80 - create IPUIPlugin
2024-08-26 14:38:56,215 [INFO] PluginManager:220 - loadIPPluginJar : add ucpd
2024-08-26 14:38:56,222 [INFO] IPUIPlugin:80 - create IPUIPlugin
2024-08-26 14:38:56,222 [INFO] PluginManager:220 - loadIPPluginJar : add usart
2024-08-26 14:38:56,228 [INFO] IPUIPlugin:80 - create IPUIPlugin
2024-08-26 14:38:56,228 [INFO] PluginManager:220 - loadIPPluginJar : add usbx
2024-08-26 14:38:56,411 [INFO] CADModel:165 - CPN selected for project level
2024-08-26 14:38:56,411 [INFO] CADModel:114 - Register for checkConnection events
2024-08-26 14:38:56,411 [FATAL] Updater:308 - Updater called before beeing initialized
2024-08-26 14:38:56,411 [ERROR] CADModel:125 - Updater not yet initialized, retry later 
2024-08-26 14:38:56,631 [INFO] CADModel:165 - CPN selected for project level
2024-08-26 14:38:56,631 [INFO] CADModel:114 - Register for checkConnection events
2024-08-26 14:38:56,631 [FATAL] Updater:308 - Updater called before beeing initialized
2024-08-26 14:38:56,631 [ERROR] CADModel:125 - Updater not yet initialized, retry later 
2024-08-26 14:38:56,635 [FATAL] Updater:308 - Updater called before beeing initialized
2024-08-26 14:38:56,781 [FATAL] Updater:308 - Updater called before beeing initialized
2024-08-26 14:38:56,788 [INFO] DbMcusAds:53 - JSON generation date=Thu May 16 16:22:00 ICT 2024 (1715851320667)
2024-08-26 14:38:56,788 [FATAL] Updater:308 - Updater called before beeing initialized
2024-08-26 14:38:56,842 [WARN] DetailPanel:346 - Failed to get advertising image, set to default
2024-08-26 14:38:56,970 [FATAL] Updater:308 - Updater called before beeing initialized
2024-08-26 14:38:56,973 [FATAL] Updater:308 - Updater called before beeing initialized
2024-08-26 14:38:56,973 [FATAL] Updater:308 - Updater called before beeing initialized
2024-08-26 14:38:56,974 [WARN] DetailPanel:346 - Failed to get advertising image, set to default
2024-08-26 14:38:56,975 [FATAL] Updater:308 - Updater called before beeing initialized
2024-08-26 14:38:57,051 [ERROR] Updater:1120 - MainUpdater not yet initialized. External WinMGr cannot be set.
2024-08-26 14:38:57,055 [INFO] Updater:1056 - Updater Version found : 6.11.0
2024-08-26 14:38:57,090 [INFO] ApplicationProperties:184 - Using Application install path: C:\ST\STM32CubeIDE_1.15.0\STM32CubeIDE\plugins\com.st.stm32cube.common.mx_6.11.0.202403141607
2024-08-26 14:38:58,153 [INFO] ThirdPartyUpdaterWithRetryManager:70 - Updater plugin not ready yet. [2/15]
2024-08-26 14:38:58,675 [ERROR] LogOutputStream:75 - [STDERR_REDIRECT] Aug 26, 2024 2:38:58 PM java.util.prefs.WindowsPreferences <init>
2024-08-26 14:38:58,677 [ERROR] LogOutputStream:75 - [STDERR_REDIRECT] WARNING: Could not open/create prefs root node Software\JavaSoft\Prefs at root 0xffffffff80000002. Windows RegCreateKeyEx(...) returned error code 5.
2024-08-26 14:38:58,678 [ERROR] LogOutputStream:75 - [STDERR_REDIRECT] 
2024-08-26 14:38:59,002 [INFO] MainUpdater:2873 - connection check result : 22
2024-08-26 14:38:59,003 [INFO] MainUpdater:290 - Updater Check For Update Now.
2024-08-26 14:38:59,004 [INFO] MicroXplorer:498 - Change Database Version : DB.6.0.110
2024-08-26 14:38:59,010 [INFO] McuFinderGlobals:63 - Set McuFinder mode to 2 (CubeIDE integrated)
2024-08-26 14:38:59,020 [INFO] UserAuth:415 - Internet connection configuration mode: 2
2024-08-26 14:38:59,255 [INFO] CheckServerUpdateThread:120 - End of CheckServer Thread
2024-08-26 14:39:01,382 [WARN] PackLoader:240 - Cannot read IP mode file for STMicroelectronics.FP-SNS-MOTENVWB1.1.4.0
2024-08-26 14:39:01,394 [WARN] PackLoader:240 - Cannot read IP mode file for STMicroelectronics.X-CUBE-SMBUS.2.1.0
2024-08-26 14:39:01,404 [WARN] PackLoader:240 - Cannot read IP mode file for STMicroelectronics.X-CUBE-TOUCHGFX.4.23.0
2024-08-26 14:39:01,407 [WARN] PackLoader:240 - Cannot read IP mode file for STMicroelectronics.X-CUBE-TOUCHGFX.4.23.2
2024-08-26 14:39:01,435 [WARN] PackLoader:240 - Cannot read IP mode file for STMicroelectronics.X-CUBE-AZRTOS-F7.1.1.0
2024-08-26 14:39:01,446 [WARN] PackLoader:240 - Cannot read IP mode file for STMicroelectronics.FP-SNS-MOTENV1.4.3.2
2024-08-26 14:39:01,513 [WARN] PackLoader:240 - Cannot read IP mode file for STMicroelectronics.X-CUBE-MEMS1.11.0.0
2024-08-26 14:39:01,657 [WARN] PackLoader:240 - Cannot read IP mode file for STMicroelectronics.FP-SNS-FLIGHT1.5.0.2
2024-08-26 14:39:01,665 [WARN] PackLoader:240 - Cannot read IP mode file for STMicroelectronics.X-CUBE-DISPLAY.3.0.0
2024-08-26 14:39:01,675 [WARN] PackLoader:240 - Cannot read IP mode file for STMicroelectronics.X-CUBE-BLE1.7.0.0
2024-08-26 14:39:01,681 [WARN] PackLoader:240 - Cannot read IP mode file for emotas.I-CUBE-CANOPEN.1.3.0
2024-08-26 14:39:01,689 [WARN] PackLoader:240 - Cannot read IP mode file for STMicroelectronics.X-CUBE-BLEMGR.3.1.0
2024-08-26 14:39:01,696 [WARN] PackLoader:240 - Cannot read IP mode file for STMicroelectronics.FP-SNS-SMARTAG2.1.2.0
2024-08-26 14:39:01,707 [INFO] LogOutputStream:77 - [STDOUT_REDIRECT] 1 : Invalid condition id : UX_CORESTACK_Condition cause : null
2024-08-26 14:39:01,708 [INFO] LogOutputStream:77 - [STDOUT_REDIRECT] 1 : Invalid condition id : UX_CORESTACK_Condition cause : null
2024-08-26 14:39:01,709 [INFO] LogOutputStream:77 - [STDOUT_REDIRECT] 1 : Invalid condition id : UX_CORESTACK_Condition cause : null
2024-08-26 14:39:01,710 [INFO] LogOutputStream:77 - [STDOUT_REDIRECT] 1 : Invalid condition id : UX_CORESTACK_Condition cause : null
2024-08-26 14:39:01,711 [INFO] LogOutputStream:77 - [STDOUT_REDIRECT] 1 : Invalid condition id : UX_CORESTACK_Condition cause : null
2024-08-26 14:39:01,713 [WARN] PackLoader:240 - Cannot read IP mode file for STMicroelectronics.X-CUBE-AZRTOS-WL.2.0.0
2024-08-26 14:39:01,719 [WARN] PackLoader:240 - Cannot read IP mode file for STMicroelectronics.FP-SNS-MOTENV1.5.0.0
2024-08-26 14:39:01,724 [WARN] PackLoader:240 - Cannot read IP mode file for wolfSSL.I-CUBE-wolfMQTT.1.19.0
2024-08-26 14:39:01,732 [WARN] PackLoader:240 - Cannot read IP mode file for WES.I-CUBE-Cesium.1.3.0
2024-08-26 14:39:01,750 [WARN] PackLoader:240 - Cannot read IP mode file for STMicroelectronics.X-CUBE-BLE2.3.3.0
2024-08-26 14:39:01,759 [WARN] PackLoader:240 - Cannot read IP mode file for STMicroelectronics.X-CUBE-TCPP.4.1.0
2024-08-26 14:39:01,767 [WARN] PackLoader:240 - Cannot read IP mode file for STMicroelectronics.X-CUBE-ALGOBUILD.1.3.0
2024-08-26 14:39:01,784 [WARN] PackLoader:240 - Cannot read IP mode file for STMicroelectronics.X-CUBE-AZRTOS-G0.1.1.0
2024-08-26 14:39:01,792 [WARN] PackLoader:240 - Cannot read IP mode file for STMicroelectronics.X-CUBE-SAFEA1.1.2.2
2024-08-26 14:39:01,799 [WARN] PackLoader:240 - Cannot read IP mode file for STMicroelectronics.X-CUBE-NFC4.3.0.0
2024-08-26 14:39:01,810 [WARN] PackLoader:240 - Cannot read IP mode file for EmbeddedOffice.I-CUBE-FS-RTOS.1.0.1
2024-08-26 14:39:01,810 [ERROR] ConditionMgr:805 - Attr not supported : Dmpu
2024-08-26 14:39:01,810 [ERROR] ConditionMgr:805 - Attr not supported : Dmpu
2024-08-26 14:39:01,810 [ERROR] ConditionMgr:805 - Attr not supported : Dmpu
2024-08-26 14:39:01,810 [ERROR] ConditionMgr:805 - Attr not supported : Dmpu
2024-08-26 14:39:01,810 [ERROR] ConditionMgr:805 - Attr not supported : Dmpu
2024-08-26 14:39:01,811 [ERROR] ConditionMgr:805 - Attr not supported : Dmpu
2024-08-26 14:39:01,811 [ERROR] ConditionMgr:805 - Attr not supported : Dmpu
2024-08-26 14:39:01,811 [ERROR] ConditionMgr:805 - Attr not supported : Dmpu
2024-08-26 14:39:01,811 [ERROR] ConditionMgr:805 - Attr not supported : Dmpu
2024-08-26 14:39:01,811 [ERROR] ConditionMgr:805 - Attr not supported : Dmpu
2024-08-26 14:39:01,811 [ERROR] ConditionMgr:805 - Attr not supported : Dmpu
2024-08-26 14:39:01,811 [ERROR] ConditionMgr:805 - Attr not supported : Dmpu
2024-08-26 14:39:01,811 [ERROR] ConditionMgr:805 - Attr not supported : Dmpu
2024-08-26 14:39:01,811 [ERROR] ConditionMgr:805 - Attr not supported : Dmpu
2024-08-26 14:39:01,811 [ERROR] ConditionMgr:805 - Attr not supported : Dmpu
2024-08-26 14:39:01,811 [ERROR] ConditionMgr:805 - Attr not supported : Dmpu
2024-08-26 14:39:01,811 [ERROR] ConditionMgr:805 - Attr not supported : Dmpu
2024-08-26 14:39:01,811 [ERROR] ConditionMgr:805 - Attr not supported : Dmpu
2024-08-26 14:39:01,811 [ERROR] ConditionMgr:805 - Attr not supported : Dmpu
2024-08-26 14:39:01,811 [ERROR] ConditionMgr:805 - Attr not supported : Dmpu
2024-08-26 14:39:01,811 [ERROR] ConditionMgr:805 - Attr not supported : Dmpu
2024-08-26 14:39:01,812 [ERROR] ConditionMgr:805 - Attr not supported : Dmpu
2024-08-26 14:39:01,812 [ERROR] ConditionMgr:805 - Attr not supported : Dmpu
2024-08-26 14:39:01,812 [ERROR] ConditionMgr:805 - Attr not supported : Dmpu
2024-08-26 14:39:01,812 [ERROR] ConditionMgr:805 - Attr not supported : Dmpu
2024-08-26 14:39:01,812 [ERROR] ConditionMgr:805 - Attr not supported : Dmpu
2024-08-26 14:39:01,812 [ERROR] ConditionMgr:805 - Attr not supported : Dmpu
2024-08-26 14:39:01,812 [ERROR] ConditionMgr:805 - Attr not supported : Dmpu
2024-08-26 14:39:01,812 [ERROR] ConditionMgr:805 - Attr not supported : Dmpu
2024-08-26 14:39:01,812 [ERROR] ConditionMgr:805 - Attr not supported : Dmpu
2024-08-26 14:39:01,812 [ERROR] ConditionMgr:805 - Attr not supported : Dmpu
2024-08-26 14:39:01,812 [ERROR] ConditionMgr:805 - Attr not supported : Dmpu
2024-08-26 14:39:01,812 [ERROR] ConditionMgr:805 - Attr not supported : Dmpu
2024-08-26 14:39:01,812 [ERROR] ConditionMgr:805 - Attr not supported : Dmpu
2024-08-26 14:39:01,812 [ERROR] ConditionMgr:805 - Attr not supported : Dmpu
2024-08-26 14:39:01,812 [ERROR] ConditionMgr:805 - Attr not supported : Dmpu
2024-08-26 14:39:01,813 [ERROR] ConditionMgr:805 - Attr not supported : Dmpu
2024-08-26 14:39:01,813 [ERROR] ConditionMgr:805 - Attr not supported : Dmpu
2024-08-26 14:39:01,813 [ERROR] ConditionMgr:805 - Attr not supported : Dmpu
2024-08-26 14:39:01,813 [ERROR] ConditionMgr:805 - Attr not supported : Dmpu
2024-08-26 14:39:01,813 [ERROR] ConditionMgr:805 - Attr not supported : Dmpu
2024-08-26 14:39:01,813 [ERROR] ConditionMgr:805 - Attr not supported : Dmpu
2024-08-26 14:39:01,813 [ERROR] ConditionMgr:805 - Attr not supported : Dmpu
2024-08-26 14:39:01,814 [ERROR] ConditionMgr:805 - Attr not supported : Dmpu
2024-08-26 14:39:01,814 [ERROR] ConditionMgr:805 - Attr not supported : Dmpu
2024-08-26 14:39:01,814 [ERROR] ConditionMgr:805 - Attr not supported : Dmpu
2024-08-26 14:39:01,814 [ERROR] ConditionMgr:805 - Attr not supported : Dmpu
2024-08-26 14:39:01,814 [ERROR] ConditionMgr:805 - Attr not supported : Dmpu
2024-08-26 14:39:01,814 [ERROR] ConditionMgr:805 - Attr not supported : Dmpu
2024-08-26 14:39:01,814 [ERROR] ConditionMgr:805 - Attr not supported : Dmpu
2024-08-26 14:39:01,814 [ERROR] ConditionMgr:805 - Attr not supported : Dmpu
2024-08-26 14:39:01,814 [ERROR] ConditionMgr:805 - Attr not supported : Dmpu
2024-08-26 14:39:01,814 [ERROR] ConditionMgr:805 - Attr not supported : Dmpu
2024-08-26 14:39:01,814 [ERROR] ConditionMgr:805 - Attr not supported : Dmpu
2024-08-26 14:39:01,814 [ERROR] ConditionMgr:805 - Attr not supported : Dmpu
2024-08-26 14:39:01,815 [ERROR] ConditionMgr:805 - Attr not supported : Dmpu
2024-08-26 14:39:01,815 [ERROR] ConditionMgr:805 - Attr not supported : Dmpu
2024-08-26 14:39:01,815 [ERROR] ConditionMgr:805 - Attr not supported : Dmpu
2024-08-26 14:39:01,815 [ERROR] ConditionMgr:805 - Attr not supported : Dmpu
2024-08-26 14:39:01,815 [ERROR] ConditionMgr:805 - Attr not supported : Dmpu
2024-08-26 14:39:01,815 [ERROR] ConditionMgr:805 - Attr not supported : Dmpu
2024-08-26 14:39:01,815 [ERROR] ConditionMgr:805 - Attr not supported : Dmpu
2024-08-26 14:39:01,815 [ERROR] ConditionMgr:805 - Attr not supported : Dmpu
2024-08-26 14:39:01,815 [ERROR] ConditionMgr:805 - Attr not supported : Dmpu
2024-08-26 14:39:01,820 [WARN] PackLoader:240 - Cannot read IP mode file for RealThread.X-CUBE-RT-Thread_Nano.4.1.1
2024-08-26 14:39:01,825 [WARN] PackLoader:240 - Cannot read IP mode file for STMicroelectronics.FP-ATR-SIGFOX1.3.2.0
2024-08-26 14:39:01,832 [WARN] PackLoader:240 - Cannot read IP mode file for STMicroelectronics.X-CUBE-EEPRMA1.5.1.0
2024-08-26 14:39:01,859 [WARN] PackLoader:240 - Cannot read IP mode file for SEGGER.I-CUBE-embOS.1.3.1
2024-08-26 14:39:01,901 [WARN] PackLoader:240 - Cannot read IP mode file for STMicroelectronics.X-CUBE-ALGOBUILD.1.4.0
2024-08-26 14:39:01,913 [WARN] PackLoader:240 - Cannot read IP mode file for STMicroelectronics.X-CUBE-GNSS1.6.0.0
2024-08-26 14:39:01,926 [WARN] PackLoader:240 - Cannot read IP mode file for STMicroelectronics.X-CUBE-AZRTOS-F4.1.1.0
2024-08-26 14:39:01,933 [WARN] PackLoader:240 - Cannot read IP mode file for STMicroelectronics.X-CUBE-FREERTOS.1.2.0
2024-08-26 14:39:01,937 [WARN] PackLoader:240 - Cannot read IP mode file for wolfSSL.I-CUBE-wolfSSL.5.6.6
2024-08-26 14:39:01,951 [WARN] PackLoader:240 - Cannot read IP mode file for STMicroelectronics.X-CUBE-AZRTOS-L5.2.0.0
2024-08-26 14:39:01,960 [WARN] PackLoader:240 - Cannot read IP mode file for STMicroelectronics.X-CUBE-NFC6.3.1.0
2024-08-26 14:39:01,967 [WARN] PackLoader:240 - Cannot read IP mode file for ITTIA_DB.I-CUBE-ITTIADB.8.8.0
2024-08-26 14:39:01,972 [WARN] PackLoader:240 - Cannot read IP mode file for STMicroelectronics.X-CUBE-DPower.1.2.0
2024-08-26 14:39:01,976 [WARN] PackLoader:240 - Cannot read IP mode file for STMicroelectronics.X-CUBE-AI.9.0.0
2024-08-26 14:39:01,982 [WARN] PackLoader:240 - Cannot read IP mode file for STMicroelectronics.X-CUBE-NFC7.1.0.1
2024-08-26 14:39:01,986 [WARN] PackLoader:240 - Cannot read IP mode file for wolfSSL.I-CUBE-wolfTPM.3.2.0
2024-08-26 14:39:01,991 [WARN] PackLoader:240 - Cannot read IP mode file for STMicroelectronics.X-CUBE-NFC6.3.0.0
2024-08-26 14:39:01,996 [WARN] PackLoader:240 - Cannot read IP mode file for STMicroelectronics.X-CUBE-AI.8.1.0
2024-08-26 14:39:02,010 [WARN] ConditionMgr:438 - getConditionDescription Invalid condition id : LAN8742 Phy interface Condition cause : null
2024-08-26 14:39:02,011 [WARN] PackLoader:240 - Cannot read IP mode file for STMicroelectronics.X-CUBE-AZRTOS-L4.2.0.0
2024-08-26 14:39:02,012 [WARN] ConditionMgr:1039 - genDependencies : Invalid condition id : LAN8742 Phy interface Condition cause : null
2024-08-26 14:39:02,013 [WARN] ConditionMgr:1039 - genDependencies : Invalid condition id : LAN8742 Phy interface Condition cause : null
2024-08-26 14:39:02,013 [WARN] ConditionMgr:1039 - genDependencies : Invalid condition id : LAN8742 Phy interface Condition cause : null
2024-08-26 14:39:02,020 [WARN] PackLoader:240 - Cannot read IP mode file for STMicroelectronics.X-CUBE-SFXS2LP1.4.0.0
2024-08-26 14:39:02,037 [WARN] PackLoader:240 - Cannot read IP mode file for STMicroelectronics.X-CUBE-AZRTOS-H7.3.3.0
2024-08-26 14:39:02,055 [WARN] ConditionMgr:438 - getConditionDescription Invalid condition id : UX DEVICE CLASS RTOS Condition cause : null
2024-08-26 14:39:02,055 [WARN] ConditionMgr:438 - getConditionDescription Invalid condition id : UX DEVICE CLASS RTOS Condition cause : null
2024-08-26 14:39:02,057 [WARN] PackLoader:240 - Cannot read IP mode file for STMicroelectronics.X-CUBE-AZRTOS-WB.2.0.0
2024-08-26 14:39:02,058 [WARN] ConditionMgr:1039 - genDependencies : Invalid condition id : UX DEVICE CLASS RTOS Condition cause : null
2024-08-26 14:39:02,058 [WARN] ConditionMgr:1039 - genDependencies : Invalid condition id : UX DEVICE CLASS RTOS Condition cause : null
2024-08-26 14:39:02,059 [WARN] ConditionMgr:1039 - genDependencies : Invalid condition id : UX DEVICE CLASS RTOS Condition cause : null
2024-08-26 14:39:02,059 [WARN] ConditionMgr:1039 - genDependencies : Invalid condition id : UX DEVICE CLASS RTOS Condition cause : null
2024-08-26 14:39:02,059 [WARN] ConditionMgr:1039 - genDependencies : Invalid condition id : UX DEVICE CLASS RTOS Condition cause : null
2024-08-26 14:39:02,065 [WARN] PackLoader:240 - Cannot read IP mode file for STMicroelectronics.FP-SNS-STBOX1.2.0.0
2024-08-26 14:39:02,075 [WARN] PackLoader:240 - Cannot read IP mode file for STMicroelectronics.X-CUBE-SUBG2.5.0.0
2024-08-26 14:39:02,083 [WARN] PackLoader:240 - Cannot read IP mode file for Cesanta.I-CUBE-Mongoose.7.13.0
2024-08-26 14:39:02,095 [WARN] PackLoader:240 - Cannot read IP mode file for STMicroelectronics.X-CUBE-AZRTOS-G4.2.0.0
2024-08-26 14:39:02,107 [WARN] PackLoader:240 - Cannot read IP mode file for Infineon.AIROC-Wi-Fi-Bluetooth-STM32.1.5.1
2024-08-26 14:39:02,113 [WARN] PackLoader:240 - Cannot read IP mode file for STMicroelectronics.FP-SNS-MOTENVWB1.1.3.1
2024-08-26 14:39:02,117 [WARN] PackLoader:240 - Cannot read IP mode file for STMicroelectronics.X-CUBE-ISPU.2.0.0
2024-08-26 14:39:02,122 [WARN] PackLoader:240 - Cannot read IP mode file for STMicroelectronics.X-CUBE-ALS.1.0.2
2024-08-26 14:39:02,153 [WARN] PackLoader:240 - Cannot read IP mode file for STMicroelectronics.X-CUBE-MEMS1.10.0.0
2024-08-26 14:39:02,251 [WARN] PackLoader:240 - Cannot read IP mode file for STMicroelectronics.X-CUBE-FREERTOS.1.1.0
2024-08-26 14:39:02,255 [WARN] PackLoader:240 - Cannot read IP mode file for STMicroelectronics.X-CUBE-TOUCHGFX.4.24.0
2024-08-26 14:39:02,260 [WARN] PackLoader:240 - Cannot read IP mode file for portGmbH.I-Cube-SoM-uGOAL.1.1.0
2024-08-26 14:39:02,263 [WARN] PackLoader:240 - Cannot read IP mode file for STMicroelectronics.X-CUBE-ALS.1.0.1
2024-08-26 14:39:02,285 [WARN] PackLoader:240 - Cannot read IP mode file for STMicroelectronics.X-CUBE-AZRTOS-H7RS.1.0.0
2024-08-26 14:39:02,292 [WARN] PackLoader:240 - Cannot read IP mode file for STMicroelectronics.FP-ATR-ASTRA1.2.0.0
2024-08-26 14:39:02,307 [WARN] PackLoader:240 - Cannot read IP mode file for STMicroelectronics.X-CUBE-TOF1.3.4.2
2024-08-26 14:39:02,328 [WARN] PackLoader:240 - Cannot read IP mode file for STMicroelectronics.X-CUBE-TOF1.3.4.1
2024-08-26 14:39:02,353 [WARN] PackLoader:240 - Cannot read IP mode file for STMicroelectronics.X-CUBE-AZRTOS-H7.3.2.0
2024-08-26 14:39:02,367 [WARN] PackLoader:240 - Cannot read IP mode file for wolfSSL.I-CUBE-wolfSSH.1.4.17
2024-08-26 14:39:02,368 [INFO] ThirdParty:978 - Integrity check success = true
2024-08-26 14:39:02,368 [INFO] IntegrityCheckThread:100 - exiting critical section [integrity check]
2024-08-26 14:39:02,368 [INFO] IntegrityCheckThread:103 - End integrity checks thread
2024-08-26 17:32:23,744 [ERROR] LogOutputStream:75 - [STDERR_REDIRECT] 
