2024-04-22 19:56:03,602 [INFO] Activator:176 - 


2024-04-22 19:56:03,607 [INFO] Activator:177 - !SESSION log4j initialized
2024-04-22 19:56:06,430 [INFO] LogOutputStream:77 - [STDOUT_REDIRECT] 
2024-04-22 19:56:08,223 [INFO] ApplicationProperties:184 - Using Application install path: C:\ST\STM32CubeIDE_1.15.0\STM32CubeIDE\plugins\com.st.stm32cube.common.mx_6.11.0.202403141607
2024-04-22 19:56:08,241 [INFO] DbMcusXml:78 - Set database path to: C:\ST\STM32CubeIDE_1.15.0\STM32CubeIDE\plugins\com.st.stm32cube.common.mx_6.11.0.202403141607\\db\/mcu/
2024-04-22 19:56:08,241 [INFO] ApiDb:274 - Set plugin database path to: C:\ST\STM32CubeIDE_1.15.0\STM32CubeIDE\plugins\com.st.stm32cube.common.mx_6.11.0.202403141607\\db\/plugins/boardmanager/
2024-04-22 19:56:08,242 [WARN] ApiDb:259 - Overriding images path with different value:  => C:\ST\STM32CubeIDE_1.15.0\STM32CubeIDE\plugins\com.st.stm32cube.common.mx_6.11.0.202403141607\\db\/plugins/mcufinder/images/
2024-04-22 19:56:08,257 [INFO] ApiDb:250 - Set database path to: C:\Users\Admin\.stmcufinder\plugins\mcufinder//mcu/
2024-04-22 19:56:08,258 [INFO] DbMcusAds:125 - Set database path to: C:\Users\Admin\.stmcufinder\plugins\mcufinder//mcu/
2024-04-22 19:56:08,260 [INFO] CrossReferenceDbSqlite:203 - Set database path to: C:\Users\Admin\.stmcufinder\plugins\mcufinder//mcu/cs/
2024-04-22 19:56:08,372 [INFO] RulesReader:64 - Compatibility file has been processed (297 Rules)
2024-04-22 19:56:08,465 [INFO] DbMcusXml:78 - Set database path to: C:\ST\STM32CubeIDE_1.15.0\STM32CubeIDE\plugins\com.st.stm32cube.common.mx_6.11.0.202403141607\\db\/mcu/
2024-04-22 19:56:08,465 [INFO] ApiDb:274 - Set plugin database path to: C:\ST\STM32CubeIDE_1.15.0\STM32CubeIDE\plugins\com.st.stm32cube.common.mx_6.11.0.202403141607\\db\/plugins/boardmanager/
2024-04-22 19:56:08,465 [INFO] ApiDb:261 - Set plugin images path to: C:\ST\STM32CubeIDE_1.15.0\STM32CubeIDE\plugins\com.st.stm32cube.common.mx_6.11.0.202403141607\\db\/plugins/mcufinder/images/
2024-04-22 19:56:08,466 [WARN] DbFile:41 - Overriding database path with different value: C:\Users\Admin\.stmcufinder\plugins\mcufinder/ => C:\Users\Admin\.stmcufinder\plugins\mcufinder
2024-04-22 19:56:08,466 [INFO] ApiDb:250 - Set database path to: C:\Users\Admin\.stmcufinder\plugins\mcufinder//mcu/
2024-04-22 19:56:08,466 [WARN] DbFile:41 - Overriding database path with different value: C:\Users\Admin\.stmcufinder\plugins\mcufinder/ => C:\Users\Admin\.stmcufinder\plugins\mcufinder
2024-04-22 19:56:08,466 [INFO] DbMcusAds:125 - Set database path to: C:\Users\Admin\.stmcufinder\plugins\mcufinder//mcu/
2024-04-22 19:56:08,466 [WARN] DbFile:41 - Overriding database path with different value: C:\Users\Admin\.stmcufinder\plugins\mcufinder/ => C:\Users\Admin\.stmcufinder\plugins\mcufinder
2024-04-22 19:56:08,466 [WARN] DbFile:41 - Overriding database path with different value: C:\Users\Admin\.stmcufinder\plugins\mcufinder/ => C:\Users\Admin\.stmcufinder\plugins\mcufinder
2024-04-22 19:56:08,466 [INFO] CrossReferenceDbSqlite:203 - Set database path to: C:\Users\Admin\.stmcufinder\plugins\mcufinder//mcu/cs/
2024-04-22 19:56:08,549 [INFO] MainPanel:264 - HeapMemory: 268435456
2024-04-22 19:56:08,636 [INFO] DbMcusXml:78 - Set database path to: C:\ST\STM32CubeIDE_1.15.0\STM32CubeIDE\plugins\com.st.stm32cube.common.mx_6.11.0.202403141607\\db\/mcu/
2024-04-22 19:56:08,636 [INFO] ApiDb:274 - Set plugin database path to: C:\ST\STM32CubeIDE_1.15.0\STM32CubeIDE\plugins\com.st.stm32cube.common.mx_6.11.0.202403141607\\db\/plugins/boardmanager/
2024-04-22 19:56:08,636 [INFO] ApiDb:261 - Set plugin images path to: C:\ST\STM32CubeIDE_1.15.0\STM32CubeIDE\plugins\com.st.stm32cube.common.mx_6.11.0.202403141607\\db\/plugins/mcufinder/images/
2024-04-22 19:56:08,637 [WARN] DbFile:41 - Overriding database path with different value: C:\Users\Admin\.stmcufinder\plugins\mcufinder/ => C:\Users\Admin\.stmcufinder\plugins\mcufinder
2024-04-22 19:56:08,637 [INFO] ApiDb:250 - Set database path to: C:\Users\Admin\.stmcufinder\plugins\mcufinder//mcu/
2024-04-22 19:56:08,637 [WARN] DbFile:41 - Overriding database path with different value: C:\Users\Admin\.stmcufinder\plugins\mcufinder/ => C:\Users\Admin\.stmcufinder\plugins\mcufinder
2024-04-22 19:56:08,637 [INFO] DbMcusAds:125 - Set database path to: C:\Users\Admin\.stmcufinder\plugins\mcufinder//mcu/
2024-04-22 19:56:08,637 [WARN] DbFile:41 - Overriding database path with different value: C:\Users\Admin\.stmcufinder\plugins\mcufinder/ => C:\Users\Admin\.stmcufinder\plugins\mcufinder
2024-04-22 19:56:08,637 [WARN] DbFile:41 - Overriding database path with different value: C:\Users\Admin\.stmcufinder\plugins\mcufinder/ => C:\Users\Admin\.stmcufinder\plugins\mcufinder
2024-04-22 19:56:08,637 [INFO] CrossReferenceDbSqlite:203 - Set database path to: C:\Users\Admin\.stmcufinder\plugins\mcufinder//mcu/cs/
2024-04-22 19:56:08,654 [INFO] ApplicationProperties:184 - Using Application install path: C:\ST\STM32CubeIDE_1.15.0\STM32CubeIDE\plugins\com.st.stm32cube.common.mx_6.11.0.202403141607
2024-04-22 19:56:08,656 [INFO] PluginManage:196 - Search for loadable plugins [exclusion list=, ]
2024-04-22 19:56:08,657 [INFO] PluginManage:310 - Check plugin analytics
2024-04-22 19:56:08,790 [INFO] AnalyticsPlugin:253 - Accepted Software Licenses: STM32CubeMX.6.10.0
2024-04-22 19:56:08,790 [INFO] AnalyticsPlugin:255 - Accepted CMSIS Pack Licenses: 
2024-04-22 19:56:08,790 [INFO] AnalyticsPlugin:257 - Accepted Firmware Licenses: 
2024-04-22 19:56:08,791 [INFO] PluginManage:359 - Loaded plugin analytics (category:tool,tabindex:-1)
2024-04-22 19:56:08,792 [INFO] PluginManage:310 - Check plugin cadmodel
2024-04-22 19:56:08,803 [INFO] CADModel:105 - Init CAD model plugin
2024-04-22 19:56:08,803 [INFO] PluginManage:359 - Loaded plugin cadmodel (category:power,tabindex:5)
2024-04-22 19:56:08,803 [INFO] PluginManage:310 - Check plugin clock
2024-04-22 19:56:08,822 [INFO] PluginManage:359 - Loaded plugin clock (category:base,tabindex:2)
2024-04-22 19:56:08,822 [INFO] PluginManage:310 - Check plugin ddr
2024-04-22 19:56:08,824 [INFO] PluginManage:359 - Loaded plugin ddr (category:tool,tabindex:6)
2024-04-22 19:56:08,824 [INFO] PluginManage:310 - Check plugin filemanager
2024-04-22 19:56:08,939 [INFO] PluginManage:359 - Loaded plugin filemanager (category:base,tabindex:10)
2024-04-22 19:56:08,939 [INFO] PluginManage:310 - Check plugin ipmanager
2024-04-22 19:56:08,946 [INFO] PluginManage:359 - Loaded plugin ipmanager (category:base,tabindex:5)
2024-04-22 19:56:08,946 [INFO] PluginManage:310 - Check plugin lpbam
2024-04-22 19:56:08,961 [INFO] PluginManage:359 - Loaded plugin lpbam (category:base,tabindex:0)
2024-04-22 19:56:08,961 [INFO] PluginManage:310 - Check plugin memorymap
2024-04-22 19:56:08,982 [INFO] PluginManage:359 - Loaded plugin memorymap (category:base,tabindex:4)
2024-04-22 19:56:08,982 [INFO] PluginManage:310 - Check plugin pinoutandconfiguration
2024-04-22 19:56:08,997 [INFO] PluginManage:359 - Loaded plugin pinoutandconfiguration (category:base,tabindex:1)
2024-04-22 19:56:08,997 [INFO] PluginManage:310 - Check plugin pinoutconfig
2024-04-22 19:56:09,126 [WARN] SupportedApi:132 - Cannot load RTOS API schema: s4s-elt-must-match.1: The content of 'definitions' must match (annotation?, (simpleType | complexType)?, (unique | key | keyref)*)). A problem was found starting at: attribute.
2024-04-22 19:56:09,234 [INFO] PluginManage:359 - Loaded plugin pinoutconfig (category:base,tabindex:0)
2024-04-22 19:56:09,234 [INFO] PluginManage:310 - Check plugin power
2024-04-22 19:56:09,250 [INFO] PluginManage:359 - Loaded plugin power (category:power,tabindex:4)
2024-04-22 19:56:09,251 [INFO] PluginManage:310 - Check plugin projectmanager
2024-04-22 19:56:09,262 [INFO] PluginManage:359 - Loaded plugin projectmanager (category:projectmanager,tabindex:3)
2024-04-22 19:56:09,262 [INFO] PluginManage:310 - Check plugin thirdparty
2024-04-22 19:56:09,496 [INFO] PluginManage:359 - Loaded plugin thirdparty (category:base,tabindex:-1)
2024-04-22 19:56:09,496 [WARN] IntegrityCheckThread:84 - waiting for thirdparty lock release [integrity check]
2024-04-22 19:56:09,496 [INFO] PluginManage:310 - Check plugin tools
2024-04-22 19:56:09,496 [INFO] IntegrityCheckThread:86 - entering critical section [integrity check]
2024-04-22 19:56:09,496 [INFO] ThirdPartyUpdaterWithRetryManager:70 - Updater plugin not ready yet. [1/15]
2024-04-22 19:56:09,528 [INFO] PluginManage:359 - Loaded plugin tools (category:base,tabindex:7)
2024-04-22 19:56:09,528 [INFO] PluginManage:310 - Check plugin tutovideos
2024-04-22 19:56:09,692 [INFO] PluginManage:359 - Loaded plugin tutovideos (category:base,tabindex:-1)
2024-04-22 19:56:09,692 [INFO] PluginManage:310 - Check plugin updater
2024-04-22 19:56:09,701 [INFO] PluginManage:359 - Loaded plugin updater (category:base,tabindex:12)
2024-04-22 19:56:09,701 [INFO] PluginManage:310 - Check plugin userauth
2024-04-22 19:56:09,707 [INFO] UserAuth:114 - Init User Auth plugin
2024-04-22 19:56:09,708 [INFO] PluginManage:359 - Loaded plugin userauth (category:base,tabindex:14)
2024-04-22 19:56:09,708 [INFO] PluginManage:283 - PluginManage : Loaded plugins [17]
2024-04-22 19:56:09,889 [INFO] PinOutPanel:1561 - setPackage(No Configuration,No Configuration)
2024-04-22 19:56:09,953 [INFO] CADModel:165 - CPN selected for project level
2024-04-22 19:56:09,953 [INFO] CADModel:114 - Register for checkConnection events
2024-04-22 19:56:09,975 [INFO] IPUIPlugin:80 - create IPUIPlugin
2024-04-22 19:56:09,976 [INFO] PluginManager:220 - loadIPPluginJar : add adc
2024-04-22 19:56:10,007 [INFO] IPUIPlugin:80 - create IPUIPlugin
2024-04-22 19:56:10,008 [INFO] PluginManager:220 - loadIPPluginJar : add aes
2024-04-22 19:56:10,041 [INFO] IPUIPlugin:80 - create IPUIPlugin
2024-04-22 19:56:10,041 [INFO] PluginManager:220 - loadIPPluginJar : add can
2024-04-22 19:56:10,061 [INFO] IPUIPlugin:80 - create IPUIPlugin
2024-04-22 19:56:10,061 [INFO] PluginManager:220 - loadIPPluginJar : add comp
2024-04-22 19:56:10,091 [INFO] IPUIPlugin:80 - create IPUIPlugin
2024-04-22 19:56:10,091 [INFO] PluginManager:220 - loadIPPluginJar : add cryp
2024-04-22 19:56:10,118 [INFO] IPUIPlugin:80 - create IPUIPlugin
2024-04-22 19:56:10,118 [INFO] PluginManager:220 - loadIPPluginJar : add dfsdm
2024-04-22 19:56:10,130 [INFO] IPUIPlugin:80 - create IPUIPlugin
2024-04-22 19:56:10,131 [INFO] PluginManager:220 - loadIPPluginJar : add dma
2024-04-22 19:56:10,168 [INFO] IPUIPlugin:80 - create IPUIPlugin
2024-04-22 19:56:10,169 [INFO] PluginManager:220 - loadIPPluginJar : add dma3
2024-04-22 19:56:10,212 [INFO] IPUIPlugin:80 - create IPUIPlugin
2024-04-22 19:56:10,212 [INFO] PluginManager:220 - loadIPPluginJar : add extmemmanager
2024-04-22 19:56:10,227 [INFO] IPUIPlugin:80 - create IPUIPlugin
2024-04-22 19:56:10,227 [INFO] PluginManager:220 - loadIPPluginJar : add fatfs
2024-04-22 19:56:10,272 [INFO] IPUIPlugin:80 - create IPUIPlugin
2024-04-22 19:56:10,272 [INFO] PluginManager:220 - loadIPPluginJar : add fmc
2024-04-22 19:56:10,287 [INFO] IPUIPlugin:80 - create IPUIPlugin
2024-04-22 19:56:10,287 [INFO] PluginManager:220 - loadIPPluginJar : add freertos
2024-04-22 19:56:10,306 [INFO] IPUIPlugin:80 - create IPUIPlugin
2024-04-22 19:56:10,306 [INFO] PluginManager:220 - loadIPPluginJar : add genericplugin
2024-04-22 19:56:10,385 [INFO] IPUIPlugin:80 - create IPUIPlugin
2024-04-22 19:56:10,385 [INFO] PluginManager:220 - loadIPPluginJar : add gfxmmu
2024-04-22 19:56:10,502 [INFO] IPUIPlugin:80 - create IPUIPlugin
2024-04-22 19:56:10,503 [INFO] PluginManager:220 - loadIPPluginJar : add gic
2024-04-22 19:56:10,516 [INFO] IPUIPlugin:80 - create IPUIPlugin
2024-04-22 19:56:10,516 [INFO] PluginManager:220 - loadIPPluginJar : add gpio
2024-04-22 19:56:10,593 [INFO] IPUIPlugin:80 - create IPUIPlugin
2024-04-22 19:56:10,593 [INFO] PluginManager:220 - loadIPPluginJar : add gtzc
2024-04-22 19:56:10,622 [INFO] IPUIPlugin:80 - create IPUIPlugin
2024-04-22 19:56:10,622 [INFO] PluginManager:220 - loadIPPluginJar : add hash
2024-04-22 19:56:10,672 [INFO] IPUIPlugin:80 - create IPUIPlugin
2024-04-22 19:56:10,673 [INFO] PluginManager:220 - loadIPPluginJar : add i2c
2024-04-22 19:56:10,702 [INFO] IPUIPlugin:80 - create IPUIPlugin
2024-04-22 19:56:10,702 [INFO] PluginManager:220 - loadIPPluginJar : add i2s
2024-04-22 19:56:10,738 [INFO] IPUIPlugin:80 - create IPUIPlugin
2024-04-22 19:56:10,738 [INFO] PluginManager:220 - loadIPPluginJar : add i3c
2024-04-22 19:56:10,828 [INFO] IPUIPlugin:80 - create IPUIPlugin
2024-04-22 19:56:10,828 [INFO] PluginManager:220 - loadIPPluginJar : add ipddr
2024-04-22 19:56:10,909 [INFO] IPUIPlugin:80 - create IPUIPlugin
2024-04-22 19:56:10,909 [INFO] PluginManager:220 - loadIPPluginJar : add linkedlist
2024-04-22 19:56:10,940 [INFO] IPUIPlugin:80 - create IPUIPlugin
2024-04-22 19:56:10,940 [INFO] PluginManager:220 - loadIPPluginJar : add lorawan
2024-04-22 19:56:10,971 [INFO] IPUIPlugin:80 - create IPUIPlugin
2024-04-22 19:56:10,971 [INFO] PluginManager:220 - loadIPPluginJar : add ltdc
2024-04-22 19:56:10,984 [INFO] IPUIPlugin:80 - create IPUIPlugin
2024-04-22 19:56:10,985 [INFO] PluginManager:220 - loadIPPluginJar : add mdma
2024-04-22 19:56:10,994 [INFO] IPUIPlugin:80 - create IPUIPlugin
2024-04-22 19:56:10,995 [INFO] PluginManager:220 - loadIPPluginJar : add nvic
2024-04-22 19:56:11,027 [INFO] IPUIPlugin:80 - create IPUIPlugin
2024-04-22 19:56:11,027 [INFO] PluginManager:220 - loadIPPluginJar : add opamp
2024-04-22 19:56:11,084 [INFO] IPUIPlugin:80 - create IPUIPlugin
2024-04-22 19:56:11,084 [INFO] PluginManager:220 - loadIPPluginJar : add openamp
2024-04-22 19:56:11,125 [INFO] IPUIPlugin:80 - create IPUIPlugin
2024-04-22 19:56:11,125 [INFO] PluginManager:220 - loadIPPluginJar : add pdm2pcm
2024-04-22 19:56:11,137 [INFO] IPUIPlugin:80 - create IPUIPlugin
2024-04-22 19:56:11,138 [INFO] PluginManager:220 - loadIPPluginJar : add plateformsettings
2024-04-22 19:56:11,159 [INFO] IPUIPlugin:80 - create IPUIPlugin
2024-04-22 19:56:11,159 [INFO] PluginManager:220 - loadIPPluginJar : add quadspi
2024-04-22 19:56:11,169 [INFO] IPUIPlugin:80 - create IPUIPlugin
2024-04-22 19:56:11,169 [INFO] PluginManager:220 - loadIPPluginJar : add resmgrutility
2024-04-22 19:56:11,212 [INFO] IPUIPlugin:80 - create IPUIPlugin
2024-04-22 19:56:11,212 [INFO] PluginManager:220 - loadIPPluginJar : add sai
2024-04-22 19:56:11,244 [INFO] IPUIPlugin:80 - create IPUIPlugin
2024-04-22 19:56:11,244 [INFO] PluginManager:220 - loadIPPluginJar : add spi
2024-04-22 19:56:11,310 [INFO] IPUIPlugin:80 - create IPUIPlugin
2024-04-22 19:56:11,310 [INFO] PluginManager:220 - loadIPPluginJar : add stm32_wpan
2024-04-22 19:56:11,333 [INFO] IPUIPlugin:80 - create IPUIPlugin
2024-04-22 19:56:11,333 [INFO] PluginManager:220 - loadIPPluginJar : add tim
2024-04-22 19:56:11,385 [INFO] IPUIPlugin:80 - create IPUIPlugin
2024-04-22 19:56:11,385 [INFO] PluginManager:220 - loadIPPluginJar : add touchsensing
2024-04-22 19:56:11,406 [INFO] IPUIPlugin:80 - create IPUIPlugin
2024-04-22 19:56:11,406 [INFO] PluginManager:220 - loadIPPluginJar : add tracer_emb
2024-04-22 19:56:11,426 [INFO] IPUIPlugin:80 - create IPUIPlugin
2024-04-22 19:56:11,426 [INFO] PluginManager:220 - loadIPPluginJar : add ts
2024-04-22 19:56:11,447 [INFO] IPUIPlugin:80 - create IPUIPlugin
2024-04-22 19:56:11,447 [INFO] PluginManager:220 - loadIPPluginJar : add tsc
2024-04-22 19:56:11,471 [INFO] IPUIPlugin:80 - create IPUIPlugin
2024-04-22 19:56:11,471 [INFO] PluginManager:220 - loadIPPluginJar : add ucpd
2024-04-22 19:56:11,509 [INFO] IPUIPlugin:80 - create IPUIPlugin
2024-04-22 19:56:11,509 [INFO] PluginManager:220 - loadIPPluginJar : add usart
2024-04-22 19:56:11,552 [INFO] IPUIPlugin:80 - create IPUIPlugin
2024-04-22 19:56:11,552 [INFO] PluginManager:220 - loadIPPluginJar : add usbx
2024-04-22 19:56:11,665 [INFO] CADModel:165 - CPN selected for project level
2024-04-22 19:56:11,665 [INFO] CADModel:114 - Register for checkConnection events
2024-04-22 19:56:11,665 [FATAL] Updater:308 - Updater called before beeing initialized
2024-04-22 19:56:11,665 [ERROR] CADModel:125 - Updater not yet initialized, retry later 
2024-04-22 19:56:11,770 [INFO] CADModel:165 - CPN selected for project level
2024-04-22 19:56:11,770 [INFO] CADModel:114 - Register for checkConnection events
2024-04-22 19:56:11,770 [FATAL] Updater:308 - Updater called before beeing initialized
2024-04-22 19:56:11,770 [ERROR] CADModel:125 - Updater not yet initialized, retry later 
2024-04-22 19:56:11,773 [FATAL] Updater:308 - Updater called before beeing initialized
2024-04-22 19:56:11,856 [FATAL] Updater:308 - Updater called before beeing initialized
2024-04-22 19:56:11,865 [INFO] DbMcusAds:53 - JSON generation date=Wed Nov 29 17:52:27 ICT 2023 (1701255147349)
2024-04-22 19:56:11,865 [FATAL] Updater:308 - Updater called before beeing initialized
2024-04-22 19:56:11,935 [WARN] DetailPanel:346 - Failed to get advertising image, set to default
2024-04-22 19:56:11,999 [FATAL] Updater:308 - Updater called before beeing initialized
2024-04-22 19:56:12,001 [FATAL] Updater:308 - Updater called before beeing initialized
2024-04-22 19:56:12,001 [FATAL] Updater:308 - Updater called before beeing initialized
2024-04-22 19:56:12,001 [WARN] DetailPanel:346 - Failed to get advertising image, set to default
2024-04-22 19:56:12,002 [FATAL] Updater:308 - Updater called before beeing initialized
2024-04-22 19:56:12,049 [ERROR] Updater:1120 - MainUpdater not yet initialized. External WinMGr cannot be set.
2024-04-22 19:56:12,058 [INFO] Updater:1056 - Updater Version found : 6.11.0
2024-04-22 19:56:12,080 [INFO] ApplicationProperties:184 - Using Application install path: C:\ST\STM32CubeIDE_1.15.0\STM32CubeIDE\plugins\com.st.stm32cube.common.mx_6.11.0.202403141607
2024-04-22 19:56:12,498 [INFO] ThirdPartyUpdaterWithRetryManager:70 - Updater plugin not ready yet. [2/15]
2024-04-22 19:56:13,656 [ERROR] LogOutputStream:75 - [STDERR_REDIRECT] Apr 22, 2024 7:56:13 PM java.util.prefs.WindowsPreferences <init>
2024-04-22 19:56:13,657 [ERROR] LogOutputStream:75 - [STDERR_REDIRECT] WARNING: Could not open/create prefs root node Software\JavaSoft\Prefs at root 0xffffffff80000002. Windows RegCreateKeyEx(...) returned error code 5.
2024-04-22 19:56:13,657 [ERROR] LogOutputStream:75 - [STDERR_REDIRECT] 
2024-04-22 19:56:13,690 [INFO] MainUpdater:526 - Copy updater definitions from MX database
2024-04-22 19:56:13,978 [INFO] MainUpdater:2873 - connection check result : 10
2024-04-22 19:56:13,978 [INFO] MainUpdater:3567 - Updater definition file requires update
2024-04-22 19:56:13,979 [INFO] MainUpdater:290 - Updater Check For Update Now.
2024-04-22 19:56:13,980 [INFO] MicroXplorer:498 - Change Database Version : DB.6.0.110
2024-04-22 19:56:13,994 [INFO] McuFinderGlobals:63 - Set McuFinder mode to 2 (CubeIDE integrated)
2024-04-22 19:56:14,005 [INFO] UserAuth:415 - Internet connection configuration mode: 1
2024-04-22 19:56:14,014 [INFO] ServerAccessManage:473 - Download File updaters.zip
2024-04-22 19:56:14,031 [INFO] JxBrowserEngine:152 - Initiate JxBrowser Engine with user profile folder
2024-04-22 19:56:14,277 [INFO] FileExtend:240 - Unzip File : updaters.zip
2024-04-22 19:56:14,278 [INFO] FileExtend:255 - Standard Zip Deflate
2024-04-22 19:56:14,734 [INFO] ServerAccessManage:473 - Download File PacksControlFlags.xml
2024-04-22 19:56:14,839 [INFO] ServerAccessManage:473 - Download File cubemx.pidx
2024-04-22 19:56:14,991 [INFO] LoadServerUpdatesThread:375 - End of LoadServerUpdate Thread
2024-04-22 19:56:15,204 [INFO] CheckServerUpdateThread:120 - End of CheckServer Thread
2024-04-22 19:56:15,676 [WARN] PackLoader:240 - Cannot read IP mode file for STMicroelectronics.FP-SNS-MOTENVWB1.1.4.0
2024-04-22 19:56:15,693 [WARN] PackLoader:240 - Cannot read IP mode file for STMicroelectronics.X-CUBE-SMBUS.2.1.0
2024-04-22 19:56:15,705 [WARN] PackLoader:240 - Cannot read IP mode file for STMicroelectronics.X-CUBE-TOUCHGFX.4.23.0
2024-04-22 19:56:15,716 [WARN] PackLoader:240 - Cannot read IP mode file for STMicroelectronics.X-CUBE-TOUCHGFX.4.23.2
2024-04-22 19:56:15,758 [WARN] PackLoader:240 - Cannot read IP mode file for STMicroelectronics.X-CUBE-AZRTOS-F7.1.1.0
2024-04-22 19:56:15,779 [WARN] PackLoader:240 - Cannot read IP mode file for STMicroelectronics.FP-SNS-MOTENV1.4.3.2
2024-04-22 19:56:15,798 [WARN] PackLoader:240 - Cannot read IP mode file for STMicroelectronics.FP-SNS-FLIGHT1.5.0.2
2024-04-22 19:56:15,822 [WARN] PackLoader:240 - Cannot read IP mode file for STMicroelectronics.X-CUBE-DISPLAY.3.0.0
2024-04-22 19:56:15,847 [WARN] PackLoader:240 - Cannot read IP mode file for STMicroelectronics.X-CUBE-BLE1.7.0.0
2024-04-22 19:56:15,862 [WARN] PackLoader:240 - Cannot read IP mode file for emotas.I-CUBE-CANOPEN.1.3.0
2024-04-22 19:56:15,883 [WARN] PackLoader:240 - Cannot read IP mode file for STMicroelectronics.X-CUBE-BLEMGR.3.1.0
2024-04-22 19:56:15,902 [WARN] PackLoader:240 - Cannot read IP mode file for STMicroelectronics.FP-SNS-SMARTAG2.1.2.0
2024-04-22 19:56:15,921 [INFO] LogOutputStream:77 - [STDOUT_REDIRECT] 1 : Invalid condition id : UX_CORESTACK_Condition cause : null
2024-04-22 19:56:15,922 [INFO] LogOutputStream:77 - [STDOUT_REDIRECT] 1 : Invalid condition id : UX_CORESTACK_Condition cause : null
2024-04-22 19:56:15,923 [INFO] LogOutputStream:77 - [STDOUT_REDIRECT] 1 : Invalid condition id : UX_CORESTACK_Condition cause : null
2024-04-22 19:56:15,925 [INFO] LogOutputStream:77 - [STDOUT_REDIRECT] 1 : Invalid condition id : UX_CORESTACK_Condition cause : null
2024-04-22 19:56:15,926 [INFO] LogOutputStream:77 - [STDOUT_REDIRECT] 1 : Invalid condition id : UX_CORESTACK_Condition cause : null
2024-04-22 19:56:15,931 [WARN] PackLoader:240 - Cannot read IP mode file for STMicroelectronics.X-CUBE-AZRTOS-WL.2.0.0
2024-04-22 19:56:15,942 [WARN] PackLoader:240 - Cannot read IP mode file for STMicroelectronics.FP-SNS-MOTENV1.5.0.0
2024-04-22 19:56:15,956 [WARN] PackLoader:240 - Cannot read IP mode file for WES.I-CUBE-Cesium.1.3.0
2024-04-22 19:56:15,966 [WARN] PackLoader:240 - Cannot read IP mode file for STMicroelectronics.X-CUBE-BLE2.3.3.0
2024-04-22 19:56:15,977 [WARN] PackLoader:240 - Cannot read IP mode file for STMicroelectronics.X-CUBE-TCPP.4.1.0
2024-04-22 19:56:15,992 [WARN] PackLoader:240 - Cannot read IP mode file for STMicroelectronics.X-CUBE-ALGOBUILD.1.3.0
2024-04-22 19:56:16,021 [WARN] PackLoader:240 - Cannot read IP mode file for STMicroelectronics.X-CUBE-AZRTOS-G0.1.1.0
2024-04-22 19:56:16,043 [WARN] PackLoader:240 - Cannot read IP mode file for STMicroelectronics.X-CUBE-SAFEA1.1.2.2
2024-04-22 19:56:16,062 [WARN] PackLoader:240 - Cannot read IP mode file for STMicroelectronics.X-CUBE-NFC4.3.0.0
2024-04-22 19:56:16,075 [WARN] PackLoader:240 - Cannot read IP mode file for STMicroelectronics.FP-ATR-SIGFOX1.3.2.0
2024-04-22 19:56:16,110 [WARN] PackLoader:240 - Cannot read IP mode file for STMicroelectronics.X-CUBE-EEPRMA1.5.1.0
2024-04-22 19:56:16,165 [WARN] PackLoader:240 - Cannot read IP mode file for SEGGER.I-CUBE-embOS.1.3.1
2024-04-22 19:56:16,232 [WARN] PackLoader:240 - Cannot read IP mode file for STMicroelectronics.X-CUBE-GNSS1.6.0.0
2024-04-22 19:56:16,271 [WARN] PackLoader:240 - Cannot read IP mode file for STMicroelectronics.X-CUBE-AZRTOS-F4.1.1.0
2024-04-22 19:56:16,290 [WARN] PackLoader:240 - Cannot read IP mode file for wolfSSL.I-CUBE-wolfSSL.5.6.6
2024-04-22 19:56:16,326 [WARN] PackLoader:240 - Cannot read IP mode file for STMicroelectronics.X-CUBE-AZRTOS-L5.2.0.0
2024-04-22 19:56:16,350 [WARN] PackLoader:240 - Cannot read IP mode file for STMicroelectronics.X-CUBE-NFC6.3.1.0
2024-04-22 19:56:16,368 [WARN] PackLoader:240 - Cannot read IP mode file for ITTIA_DB.I-CUBE-ITTIADB.8.8.0
2024-04-22 19:56:16,391 [WARN] PackLoader:240 - Cannot read IP mode file for STMicroelectronics.X-CUBE-AI.9.0.0
2024-04-22 19:56:16,418 [WARN] PackLoader:240 - Cannot read IP mode file for STMicroelectronics.X-CUBE-NFC7.1.0.1
2024-04-22 19:56:16,441 [WARN] PackLoader:240 - Cannot read IP mode file for STMicroelectronics.X-CUBE-NFC6.3.0.0
2024-04-22 19:56:16,457 [WARN] PackLoader:240 - Cannot read IP mode file for STMicroelectronics.X-CUBE-AI.8.1.0
2024-04-22 19:56:16,495 [WARN] ConditionMgr:438 - getConditionDescription Invalid condition id : LAN8742 Phy interface Condition cause : null
2024-04-22 19:56:16,495 [WARN] PackLoader:240 - Cannot read IP mode file for STMicroelectronics.X-CUBE-AZRTOS-L4.2.0.0
2024-04-22 19:56:16,497 [WARN] ConditionMgr:1039 - genDependencies : Invalid condition id : LAN8742 Phy interface Condition cause : null
2024-04-22 19:56:16,497 [WARN] ConditionMgr:1039 - genDependencies : Invalid condition id : LAN8742 Phy interface Condition cause : null
2024-04-22 19:56:16,498 [WARN] ConditionMgr:1039 - genDependencies : Invalid condition id : LAN8742 Phy interface Condition cause : null
2024-04-22 19:56:16,513 [WARN] PackLoader:240 - Cannot read IP mode file for STMicroelectronics.X-CUBE-SFXS2LP1.4.0.0
2024-04-22 19:56:16,543 [WARN] ConditionMgr:438 - getConditionDescription Invalid condition id : UX DEVICE CLASS RTOS Condition cause : null
2024-04-22 19:56:16,543 [WARN] ConditionMgr:438 - getConditionDescription Invalid condition id : UX DEVICE CLASS RTOS Condition cause : null
2024-04-22 19:56:16,545 [WARN] PackLoader:240 - Cannot read IP mode file for STMicroelectronics.X-CUBE-AZRTOS-WB.2.0.0
2024-04-22 19:56:16,546 [WARN] ConditionMgr:1039 - genDependencies : Invalid condition id : UX DEVICE CLASS RTOS Condition cause : null
2024-04-22 19:56:16,546 [WARN] ConditionMgr:1039 - genDependencies : Invalid condition id : UX DEVICE CLASS RTOS Condition cause : null
2024-04-22 19:56:16,547 [WARN] ConditionMgr:1039 - genDependencies : Invalid condition id : UX DEVICE CLASS RTOS Condition cause : null
2024-04-22 19:56:16,547 [WARN] ConditionMgr:1039 - genDependencies : Invalid condition id : UX DEVICE CLASS RTOS Condition cause : null
2024-04-22 19:56:16,547 [WARN] ConditionMgr:1039 - genDependencies : Invalid condition id : UX DEVICE CLASS RTOS Condition cause : null
2024-04-22 19:56:16,568 [WARN] PackLoader:240 - Cannot read IP mode file for STMicroelectronics.X-CUBE-SUBG2.5.0.0
2024-04-22 19:56:16,597 [WARN] PackLoader:240 - Cannot read IP mode file for STMicroelectronics.X-CUBE-AZRTOS-G4.2.0.0
2024-04-22 19:56:16,621 [WARN] PackLoader:240 - Cannot read IP mode file for Infineon.AIROC-Wi-Fi-Bluetooth-STM32.1.5.1
2024-04-22 19:56:16,636 [WARN] PackLoader:240 - Cannot read IP mode file for STMicroelectronics.FP-SNS-MOTENVWB1.1.3.1
2024-04-22 19:56:16,650 [WARN] PackLoader:240 - Cannot read IP mode file for STMicroelectronics.X-CUBE-ISPU.2.0.0
2024-04-22 19:56:16,702 [WARN] PackLoader:240 - Cannot read IP mode file for STMicroelectronics.X-CUBE-MEMS1.10.0.0
2024-04-22 19:56:16,802 [WARN] PackLoader:240 - Cannot read IP mode file for STMicroelectronics.X-CUBE-FREERTOS.1.1.0
2024-04-22 19:56:16,815 [WARN] PackLoader:240 - Cannot read IP mode file for portGmbH.I-Cube-SoM-uGOAL.1.1.0
2024-04-22 19:56:16,828 [WARN] PackLoader:240 - Cannot read IP mode file for STMicroelectronics.X-CUBE-ALS.1.0.1
2024-04-22 19:56:16,851 [WARN] PackLoader:240 - Cannot read IP mode file for STMicroelectronics.X-CUBE-AZRTOS-H7RS.1.0.0
2024-04-22 19:56:16,868 [WARN] PackLoader:240 - Cannot read IP mode file for STMicroelectronics.FP-ATR-ASTRA1.2.0.0
2024-04-22 19:56:16,886 [WARN] PackLoader:240 - Cannot read IP mode file for STMicroelectronics.X-CUBE-TOF1.3.4.1
2024-04-22 19:56:16,920 [WARN] PackLoader:240 - Cannot read IP mode file for STMicroelectronics.X-CUBE-AZRTOS-H7.3.2.0
2024-04-22 19:56:16,924 [INFO] ThirdParty:978 - Integrity check success = true
2024-04-22 19:56:16,924 [INFO] IntegrityCheckThread:100 - exiting critical section [integrity check]
2024-04-22 19:56:16,924 [INFO] IntegrityCheckThread:103 - End integrity checks thread
2024-04-22 19:56:19,350 [INFO] WebApp:161 - Instantiating new browser for Auth
2024-04-22 19:56:19,900 [INFO] WebApp:779 - Register for checkConnection events
2024-04-22 19:56:19,900 [INFO] WebApp:414 - Apply proxy settings
2024-04-22 19:56:19,900 [INFO] WebApp:499 - Chromium requires no authentication
2024-04-22 19:56:19,906 [INFO] WebApp:442 - Direct internet connection detected
2024-04-22 19:56:20,028 [INFO] WebApp:192 - Starting web application
2024-04-22 19:56:20,028 [INFO] WebApp:544 - Web application path used C:\ST\STM32CubeIDE_1.15.0\STM32CubeIDE\plugins\com.st.stm32cube.common.mx_6.11.0.202403141607\db\plugins\mcufinder\reactClient1\index.html
2024-04-22 19:56:23,541 [ERROR] LogOutputStream:75 - [STDERR_REDIRECT] 
2024-04-22 19:56:23,542 [ERROR] LogOutputStream:75 - [STDERR_REDIRECT] 
