2024-07-30 18:07:01,828 [INFO] Activator:176 - 


2024-07-30 18:07:01,833 [INFO] Activator:177 - !SESSION log4j initialized
2024-07-30 18:07:04,433 [INFO] LogOutputStream:77 - [STDOUT_REDIRECT] 
2024-07-30 18:07:08,658 [INFO] ApplicationProperties:184 - Using Application install path: C:\ST\STM32CubeIDE_1.15.0\STM32CubeIDE\plugins\com.st.stm32cube.common.mx_6.11.0.202403141607
2024-07-30 18:07:08,679 [INFO] DbMcusXml:78 - Set database path to: C:\ST\STM32CubeIDE_1.15.0\STM32CubeIDE\plugins\com.st.stm32cube.common.mx_6.11.0.202403141607\\db\/mcu/
2024-07-30 18:07:08,679 [INFO] ApiDb:274 - Set plugin database path to: C:\ST\STM32CubeIDE_1.15.0\STM32CubeIDE\plugins\com.st.stm32cube.common.mx_6.11.0.202403141607\\db\/plugins/boardmanager/
2024-07-30 18:07:08,680 [WARN] ApiDb:259 - Overriding images path with different value:  => C:\ST\STM32CubeIDE_1.15.0\STM32CubeIDE\plugins\com.st.stm32cube.common.mx_6.11.0.202403141607\\db\/plugins/mcufinder/images/
2024-07-30 18:07:08,687 [INFO] ApiDb:250 - Set database path to: C:\Users\Admin\.stmcufinder\plugins\mcufinder//mcu/
2024-07-30 18:07:08,689 [INFO] DbMcusAds:125 - Set database path to: C:\Users\Admin\.stmcufinder\plugins\mcufinder//mcu/
2024-07-30 18:07:08,692 [INFO] CrossReferenceDbSqlite:203 - Set database path to: C:\Users\Admin\.stmcufinder\plugins\mcufinder//mcu/cs/
2024-07-30 18:07:08,825 [INFO] RulesReader:64 - Compatibility file has been processed (297 Rules)
2024-07-30 18:07:08,910 [INFO] DbMcusXml:78 - Set database path to: C:\ST\STM32CubeIDE_1.15.0\STM32CubeIDE\plugins\com.st.stm32cube.common.mx_6.11.0.202403141607\\db\/mcu/
2024-07-30 18:07:08,910 [INFO] ApiDb:274 - Set plugin database path to: C:\ST\STM32CubeIDE_1.15.0\STM32CubeIDE\plugins\com.st.stm32cube.common.mx_6.11.0.202403141607\\db\/plugins/boardmanager/
2024-07-30 18:07:08,910 [INFO] ApiDb:261 - Set plugin images path to: C:\ST\STM32CubeIDE_1.15.0\STM32CubeIDE\plugins\com.st.stm32cube.common.mx_6.11.0.202403141607\\db\/plugins/mcufinder/images/
2024-07-30 18:07:08,911 [WARN] DbFile:41 - Overriding database path with different value: C:\Users\Admin\.stmcufinder\plugins\mcufinder/ => C:\Users\Admin\.stmcufinder\plugins\mcufinder
2024-07-30 18:07:08,911 [INFO] ApiDb:250 - Set database path to: C:\Users\Admin\.stmcufinder\plugins\mcufinder//mcu/
2024-07-30 18:07:08,911 [WARN] DbFile:41 - Overriding database path with different value: C:\Users\Admin\.stmcufinder\plugins\mcufinder/ => C:\Users\Admin\.stmcufinder\plugins\mcufinder
2024-07-30 18:07:08,911 [INFO] DbMcusAds:125 - Set database path to: C:\Users\Admin\.stmcufinder\plugins\mcufinder//mcu/
2024-07-30 18:07:08,911 [WARN] DbFile:41 - Overriding database path with different value: C:\Users\Admin\.stmcufinder\plugins\mcufinder/ => C:\Users\Admin\.stmcufinder\plugins\mcufinder
2024-07-30 18:07:08,911 [WARN] DbFile:41 - Overriding database path with different value: C:\Users\Admin\.stmcufinder\plugins\mcufinder/ => C:\Users\Admin\.stmcufinder\plugins\mcufinder
2024-07-30 18:07:08,911 [INFO] CrossReferenceDbSqlite:203 - Set database path to: C:\Users\Admin\.stmcufinder\plugins\mcufinder//mcu/cs/
2024-07-30 18:07:08,992 [INFO] MainPanel:264 - HeapMemory: 268435456
2024-07-30 18:07:09,099 [INFO] DbMcusXml:78 - Set database path to: C:\ST\STM32CubeIDE_1.15.0\STM32CubeIDE\plugins\com.st.stm32cube.common.mx_6.11.0.202403141607\\db\/mcu/
2024-07-30 18:07:09,099 [INFO] ApiDb:274 - Set plugin database path to: C:\ST\STM32CubeIDE_1.15.0\STM32CubeIDE\plugins\com.st.stm32cube.common.mx_6.11.0.202403141607\\db\/plugins/boardmanager/
2024-07-30 18:07:09,099 [INFO] ApiDb:261 - Set plugin images path to: C:\ST\STM32CubeIDE_1.15.0\STM32CubeIDE\plugins\com.st.stm32cube.common.mx_6.11.0.202403141607\\db\/plugins/mcufinder/images/
2024-07-30 18:07:09,100 [WARN] DbFile:41 - Overriding database path with different value: C:\Users\Admin\.stmcufinder\plugins\mcufinder/ => C:\Users\Admin\.stmcufinder\plugins\mcufinder
2024-07-30 18:07:09,100 [INFO] ApiDb:250 - Set database path to: C:\Users\Admin\.stmcufinder\plugins\mcufinder//mcu/
2024-07-30 18:07:09,100 [WARN] DbFile:41 - Overriding database path with different value: C:\Users\Admin\.stmcufinder\plugins\mcufinder/ => C:\Users\Admin\.stmcufinder\plugins\mcufinder
2024-07-30 18:07:09,100 [INFO] DbMcusAds:125 - Set database path to: C:\Users\Admin\.stmcufinder\plugins\mcufinder//mcu/
2024-07-30 18:07:09,100 [WARN] DbFile:41 - Overriding database path with different value: C:\Users\Admin\.stmcufinder\plugins\mcufinder/ => C:\Users\Admin\.stmcufinder\plugins\mcufinder
2024-07-30 18:07:09,100 [WARN] DbFile:41 - Overriding database path with different value: C:\Users\Admin\.stmcufinder\plugins\mcufinder/ => C:\Users\Admin\.stmcufinder\plugins\mcufinder
2024-07-30 18:07:09,100 [INFO] CrossReferenceDbSqlite:203 - Set database path to: C:\Users\Admin\.stmcufinder\plugins\mcufinder//mcu/cs/
2024-07-30 18:07:09,118 [INFO] ApplicationProperties:184 - Using Application install path: C:\ST\STM32CubeIDE_1.15.0\STM32CubeIDE\plugins\com.st.stm32cube.common.mx_6.11.0.202403141607
2024-07-30 18:07:09,120 [INFO] PluginManage:196 - Search for loadable plugins [exclusion list=, ]
2024-07-30 18:07:09,123 [INFO] PluginManage:310 - Check plugin analytics
2024-07-30 18:07:09,300 [INFO] AnalyticsPlugin:253 - Accepted Software Licenses: STM32CubeMX.6.10.0
2024-07-30 18:07:09,301 [INFO] AnalyticsPlugin:255 - Accepted CMSIS Pack Licenses: 
2024-07-30 18:07:09,301 [INFO] AnalyticsPlugin:257 - Accepted Firmware Licenses: 
2024-07-30 18:07:09,304 [INFO] PluginManage:359 - Loaded plugin analytics (category:tool,tabindex:-1)
2024-07-30 18:07:09,304 [INFO] PluginManage:310 - Check plugin cadmodel
2024-07-30 18:07:09,318 [INFO] CADModel:105 - Init CAD model plugin
2024-07-30 18:07:09,318 [INFO] PluginManage:359 - Loaded plugin cadmodel (category:power,tabindex:5)
2024-07-30 18:07:09,318 [INFO] PluginManage:310 - Check plugin clock
2024-07-30 18:07:09,337 [INFO] PluginManage:359 - Loaded plugin clock (category:base,tabindex:2)
2024-07-30 18:07:09,337 [INFO] PluginManage:310 - Check plugin ddr
2024-07-30 18:07:09,339 [INFO] PluginManage:359 - Loaded plugin ddr (category:tool,tabindex:6)
2024-07-30 18:07:09,339 [INFO] PluginManage:310 - Check plugin filemanager
2024-07-30 18:07:09,457 [INFO] PluginManage:359 - Loaded plugin filemanager (category:base,tabindex:10)
2024-07-30 18:07:09,458 [INFO] PluginManage:310 - Check plugin ipmanager
2024-07-30 18:07:09,465 [INFO] PluginManage:359 - Loaded plugin ipmanager (category:base,tabindex:5)
2024-07-30 18:07:09,465 [INFO] PluginManage:310 - Check plugin lpbam
2024-07-30 18:07:09,485 [INFO] PluginManage:359 - Loaded plugin lpbam (category:base,tabindex:0)
2024-07-30 18:07:09,485 [INFO] PluginManage:310 - Check plugin memorymap
2024-07-30 18:07:09,526 [INFO] PluginManage:359 - Loaded plugin memorymap (category:base,tabindex:4)
2024-07-30 18:07:09,528 [INFO] PluginManage:310 - Check plugin pinoutandconfiguration
2024-07-30 18:07:09,549 [INFO] PluginManage:359 - Loaded plugin pinoutandconfiguration (category:base,tabindex:1)
2024-07-30 18:07:09,549 [INFO] PluginManage:310 - Check plugin pinoutconfig
2024-07-30 18:07:09,655 [WARN] SupportedApi:132 - Cannot load RTOS API schema: s4s-elt-must-match.1: The content of 'definitions' must match (annotation?, (simpleType | complexType)?, (unique | key | keyref)*)). A problem was found starting at: attribute.
2024-07-30 18:07:09,806 [INFO] PluginManage:359 - Loaded plugin pinoutconfig (category:base,tabindex:0)
2024-07-30 18:07:09,806 [INFO] PluginManage:310 - Check plugin power
2024-07-30 18:07:09,823 [INFO] PluginManage:359 - Loaded plugin power (category:power,tabindex:4)
2024-07-30 18:07:09,823 [INFO] PluginManage:310 - Check plugin projectmanager
2024-07-30 18:07:09,837 [INFO] PluginManage:359 - Loaded plugin projectmanager (category:projectmanager,tabindex:3)
2024-07-30 18:07:09,837 [INFO] PluginManage:310 - Check plugin thirdparty
2024-07-30 18:07:10,111 [INFO] PluginManage:359 - Loaded plugin thirdparty (category:base,tabindex:-1)
2024-07-30 18:07:10,111 [WARN] IntegrityCheckThread:84 - waiting for thirdparty lock release [integrity check]
2024-07-30 18:07:10,111 [INFO] PluginManage:310 - Check plugin tools
2024-07-30 18:07:10,112 [INFO] IntegrityCheckThread:86 - entering critical section [integrity check]
2024-07-30 18:07:10,112 [INFO] ThirdPartyUpdaterWithRetryManager:70 - Updater plugin not ready yet. [1/15]
2024-07-30 18:07:10,158 [INFO] PluginManage:359 - Loaded plugin tools (category:base,tabindex:7)
2024-07-30 18:07:10,158 [INFO] PluginManage:310 - Check plugin tutovideos
2024-07-30 18:07:10,404 [INFO] PluginManage:359 - Loaded plugin tutovideos (category:base,tabindex:-1)
2024-07-30 18:07:10,404 [INFO] PluginManage:310 - Check plugin updater
2024-07-30 18:07:10,416 [INFO] PluginManage:359 - Loaded plugin updater (category:base,tabindex:12)
2024-07-30 18:07:10,416 [INFO] PluginManage:310 - Check plugin userauth
2024-07-30 18:07:10,422 [INFO] UserAuth:114 - Init User Auth plugin
2024-07-30 18:07:10,422 [INFO] PluginManage:359 - Loaded plugin userauth (category:base,tabindex:14)
2024-07-30 18:07:10,422 [INFO] PluginManage:283 - PluginManage : Loaded plugins [17]
2024-07-30 18:07:10,639 [INFO] PinOutPanel:1561 - setPackage(No Configuration,No Configuration)
2024-07-30 18:07:10,709 [INFO] CADModel:165 - CPN selected for project level
2024-07-30 18:07:10,709 [INFO] CADModel:114 - Register for checkConnection events
2024-07-30 18:07:10,734 [INFO] IPUIPlugin:80 - create IPUIPlugin
2024-07-30 18:07:10,734 [INFO] PluginManager:220 - loadIPPluginJar : add adc
2024-07-30 18:07:10,778 [INFO] IPUIPlugin:80 - create IPUIPlugin
2024-07-30 18:07:10,778 [INFO] PluginManager:220 - loadIPPluginJar : add aes
2024-07-30 18:07:10,825 [INFO] IPUIPlugin:80 - create IPUIPlugin
2024-07-30 18:07:10,825 [INFO] PluginManager:220 - loadIPPluginJar : add can
2024-07-30 18:07:10,855 [INFO] IPUIPlugin:80 - create IPUIPlugin
2024-07-30 18:07:10,855 [INFO] PluginManager:220 - loadIPPluginJar : add comp
2024-07-30 18:07:10,902 [INFO] IPUIPlugin:80 - create IPUIPlugin
2024-07-30 18:07:10,902 [INFO] PluginManager:220 - loadIPPluginJar : add cryp
2024-07-30 18:07:10,942 [INFO] IPUIPlugin:80 - create IPUIPlugin
2024-07-30 18:07:10,942 [INFO] PluginManager:220 - loadIPPluginJar : add dfsdm
2024-07-30 18:07:10,961 [INFO] IPUIPlugin:80 - create IPUIPlugin
2024-07-30 18:07:10,961 [INFO] PluginManager:220 - loadIPPluginJar : add dma
2024-07-30 18:07:11,023 [INFO] IPUIPlugin:80 - create IPUIPlugin
2024-07-30 18:07:11,023 [INFO] PluginManager:220 - loadIPPluginJar : add dma3
2024-07-30 18:07:11,088 [INFO] IPUIPlugin:80 - create IPUIPlugin
2024-07-30 18:07:11,088 [INFO] PluginManager:220 - loadIPPluginJar : add extmemmanager
2024-07-30 18:07:11,114 [INFO] IPUIPlugin:80 - create IPUIPlugin
2024-07-30 18:07:11,114 [INFO] PluginManager:220 - loadIPPluginJar : add fatfs
2024-07-30 18:07:11,170 [INFO] IPUIPlugin:80 - create IPUIPlugin
2024-07-30 18:07:11,170 [INFO] PluginManager:220 - loadIPPluginJar : add fmc
2024-07-30 18:07:11,188 [INFO] IPUIPlugin:80 - create IPUIPlugin
2024-07-30 18:07:11,188 [INFO] PluginManager:220 - loadIPPluginJar : add freertos
2024-07-30 18:07:11,215 [INFO] IPUIPlugin:80 - create IPUIPlugin
2024-07-30 18:07:11,215 [INFO] PluginManager:220 - loadIPPluginJar : add genericplugin
2024-07-30 18:07:11,334 [INFO] IPUIPlugin:80 - create IPUIPlugin
2024-07-30 18:07:11,334 [INFO] PluginManager:220 - loadIPPluginJar : add gfxmmu
2024-07-30 18:07:11,512 [INFO] IPUIPlugin:80 - create IPUIPlugin
2024-07-30 18:07:11,512 [INFO] PluginManager:220 - loadIPPluginJar : add gic
2024-07-30 18:07:11,527 [INFO] IPUIPlugin:80 - create IPUIPlugin
2024-07-30 18:07:11,527 [INFO] PluginManager:220 - loadIPPluginJar : add gpio
2024-07-30 18:07:11,633 [INFO] IPUIPlugin:80 - create IPUIPlugin
2024-07-30 18:07:11,633 [INFO] PluginManager:220 - loadIPPluginJar : add gtzc
2024-07-30 18:07:11,673 [INFO] IPUIPlugin:80 - create IPUIPlugin
2024-07-30 18:07:11,673 [INFO] PluginManager:220 - loadIPPluginJar : add hash
2024-07-30 18:07:11,737 [INFO] IPUIPlugin:80 - create IPUIPlugin
2024-07-30 18:07:11,737 [INFO] PluginManager:220 - loadIPPluginJar : add i2c
2024-07-30 18:07:11,783 [INFO] IPUIPlugin:80 - create IPUIPlugin
2024-07-30 18:07:11,784 [INFO] PluginManager:220 - loadIPPluginJar : add i2s
2024-07-30 18:07:11,831 [INFO] IPUIPlugin:80 - create IPUIPlugin
2024-07-30 18:07:11,831 [INFO] PluginManager:220 - loadIPPluginJar : add i3c
2024-07-30 18:07:11,952 [INFO] IPUIPlugin:80 - create IPUIPlugin
2024-07-30 18:07:11,952 [INFO] PluginManager:220 - loadIPPluginJar : add ipddr
2024-07-30 18:07:12,088 [INFO] IPUIPlugin:80 - create IPUIPlugin
2024-07-30 18:07:12,088 [INFO] PluginManager:220 - loadIPPluginJar : add linkedlist
2024-07-30 18:07:12,134 [INFO] IPUIPlugin:80 - create IPUIPlugin
2024-07-30 18:07:12,135 [INFO] PluginManager:220 - loadIPPluginJar : add lorawan
2024-07-30 18:07:12,177 [INFO] IPUIPlugin:80 - create IPUIPlugin
2024-07-30 18:07:12,178 [INFO] PluginManager:220 - loadIPPluginJar : add ltdc
2024-07-30 18:07:12,192 [INFO] IPUIPlugin:80 - create IPUIPlugin
2024-07-30 18:07:12,193 [INFO] PluginManager:220 - loadIPPluginJar : add mdma
2024-07-30 18:07:12,208 [INFO] IPUIPlugin:80 - create IPUIPlugin
2024-07-30 18:07:12,208 [INFO] PluginManager:220 - loadIPPluginJar : add nvic
2024-07-30 18:07:12,254 [INFO] IPUIPlugin:80 - create IPUIPlugin
2024-07-30 18:07:12,254 [INFO] PluginManager:220 - loadIPPluginJar : add opamp
2024-07-30 18:07:12,325 [INFO] IPUIPlugin:80 - create IPUIPlugin
2024-07-30 18:07:12,326 [INFO] PluginManager:220 - loadIPPluginJar : add openamp
2024-07-30 18:07:12,383 [INFO] IPUIPlugin:80 - create IPUIPlugin
2024-07-30 18:07:12,384 [INFO] PluginManager:220 - loadIPPluginJar : add pdm2pcm
2024-07-30 18:07:12,402 [INFO] IPUIPlugin:80 - create IPUIPlugin
2024-07-30 18:07:12,405 [INFO] PluginManager:220 - loadIPPluginJar : add plateformsettings
2024-07-30 18:07:12,430 [INFO] IPUIPlugin:80 - create IPUIPlugin
2024-07-30 18:07:12,431 [INFO] PluginManager:220 - loadIPPluginJar : add quadspi
2024-07-30 18:07:12,448 [INFO] IPUIPlugin:80 - create IPUIPlugin
2024-07-30 18:07:12,448 [INFO] PluginManager:220 - loadIPPluginJar : add resmgrutility
2024-07-30 18:07:12,505 [INFO] IPUIPlugin:80 - create IPUIPlugin
2024-07-30 18:07:12,505 [INFO] PluginManager:220 - loadIPPluginJar : add sai
2024-07-30 18:07:12,566 [INFO] IPUIPlugin:80 - create IPUIPlugin
2024-07-30 18:07:12,566 [INFO] PluginManager:220 - loadIPPluginJar : add spi
2024-07-30 18:07:12,672 [INFO] IPUIPlugin:80 - create IPUIPlugin
2024-07-30 18:07:12,672 [INFO] PluginManager:220 - loadIPPluginJar : add stm32_wpan
2024-07-30 18:07:12,713 [INFO] IPUIPlugin:80 - create IPUIPlugin
2024-07-30 18:07:12,713 [INFO] PluginManager:220 - loadIPPluginJar : add tim
2024-07-30 18:07:12,821 [INFO] IPUIPlugin:80 - create IPUIPlugin
2024-07-30 18:07:12,822 [INFO] PluginManager:220 - loadIPPluginJar : add touchsensing
2024-07-30 18:07:12,850 [INFO] IPUIPlugin:80 - create IPUIPlugin
2024-07-30 18:07:12,851 [INFO] PluginManager:220 - loadIPPluginJar : add tracer_emb
2024-07-30 18:07:12,888 [INFO] IPUIPlugin:80 - create IPUIPlugin
2024-07-30 18:07:12,888 [INFO] PluginManager:220 - loadIPPluginJar : add ts
2024-07-30 18:07:12,920 [INFO] IPUIPlugin:80 - create IPUIPlugin
2024-07-30 18:07:12,921 [INFO] PluginManager:220 - loadIPPluginJar : add tsc
2024-07-30 18:07:12,954 [INFO] IPUIPlugin:80 - create IPUIPlugin
2024-07-30 18:07:12,954 [INFO] PluginManager:220 - loadIPPluginJar : add ucpd
2024-07-30 18:07:13,015 [INFO] IPUIPlugin:80 - create IPUIPlugin
2024-07-30 18:07:13,015 [INFO] PluginManager:220 - loadIPPluginJar : add usart
2024-07-30 18:07:13,099 [INFO] IPUIPlugin:80 - create IPUIPlugin
2024-07-30 18:07:13,099 [INFO] PluginManager:220 - loadIPPluginJar : add usbx
2024-07-30 18:07:13,113 [INFO] ThirdPartyUpdaterWithRetryManager:70 - Updater plugin not ready yet. [2/15]
2024-07-30 18:07:13,217 [INFO] CADModel:165 - CPN selected for project level
2024-07-30 18:07:13,217 [INFO] CADModel:114 - Register for checkConnection events
2024-07-30 18:07:13,217 [FATAL] Updater:308 - Updater called before beeing initialized
2024-07-30 18:07:13,217 [ERROR] CADModel:125 - Updater not yet initialized, retry later 
