2024-09-27 12:01:41,051 [INFO] Activator:176 - 


2024-09-27 12:01:41,057 [INFO] Activator:177 - !SESSION log4j initialized
2024-09-27 12:01:45,931 [INFO] LogOutputStream:77 - [STDOUT_REDIRECT] 
2024-09-27 12:01:47,332 [INFO] ApplicationProperties:184 - Using Application install path: C:\ST\STM32CubeIDE_1.15.0\STM32CubeIDE\plugins\com.st.stm32cube.common.mx_6.11.0.202403141607
2024-09-27 12:01:47,349 [INFO] DbMcusXml:78 - Set database path to: C:\ST\STM32CubeIDE_1.15.0\STM32CubeIDE\plugins\com.st.stm32cube.common.mx_6.11.0.202403141607\\db\/mcu/
2024-09-27 12:01:47,349 [INFO] ApiDb:274 - Set plugin database path to: C:\ST\STM32CubeIDE_1.15.0\STM32CubeIDE\plugins\com.st.stm32cube.common.mx_6.11.0.202403141607\\db\/plugins/boardmanager/
2024-09-27 12:01:47,349 [WARN] ApiDb:259 - Overriding images path with different value:  => C:\ST\STM32CubeIDE_1.15.0\STM32CubeIDE\plugins\com.st.stm32cube.common.mx_6.11.0.202403141607\\db\/plugins/mcufinder/images/
2024-09-27 12:01:47,354 [INFO] ApiDb:250 - Set database path to: C:\Users\Admin\.stmcufinder\plugins\mcufinder//mcu/
2024-09-27 12:01:47,355 [INFO] DbMcusAds:125 - Set database path to: C:\Users\Admin\.stmcufinder\plugins\mcufinder//mcu/
2024-09-27 12:01:47,356 [INFO] CrossReferenceDbSqlite:203 - Set database path to: C:\Users\Admin\.stmcufinder\plugins\mcufinder//mcu/cs/
2024-09-27 12:01:47,443 [INFO] RulesReader:64 - Compatibility file has been processed (297 Rules)
2024-09-27 12:01:47,505 [INFO] DbMcusXml:78 - Set database path to: C:\ST\STM32CubeIDE_1.15.0\STM32CubeIDE\plugins\com.st.stm32cube.common.mx_6.11.0.202403141607\\db\/mcu/
2024-09-27 12:01:47,506 [INFO] ApiDb:274 - Set plugin database path to: C:\ST\STM32CubeIDE_1.15.0\STM32CubeIDE\plugins\com.st.stm32cube.common.mx_6.11.0.202403141607\\db\/plugins/boardmanager/
2024-09-27 12:01:47,506 [INFO] ApiDb:261 - Set plugin images path to: C:\ST\STM32CubeIDE_1.15.0\STM32CubeIDE\plugins\com.st.stm32cube.common.mx_6.11.0.202403141607\\db\/plugins/mcufinder/images/
2024-09-27 12:01:47,506 [WARN] DbFile:41 - Overriding database path with different value: C:\Users\Admin\.stmcufinder\plugins\mcufinder/ => C:\Users\Admin\.stmcufinder\plugins\mcufinder
2024-09-27 12:01:47,506 [INFO] ApiDb:250 - Set database path to: C:\Users\Admin\.stmcufinder\plugins\mcufinder//mcu/
2024-09-27 12:01:47,506 [WARN] DbFile:41 - Overriding database path with different value: C:\Users\Admin\.stmcufinder\plugins\mcufinder/ => C:\Users\Admin\.stmcufinder\plugins\mcufinder
2024-09-27 12:01:47,506 [INFO] DbMcusAds:125 - Set database path to: C:\Users\Admin\.stmcufinder\plugins\mcufinder//mcu/
2024-09-27 12:01:47,506 [WARN] DbFile:41 - Overriding database path with different value: C:\Users\Admin\.stmcufinder\plugins\mcufinder/ => C:\Users\Admin\.stmcufinder\plugins\mcufinder
2024-09-27 12:01:47,506 [WARN] DbFile:41 - Overriding database path with different value: C:\Users\Admin\.stmcufinder\plugins\mcufinder/ => C:\Users\Admin\.stmcufinder\plugins\mcufinder
2024-09-27 12:01:47,506 [INFO] CrossReferenceDbSqlite:203 - Set database path to: C:\Users\Admin\.stmcufinder\plugins\mcufinder//mcu/cs/
2024-09-27 12:01:47,574 [INFO] MainPanel:264 - HeapMemory: 268435456
2024-09-27 12:01:47,653 [INFO] DbMcusXml:78 - Set database path to: C:\ST\STM32CubeIDE_1.15.0\STM32CubeIDE\plugins\com.st.stm32cube.common.mx_6.11.0.202403141607\\db\/mcu/
2024-09-27 12:01:47,654 [INFO] ApiDb:274 - Set plugin database path to: C:\ST\STM32CubeIDE_1.15.0\STM32CubeIDE\plugins\com.st.stm32cube.common.mx_6.11.0.202403141607\\db\/plugins/boardmanager/
2024-09-27 12:01:47,654 [INFO] ApiDb:261 - Set plugin images path to: C:\ST\STM32CubeIDE_1.15.0\STM32CubeIDE\plugins\com.st.stm32cube.common.mx_6.11.0.202403141607\\db\/plugins/mcufinder/images/
2024-09-27 12:01:47,654 [WARN] DbFile:41 - Overriding database path with different value: C:\Users\Admin\.stmcufinder\plugins\mcufinder/ => C:\Users\Admin\.stmcufinder\plugins\mcufinder
2024-09-27 12:01:47,654 [INFO] ApiDb:250 - Set database path to: C:\Users\Admin\.stmcufinder\plugins\mcufinder//mcu/
2024-09-27 12:01:47,654 [WARN] DbFile:41 - Overriding database path with different value: C:\Users\Admin\.stmcufinder\plugins\mcufinder/ => C:\Users\Admin\.stmcufinder\plugins\mcufinder
2024-09-27 12:01:47,654 [INFO] DbMcusAds:125 - Set database path to: C:\Users\Admin\.stmcufinder\plugins\mcufinder//mcu/
2024-09-27 12:01:47,654 [WARN] DbFile:41 - Overriding database path with different value: C:\Users\Admin\.stmcufinder\plugins\mcufinder/ => C:\Users\Admin\.stmcufinder\plugins\mcufinder
2024-09-27 12:01:47,654 [WARN] DbFile:41 - Overriding database path with different value: C:\Users\Admin\.stmcufinder\plugins\mcufinder/ => C:\Users\Admin\.stmcufinder\plugins\mcufinder
2024-09-27 12:01:47,655 [INFO] CrossReferenceDbSqlite:203 - Set database path to: C:\Users\Admin\.stmcufinder\plugins\mcufinder//mcu/cs/
2024-09-27 12:01:47,671 [INFO] ApplicationProperties:184 - Using Application install path: C:\ST\STM32CubeIDE_1.15.0\STM32CubeIDE\plugins\com.st.stm32cube.common.mx_6.11.0.202403141607
2024-09-27 12:01:47,672 [INFO] PluginManage:196 - Search for loadable plugins [exclusion list=, ]
2024-09-27 12:01:47,673 [INFO] PluginManage:310 - Check plugin analytics
2024-09-27 12:01:47,811 [INFO] AnalyticsPlugin:253 - Accepted Software Licenses: STM32CubeMX.6.10.0
2024-09-27 12:01:47,812 [INFO] AnalyticsPlugin:255 - Accepted CMSIS Pack Licenses: 
2024-09-27 12:01:47,812 [INFO] AnalyticsPlugin:257 - Accepted Firmware Licenses: 
2024-09-27 12:01:47,813 [INFO] PluginManage:359 - Loaded plugin analytics (category:tool,tabindex:-1)
2024-09-27 12:01:47,814 [INFO] PluginManage:310 - Check plugin cadmodel
2024-09-27 12:01:47,820 [INFO] CADModel:105 - Init CAD model plugin
2024-09-27 12:01:47,820 [INFO] PluginManage:359 - Loaded plugin cadmodel (category:power,tabindex:5)
2024-09-27 12:01:47,820 [INFO] PluginManage:310 - Check plugin clock
2024-09-27 12:01:47,829 [INFO] PluginManage:359 - Loaded plugin clock (category:base,tabindex:2)
2024-09-27 12:01:47,829 [INFO] PluginManage:310 - Check plugin ddr
2024-09-27 12:01:47,831 [INFO] PluginManage:359 - Loaded plugin ddr (category:tool,tabindex:6)
2024-09-27 12:01:47,831 [INFO] PluginManage:310 - Check plugin filemanager
2024-09-27 12:01:47,945 [INFO] PluginManage:359 - Loaded plugin filemanager (category:base,tabindex:10)
2024-09-27 12:01:47,945 [INFO] PluginManage:310 - Check plugin ipmanager
2024-09-27 12:01:47,952 [INFO] PluginManage:359 - Loaded plugin ipmanager (category:base,tabindex:5)
2024-09-27 12:01:47,952 [INFO] PluginManage:310 - Check plugin lpbam
2024-09-27 12:01:47,962 [INFO] PluginManage:359 - Loaded plugin lpbam (category:base,tabindex:0)
2024-09-27 12:01:47,963 [INFO] PluginManage:310 - Check plugin memorymap
2024-09-27 12:01:47,976 [INFO] PluginManage:359 - Loaded plugin memorymap (category:base,tabindex:4)
2024-09-27 12:01:47,977 [INFO] PluginManage:310 - Check plugin pinoutandconfiguration
2024-09-27 12:01:47,984 [INFO] PluginManage:359 - Loaded plugin pinoutandconfiguration (category:base,tabindex:1)
2024-09-27 12:01:47,984 [INFO] PluginManage:310 - Check plugin pinoutconfig
2024-09-27 12:01:48,060 [WARN] SupportedApi:132 - Cannot load RTOS API schema: s4s-elt-must-match.1: The content of 'definitions' must match (annotation?, (simpleType | complexType)?, (unique | key | keyref)*)). A problem was found starting at: attribute.
2024-09-27 12:01:48,184 [INFO] PluginManage:359 - Loaded plugin pinoutconfig (category:base,tabindex:0)
2024-09-27 12:01:48,184 [INFO] PluginManage:310 - Check plugin power
2024-09-27 12:01:48,194 [INFO] PluginManage:359 - Loaded plugin power (category:power,tabindex:4)
2024-09-27 12:01:48,194 [INFO] PluginManage:310 - Check plugin projectmanager
2024-09-27 12:01:48,208 [INFO] PluginManage:359 - Loaded plugin projectmanager (category:projectmanager,tabindex:3)
2024-09-27 12:01:48,208 [INFO] PluginManage:310 - Check plugin thirdparty
2024-09-27 12:01:48,320 [INFO] PluginManage:359 - Loaded plugin thirdparty (category:base,tabindex:-1)
2024-09-27 12:01:48,320 [WARN] IntegrityCheckThread:84 - waiting for thirdparty lock release [integrity check]
2024-09-27 12:01:48,321 [INFO] PluginManage:310 - Check plugin tools
2024-09-27 12:01:48,321 [INFO] IntegrityCheckThread:86 - entering critical section [integrity check]
2024-09-27 12:01:48,321 [INFO] ThirdPartyUpdaterWithRetryManager:70 - Updater plugin not ready yet. [1/15]
2024-09-27 12:01:48,323 [INFO] PluginManage:359 - Loaded plugin tools (category:base,tabindex:7)
2024-09-27 12:01:48,323 [INFO] PluginManage:310 - Check plugin tutovideos
2024-09-27 12:01:48,482 [INFO] PluginManage:359 - Loaded plugin tutovideos (category:base,tabindex:-1)
2024-09-27 12:01:48,482 [INFO] PluginManage:310 - Check plugin updater
2024-09-27 12:01:48,491 [INFO] PluginManage:359 - Loaded plugin updater (category:base,tabindex:12)
2024-09-27 12:01:48,491 [INFO] PluginManage:310 - Check plugin userauth
2024-09-27 12:01:48,496 [INFO] UserAuth:114 - Init User Auth plugin
2024-09-27 12:01:48,496 [INFO] PluginManage:359 - Loaded plugin userauth (category:base,tabindex:14)
2024-09-27 12:01:48,497 [INFO] PluginManage:283 - PluginManage : Loaded plugins [17]
2024-09-27 12:01:48,669 [INFO] PinOutPanel:1561 - setPackage(No Configuration,No Configuration)
2024-09-27 12:01:48,726 [INFO] CADModel:165 - CPN selected for project level
2024-09-27 12:01:48,726 [INFO] CADModel:114 - Register for checkConnection events
2024-09-27 12:01:48,741 [INFO] IPUIPlugin:80 - create IPUIPlugin
2024-09-27 12:01:48,741 [INFO] PluginManager:220 - loadIPPluginJar : add adc
2024-09-27 12:01:48,743 [INFO] IPUIPlugin:80 - create IPUIPlugin
2024-09-27 12:01:48,743 [INFO] PluginManager:220 - loadIPPluginJar : add aes
2024-09-27 12:01:48,746 [INFO] IPUIPlugin:80 - create IPUIPlugin
2024-09-27 12:01:48,746 [INFO] PluginManager:220 - loadIPPluginJar : add can
2024-09-27 12:01:48,747 [INFO] IPUIPlugin:80 - create IPUIPlugin
2024-09-27 12:01:48,747 [INFO] PluginManager:220 - loadIPPluginJar : add comp
2024-09-27 12:01:48,751 [INFO] IPUIPlugin:80 - create IPUIPlugin
2024-09-27 12:01:48,751 [INFO] PluginManager:220 - loadIPPluginJar : add cryp
2024-09-27 12:01:48,753 [INFO] IPUIPlugin:80 - create IPUIPlugin
2024-09-27 12:01:48,753 [INFO] PluginManager:220 - loadIPPluginJar : add dfsdm
2024-09-27 12:01:48,758 [INFO] IPUIPlugin:80 - create IPUIPlugin
2024-09-27 12:01:48,758 [INFO] PluginManager:220 - loadIPPluginJar : add dma
2024-09-27 12:01:48,759 [INFO] IPUIPlugin:80 - create IPUIPlugin
2024-09-27 12:01:48,759 [INFO] PluginManager:220 - loadIPPluginJar : add dma3
2024-09-27 12:01:48,761 [INFO] IPUIPlugin:80 - create IPUIPlugin
2024-09-27 12:01:48,761 [INFO] PluginManager:220 - loadIPPluginJar : add extmemmanager
2024-09-27 12:01:48,762 [INFO] IPUIPlugin:80 - create IPUIPlugin
2024-09-27 12:01:48,762 [INFO] PluginManager:220 - loadIPPluginJar : add fatfs
2024-09-27 12:01:48,765 [INFO] IPUIPlugin:80 - create IPUIPlugin
2024-09-27 12:01:48,765 [INFO] PluginManager:220 - loadIPPluginJar : add fmc
2024-09-27 12:01:48,773 [INFO] IPUIPlugin:80 - create IPUIPlugin
2024-09-27 12:01:48,773 [INFO] PluginManager:220 - loadIPPluginJar : add freertos
2024-09-27 12:01:48,775 [INFO] IPUIPlugin:80 - create IPUIPlugin
2024-09-27 12:01:48,775 [INFO] PluginManager:220 - loadIPPluginJar : add genericplugin
2024-09-27 12:01:48,777 [INFO] IPUIPlugin:80 - create IPUIPlugin
2024-09-27 12:01:48,778 [INFO] PluginManager:220 - loadIPPluginJar : add gfxmmu
2024-09-27 12:01:48,782 [INFO] IPUIPlugin:80 - create IPUIPlugin
2024-09-27 12:01:48,783 [INFO] PluginManager:220 - loadIPPluginJar : add gic
2024-09-27 12:01:48,786 [INFO] IPUIPlugin:80 - create IPUIPlugin
2024-09-27 12:01:48,786 [INFO] PluginManager:220 - loadIPPluginJar : add gpio
2024-09-27 12:01:48,788 [INFO] IPUIPlugin:80 - create IPUIPlugin
2024-09-27 12:01:48,788 [INFO] PluginManager:220 - loadIPPluginJar : add gtzc
2024-09-27 12:01:48,790 [INFO] IPUIPlugin:80 - create IPUIPlugin
2024-09-27 12:01:48,790 [INFO] PluginManager:220 - loadIPPluginJar : add hash
2024-09-27 12:01:48,791 [INFO] IPUIPlugin:80 - create IPUIPlugin
2024-09-27 12:01:48,791 [INFO] PluginManager:220 - loadIPPluginJar : add i2c
2024-09-27 12:01:48,793 [INFO] IPUIPlugin:80 - create IPUIPlugin
2024-09-27 12:01:48,793 [INFO] PluginManager:220 - loadIPPluginJar : add i2s
2024-09-27 12:01:48,795 [INFO] IPUIPlugin:80 - create IPUIPlugin
2024-09-27 12:01:48,795 [INFO] PluginManager:220 - loadIPPluginJar : add i3c
2024-09-27 12:01:48,797 [INFO] IPUIPlugin:80 - create IPUIPlugin
2024-09-27 12:01:48,797 [INFO] PluginManager:220 - loadIPPluginJar : add ipddr
2024-09-27 12:01:48,803 [INFO] IPUIPlugin:80 - create IPUIPlugin
2024-09-27 12:01:48,803 [INFO] PluginManager:220 - loadIPPluginJar : add linkedlist
2024-09-27 12:01:48,805 [INFO] IPUIPlugin:80 - create IPUIPlugin
2024-09-27 12:01:48,805 [INFO] PluginManager:220 - loadIPPluginJar : add lorawan
2024-09-27 12:01:48,806 [INFO] IPUIPlugin:80 - create IPUIPlugin
2024-09-27 12:01:48,806 [INFO] PluginManager:220 - loadIPPluginJar : add ltdc
2024-09-27 12:01:48,812 [INFO] IPUIPlugin:80 - create IPUIPlugin
2024-09-27 12:01:48,812 [INFO] PluginManager:220 - loadIPPluginJar : add mdma
2024-09-27 12:01:48,815 [INFO] IPUIPlugin:80 - create IPUIPlugin
2024-09-27 12:01:48,816 [INFO] PluginManager:220 - loadIPPluginJar : add nvic
2024-09-27 12:01:48,818 [INFO] IPUIPlugin:80 - create IPUIPlugin
2024-09-27 12:01:48,818 [INFO] PluginManager:220 - loadIPPluginJar : add opamp
2024-09-27 12:01:48,820 [INFO] IPUIPlugin:80 - create IPUIPlugin
2024-09-27 12:01:48,820 [INFO] PluginManager:220 - loadIPPluginJar : add openamp
2024-09-27 12:01:48,822 [INFO] IPUIPlugin:80 - create IPUIPlugin
2024-09-27 12:01:48,822 [INFO] PluginManager:220 - loadIPPluginJar : add pdm2pcm
2024-09-27 12:01:48,826 [INFO] IPUIPlugin:80 - create IPUIPlugin
2024-09-27 12:01:48,828 [INFO] PluginManager:220 - loadIPPluginJar : add plateformsettings
2024-09-27 12:01:48,829 [INFO] IPUIPlugin:80 - create IPUIPlugin
2024-09-27 12:01:48,829 [INFO] PluginManager:220 - loadIPPluginJar : add quadspi
2024-09-27 12:01:48,832 [INFO] IPUIPlugin:80 - create IPUIPlugin
2024-09-27 12:01:48,832 [INFO] PluginManager:220 - loadIPPluginJar : add resmgrutility
2024-09-27 12:01:48,834 [INFO] IPUIPlugin:80 - create IPUIPlugin
2024-09-27 12:01:48,835 [INFO] PluginManager:220 - loadIPPluginJar : add sai
2024-09-27 12:01:48,836 [INFO] IPUIPlugin:80 - create IPUIPlugin
2024-09-27 12:01:48,836 [INFO] PluginManager:220 - loadIPPluginJar : add spi
2024-09-27 12:01:48,840 [INFO] IPUIPlugin:80 - create IPUIPlugin
2024-09-27 12:01:48,840 [INFO] PluginManager:220 - loadIPPluginJar : add stm32_wpan
2024-09-27 12:01:48,842 [INFO] IPUIPlugin:80 - create IPUIPlugin
2024-09-27 12:01:48,842 [INFO] PluginManager:220 - loadIPPluginJar : add tim
2024-09-27 12:01:48,846 [INFO] IPUIPlugin:80 - create IPUIPlugin
2024-09-27 12:01:48,846 [INFO] PluginManager:220 - loadIPPluginJar : add touchsensing
2024-09-27 12:01:48,849 [INFO] IPUIPlugin:80 - create IPUIPlugin
2024-09-27 12:01:48,849 [INFO] PluginManager:220 - loadIPPluginJar : add tracer_emb
2024-09-27 12:01:48,850 [INFO] IPUIPlugin:80 - create IPUIPlugin
2024-09-27 12:01:48,851 [INFO] PluginManager:220 - loadIPPluginJar : add ts
2024-09-27 12:01:48,852 [INFO] IPUIPlugin:80 - create IPUIPlugin
2024-09-27 12:01:48,852 [INFO] PluginManager:220 - loadIPPluginJar : add tsc
2024-09-27 12:01:48,853 [INFO] IPUIPlugin:80 - create IPUIPlugin
2024-09-27 12:01:48,853 [INFO] PluginManager:220 - loadIPPluginJar : add ucpd
2024-09-27 12:01:48,856 [INFO] IPUIPlugin:80 - create IPUIPlugin
2024-09-27 12:01:48,856 [INFO] PluginManager:220 - loadIPPluginJar : add usart
2024-09-27 12:01:48,859 [INFO] IPUIPlugin:80 - create IPUIPlugin
2024-09-27 12:01:48,859 [INFO] PluginManager:220 - loadIPPluginJar : add usbx
2024-09-27 12:01:48,974 [INFO] CADModel:165 - CPN selected for project level
2024-09-27 12:01:48,974 [INFO] CADModel:114 - Register for checkConnection events
2024-09-27 12:01:48,974 [FATAL] Updater:308 - Updater called before beeing initialized
2024-09-27 12:01:48,974 [ERROR] CADModel:125 - Updater not yet initialized, retry later 
2024-09-27 12:01:49,083 [INFO] CADModel:165 - CPN selected for project level
2024-09-27 12:01:49,083 [INFO] CADModel:114 - Register for checkConnection events
2024-09-27 12:01:49,083 [FATAL] Updater:308 - Updater called before beeing initialized
2024-09-27 12:01:49,083 [ERROR] CADModel:125 - Updater not yet initialized, retry later 
2024-09-27 12:01:49,086 [FATAL] Updater:308 - Updater called before beeing initialized
2024-09-27 12:01:49,174 [FATAL] Updater:308 - Updater called before beeing initialized
2024-09-27 12:01:49,178 [INFO] DbMcusAds:53 - JSON generation date=Fri Sep 20 20:04:23 ICT 2024 (1726837463113)
2024-09-27 12:01:49,179 [FATAL] Updater:308 - Updater called before beeing initialized
2024-09-27 12:01:49,210 [WARN] DetailPanel:346 - Failed to get advertising image, set to default
2024-09-27 12:01:49,280 [FATAL] Updater:308 - Updater called before beeing initialized
2024-09-27 12:01:49,282 [FATAL] Updater:308 - Updater called before beeing initialized
2024-09-27 12:01:49,282 [FATAL] Updater:308 - Updater called before beeing initialized
2024-09-27 12:01:49,282 [WARN] DetailPanel:346 - Failed to get advertising image, set to default
2024-09-27 12:01:49,283 [FATAL] Updater:308 - Updater called before beeing initialized
2024-09-27 12:01:49,324 [ERROR] Updater:1120 - MainUpdater not yet initialized. External WinMGr cannot be set.
2024-09-27 12:01:49,326 [INFO] Updater:1056 - Updater Version found : 6.11.0
2024-09-27 12:01:49,345 [INFO] ApplicationProperties:184 - Using Application install path: C:\ST\STM32CubeIDE_1.15.0\STM32CubeIDE\plugins\com.st.stm32cube.common.mx_6.11.0.202403141607
2024-09-27 12:01:50,911 [ERROR] LogOutputStream:75 - [STDERR_REDIRECT] Sep 27, 2024 12:01:50 PM java.util.prefs.WindowsPreferences <init>
2024-09-27 12:01:50,912 [ERROR] LogOutputStream:75 - [STDERR_REDIRECT] WARNING: Could not open/create prefs root node Software\JavaSoft\Prefs at root 0xffffffff80000002. Windows RegCreateKeyEx(...) returned error code 5.
2024-09-27 12:01:50,912 [ERROR] LogOutputStream:75 - [STDERR_REDIRECT] 
2024-09-27 12:01:51,219 [INFO] MainUpdater:2873 - connection check result : 10
2024-09-27 12:01:51,219 [INFO] MainUpdater:290 - Updater Check For Update Now.
2024-09-27 12:01:51,219 [INFO] MicroXplorer:498 - Change Database Version : DB.6.0.110
2024-09-27 12:01:51,225 [INFO] McuFinderGlobals:63 - Set McuFinder mode to 2 (CubeIDE integrated)
2024-09-27 12:01:51,231 [INFO] UserAuth:415 - Internet connection configuration mode: 1
2024-09-27 12:01:51,245 [INFO] JxBrowserEngine:152 - Initiate JxBrowser Engine with user profile folder
2024-09-27 12:01:51,322 [WARN] MainUpdater:1194 - Updater busy. Cannot search thirdparties
2024-09-27 12:01:51,322 [INFO] ThirdPartyUpdaterWithRetryManager:96 - Updater plugin is busy. [1/15]
2024-09-27 12:01:51,375 [INFO] CheckServerUpdateThread:120 - End of CheckServer Thread
2024-09-27 12:01:54,453 [INFO] WebApp:161 - Instantiating new browser for Auth
2024-09-27 12:01:54,456 [WARN] PackLoader:240 - Cannot read IP mode file for STMicroelectronics.FP-SNS-MOTENVWB1.1.4.0
2024-09-27 12:01:54,466 [WARN] PackLoader:240 - Cannot read IP mode file for STMicroelectronics.X-CUBE-SMBUS.2.1.0
2024-09-27 12:01:54,472 [WARN] PackLoader:240 - Cannot read IP mode file for STMicroelectronics.X-CUBE-TOUCHGFX.4.23.0
2024-09-27 12:01:54,477 [WARN] PackLoader:240 - Cannot read IP mode file for STMicroelectronics.X-CUBE-TOUCHGFX.4.23.2
2024-09-27 12:01:54,504 [WARN] PackLoader:240 - Cannot read IP mode file for STMicroelectronics.X-CUBE-AZRTOS-F7.1.1.0
2024-09-27 12:01:54,512 [WARN] PackLoader:240 - Cannot read IP mode file for STMicroelectronics.FP-SNS-MOTENV1.4.3.2
2024-09-27 12:01:54,572 [WARN] PackLoader:240 - Cannot read IP mode file for STMicroelectronics.X-CUBE-MEMS1.11.0.0
2024-09-27 12:01:54,676 [WARN] PackLoader:240 - Cannot read IP mode file for STMicroelectronics.FP-SNS-FLIGHT1.5.0.2
2024-09-27 12:01:54,682 [WARN] PackLoader:240 - Cannot read IP mode file for STMicroelectronics.X-CUBE-DISPLAY.3.0.0
2024-09-27 12:01:54,689 [WARN] PackLoader:240 - Cannot read IP mode file for STMicroelectronics.X-CUBE-BLE1.7.0.0
2024-09-27 12:01:54,693 [WARN] PackLoader:240 - Cannot read IP mode file for emotas.I-CUBE-CANOPEN.1.3.0
2024-09-27 12:01:54,710 [WARN] PackLoader:240 - Cannot read IP mode file for STMicroelectronics.X-CUBE-BLEMGR.3.1.0
2024-09-27 12:01:54,717 [WARN] PackLoader:240 - Cannot read IP mode file for STMicroelectronics.FP-SNS-SMARTAG2.1.2.0
2024-09-27 12:01:54,726 [INFO] LogOutputStream:77 - [STDOUT_REDIRECT] 1 : Invalid condition id : UX_CORESTACK_Condition cause : null
2024-09-27 12:01:54,726 [INFO] LogOutputStream:77 - [STDOUT_REDIRECT] 1 : Invalid condition id : UX_CORESTACK_Condition cause : null
2024-09-27 12:01:54,727 [INFO] LogOutputStream:77 - [STDOUT_REDIRECT] 1 : Invalid condition id : UX_CORESTACK_Condition cause : null
2024-09-27 12:01:54,728 [INFO] LogOutputStream:77 - [STDOUT_REDIRECT] 1 : Invalid condition id : UX_CORESTACK_Condition cause : null
2024-09-27 12:01:54,730 [INFO] LogOutputStream:77 - [STDOUT_REDIRECT] 1 : Invalid condition id : UX_CORESTACK_Condition cause : null
2024-09-27 12:01:54,733 [WARN] PackLoader:240 - Cannot read IP mode file for STMicroelectronics.X-CUBE-AZRTOS-WL.2.0.0
2024-09-27 12:01:54,739 [WARN] PackLoader:240 - Cannot read IP mode file for STMicroelectronics.FP-SNS-MOTENV1.5.0.0
2024-09-27 12:01:54,745 [WARN] PackLoader:240 - Cannot read IP mode file for wolfSSL.I-CUBE-wolfMQTT.1.19.0
2024-09-27 12:01:54,753 [WARN] PackLoader:240 - Cannot read IP mode file for WES.I-CUBE-Cesium.1.3.0
2024-09-27 12:01:54,757 [WARN] PackLoader:240 - Cannot read IP mode file for STMicroelectronics.X-CUBE-BLE2.3.3.0
2024-09-27 12:01:54,762 [WARN] PackLoader:240 - Cannot read IP mode file for STMicroelectronics.X-CUBE-TCPP.4.1.0
2024-09-27 12:01:54,779 [WARN] PackLoader:240 - Cannot read IP mode file for STMicroelectronics.X-CUBE-ALGOBUILD.1.3.0
2024-09-27 12:01:54,794 [WARN] PackLoader:240 - Cannot read IP mode file for STMicroelectronics.X-CUBE-AZRTOS-G0.1.1.0
2024-09-27 12:01:54,805 [WARN] PackLoader:240 - Cannot read IP mode file for STMicroelectronics.X-CUBE-SAFEA1.1.2.2
2024-09-27 12:01:54,821 [WARN] PackLoader:240 - Cannot read IP mode file for STMicroelectronics.X-CUBE-NFC4.3.0.0
2024-09-27 12:01:54,829 [WARN] PackLoader:240 - Cannot read IP mode file for EmbeddedOffice.I-CUBE-FS-RTOS.1.0.1
2024-09-27 12:01:54,829 [ERROR] ConditionMgr:805 - Attr not supported : Dmpu
2024-09-27 12:01:54,829 [ERROR] ConditionMgr:805 - Attr not supported : Dmpu
2024-09-27 12:01:54,829 [ERROR] ConditionMgr:805 - Attr not supported : Dmpu
2024-09-27 12:01:54,829 [ERROR] ConditionMgr:805 - Attr not supported : Dmpu
2024-09-27 12:01:54,829 [ERROR] ConditionMgr:805 - Attr not supported : Dmpu
2024-09-27 12:01:54,830 [ERROR] ConditionMgr:805 - Attr not supported : Dmpu
2024-09-27 12:01:54,830 [ERROR] ConditionMgr:805 - Attr not supported : Dmpu
2024-09-27 12:01:54,830 [ERROR] ConditionMgr:805 - Attr not supported : Dmpu
2024-09-27 12:01:54,830 [ERROR] ConditionMgr:805 - Attr not supported : Dmpu
2024-09-27 12:01:54,830 [ERROR] ConditionMgr:805 - Attr not supported : Dmpu
2024-09-27 12:01:54,830 [ERROR] ConditionMgr:805 - Attr not supported : Dmpu
2024-09-27 12:01:54,830 [ERROR] ConditionMgr:805 - Attr not supported : Dmpu
2024-09-27 12:01:54,830 [ERROR] ConditionMgr:805 - Attr not supported : Dmpu
2024-09-27 12:01:54,830 [ERROR] ConditionMgr:805 - Attr not supported : Dmpu
2024-09-27 12:01:54,830 [ERROR] ConditionMgr:805 - Attr not supported : Dmpu
2024-09-27 12:01:54,830 [ERROR] ConditionMgr:805 - Attr not supported : Dmpu
2024-09-27 12:01:54,830 [ERROR] ConditionMgr:805 - Attr not supported : Dmpu
2024-09-27 12:01:54,830 [ERROR] ConditionMgr:805 - Attr not supported : Dmpu
2024-09-27 12:01:54,830 [ERROR] ConditionMgr:805 - Attr not supported : Dmpu
2024-09-27 12:01:54,830 [ERROR] ConditionMgr:805 - Attr not supported : Dmpu
2024-09-27 12:01:54,830 [ERROR] ConditionMgr:805 - Attr not supported : Dmpu
2024-09-27 12:01:54,830 [ERROR] ConditionMgr:805 - Attr not supported : Dmpu
2024-09-27 12:01:54,830 [ERROR] ConditionMgr:805 - Attr not supported : Dmpu
2024-09-27 12:01:54,830 [ERROR] ConditionMgr:805 - Attr not supported : Dmpu
2024-09-27 12:01:54,830 [ERROR] ConditionMgr:805 - Attr not supported : Dmpu
2024-09-27 12:01:54,830 [ERROR] ConditionMgr:805 - Attr not supported : Dmpu
2024-09-27 12:01:54,830 [ERROR] ConditionMgr:805 - Attr not supported : Dmpu
2024-09-27 12:01:54,830 [ERROR] ConditionMgr:805 - Attr not supported : Dmpu
2024-09-27 12:01:54,830 [ERROR] ConditionMgr:805 - Attr not supported : Dmpu
2024-09-27 12:01:54,830 [ERROR] ConditionMgr:805 - Attr not supported : Dmpu
2024-09-27 12:01:54,831 [ERROR] ConditionMgr:805 - Attr not supported : Dmpu
2024-09-27 12:01:54,831 [ERROR] ConditionMgr:805 - Attr not supported : Dmpu
2024-09-27 12:01:54,831 [ERROR] ConditionMgr:805 - Attr not supported : Dmpu
2024-09-27 12:01:54,831 [ERROR] ConditionMgr:805 - Attr not supported : Dmpu
2024-09-27 12:01:54,831 [ERROR] ConditionMgr:805 - Attr not supported : Dmpu
2024-09-27 12:01:54,831 [ERROR] ConditionMgr:805 - Attr not supported : Dmpu
2024-09-27 12:01:54,831 [ERROR] ConditionMgr:805 - Attr not supported : Dmpu
2024-09-27 12:01:54,831 [ERROR] ConditionMgr:805 - Attr not supported : Dmpu
2024-09-27 12:01:54,831 [ERROR] ConditionMgr:805 - Attr not supported : Dmpu
2024-09-27 12:01:54,831 [ERROR] ConditionMgr:805 - Attr not supported : Dmpu
2024-09-27 12:01:54,831 [ERROR] ConditionMgr:805 - Attr not supported : Dmpu
2024-09-27 12:01:54,831 [ERROR] ConditionMgr:805 - Attr not supported : Dmpu
2024-09-27 12:01:54,831 [ERROR] ConditionMgr:805 - Attr not supported : Dmpu
2024-09-27 12:01:54,831 [ERROR] ConditionMgr:805 - Attr not supported : Dmpu
2024-09-27 12:01:54,831 [ERROR] ConditionMgr:805 - Attr not supported : Dmpu
2024-09-27 12:01:54,831 [ERROR] ConditionMgr:805 - Attr not supported : Dmpu
2024-09-27 12:01:54,831 [ERROR] ConditionMgr:805 - Attr not supported : Dmpu
2024-09-27 12:01:54,831 [ERROR] ConditionMgr:805 - Attr not supported : Dmpu
2024-09-27 12:01:54,831 [ERROR] ConditionMgr:805 - Attr not supported : Dmpu
2024-09-27 12:01:54,831 [ERROR] ConditionMgr:805 - Attr not supported : Dmpu
2024-09-27 12:01:54,831 [ERROR] ConditionMgr:805 - Attr not supported : Dmpu
2024-09-27 12:01:54,831 [ERROR] ConditionMgr:805 - Attr not supported : Dmpu
2024-09-27 12:01:54,831 [ERROR] ConditionMgr:805 - Attr not supported : Dmpu
2024-09-27 12:01:54,832 [ERROR] ConditionMgr:805 - Attr not supported : Dmpu
2024-09-27 12:01:54,832 [ERROR] ConditionMgr:805 - Attr not supported : Dmpu
2024-09-27 12:01:54,832 [ERROR] ConditionMgr:805 - Attr not supported : Dmpu
2024-09-27 12:01:54,832 [ERROR] ConditionMgr:805 - Attr not supported : Dmpu
2024-09-27 12:01:54,832 [ERROR] ConditionMgr:805 - Attr not supported : Dmpu
2024-09-27 12:01:54,832 [ERROR] ConditionMgr:805 - Attr not supported : Dmpu
2024-09-27 12:01:54,832 [ERROR] ConditionMgr:805 - Attr not supported : Dmpu
2024-09-27 12:01:54,832 [ERROR] ConditionMgr:805 - Attr not supported : Dmpu
2024-09-27 12:01:54,832 [ERROR] ConditionMgr:805 - Attr not supported : Dmpu
2024-09-27 12:01:54,832 [ERROR] ConditionMgr:805 - Attr not supported : Dmpu
2024-09-27 12:01:54,832 [ERROR] ConditionMgr:805 - Attr not supported : Dmpu
2024-09-27 12:01:54,836 [WARN] PackLoader:240 - Cannot read IP mode file for RealThread.X-CUBE-RT-Thread_Nano.4.1.1
2024-09-27 12:01:54,839 [WARN] PackLoader:240 - Cannot read IP mode file for STMicroelectronics.FP-ATR-SIGFOX1.3.2.0
2024-09-27 12:01:54,844 [WARN] PackLoader:240 - Cannot read IP mode file for STMicroelectronics.X-CUBE-EEPRMA1.5.1.0
2024-09-27 12:01:54,864 [WARN] PackLoader:240 - Cannot read IP mode file for SEGGER.I-CUBE-embOS.1.3.1
2024-09-27 12:01:54,922 [WARN] PackLoader:240 - Cannot read IP mode file for STMicroelectronics.X-CUBE-ALGOBUILD.1.4.0
2024-09-27 12:01:54,932 [WARN] PackLoader:240 - Cannot read IP mode file for STMicroelectronics.X-CUBE-GNSS1.6.0.0
2024-09-27 12:01:54,948 [WARN] PackLoader:240 - Cannot read IP mode file for STMicroelectronics.X-CUBE-AZRTOS-F4.1.1.0
2024-09-27 12:01:54,959 [WARN] PackLoader:240 - Cannot read IP mode file for STMicroelectronics.X-CUBE-ISPU.2.1.0
2024-09-27 12:01:54,965 [WARN] PackLoader:240 - Cannot read IP mode file for STMicroelectronics.X-CUBE-FREERTOS.1.2.0
2024-09-27 12:01:54,970 [WARN] PackLoader:240 - Cannot read IP mode file for wolfSSL.I-CUBE-wolfSSL.5.6.6
2024-09-27 12:01:54,984 [WARN] PackLoader:240 - Cannot read IP mode file for STMicroelectronics.X-CUBE-AZRTOS-L5.2.0.0
2024-09-27 12:01:54,992 [WARN] PackLoader:240 - Cannot read IP mode file for STMicroelectronics.X-CUBE-NFC6.3.1.0
2024-09-27 12:01:54,999 [WARN] PackLoader:240 - Cannot read IP mode file for ITTIA_DB.I-CUBE-ITTIADB.8.8.0
2024-09-27 12:01:55,003 [WARN] PackLoader:240 - Cannot read IP mode file for STMicroelectronics.X-CUBE-DPower.1.2.0
2024-09-27 12:01:55,007 [WARN] PackLoader:240 - Cannot read IP mode file for STMicroelectronics.X-CUBE-AI.9.0.0
2024-09-27 12:01:55,011 [WARN] PackLoader:240 - Cannot read IP mode file for STMicroelectronics.X-CUBE-NFC7.1.0.1
2024-09-27 12:01:55,015 [WARN] PackLoader:240 - Cannot read IP mode file for wolfSSL.I-CUBE-wolfTPM.3.2.0
2024-09-27 12:01:55,022 [WARN] PackLoader:240 - Cannot read IP mode file for STMicroelectronics.X-CUBE-NFC6.3.0.0
2024-09-27 12:01:55,028 [WARN] PackLoader:240 - Cannot read IP mode file for STMicroelectronics.X-CUBE-AI.8.1.0
2024-09-27 12:01:55,040 [WARN] ConditionMgr:438 - getConditionDescription Invalid condition id : LAN8742 Phy interface Condition cause : null
2024-09-27 12:01:55,041 [WARN] PackLoader:240 - Cannot read IP mode file for STMicroelectronics.X-CUBE-AZRTOS-L4.2.0.0
2024-09-27 12:01:55,042 [WARN] ConditionMgr:1039 - genDependencies : Invalid condition id : LAN8742 Phy interface Condition cause : null
2024-09-27 12:01:55,042 [WARN] ConditionMgr:1039 - genDependencies : Invalid condition id : LAN8742 Phy interface Condition cause : null
2024-09-27 12:01:55,043 [WARN] ConditionMgr:1039 - genDependencies : Invalid condition id : LAN8742 Phy interface Condition cause : null
2024-09-27 12:01:55,049 [WARN] PackLoader:240 - Cannot read IP mode file for STMicroelectronics.X-CUBE-SFXS2LP1.4.0.0
2024-09-27 12:01:55,068 [WARN] PackLoader:240 - Cannot read IP mode file for STMicroelectronics.X-CUBE-AZRTOS-H7.3.3.0
2024-09-27 12:01:55,085 [WARN] ConditionMgr:438 - getConditionDescription Invalid condition id : UX DEVICE CLASS RTOS Condition cause : null
2024-09-27 12:01:55,085 [WARN] ConditionMgr:438 - getConditionDescription Invalid condition id : UX DEVICE CLASS RTOS Condition cause : null
2024-09-27 12:01:55,088 [WARN] PackLoader:240 - Cannot read IP mode file for STMicroelectronics.X-CUBE-AZRTOS-WB.2.0.0
2024-09-27 12:01:55,089 [WARN] ConditionMgr:1039 - genDependencies : Invalid condition id : UX DEVICE CLASS RTOS Condition cause : null
2024-09-27 12:01:55,089 [WARN] ConditionMgr:1039 - genDependencies : Invalid condition id : UX DEVICE CLASS RTOS Condition cause : null
2024-09-27 12:01:55,089 [WARN] ConditionMgr:1039 - genDependencies : Invalid condition id : UX DEVICE CLASS RTOS Condition cause : null
2024-09-27 12:01:55,089 [WARN] ConditionMgr:1039 - genDependencies : Invalid condition id : UX DEVICE CLASS RTOS Condition cause : null
2024-09-27 12:01:55,090 [WARN] ConditionMgr:1039 - genDependencies : Invalid condition id : UX DEVICE CLASS RTOS Condition cause : null
2024-09-27 12:01:55,095 [WARN] PackLoader:240 - Cannot read IP mode file for STMicroelectronics.X-CUBE-GNSS1.7.0.0
2024-09-27 12:01:55,102 [WARN] PackLoader:240 - Cannot read IP mode file for STMicroelectronics.FP-SNS-STBOX1.2.0.0
2024-09-27 12:01:55,113 [WARN] PackLoader:240 - Cannot read IP mode file for STMicroelectronics.X-CUBE-SUBG2.5.0.0
2024-09-27 12:01:55,123 [WARN] PackLoader:240 - Cannot read IP mode file for Cesanta.I-CUBE-Mongoose.7.13.0
2024-09-27 12:01:55,153 [WARN] PackLoader:240 - Cannot read IP mode file for STMicroelectronics.X-CUBE-AZRTOS-G4.2.0.0
2024-09-27 12:01:55,170 [WARN] PackLoader:240 - Cannot read IP mode file for Infineon.AIROC-Wi-Fi-Bluetooth-STM32.1.5.1
2024-09-27 12:01:55,182 [WARN] PackLoader:240 - Cannot read IP mode file for STMicroelectronics.FP-SNS-MOTENVWB1.1.3.1
2024-09-27 12:01:55,187 [WARN] PackLoader:240 - Cannot read IP mode file for STMicroelectronics.X-CUBE-ISPU.2.0.0
2024-09-27 12:01:55,191 [INFO] WebApp:779 - Register for checkConnection events
2024-09-27 12:01:55,191 [WARN] PackLoader:240 - Cannot read IP mode file for STMicroelectronics.X-CUBE-ALS.1.0.2
2024-09-27 12:01:55,191 [INFO] WebApp:414 - Apply proxy settings
2024-09-27 12:01:55,191 [INFO] WebApp:499 - Chromium requires no authentication
2024-09-27 12:01:55,198 [INFO] WebApp:442 - Direct internet connection detected
2024-09-27 12:01:55,212 [WARN] PackLoader:240 - Cannot read IP mode file for STMicroelectronics.X-CUBE-MEMS1.10.0.0
2024-09-27 12:01:55,328 [WARN] PackLoader:240 - Cannot read IP mode file for STMicroelectronics.X-CUBE-FREERTOS.1.1.0
2024-09-27 12:01:55,331 [WARN] PackLoader:240 - Cannot read IP mode file for STMicroelectronics.X-CUBE-TOUCHGFX.4.24.0
2024-09-27 12:01:55,333 [WARN] PackLoader:240 - Cannot read IP mode file for STMicroelectronics.X-CUBE-TOUCHGFX.4.24.1
2024-09-27 12:01:55,337 [WARN] PackLoader:240 - Cannot read IP mode file for portGmbH.I-Cube-SoM-uGOAL.1.1.0
2024-09-27 12:01:55,339 [WARN] PackLoader:240 - Cannot read IP mode file for STMicroelectronics.X-CUBE-ALS.1.0.1
2024-09-27 12:01:55,352 [WARN] PackLoader:240 - Cannot read IP mode file for STMicroelectronics.X-CUBE-AZRTOS-H7RS.1.0.0
2024-09-27 12:01:55,357 [WARN] PackLoader:240 - Cannot read IP mode file for STMicroelectronics.FP-ATR-ASTRA1.2.0.0
2024-09-27 12:01:55,364 [WARN] PackLoader:240 - Cannot read IP mode file for STMicroelectronics.X-CUBE-TOF1.3.4.2
2024-09-27 12:01:55,378 [WARN] PackLoader:240 - Cannot read IP mode file for STMicroelectronics.X-CUBE-TOF1.3.4.1
2024-09-27 12:01:55,386 [INFO] WebApp:192 - Starting web application
2024-09-27 12:01:55,386 [INFO] WebApp:544 - Web application path used C:\ST\STM32CubeIDE_1.15.0\STM32CubeIDE\plugins\com.st.stm32cube.common.mx_6.11.0.202403141607\db\plugins\mcufinder\reactClient1\index.html
2024-09-27 12:01:55,398 [WARN] PackLoader:240 - Cannot read IP mode file for STMicroelectronics.X-CUBE-AZRTOS-H7.3.2.0
2024-09-27 12:01:55,403 [WARN] PackLoader:240 - Cannot read IP mode file for wolfSSL.I-CUBE-wolfSSH.1.4.17
2024-09-27 12:01:55,403 [INFO] ThirdParty:978 - Integrity check success = true
2024-09-27 12:01:55,403 [INFO] IntegrityCheckThread:100 - exiting critical section [integrity check]
2024-09-27 12:01:55,403 [INFO] IntegrityCheckThread:103 - End integrity checks thread
2024-09-27 13:09:16,664 [ERROR] LogOutputStream:75 - [STDERR_REDIRECT] 
2024-09-27 13:09:16,665 [ERROR] LogOutputStream:75 - [STDERR_REDIRECT] 
2024-09-27 13:29:32,947 [INFO] Activator:176 - 


2024-09-27 13:29:32,948 [INFO] Activator:177 - !SESSION log4j initialized
2024-09-27 13:29:39,955 [INFO] LogOutputStream:77 - [STDOUT_REDIRECT] 
2024-09-27 13:29:46,681 [INFO] ApplicationProperties:184 - Using Application install path: C:\ST\STM32CubeIDE_1.15.0\STM32CubeIDE\plugins\com.st.stm32cube.common.mx_6.11.0.202403141607
2024-09-27 13:29:46,695 [INFO] DbMcusXml:78 - Set database path to: C:\ST\STM32CubeIDE_1.15.0\STM32CubeIDE\plugins\com.st.stm32cube.common.mx_6.11.0.202403141607\\db\/mcu/
2024-09-27 13:29:46,695 [INFO] ApiDb:274 - Set plugin database path to: C:\ST\STM32CubeIDE_1.15.0\STM32CubeIDE\plugins\com.st.stm32cube.common.mx_6.11.0.202403141607\\db\/plugins/boardmanager/
2024-09-27 13:29:46,695 [WARN] ApiDb:259 - Overriding images path with different value:  => C:\ST\STM32CubeIDE_1.15.0\STM32CubeIDE\plugins\com.st.stm32cube.common.mx_6.11.0.202403141607\\db\/plugins/mcufinder/images/
2024-09-27 13:29:46,708 [INFO] ApiDb:250 - Set database path to: C:\Users\Admin\.stmcufinder\plugins\mcufinder//mcu/
2024-09-27 13:29:46,709 [INFO] DbMcusAds:125 - Set database path to: C:\Users\Admin\.stmcufinder\plugins\mcufinder//mcu/
2024-09-27 13:29:46,710 [INFO] CrossReferenceDbSqlite:203 - Set database path to: C:\Users\Admin\.stmcufinder\plugins\mcufinder//mcu/cs/
2024-09-27 13:29:46,810 [INFO] RulesReader:64 - Compatibility file has been processed (297 Rules)
2024-09-27 13:29:46,864 [INFO] DbMcusXml:78 - Set database path to: C:\ST\STM32CubeIDE_1.15.0\STM32CubeIDE\plugins\com.st.stm32cube.common.mx_6.11.0.202403141607\\db\/mcu/
2024-09-27 13:29:46,865 [INFO] ApiDb:274 - Set plugin database path to: C:\ST\STM32CubeIDE_1.15.0\STM32CubeIDE\plugins\com.st.stm32cube.common.mx_6.11.0.202403141607\\db\/plugins/boardmanager/
2024-09-27 13:29:46,865 [INFO] ApiDb:261 - Set plugin images path to: C:\ST\STM32CubeIDE_1.15.0\STM32CubeIDE\plugins\com.st.stm32cube.common.mx_6.11.0.202403141607\\db\/plugins/mcufinder/images/
2024-09-27 13:29:46,865 [WARN] DbFile:41 - Overriding database path with different value: C:\Users\Admin\.stmcufinder\plugins\mcufinder/ => C:\Users\Admin\.stmcufinder\plugins\mcufinder
2024-09-27 13:29:46,865 [INFO] ApiDb:250 - Set database path to: C:\Users\Admin\.stmcufinder\plugins\mcufinder//mcu/
2024-09-27 13:29:46,865 [WARN] DbFile:41 - Overriding database path with different value: C:\Users\Admin\.stmcufinder\plugins\mcufinder/ => C:\Users\Admin\.stmcufinder\plugins\mcufinder
2024-09-27 13:29:46,865 [INFO] DbMcusAds:125 - Set database path to: C:\Users\Admin\.stmcufinder\plugins\mcufinder//mcu/
2024-09-27 13:29:46,865 [WARN] DbFile:41 - Overriding database path with different value: C:\Users\Admin\.stmcufinder\plugins\mcufinder/ => C:\Users\Admin\.stmcufinder\plugins\mcufinder
2024-09-27 13:29:46,865 [WARN] DbFile:41 - Overriding database path with different value: C:\Users\Admin\.stmcufinder\plugins\mcufinder/ => C:\Users\Admin\.stmcufinder\plugins\mcufinder
2024-09-27 13:29:46,865 [INFO] CrossReferenceDbSqlite:203 - Set database path to: C:\Users\Admin\.stmcufinder\plugins\mcufinder//mcu/cs/
2024-09-27 13:29:46,925 [INFO] MainPanel:264 - HeapMemory: 268435456
2024-09-27 13:29:46,985 [INFO] DbMcusXml:78 - Set database path to: C:\ST\STM32CubeIDE_1.15.0\STM32CubeIDE\plugins\com.st.stm32cube.common.mx_6.11.0.202403141607\\db\/mcu/
2024-09-27 13:29:46,985 [INFO] ApiDb:274 - Set plugin database path to: C:\ST\STM32CubeIDE_1.15.0\STM32CubeIDE\plugins\com.st.stm32cube.common.mx_6.11.0.202403141607\\db\/plugins/boardmanager/
2024-09-27 13:29:46,985 [INFO] ApiDb:261 - Set plugin images path to: C:\ST\STM32CubeIDE_1.15.0\STM32CubeIDE\plugins\com.st.stm32cube.common.mx_6.11.0.202403141607\\db\/plugins/mcufinder/images/
2024-09-27 13:29:46,985 [WARN] DbFile:41 - Overriding database path with different value: C:\Users\Admin\.stmcufinder\plugins\mcufinder/ => C:\Users\Admin\.stmcufinder\plugins\mcufinder
2024-09-27 13:29:46,985 [INFO] ApiDb:250 - Set database path to: C:\Users\Admin\.stmcufinder\plugins\mcufinder//mcu/
2024-09-27 13:29:46,985 [WARN] DbFile:41 - Overriding database path with different value: C:\Users\Admin\.stmcufinder\plugins\mcufinder/ => C:\Users\Admin\.stmcufinder\plugins\mcufinder
2024-09-27 13:29:46,985 [INFO] DbMcusAds:125 - Set database path to: C:\Users\Admin\.stmcufinder\plugins\mcufinder//mcu/
2024-09-27 13:29:46,985 [WARN] DbFile:41 - Overriding database path with different value: C:\Users\Admin\.stmcufinder\plugins\mcufinder/ => C:\Users\Admin\.stmcufinder\plugins\mcufinder
2024-09-27 13:29:46,986 [WARN] DbFile:41 - Overriding database path with different value: C:\Users\Admin\.stmcufinder\plugins\mcufinder/ => C:\Users\Admin\.stmcufinder\plugins\mcufinder
2024-09-27 13:29:46,986 [INFO] CrossReferenceDbSqlite:203 - Set database path to: C:\Users\Admin\.stmcufinder\plugins\mcufinder//mcu/cs/
2024-09-27 13:29:46,998 [INFO] ApplicationProperties:184 - Using Application install path: C:\ST\STM32CubeIDE_1.15.0\STM32CubeIDE\plugins\com.st.stm32cube.common.mx_6.11.0.202403141607
2024-09-27 13:29:46,999 [INFO] PluginManage:196 - Search for loadable plugins [exclusion list=, ]
2024-09-27 13:29:47,000 [INFO] PluginManage:310 - Check plugin analytics
2024-09-27 13:29:47,155 [INFO] AnalyticsPlugin:253 - Accepted Software Licenses: STM32CubeMX.6.10.0
2024-09-27 13:29:47,155 [INFO] AnalyticsPlugin:255 - Accepted CMSIS Pack Licenses: 
2024-09-27 13:29:47,155 [INFO] AnalyticsPlugin:257 - Accepted Firmware Licenses: 
2024-09-27 13:29:47,157 [INFO] PluginManage:359 - Loaded plugin analytics (category:tool,tabindex:-1)
2024-09-27 13:29:47,158 [INFO] PluginManage:310 - Check plugin cadmodel
2024-09-27 13:29:47,173 [INFO] CADModel:105 - Init CAD model plugin
2024-09-27 13:29:47,173 [INFO] PluginManage:359 - Loaded plugin cadmodel (category:power,tabindex:5)
2024-09-27 13:29:47,173 [INFO] PluginManage:310 - Check plugin clock
2024-09-27 13:29:47,188 [INFO] PluginManage:359 - Loaded plugin clock (category:base,tabindex:2)
2024-09-27 13:29:47,188 [INFO] PluginManage:310 - Check plugin ddr
2024-09-27 13:29:47,190 [INFO] PluginManage:359 - Loaded plugin ddr (category:tool,tabindex:6)
2024-09-27 13:29:47,190 [INFO] PluginManage:310 - Check plugin filemanager
2024-09-27 13:29:47,303 [INFO] PluginManage:359 - Loaded plugin filemanager (category:base,tabindex:10)
2024-09-27 13:29:47,303 [INFO] PluginManage:310 - Check plugin ipmanager
2024-09-27 13:29:47,308 [INFO] PluginManage:359 - Loaded plugin ipmanager (category:base,tabindex:5)
2024-09-27 13:29:47,308 [INFO] PluginManage:310 - Check plugin lpbam
2024-09-27 13:29:47,323 [INFO] PluginManage:359 - Loaded plugin lpbam (category:base,tabindex:0)
2024-09-27 13:29:47,323 [INFO] PluginManage:310 - Check plugin memorymap
2024-09-27 13:29:47,340 [INFO] PluginManage:359 - Loaded plugin memorymap (category:base,tabindex:4)
2024-09-27 13:29:47,340 [INFO] PluginManage:310 - Check plugin pinoutandconfiguration
2024-09-27 13:29:47,352 [INFO] PluginManage:359 - Loaded plugin pinoutandconfiguration (category:base,tabindex:1)
2024-09-27 13:29:47,352 [INFO] PluginManage:310 - Check plugin pinoutconfig
2024-09-27 13:29:47,432 [WARN] SupportedApi:132 - Cannot load RTOS API schema: s4s-elt-must-match.1: The content of 'definitions' must match (annotation?, (simpleType | complexType)?, (unique | key | keyref)*)). A problem was found starting at: attribute.
2024-09-27 13:29:47,526 [INFO] PluginManage:359 - Loaded plugin pinoutconfig (category:base,tabindex:0)
2024-09-27 13:29:47,526 [INFO] PluginManage:310 - Check plugin power
2024-09-27 13:29:47,546 [INFO] PluginManage:359 - Loaded plugin power (category:power,tabindex:4)
2024-09-27 13:29:47,546 [INFO] PluginManage:310 - Check plugin projectmanager
2024-09-27 13:29:47,559 [INFO] PluginManage:359 - Loaded plugin projectmanager (category:projectmanager,tabindex:3)
2024-09-27 13:29:47,559 [INFO] PluginManage:310 - Check plugin thirdparty
2024-09-27 13:29:47,805 [INFO] PluginManage:359 - Loaded plugin thirdparty (category:base,tabindex:-1)
2024-09-27 13:29:47,805 [WARN] IntegrityCheckThread:84 - waiting for thirdparty lock release [integrity check]
2024-09-27 13:29:47,805 [INFO] PluginManage:310 - Check plugin tools
2024-09-27 13:29:47,806 [INFO] IntegrityCheckThread:86 - entering critical section [integrity check]
2024-09-27 13:29:47,806 [INFO] ThirdPartyUpdaterWithRetryManager:70 - Updater plugin not ready yet. [1/15]
2024-09-27 13:29:47,832 [INFO] PluginManage:359 - Loaded plugin tools (category:base,tabindex:7)
2024-09-27 13:29:47,832 [INFO] PluginManage:310 - Check plugin tutovideos
2024-09-27 13:29:48,036 [INFO] PluginManage:359 - Loaded plugin tutovideos (category:base,tabindex:-1)
2024-09-27 13:29:48,036 [INFO] PluginManage:310 - Check plugin updater
2024-09-27 13:29:48,045 [INFO] PluginManage:359 - Loaded plugin updater (category:base,tabindex:12)
2024-09-27 13:29:48,045 [INFO] PluginManage:310 - Check plugin userauth
2024-09-27 13:29:48,049 [INFO] UserAuth:114 - Init User Auth plugin
2024-09-27 13:29:48,049 [INFO] PluginManage:359 - Loaded plugin userauth (category:base,tabindex:14)
2024-09-27 13:29:48,049 [INFO] PluginManage:283 - PluginManage : Loaded plugins [17]
2024-09-27 13:29:48,210 [INFO] PinOutPanel:1561 - setPackage(No Configuration,No Configuration)
2024-09-27 13:29:48,278 [INFO] CADModel:165 - CPN selected for project level
2024-09-27 13:29:48,278 [INFO] CADModel:114 - Register for checkConnection events
2024-09-27 13:29:48,306 [INFO] IPUIPlugin:80 - create IPUIPlugin
2024-09-27 13:29:48,306 [INFO] PluginManager:220 - loadIPPluginJar : add adc
2024-09-27 13:29:48,352 [INFO] IPUIPlugin:80 - create IPUIPlugin
2024-09-27 13:29:48,352 [INFO] PluginManager:220 - loadIPPluginJar : add aes
2024-09-27 13:29:48,401 [INFO] IPUIPlugin:80 - create IPUIPlugin
2024-09-27 13:29:48,401 [INFO] PluginManager:220 - loadIPPluginJar : add can
2024-09-27 13:29:48,429 [INFO] IPUIPlugin:80 - create IPUIPlugin
2024-09-27 13:29:48,429 [INFO] PluginManager:220 - loadIPPluginJar : add comp
2024-09-27 13:29:48,469 [INFO] IPUIPlugin:80 - create IPUIPlugin
2024-09-27 13:29:48,469 [INFO] PluginManager:220 - loadIPPluginJar : add cryp
2024-09-27 13:29:48,498 [INFO] IPUIPlugin:80 - create IPUIPlugin
2024-09-27 13:29:48,498 [INFO] PluginManager:220 - loadIPPluginJar : add dfsdm
2024-09-27 13:29:48,510 [INFO] IPUIPlugin:80 - create IPUIPlugin
2024-09-27 13:29:48,510 [INFO] PluginManager:220 - loadIPPluginJar : add dma
2024-09-27 13:29:48,545 [INFO] IPUIPlugin:80 - create IPUIPlugin
2024-09-27 13:29:48,545 [INFO] PluginManager:220 - loadIPPluginJar : add dma3
2024-09-27 13:29:48,585 [INFO] IPUIPlugin:80 - create IPUIPlugin
2024-09-27 13:29:48,585 [INFO] PluginManager:220 - loadIPPluginJar : add extmemmanager
2024-09-27 13:29:48,600 [INFO] IPUIPlugin:80 - create IPUIPlugin
2024-09-27 13:29:48,600 [INFO] PluginManager:220 - loadIPPluginJar : add fatfs
2024-09-27 13:29:48,637 [INFO] IPUIPlugin:80 - create IPUIPlugin
2024-09-27 13:29:48,637 [INFO] PluginManager:220 - loadIPPluginJar : add fmc
2024-09-27 13:29:48,649 [INFO] IPUIPlugin:80 - create IPUIPlugin
2024-09-27 13:29:48,650 [INFO] PluginManager:220 - loadIPPluginJar : add freertos
2024-09-27 13:29:48,666 [INFO] IPUIPlugin:80 - create IPUIPlugin
2024-09-27 13:29:48,666 [INFO] PluginManager:220 - loadIPPluginJar : add genericplugin
2024-09-27 13:29:48,741 [INFO] IPUIPlugin:80 - create IPUIPlugin
2024-09-27 13:29:48,741 [INFO] PluginManager:220 - loadIPPluginJar : add gfxmmu
2024-09-27 13:29:48,844 [INFO] IPUIPlugin:80 - create IPUIPlugin
2024-09-27 13:29:48,845 [INFO] PluginManager:220 - loadIPPluginJar : add gic
2024-09-27 13:29:48,854 [INFO] IPUIPlugin:80 - create IPUIPlugin
2024-09-27 13:29:48,854 [INFO] PluginManager:220 - loadIPPluginJar : add gpio
2024-09-27 13:29:48,925 [INFO] IPUIPlugin:80 - create IPUIPlugin
2024-09-27 13:29:48,925 [INFO] PluginManager:220 - loadIPPluginJar : add gtzc
2024-09-27 13:29:48,954 [INFO] IPUIPlugin:80 - create IPUIPlugin
2024-09-27 13:29:48,954 [INFO] PluginManager:220 - loadIPPluginJar : add hash
2024-09-27 13:29:48,997 [INFO] IPUIPlugin:80 - create IPUIPlugin
2024-09-27 13:29:48,997 [INFO] PluginManager:220 - loadIPPluginJar : add i2c
2024-09-27 13:29:49,030 [INFO] IPUIPlugin:80 - create IPUIPlugin
2024-09-27 13:29:49,030 [INFO] PluginManager:220 - loadIPPluginJar : add i2s
2024-09-27 13:29:49,076 [INFO] IPUIPlugin:80 - create IPUIPlugin
2024-09-27 13:29:49,076 [INFO] PluginManager:220 - loadIPPluginJar : add i3c
2024-09-27 13:29:49,165 [INFO] IPUIPlugin:80 - create IPUIPlugin
2024-09-27 13:29:49,165 [INFO] PluginManager:220 - loadIPPluginJar : add ipddr
2024-09-27 13:29:49,253 [INFO] IPUIPlugin:80 - create IPUIPlugin
2024-09-27 13:29:49,253 [INFO] PluginManager:220 - loadIPPluginJar : add linkedlist
2024-09-27 13:29:49,286 [INFO] IPUIPlugin:80 - create IPUIPlugin
2024-09-27 13:29:49,286 [INFO] PluginManager:220 - loadIPPluginJar : add lorawan
2024-09-27 13:29:49,323 [INFO] IPUIPlugin:80 - create IPUIPlugin
2024-09-27 13:29:49,323 [INFO] PluginManager:220 - loadIPPluginJar : add ltdc
2024-09-27 13:29:49,336 [INFO] IPUIPlugin:80 - create IPUIPlugin
2024-09-27 13:29:49,336 [INFO] PluginManager:220 - loadIPPluginJar : add mdma
2024-09-27 13:29:49,347 [INFO] IPUIPlugin:80 - create IPUIPlugin
2024-09-27 13:29:49,347 [INFO] PluginManager:220 - loadIPPluginJar : add nvic
2024-09-27 13:29:49,389 [INFO] IPUIPlugin:80 - create IPUIPlugin
2024-09-27 13:29:49,390 [INFO] PluginManager:220 - loadIPPluginJar : add opamp
2024-09-27 13:29:49,455 [INFO] IPUIPlugin:80 - create IPUIPlugin
2024-09-27 13:29:49,455 [INFO] PluginManager:220 - loadIPPluginJar : add openamp
2024-09-27 13:29:49,500 [INFO] IPUIPlugin:80 - create IPUIPlugin
2024-09-27 13:29:49,500 [INFO] PluginManager:220 - loadIPPluginJar : add pdm2pcm
2024-09-27 13:29:49,518 [INFO] IPUIPlugin:80 - create IPUIPlugin
2024-09-27 13:29:49,521 [INFO] PluginManager:220 - loadIPPluginJar : add plateformsettings
2024-09-27 13:29:49,546 [INFO] IPUIPlugin:80 - create IPUIPlugin
2024-09-27 13:29:49,546 [INFO] PluginManager:220 - loadIPPluginJar : add quadspi
2024-09-27 13:29:49,557 [INFO] IPUIPlugin:80 - create IPUIPlugin
2024-09-27 13:29:49,557 [INFO] PluginManager:220 - loadIPPluginJar : add resmgrutility
2024-09-27 13:29:49,605 [INFO] IPUIPlugin:80 - create IPUIPlugin
2024-09-27 13:29:49,605 [INFO] PluginManager:220 - loadIPPluginJar : add sai
2024-09-27 13:29:49,638 [INFO] IPUIPlugin:80 - create IPUIPlugin
2024-09-27 13:29:49,638 [INFO] PluginManager:220 - loadIPPluginJar : add spi
2024-09-27 13:29:49,706 [INFO] IPUIPlugin:80 - create IPUIPlugin
2024-09-27 13:29:49,706 [INFO] PluginManager:220 - loadIPPluginJar : add stm32_wpan
2024-09-27 13:29:49,734 [INFO] IPUIPlugin:80 - create IPUIPlugin
2024-09-27 13:29:49,734 [INFO] PluginManager:220 - loadIPPluginJar : add tim
2024-09-27 13:29:49,793 [INFO] IPUIPlugin:80 - create IPUIPlugin
2024-09-27 13:29:49,793 [INFO] PluginManager:220 - loadIPPluginJar : add touchsensing
2024-09-27 13:29:49,816 [INFO] IPUIPlugin:80 - create IPUIPlugin
2024-09-27 13:29:49,816 [INFO] PluginManager:220 - loadIPPluginJar : add tracer_emb
2024-09-27 13:29:49,840 [INFO] IPUIPlugin:80 - create IPUIPlugin
2024-09-27 13:29:49,840 [INFO] PluginManager:220 - loadIPPluginJar : add ts
2024-09-27 13:29:49,871 [INFO] IPUIPlugin:80 - create IPUIPlugin
2024-09-27 13:29:49,871 [INFO] PluginManager:220 - loadIPPluginJar : add tsc
2024-09-27 13:29:49,898 [INFO] IPUIPlugin:80 - create IPUIPlugin
2024-09-27 13:29:49,898 [INFO] PluginManager:220 - loadIPPluginJar : add ucpd
2024-09-27 13:29:49,939 [INFO] IPUIPlugin:80 - create IPUIPlugin
2024-09-27 13:29:49,939 [INFO] PluginManager:220 - loadIPPluginJar : add usart
2024-09-27 13:29:49,977 [INFO] IPUIPlugin:80 - create IPUIPlugin
2024-09-27 13:29:49,977 [INFO] PluginManager:220 - loadIPPluginJar : add usbx
2024-09-27 13:29:50,090 [INFO] CADModel:165 - CPN selected for project level
2024-09-27 13:29:50,090 [INFO] CADModel:114 - Register for checkConnection events
2024-09-27 13:29:50,090 [FATAL] Updater:308 - Updater called before beeing initialized
2024-09-27 13:29:50,090 [ERROR] CADModel:125 - Updater not yet initialized, retry later 
2024-09-27 13:29:50,200 [INFO] CADModel:165 - CPN selected for project level
2024-09-27 13:29:50,200 [INFO] CADModel:114 - Register for checkConnection events
2024-09-27 13:29:50,200 [FATAL] Updater:308 - Updater called before beeing initialized
2024-09-27 13:29:50,200 [ERROR] CADModel:125 - Updater not yet initialized, retry later 
2024-09-27 13:29:50,203 [FATAL] Updater:308 - Updater called before beeing initialized
2024-09-27 13:29:50,304 [FATAL] Updater:308 - Updater called before beeing initialized
2024-09-27 13:29:50,313 [INFO] DbMcusAds:53 - JSON generation date=Fri Sep 20 20:04:23 ICT 2024 (1726837463113)
2024-09-27 13:29:50,313 [FATAL] Updater:308 - Updater called before beeing initialized
2024-09-27 13:29:50,389 [WARN] DetailPanel:346 - Failed to get advertising image, set to default
2024-09-27 13:29:50,456 [FATAL] Updater:308 - Updater called before beeing initialized
2024-09-27 13:29:50,458 [FATAL] Updater:308 - Updater called before beeing initialized
2024-09-27 13:29:50,458 [FATAL] Updater:308 - Updater called before beeing initialized
2024-09-27 13:29:50,458 [WARN] DetailPanel:346 - Failed to get advertising image, set to default
2024-09-27 13:29:50,459 [FATAL] Updater:308 - Updater called before beeing initialized
2024-09-27 13:29:50,506 [ERROR] Updater:1120 - MainUpdater not yet initialized. External WinMGr cannot be set.
2024-09-27 13:29:50,516 [INFO] Updater:1056 - Updater Version found : 6.11.0
2024-09-27 13:29:50,534 [INFO] ApplicationProperties:184 - Using Application install path: C:\ST\STM32CubeIDE_1.15.0\STM32CubeIDE\plugins\com.st.stm32cube.common.mx_6.11.0.202403141607
2024-09-27 13:29:50,818 [INFO] ThirdPartyUpdaterWithRetryManager:70 - Updater plugin not ready yet. [2/15]
2024-09-27 13:29:52,152 [ERROR] LogOutputStream:75 - [STDERR_REDIRECT] Sep 27, 2024 1:29:52 PM java.util.prefs.WindowsPreferences <init>
2024-09-27 13:29:52,154 [ERROR] LogOutputStream:75 - [STDERR_REDIRECT] WARNING: Could not open/create prefs root node Software\JavaSoft\Prefs at root 0xffffffff80000002. Windows RegCreateKeyEx(...) returned error code 5.
2024-09-27 13:29:52,154 [ERROR] LogOutputStream:75 - [STDERR_REDIRECT] 
2024-09-27 13:29:52,430 [INFO] MainUpdater:2873 - connection check result : 10
2024-09-27 13:29:52,430 [INFO] MainUpdater:290 - Updater Check For Update Now.
2024-09-27 13:29:52,430 [INFO] MicroXplorer:498 - Change Database Version : DB.6.0.110
2024-09-27 13:29:52,443 [INFO] McuFinderGlobals:63 - Set McuFinder mode to 2 (CubeIDE integrated)
2024-09-27 13:29:52,452 [INFO] UserAuth:415 - Internet connection configuration mode: 1
2024-09-27 13:29:52,473 [INFO] JxBrowserEngine:152 - Initiate JxBrowser Engine with user profile folder
2024-09-27 13:29:52,641 [INFO] CheckServerUpdateThread:120 - End of CheckServer Thread
2024-09-27 13:29:53,997 [WARN] PackLoader:240 - Cannot read IP mode file for STMicroelectronics.FP-SNS-MOTENVWB1.1.4.0
2024-09-27 13:29:54,014 [WARN] PackLoader:240 - Cannot read IP mode file for STMicroelectronics.X-CUBE-SMBUS.2.1.0
2024-09-27 13:29:54,029 [WARN] PackLoader:240 - Cannot read IP mode file for STMicroelectronics.X-CUBE-TOUCHGFX.4.23.0
2024-09-27 13:29:54,042 [WARN] PackLoader:240 - Cannot read IP mode file for STMicroelectronics.X-CUBE-TOUCHGFX.4.23.2
2024-09-27 13:29:54,082 [WARN] PackLoader:240 - Cannot read IP mode file for STMicroelectronics.X-CUBE-AZRTOS-F7.1.1.0
2024-09-27 13:29:54,100 [WARN] PackLoader:240 - Cannot read IP mode file for STMicroelectronics.FP-SNS-MOTENV1.4.3.2
2024-09-27 13:29:54,175 [WARN] PackLoader:240 - Cannot read IP mode file for STMicroelectronics.X-CUBE-MEMS1.11.0.0
2024-09-27 13:29:54,331 [WARN] PackLoader:240 - Cannot read IP mode file for STMicroelectronics.FP-SNS-FLIGHT1.5.0.2
2024-09-27 13:29:54,349 [WARN] PackLoader:240 - Cannot read IP mode file for STMicroelectronics.X-CUBE-DISPLAY.3.0.0
2024-09-27 13:29:54,370 [WARN] PackLoader:240 - Cannot read IP mode file for STMicroelectronics.X-CUBE-BLE1.7.0.0
2024-09-27 13:29:54,386 [WARN] PackLoader:240 - Cannot read IP mode file for emotas.I-CUBE-CANOPEN.1.3.0
2024-09-27 13:29:54,409 [WARN] PackLoader:240 - Cannot read IP mode file for STMicroelectronics.X-CUBE-BLEMGR.3.1.0
2024-09-27 13:29:54,429 [WARN] PackLoader:240 - Cannot read IP mode file for STMicroelectronics.FP-SNS-SMARTAG2.1.2.0
2024-09-27 13:29:54,453 [INFO] LogOutputStream:77 - [STDOUT_REDIRECT] 1 : Invalid condition id : UX_CORESTACK_Condition cause : null
2024-09-27 13:29:54,454 [INFO] LogOutputStream:77 - [STDOUT_REDIRECT] 1 : Invalid condition id : UX_CORESTACK_Condition cause : null
2024-09-27 13:29:54,455 [INFO] LogOutputStream:77 - [STDOUT_REDIRECT] 1 : Invalid condition id : UX_CORESTACK_Condition cause : null
2024-09-27 13:29:54,456 [INFO] LogOutputStream:77 - [STDOUT_REDIRECT] 1 : Invalid condition id : UX_CORESTACK_Condition cause : null
2024-09-27 13:29:54,458 [INFO] LogOutputStream:77 - [STDOUT_REDIRECT] 1 : Invalid condition id : UX_CORESTACK_Condition cause : null
2024-09-27 13:29:54,461 [WARN] PackLoader:240 - Cannot read IP mode file for STMicroelectronics.X-CUBE-AZRTOS-WL.2.0.0
2024-09-27 13:29:54,477 [WARN] PackLoader:240 - Cannot read IP mode file for STMicroelectronics.FP-SNS-MOTENV1.5.0.0
2024-09-27 13:29:54,492 [WARN] PackLoader:240 - Cannot read IP mode file for wolfSSL.I-CUBE-wolfMQTT.1.19.0
2024-09-27 13:29:54,511 [WARN] PackLoader:240 - Cannot read IP mode file for WES.I-CUBE-Cesium.1.3.0
2024-09-27 13:29:54,524 [WARN] PackLoader:240 - Cannot read IP mode file for STMicroelectronics.X-CUBE-BLE2.3.3.0
2024-09-27 13:29:54,538 [WARN] PackLoader:240 - Cannot read IP mode file for STMicroelectronics.X-CUBE-TCPP.4.1.0
2024-09-27 13:29:54,554 [WARN] PackLoader:240 - Cannot read IP mode file for STMicroelectronics.X-CUBE-ALGOBUILD.1.3.0
2024-09-27 13:29:54,576 [WARN] PackLoader:240 - Cannot read IP mode file for STMicroelectronics.X-CUBE-AZRTOS-G0.1.1.0
2024-09-27 13:29:54,595 [WARN] PackLoader:240 - Cannot read IP mode file for STMicroelectronics.X-CUBE-SAFEA1.1.2.2
2024-09-27 13:29:54,617 [WARN] PackLoader:240 - Cannot read IP mode file for STMicroelectronics.X-CUBE-NFC4.3.0.0
2024-09-27 13:29:54,636 [WARN] PackLoader:240 - Cannot read IP mode file for EmbeddedOffice.I-CUBE-FS-RTOS.1.0.1
2024-09-27 13:29:54,636 [ERROR] ConditionMgr:805 - Attr not supported : Dmpu
2024-09-27 13:29:54,636 [ERROR] ConditionMgr:805 - Attr not supported : Dmpu
2024-09-27 13:29:54,636 [ERROR] ConditionMgr:805 - Attr not supported : Dmpu
2024-09-27 13:29:54,636 [ERROR] ConditionMgr:805 - Attr not supported : Dmpu
2024-09-27 13:29:54,636 [ERROR] ConditionMgr:805 - Attr not supported : Dmpu
2024-09-27 13:29:54,636 [ERROR] ConditionMgr:805 - Attr not supported : Dmpu
2024-09-27 13:29:54,636 [ERROR] ConditionMgr:805 - Attr not supported : Dmpu
2024-09-27 13:29:54,636 [ERROR] ConditionMgr:805 - Attr not supported : Dmpu
2024-09-27 13:29:54,636 [ERROR] ConditionMgr:805 - Attr not supported : Dmpu
2024-09-27 13:29:54,636 [ERROR] ConditionMgr:805 - Attr not supported : Dmpu
2024-09-27 13:29:54,636 [ERROR] ConditionMgr:805 - Attr not supported : Dmpu
2024-09-27 13:29:54,636 [ERROR] ConditionMgr:805 - Attr not supported : Dmpu
2024-09-27 13:29:54,636 [ERROR] ConditionMgr:805 - Attr not supported : Dmpu
2024-09-27 13:29:54,636 [ERROR] ConditionMgr:805 - Attr not supported : Dmpu
2024-09-27 13:29:54,637 [ERROR] ConditionMgr:805 - Attr not supported : Dmpu
2024-09-27 13:29:54,637 [ERROR] ConditionMgr:805 - Attr not supported : Dmpu
2024-09-27 13:29:54,637 [ERROR] ConditionMgr:805 - Attr not supported : Dmpu
2024-09-27 13:29:54,637 [ERROR] ConditionMgr:805 - Attr not supported : Dmpu
2024-09-27 13:29:54,637 [ERROR] ConditionMgr:805 - Attr not supported : Dmpu
2024-09-27 13:29:54,637 [ERROR] ConditionMgr:805 - Attr not supported : Dmpu
2024-09-27 13:29:54,637 [ERROR] ConditionMgr:805 - Attr not supported : Dmpu
2024-09-27 13:29:54,637 [ERROR] ConditionMgr:805 - Attr not supported : Dmpu
2024-09-27 13:29:54,637 [ERROR] ConditionMgr:805 - Attr not supported : Dmpu
2024-09-27 13:29:54,637 [ERROR] ConditionMgr:805 - Attr not supported : Dmpu
2024-09-27 13:29:54,637 [ERROR] ConditionMgr:805 - Attr not supported : Dmpu
2024-09-27 13:29:54,637 [ERROR] ConditionMgr:805 - Attr not supported : Dmpu
2024-09-27 13:29:54,637 [ERROR] ConditionMgr:805 - Attr not supported : Dmpu
2024-09-27 13:29:54,637 [ERROR] ConditionMgr:805 - Attr not supported : Dmpu
2024-09-27 13:29:54,637 [ERROR] ConditionMgr:805 - Attr not supported : Dmpu
2024-09-27 13:29:54,637 [ERROR] ConditionMgr:805 - Attr not supported : Dmpu
2024-09-27 13:29:54,637 [ERROR] ConditionMgr:805 - Attr not supported : Dmpu
2024-09-27 13:29:54,637 [ERROR] ConditionMgr:805 - Attr not supported : Dmpu
2024-09-27 13:29:54,638 [ERROR] ConditionMgr:805 - Attr not supported : Dmpu
2024-09-27 13:29:54,638 [ERROR] ConditionMgr:805 - Attr not supported : Dmpu
2024-09-27 13:29:54,638 [ERROR] ConditionMgr:805 - Attr not supported : Dmpu
2024-09-27 13:29:54,638 [ERROR] ConditionMgr:805 - Attr not supported : Dmpu
2024-09-27 13:29:54,638 [ERROR] ConditionMgr:805 - Attr not supported : Dmpu
2024-09-27 13:29:54,638 [ERROR] ConditionMgr:805 - Attr not supported : Dmpu
2024-09-27 13:29:54,638 [ERROR] ConditionMgr:805 - Attr not supported : Dmpu
2024-09-27 13:29:54,638 [ERROR] ConditionMgr:805 - Attr not supported : Dmpu
2024-09-27 13:29:54,638 [ERROR] ConditionMgr:805 - Attr not supported : Dmpu
2024-09-27 13:29:54,638 [ERROR] ConditionMgr:805 - Attr not supported : Dmpu
2024-09-27 13:29:54,638 [ERROR] ConditionMgr:805 - Attr not supported : Dmpu
2024-09-27 13:29:54,638 [ERROR] ConditionMgr:805 - Attr not supported : Dmpu
2024-09-27 13:29:54,639 [ERROR] ConditionMgr:805 - Attr not supported : Dmpu
2024-09-27 13:29:54,639 [ERROR] ConditionMgr:805 - Attr not supported : Dmpu
2024-09-27 13:29:54,639 [ERROR] ConditionMgr:805 - Attr not supported : Dmpu
2024-09-27 13:29:54,639 [ERROR] ConditionMgr:805 - Attr not supported : Dmpu
2024-09-27 13:29:54,639 [ERROR] ConditionMgr:805 - Attr not supported : Dmpu
2024-09-27 13:29:54,639 [ERROR] ConditionMgr:805 - Attr not supported : Dmpu
2024-09-27 13:29:54,639 [ERROR] ConditionMgr:805 - Attr not supported : Dmpu
2024-09-27 13:29:54,639 [ERROR] ConditionMgr:805 - Attr not supported : Dmpu
2024-09-27 13:29:54,639 [ERROR] ConditionMgr:805 - Attr not supported : Dmpu
2024-09-27 13:29:54,639 [ERROR] ConditionMgr:805 - Attr not supported : Dmpu
2024-09-27 13:29:54,639 [ERROR] ConditionMgr:805 - Attr not supported : Dmpu
2024-09-27 13:29:54,639 [ERROR] ConditionMgr:805 - Attr not supported : Dmpu
2024-09-27 13:29:54,639 [ERROR] ConditionMgr:805 - Attr not supported : Dmpu
2024-09-27 13:29:54,639 [ERROR] ConditionMgr:805 - Attr not supported : Dmpu
2024-09-27 13:29:54,640 [ERROR] ConditionMgr:805 - Attr not supported : Dmpu
2024-09-27 13:29:54,640 [ERROR] ConditionMgr:805 - Attr not supported : Dmpu
2024-09-27 13:29:54,640 [ERROR] ConditionMgr:805 - Attr not supported : Dmpu
2024-09-27 13:29:54,640 [ERROR] ConditionMgr:805 - Attr not supported : Dmpu
2024-09-27 13:29:54,640 [ERROR] ConditionMgr:805 - Attr not supported : Dmpu
2024-09-27 13:29:54,640 [ERROR] ConditionMgr:805 - Attr not supported : Dmpu
2024-09-27 13:29:54,652 [WARN] PackLoader:240 - Cannot read IP mode file for RealThread.X-CUBE-RT-Thread_Nano.4.1.1
2024-09-27 13:29:54,664 [WARN] PackLoader:240 - Cannot read IP mode file for STMicroelectronics.FP-ATR-SIGFOX1.3.2.0
2024-09-27 13:29:54,676 [WARN] PackLoader:240 - Cannot read IP mode file for STMicroelectronics.X-CUBE-EEPRMA1.5.1.0
2024-09-27 13:29:54,713 [WARN] PackLoader:240 - Cannot read IP mode file for SEGGER.I-CUBE-embOS.1.3.1
2024-09-27 13:29:54,759 [WARN] PackLoader:240 - Cannot read IP mode file for STMicroelectronics.X-CUBE-ALGOBUILD.1.4.0
2024-09-27 13:29:54,772 [WARN] PackLoader:240 - Cannot read IP mode file for STMicroelectronics.X-CUBE-GNSS1.6.0.0
2024-09-27 13:29:54,802 [WARN] PackLoader:240 - Cannot read IP mode file for STMicroelectronics.X-CUBE-AZRTOS-F4.1.1.0
2024-09-27 13:29:54,815 [WARN] PackLoader:240 - Cannot read IP mode file for STMicroelectronics.X-CUBE-ISPU.2.1.0
2024-09-27 13:29:54,828 [WARN] PackLoader:240 - Cannot read IP mode file for STMicroelectronics.X-CUBE-FREERTOS.1.2.0
2024-09-27 13:29:54,841 [WARN] PackLoader:240 - Cannot read IP mode file for wolfSSL.I-CUBE-wolfSSL.5.6.6
2024-09-27 13:29:54,869 [WARN] PackLoader:240 - Cannot read IP mode file for STMicroelectronics.X-CUBE-AZRTOS-L5.2.0.0
2024-09-27 13:29:54,886 [WARN] PackLoader:240 - Cannot read IP mode file for STMicroelectronics.X-CUBE-NFC6.3.1.0
2024-09-27 13:29:54,898 [WARN] PackLoader:240 - Cannot read IP mode file for ITTIA_DB.I-CUBE-ITTIADB.8.8.0
2024-09-27 13:29:54,912 [WARN] PackLoader:240 - Cannot read IP mode file for STMicroelectronics.X-CUBE-DPower.1.2.0
2024-09-27 13:29:54,925 [WARN] PackLoader:240 - Cannot read IP mode file for STMicroelectronics.X-CUBE-AI.9.0.0
2024-09-27 13:29:54,940 [WARN] PackLoader:240 - Cannot read IP mode file for STMicroelectronics.X-CUBE-NFC7.1.0.1
2024-09-27 13:29:54,957 [WARN] PackLoader:240 - Cannot read IP mode file for wolfSSL.I-CUBE-wolfTPM.3.2.0
2024-09-27 13:29:54,971 [WARN] PackLoader:240 - Cannot read IP mode file for STMicroelectronics.X-CUBE-NFC6.3.0.0
2024-09-27 13:29:54,986 [WARN] PackLoader:240 - Cannot read IP mode file for STMicroelectronics.X-CUBE-AI.8.1.0
2024-09-27 13:29:55,017 [WARN] ConditionMgr:438 - getConditionDescription Invalid condition id : LAN8742 Phy interface Condition cause : null
2024-09-27 13:29:55,018 [WARN] PackLoader:240 - Cannot read IP mode file for STMicroelectronics.X-CUBE-AZRTOS-L4.2.0.0
2024-09-27 13:29:55,019 [WARN] ConditionMgr:1039 - genDependencies : Invalid condition id : LAN8742 Phy interface Condition cause : null
2024-09-27 13:29:55,019 [WARN] ConditionMgr:1039 - genDependencies : Invalid condition id : LAN8742 Phy interface Condition cause : null
2024-09-27 13:29:55,020 [WARN] ConditionMgr:1039 - genDependencies : Invalid condition id : LAN8742 Phy interface Condition cause : null
2024-09-27 13:29:55,038 [WARN] PackLoader:240 - Cannot read IP mode file for STMicroelectronics.X-CUBE-SFXS2LP1.4.0.0
2024-09-27 13:29:55,069 [WARN] PackLoader:240 - Cannot read IP mode file for STMicroelectronics.X-CUBE-AZRTOS-H7.3.3.0
2024-09-27 13:29:55,096 [WARN] ConditionMgr:438 - getConditionDescription Invalid condition id : UX DEVICE CLASS RTOS Condition cause : null
2024-09-27 13:29:55,096 [WARN] ConditionMgr:438 - getConditionDescription Invalid condition id : UX DEVICE CLASS RTOS Condition cause : null
2024-09-27 13:29:55,098 [WARN] PackLoader:240 - Cannot read IP mode file for STMicroelectronics.X-CUBE-AZRTOS-WB.2.0.0
2024-09-27 13:29:55,099 [WARN] ConditionMgr:1039 - genDependencies : Invalid condition id : UX DEVICE CLASS RTOS Condition cause : null
2024-09-27 13:29:55,099 [WARN] ConditionMgr:1039 - genDependencies : Invalid condition id : UX DEVICE CLASS RTOS Condition cause : null
2024-09-27 13:29:55,099 [WARN] ConditionMgr:1039 - genDependencies : Invalid condition id : UX DEVICE CLASS RTOS Condition cause : null
2024-09-27 13:29:55,100 [WARN] ConditionMgr:1039 - genDependencies : Invalid condition id : UX DEVICE CLASS RTOS Condition cause : null
2024-09-27 13:29:55,100 [WARN] ConditionMgr:1039 - genDependencies : Invalid condition id : UX DEVICE CLASS RTOS Condition cause : null
2024-09-27 13:29:55,116 [WARN] PackLoader:240 - Cannot read IP mode file for STMicroelectronics.X-CUBE-GNSS1.7.0.0
2024-09-27 13:29:55,131 [WARN] PackLoader:240 - Cannot read IP mode file for STMicroelectronics.FP-SNS-STBOX1.2.0.0
2024-09-27 13:29:55,151 [WARN] PackLoader:240 - Cannot read IP mode file for STMicroelectronics.X-CUBE-SUBG2.5.0.0
2024-09-27 13:29:55,168 [WARN] PackLoader:240 - Cannot read IP mode file for Cesanta.I-CUBE-Mongoose.7.13.0
2024-09-27 13:29:55,196 [WARN] PackLoader:240 - Cannot read IP mode file for STMicroelectronics.X-CUBE-AZRTOS-G4.2.0.0
2024-09-27 13:29:55,223 [WARN] PackLoader:240 - Cannot read IP mode file for Infineon.AIROC-Wi-Fi-Bluetooth-STM32.1.5.1
2024-09-27 13:29:55,242 [WARN] PackLoader:240 - Cannot read IP mode file for STMicroelectronics.FP-SNS-MOTENVWB1.1.3.1
2024-09-27 13:29:55,253 [WARN] PackLoader:240 - Cannot read IP mode file for STMicroelectronics.X-CUBE-ISPU.2.0.0
2024-09-27 13:29:55,266 [WARN] PackLoader:240 - Cannot read IP mode file for STMicroelectronics.X-CUBE-ALS.1.0.2
2024-09-27 13:29:55,312 [WARN] PackLoader:240 - Cannot read IP mode file for STMicroelectronics.X-CUBE-MEMS1.10.0.0
2024-09-27 13:29:55,426 [WARN] PackLoader:240 - Cannot read IP mode file for STMicroelectronics.X-CUBE-FREERTOS.1.1.0
2024-09-27 13:29:55,438 [WARN] PackLoader:240 - Cannot read IP mode file for STMicroelectronics.X-CUBE-TOUCHGFX.4.24.0
2024-09-27 13:29:55,451 [WARN] PackLoader:240 - Cannot read IP mode file for STMicroelectronics.X-CUBE-TOUCHGFX.4.24.1
2024-09-27 13:29:55,466 [WARN] PackLoader:240 - Cannot read IP mode file for portGmbH.I-Cube-SoM-uGOAL.1.1.0
2024-09-27 13:29:55,480 [WARN] PackLoader:240 - Cannot read IP mode file for STMicroelectronics.X-CUBE-ALS.1.0.1
2024-09-27 13:29:55,508 [WARN] PackLoader:240 - Cannot read IP mode file for STMicroelectronics.X-CUBE-AZRTOS-H7RS.1.0.0
2024-09-27 13:29:55,522 [WARN] PackLoader:240 - Cannot read IP mode file for STMicroelectronics.FP-ATR-ASTRA1.2.0.0
2024-09-27 13:29:55,542 [WARN] PackLoader:240 - Cannot read IP mode file for STMicroelectronics.X-CUBE-TOF1.3.4.2
2024-09-27 13:29:55,569 [WARN] PackLoader:240 - Cannot read IP mode file for STMicroelectronics.X-CUBE-TOF1.3.4.1
2024-09-27 13:29:55,607 [WARN] PackLoader:240 - Cannot read IP mode file for STMicroelectronics.X-CUBE-AZRTOS-H7.3.2.0
2024-09-27 13:29:55,624 [WARN] PackLoader:240 - Cannot read IP mode file for wolfSSL.I-CUBE-wolfSSH.1.4.17
2024-09-27 13:29:55,624 [INFO] ThirdParty:978 - Integrity check success = true
2024-09-27 13:29:55,625 [INFO] IntegrityCheckThread:100 - exiting critical section [integrity check]
2024-09-27 13:29:55,625 [INFO] IntegrityCheckThread:103 - End integrity checks thread
2024-09-27 13:29:56,851 [INFO] WebApp:161 - Instantiating new browser for Auth
2024-09-27 13:29:57,282 [INFO] WebApp:779 - Register for checkConnection events
2024-09-27 13:29:57,282 [INFO] WebApp:414 - Apply proxy settings
2024-09-27 13:29:57,282 [INFO] WebApp:499 - Chromium requires no authentication
2024-09-27 13:29:57,287 [INFO] WebApp:442 - Direct internet connection detected
2024-09-27 13:29:57,390 [INFO] WebApp:192 - Starting web application
2024-09-27 13:29:57,390 [INFO] WebApp:544 - Web application path used C:\ST\STM32CubeIDE_1.15.0\STM32CubeIDE\plugins\com.st.stm32cube.common.mx_6.11.0.202403141607\db\plugins\mcufinder\reactClient1\index.html
2024-09-27 14:31:49,227 [ERROR] LogOutputStream:75 - [STDERR_REDIRECT] 
