2024-03-26 17:04:56,236 [INFO] Activator:176 - 


2024-03-26 17:04:56,236 [INFO] Activator:177 - !SESSION log4j initialized
2024-03-26 17:04:58,343 [INFO] LogOutputStream:77 - [STDOUT_REDIRECT] 
2024-03-26 17:05:06,789 [INFO] ApplicationProperties:184 - Using Application install path: C:\ST\STM32CubeIDE_1.15.0\STM32CubeIDE\plugins\com.st.stm32cube.common.mx_6.11.0.202403141607
2024-03-26 17:05:06,802 [INFO] DbMcusXml:78 - Set database path to: C:\ST\STM32CubeIDE_1.15.0\STM32CubeIDE\plugins\com.st.stm32cube.common.mx_6.11.0.202403141607\\db\/mcu/
2024-03-26 17:05:06,802 [INFO] ApiDb:274 - Set plugin database path to: C:\ST\STM32CubeIDE_1.15.0\STM32CubeIDE\plugins\com.st.stm32cube.common.mx_6.11.0.202403141607\\db\/plugins/boardmanager/
2024-03-26 17:05:06,803 [WARN] ApiDb:259 - Overriding images path with different value:  => C:\ST\STM32CubeIDE_1.15.0\STM32CubeIDE\plugins\com.st.stm32cube.common.mx_6.11.0.202403141607\\db\/plugins/mcufinder/images/
2024-03-26 17:05:07,865 [INFO] ApiDb:250 - Set database path to: C:\Users\Admin\.stmcufinder\plugins\mcufinder//mcu/
2024-03-26 17:05:07,866 [INFO] DbMcusAds:125 - Set database path to: C:\Users\Admin\.stmcufinder\plugins\mcufinder//mcu/
2024-03-26 17:05:07,868 [INFO] CrossReferenceDbSqlite:203 - Set database path to: C:\Users\Admin\.stmcufinder\plugins\mcufinder//mcu/cs/
2024-03-26 17:05:07,958 [INFO] RulesReader:64 - Compatibility file has been processed (297 Rules)
2024-03-26 17:05:08,024 [INFO] DbMcusXml:78 - Set database path to: C:\ST\STM32CubeIDE_1.15.0\STM32CubeIDE\plugins\com.st.stm32cube.common.mx_6.11.0.202403141607\\db\/mcu/
2024-03-26 17:05:08,024 [INFO] ApiDb:274 - Set plugin database path to: C:\ST\STM32CubeIDE_1.15.0\STM32CubeIDE\plugins\com.st.stm32cube.common.mx_6.11.0.202403141607\\db\/plugins/boardmanager/
2024-03-26 17:05:08,024 [INFO] ApiDb:261 - Set plugin images path to: C:\ST\STM32CubeIDE_1.15.0\STM32CubeIDE\plugins\com.st.stm32cube.common.mx_6.11.0.202403141607\\db\/plugins/mcufinder/images/
2024-03-26 17:05:08,025 [WARN] DbFile:41 - Overriding database path with different value: C:\Users\Admin\.stmcufinder\plugins\mcufinder/ => C:\Users\Admin\.stmcufinder\plugins\mcufinder
2024-03-26 17:05:08,025 [INFO] ApiDb:250 - Set database path to: C:\Users\Admin\.stmcufinder\plugins\mcufinder//mcu/
2024-03-26 17:05:08,025 [WARN] DbFile:41 - Overriding database path with different value: C:\Users\Admin\.stmcufinder\plugins\mcufinder/ => C:\Users\Admin\.stmcufinder\plugins\mcufinder
2024-03-26 17:05:08,025 [INFO] DbMcusAds:125 - Set database path to: C:\Users\Admin\.stmcufinder\plugins\mcufinder//mcu/
2024-03-26 17:05:08,025 [WARN] DbFile:41 - Overriding database path with different value: C:\Users\Admin\.stmcufinder\plugins\mcufinder/ => C:\Users\Admin\.stmcufinder\plugins\mcufinder
2024-03-26 17:05:08,025 [WARN] DbFile:41 - Overriding database path with different value: C:\Users\Admin\.stmcufinder\plugins\mcufinder/ => C:\Users\Admin\.stmcufinder\plugins\mcufinder
2024-03-26 17:05:08,025 [INFO] CrossReferenceDbSqlite:203 - Set database path to: C:\Users\Admin\.stmcufinder\plugins\mcufinder//mcu/cs/
2024-03-26 17:05:08,083 [INFO] MainPanel:264 - HeapMemory: 268435456
2024-03-26 17:05:08,146 [INFO] DbMcusXml:78 - Set database path to: C:\ST\STM32CubeIDE_1.15.0\STM32CubeIDE\plugins\com.st.stm32cube.common.mx_6.11.0.202403141607\\db\/mcu/
2024-03-26 17:05:08,146 [INFO] ApiDb:274 - Set plugin database path to: C:\ST\STM32CubeIDE_1.15.0\STM32CubeIDE\plugins\com.st.stm32cube.common.mx_6.11.0.202403141607\\db\/plugins/boardmanager/
2024-03-26 17:05:08,146 [INFO] ApiDb:261 - Set plugin images path to: C:\ST\STM32CubeIDE_1.15.0\STM32CubeIDE\plugins\com.st.stm32cube.common.mx_6.11.0.202403141607\\db\/plugins/mcufinder/images/
2024-03-26 17:05:08,147 [WARN] DbFile:41 - Overriding database path with different value: C:\Users\Admin\.stmcufinder\plugins\mcufinder/ => C:\Users\Admin\.stmcufinder\plugins\mcufinder
2024-03-26 17:05:08,147 [INFO] ApiDb:250 - Set database path to: C:\Users\Admin\.stmcufinder\plugins\mcufinder//mcu/
2024-03-26 17:05:08,147 [WARN] DbFile:41 - Overriding database path with different value: C:\Users\Admin\.stmcufinder\plugins\mcufinder/ => C:\Users\Admin\.stmcufinder\plugins\mcufinder
2024-03-26 17:05:08,147 [INFO] DbMcusAds:125 - Set database path to: C:\Users\Admin\.stmcufinder\plugins\mcufinder//mcu/
2024-03-26 17:05:08,147 [WARN] DbFile:41 - Overriding database path with different value: C:\Users\Admin\.stmcufinder\plugins\mcufinder/ => C:\Users\Admin\.stmcufinder\plugins\mcufinder
2024-03-26 17:05:08,147 [WARN] DbFile:41 - Overriding database path with different value: C:\Users\Admin\.stmcufinder\plugins\mcufinder/ => C:\Users\Admin\.stmcufinder\plugins\mcufinder
2024-03-26 17:05:08,147 [INFO] CrossReferenceDbSqlite:203 - Set database path to: C:\Users\Admin\.stmcufinder\plugins\mcufinder//mcu/cs/
2024-03-26 17:05:08,162 [INFO] ApplicationProperties:184 - Using Application install path: C:\ST\STM32CubeIDE_1.15.0\STM32CubeIDE\plugins\com.st.stm32cube.common.mx_6.11.0.202403141607
2024-03-26 17:05:08,163 [INFO] PluginManage:196 - Search for loadable plugins [exclusion list=, ]
2024-03-26 17:05:08,165 [INFO] PluginManage:310 - Check plugin analytics
2024-03-26 17:05:08,279 [INFO] AnalyticsPlugin:253 - Accepted Software Licenses: STM32CubeMX.6.10.0
2024-03-26 17:05:08,279 [INFO] AnalyticsPlugin:255 - Accepted CMSIS Pack Licenses: 
2024-03-26 17:05:08,280 [INFO] AnalyticsPlugin:257 - Accepted Firmware Licenses: 
2024-03-26 17:05:08,282 [INFO] PluginManage:359 - Loaded plugin analytics (category:tool,tabindex:-1)
2024-03-26 17:05:08,282 [INFO] PluginManage:310 - Check plugin cadmodel
2024-03-26 17:05:08,285 [INFO] CADModel:105 - Init CAD model plugin
2024-03-26 17:05:08,286 [INFO] PluginManage:359 - Loaded plugin cadmodel (category:power,tabindex:5)
2024-03-26 17:05:08,286 [INFO] PluginManage:310 - Check plugin clock
2024-03-26 17:05:08,294 [INFO] PluginManage:359 - Loaded plugin clock (category:base,tabindex:2)
2024-03-26 17:05:08,294 [INFO] PluginManage:310 - Check plugin ddr
2024-03-26 17:05:08,296 [INFO] PluginManage:359 - Loaded plugin ddr (category:tool,tabindex:6)
2024-03-26 17:05:08,296 [INFO] PluginManage:310 - Check plugin filemanager
2024-03-26 17:05:08,460 [INFO] PluginManage:359 - Loaded plugin filemanager (category:base,tabindex:10)
2024-03-26 17:05:08,460 [INFO] PluginManage:310 - Check plugin ipmanager
2024-03-26 17:05:08,470 [INFO] PluginManage:359 - Loaded plugin ipmanager (category:base,tabindex:5)
2024-03-26 17:05:08,470 [INFO] PluginManage:310 - Check plugin lpbam
2024-03-26 17:05:08,478 [INFO] PluginManage:359 - Loaded plugin lpbam (category:base,tabindex:0)
2024-03-26 17:05:08,478 [INFO] PluginManage:310 - Check plugin memorymap
2024-03-26 17:05:08,489 [INFO] PluginManage:359 - Loaded plugin memorymap (category:base,tabindex:4)
2024-03-26 17:05:08,490 [INFO] PluginManage:310 - Check plugin pinoutandconfiguration
2024-03-26 17:05:08,495 [INFO] PluginManage:359 - Loaded plugin pinoutandconfiguration (category:base,tabindex:1)
2024-03-26 17:05:08,496 [INFO] PluginManage:310 - Check plugin pinoutconfig
2024-03-26 17:05:08,566 [WARN] SupportedApi:132 - Cannot load RTOS API schema: s4s-elt-must-match.1: The content of 'definitions' must match (annotation?, (simpleType | complexType)?, (unique | key | keyref)*)). A problem was found starting at: attribute.
2024-03-26 17:05:08,656 [INFO] PluginManage:359 - Loaded plugin pinoutconfig (category:base,tabindex:0)
2024-03-26 17:05:08,656 [INFO] PluginManage:310 - Check plugin power
2024-03-26 17:05:08,662 [INFO] PluginManage:359 - Loaded plugin power (category:power,tabindex:4)
2024-03-26 17:05:08,662 [INFO] PluginManage:310 - Check plugin projectmanager
2024-03-26 17:05:08,674 [INFO] PluginManage:359 - Loaded plugin projectmanager (category:projectmanager,tabindex:3)
2024-03-26 17:05:08,674 [INFO] PluginManage:310 - Check plugin thirdparty
2024-03-26 17:05:08,774 [INFO] PluginManage:359 - Loaded plugin thirdparty (category:base,tabindex:-1)
2024-03-26 17:05:08,774 [INFO] PluginManage:310 - Check plugin tools
2024-03-26 17:05:08,774 [WARN] IntegrityCheckThread:84 - waiting for thirdparty lock release [integrity check]
2024-03-26 17:05:08,774 [INFO] IntegrityCheckThread:86 - entering critical section [integrity check]
2024-03-26 17:05:08,775 [INFO] ThirdPartyUpdaterWithRetryManager:70 - Updater plugin not ready yet. [1/15]
2024-03-26 17:05:08,777 [INFO] PluginManage:359 - Loaded plugin tools (category:base,tabindex:7)
2024-03-26 17:05:08,777 [INFO] PluginManage:310 - Check plugin tutovideos
2024-03-26 17:05:08,896 [INFO] PluginManage:359 - Loaded plugin tutovideos (category:base,tabindex:-1)
2024-03-26 17:05:08,896 [INFO] PluginManage:310 - Check plugin updater
2024-03-26 17:05:08,904 [INFO] PluginManage:359 - Loaded plugin updater (category:base,tabindex:12)
2024-03-26 17:05:08,904 [INFO] PluginManage:310 - Check plugin userauth
2024-03-26 17:05:08,908 [INFO] UserAuth:114 - Init User Auth plugin
2024-03-26 17:05:08,908 [INFO] PluginManage:359 - Loaded plugin userauth (category:base,tabindex:14)
2024-03-26 17:05:08,908 [INFO] PluginManage:283 - PluginManage : Loaded plugins [17]
2024-03-26 17:05:09,057 [INFO] PinOutPanel:1561 - setPackage(No Configuration,No Configuration)
2024-03-26 17:05:09,105 [INFO] CADModel:165 - CPN selected for project level
2024-03-26 17:05:09,105 [INFO] CADModel:114 - Register for checkConnection events
2024-03-26 17:05:09,115 [INFO] IPUIPlugin:80 - create IPUIPlugin
2024-03-26 17:05:09,115 [INFO] PluginManager:220 - loadIPPluginJar : add adc
2024-03-26 17:05:09,117 [INFO] IPUIPlugin:80 - create IPUIPlugin
2024-03-26 17:05:09,117 [INFO] PluginManager:220 - loadIPPluginJar : add aes
2024-03-26 17:05:09,123 [INFO] IPUIPlugin:80 - create IPUIPlugin
2024-03-26 17:05:09,124 [INFO] PluginManager:220 - loadIPPluginJar : add can
2024-03-26 17:05:09,125 [INFO] IPUIPlugin:80 - create IPUIPlugin
2024-03-26 17:05:09,125 [INFO] PluginManager:220 - loadIPPluginJar : add comp
2024-03-26 17:05:09,126 [INFO] IPUIPlugin:80 - create IPUIPlugin
2024-03-26 17:05:09,126 [INFO] PluginManager:220 - loadIPPluginJar : add cryp
2024-03-26 17:05:09,128 [INFO] IPUIPlugin:80 - create IPUIPlugin
2024-03-26 17:05:09,128 [INFO] PluginManager:220 - loadIPPluginJar : add dfsdm
2024-03-26 17:05:09,131 [INFO] IPUIPlugin:80 - create IPUIPlugin
2024-03-26 17:05:09,131 [INFO] PluginManager:220 - loadIPPluginJar : add dma
2024-03-26 17:05:09,133 [INFO] IPUIPlugin:80 - create IPUIPlugin
2024-03-26 17:05:09,133 [INFO] PluginManager:220 - loadIPPluginJar : add dma3
2024-03-26 17:05:09,135 [INFO] IPUIPlugin:80 - create IPUIPlugin
2024-03-26 17:05:09,135 [INFO] PluginManager:220 - loadIPPluginJar : add extmemmanager
2024-03-26 17:05:09,135 [INFO] IPUIPlugin:80 - create IPUIPlugin
2024-03-26 17:05:09,136 [INFO] PluginManager:220 - loadIPPluginJar : add fatfs
2024-03-26 17:05:09,138 [INFO] IPUIPlugin:80 - create IPUIPlugin
2024-03-26 17:05:09,138 [INFO] PluginManager:220 - loadIPPluginJar : add fmc
2024-03-26 17:05:09,141 [INFO] IPUIPlugin:80 - create IPUIPlugin
2024-03-26 17:05:09,141 [INFO] PluginManager:220 - loadIPPluginJar : add freertos
2024-03-26 17:05:09,142 [INFO] IPUIPlugin:80 - create IPUIPlugin
2024-03-26 17:05:09,142 [INFO] PluginManager:220 - loadIPPluginJar : add genericplugin
2024-03-26 17:05:09,144 [INFO] IPUIPlugin:80 - create IPUIPlugin
2024-03-26 17:05:09,144 [INFO] PluginManager:220 - loadIPPluginJar : add gfxmmu
2024-03-26 17:05:09,147 [INFO] IPUIPlugin:80 - create IPUIPlugin
2024-03-26 17:05:09,147 [INFO] PluginManager:220 - loadIPPluginJar : add gic
2024-03-26 17:05:09,150 [INFO] IPUIPlugin:80 - create IPUIPlugin
2024-03-26 17:05:09,150 [INFO] PluginManager:220 - loadIPPluginJar : add gpio
2024-03-26 17:05:09,152 [INFO] IPUIPlugin:80 - create IPUIPlugin
2024-03-26 17:05:09,152 [INFO] PluginManager:220 - loadIPPluginJar : add gtzc
2024-03-26 17:05:09,153 [INFO] IPUIPlugin:80 - create IPUIPlugin
2024-03-26 17:05:09,154 [INFO] PluginManager:220 - loadIPPluginJar : add hash
2024-03-26 17:05:09,155 [INFO] IPUIPlugin:80 - create IPUIPlugin
2024-03-26 17:05:09,155 [INFO] PluginManager:220 - loadIPPluginJar : add i2c
2024-03-26 17:05:09,157 [INFO] IPUIPlugin:80 - create IPUIPlugin
2024-03-26 17:05:09,157 [INFO] PluginManager:220 - loadIPPluginJar : add i2s
2024-03-26 17:05:09,159 [INFO] IPUIPlugin:80 - create IPUIPlugin
2024-03-26 17:05:09,159 [INFO] PluginManager:220 - loadIPPluginJar : add i3c
2024-03-26 17:05:09,161 [INFO] IPUIPlugin:80 - create IPUIPlugin
2024-03-26 17:05:09,161 [INFO] PluginManager:220 - loadIPPluginJar : add ipddr
2024-03-26 17:05:09,165 [INFO] IPUIPlugin:80 - create IPUIPlugin
2024-03-26 17:05:09,166 [INFO] PluginManager:220 - loadIPPluginJar : add linkedlist
2024-03-26 17:05:09,168 [INFO] IPUIPlugin:80 - create IPUIPlugin
2024-03-26 17:05:09,168 [INFO] PluginManager:220 - loadIPPluginJar : add lorawan
2024-03-26 17:05:09,169 [INFO] IPUIPlugin:80 - create IPUIPlugin
2024-03-26 17:05:09,169 [INFO] PluginManager:220 - loadIPPluginJar : add ltdc
2024-03-26 17:05:09,173 [INFO] IPUIPlugin:80 - create IPUIPlugin
2024-03-26 17:05:09,173 [INFO] PluginManager:220 - loadIPPluginJar : add mdma
2024-03-26 17:05:09,176 [INFO] IPUIPlugin:80 - create IPUIPlugin
2024-03-26 17:05:09,176 [INFO] PluginManager:220 - loadIPPluginJar : add nvic
2024-03-26 17:05:09,178 [INFO] IPUIPlugin:80 - create IPUIPlugin
2024-03-26 17:05:09,178 [INFO] PluginManager:220 - loadIPPluginJar : add opamp
2024-03-26 17:05:09,181 [INFO] IPUIPlugin:80 - create IPUIPlugin
2024-03-26 17:05:09,181 [INFO] PluginManager:220 - loadIPPluginJar : add openamp
2024-03-26 17:05:09,184 [INFO] IPUIPlugin:80 - create IPUIPlugin
2024-03-26 17:05:09,184 [INFO] PluginManager:220 - loadIPPluginJar : add pdm2pcm
2024-03-26 17:05:09,188 [INFO] IPUIPlugin:80 - create IPUIPlugin
2024-03-26 17:05:09,190 [INFO] PluginManager:220 - loadIPPluginJar : add plateformsettings
2024-03-26 17:05:09,192 [INFO] IPUIPlugin:80 - create IPUIPlugin
2024-03-26 17:05:09,192 [INFO] PluginManager:220 - loadIPPluginJar : add quadspi
2024-03-26 17:05:09,194 [INFO] IPUIPlugin:80 - create IPUIPlugin
2024-03-26 17:05:09,194 [INFO] PluginManager:220 - loadIPPluginJar : add resmgrutility
2024-03-26 17:05:09,196 [INFO] IPUIPlugin:80 - create IPUIPlugin
2024-03-26 17:05:09,196 [INFO] PluginManager:220 - loadIPPluginJar : add sai
2024-03-26 17:05:09,198 [INFO] IPUIPlugin:80 - create IPUIPlugin
2024-03-26 17:05:09,198 [INFO] PluginManager:220 - loadIPPluginJar : add spi
2024-03-26 17:05:09,202 [INFO] IPUIPlugin:80 - create IPUIPlugin
2024-03-26 17:05:09,202 [INFO] PluginManager:220 - loadIPPluginJar : add stm32_wpan
2024-03-26 17:05:09,203 [INFO] IPUIPlugin:80 - create IPUIPlugin
2024-03-26 17:05:09,203 [INFO] PluginManager:220 - loadIPPluginJar : add tim
2024-03-26 17:05:09,205 [INFO] IPUIPlugin:80 - create IPUIPlugin
2024-03-26 17:05:09,205 [INFO] PluginManager:220 - loadIPPluginJar : add touchsensing
2024-03-26 17:05:09,207 [INFO] IPUIPlugin:80 - create IPUIPlugin
2024-03-26 17:05:09,207 [INFO] PluginManager:220 - loadIPPluginJar : add tracer_emb
2024-03-26 17:05:09,208 [INFO] IPUIPlugin:80 - create IPUIPlugin
2024-03-26 17:05:09,208 [INFO] PluginManager:220 - loadIPPluginJar : add ts
2024-03-26 17:05:09,209 [INFO] IPUIPlugin:80 - create IPUIPlugin
2024-03-26 17:05:09,209 [INFO] PluginManager:220 - loadIPPluginJar : add tsc
2024-03-26 17:05:09,211 [INFO] IPUIPlugin:80 - create IPUIPlugin
2024-03-26 17:05:09,211 [INFO] PluginManager:220 - loadIPPluginJar : add ucpd
2024-03-26 17:05:09,213 [INFO] IPUIPlugin:80 - create IPUIPlugin
2024-03-26 17:05:09,213 [INFO] PluginManager:220 - loadIPPluginJar : add usart
2024-03-26 17:05:09,216 [INFO] IPUIPlugin:80 - create IPUIPlugin
2024-03-26 17:05:09,216 [INFO] PluginManager:220 - loadIPPluginJar : add usbx
2024-03-26 17:05:09,330 [INFO] CADModel:165 - CPN selected for project level
2024-03-26 17:05:09,330 [INFO] CADModel:114 - Register for checkConnection events
2024-03-26 17:05:09,330 [FATAL] Updater:308 - Updater called before beeing initialized
2024-03-26 17:05:09,330 [ERROR] CADModel:125 - Updater not yet initialized, retry later 
2024-03-26 17:05:09,409 [INFO] CADModel:165 - CPN selected for project level
2024-03-26 17:05:09,409 [INFO] CADModel:114 - Register for checkConnection events
2024-03-26 17:05:09,409 [FATAL] Updater:308 - Updater called before beeing initialized
2024-03-26 17:05:09,409 [ERROR] CADModel:125 - Updater not yet initialized, retry later 
2024-03-26 17:05:09,411 [FATAL] Updater:308 - Updater called before beeing initialized
2024-03-26 17:05:09,483 [FATAL] Updater:308 - Updater called before beeing initialized
2024-03-26 17:05:09,486 [INFO] DbMcusAds:53 - JSON generation date=Wed Nov 29 17:52:27 ICT 2023 (1701255147349)
2024-03-26 17:05:09,487 [FATAL] Updater:308 - Updater called before beeing initialized
2024-03-26 17:05:09,511 [WARN] DetailPanel:346 - Failed to get advertising image, set to default
2024-03-26 17:05:09,579 [FATAL] Updater:308 - Updater called before beeing initialized
2024-03-26 17:05:09,580 [FATAL] Updater:308 - Updater called before beeing initialized
2024-03-26 17:05:09,580 [FATAL] Updater:308 - Updater called before beeing initialized
2024-03-26 17:05:09,580 [WARN] DetailPanel:346 - Failed to get advertising image, set to default
2024-03-26 17:05:09,581 [FATAL] Updater:308 - Updater called before beeing initialized
2024-03-26 17:05:09,618 [ERROR] Updater:1120 - MainUpdater not yet initialized. External WinMGr cannot be set.
2024-03-26 17:05:09,621 [INFO] Updater:1056 - Updater Version found : 6.11.0
2024-03-26 17:05:09,641 [INFO] ApplicationProperties:184 - Using Application install path: C:\ST\STM32CubeIDE_1.15.0\STM32CubeIDE\plugins\com.st.stm32cube.common.mx_6.11.0.202403141607
2024-03-26 17:05:11,221 [ERROR] LogOutputStream:75 - [STDERR_REDIRECT] Mar 26, 2024 5:05:11 PM java.util.prefs.WindowsPreferences <init>
2024-03-26 17:05:11,222 [ERROR] LogOutputStream:75 - [STDERR_REDIRECT] WARNING: Could not open/create prefs root node Software\JavaSoft\Prefs at root 0xffffffff80000002. Windows RegCreateKeyEx(...) returned error code 5.
2024-03-26 17:05:11,222 [ERROR] LogOutputStream:75 - [STDERR_REDIRECT] 
2024-03-26 17:05:11,240 [INFO] MainUpdater:526 - Copy updater definitions from MX database
2024-03-26 17:05:11,373 [INFO] MainUpdater:2873 - connection check result : 10
2024-03-26 17:05:11,374 [INFO] MainUpdater:3567 - Updater definition file requires update
2024-03-26 17:05:11,374 [INFO] MainUpdater:290 - Updater Check For Update Now.
2024-03-26 17:05:11,375 [INFO] MicroXplorer:498 - Change Database Version : DB.6.0.110
2024-03-26 17:05:11,383 [INFO] McuFinderGlobals:63 - Set McuFinder mode to 2 (CubeIDE integrated)
2024-03-26 17:05:11,387 [INFO] UserAuth:415 - Internet connection configuration mode: 1
2024-03-26 17:05:11,387 [INFO] ServerAccessManage:473 - Download File updaters.zip
2024-03-26 17:05:11,400 [INFO] JxBrowserEngine:152 - Initiate JxBrowser Engine with user profile folder
2024-03-26 17:05:11,438 [INFO] FileExtend:240 - Unzip File : updaters.zip
2024-03-26 17:05:11,438 [INFO] FileExtend:255 - Standard Zip Deflate
2024-03-26 17:05:11,724 [INFO] ServerAccessManage:473 - Download File PacksControlFlags.xml
2024-03-26 17:05:11,776 [WARN] MainUpdater:1194 - Updater busy. Cannot search thirdparties
2024-03-26 17:05:11,776 [INFO] ThirdPartyUpdaterWithRetryManager:96 - Updater plugin is busy. [1/15]
2024-03-26 17:05:11,799 [INFO] ServerAccessManage:473 - Download File cubemx.pidx
2024-03-26 17:05:11,936 [INFO] LoadServerUpdatesThread:375 - End of LoadServerUpdate Thread
2024-03-26 17:05:12,143 [INFO] CheckServerUpdateThread:120 - End of CheckServer Thread
2024-03-26 17:05:14,884 [WARN] PackLoader:240 - Cannot read IP mode file for STMicroelectronics.X-CUBE-SMBUS.2.1.0
2024-03-26 17:05:14,890 [WARN] PackLoader:240 - Cannot read IP mode file for STMicroelectronics.X-CUBE-TOUCHGFX.4.23.0
2024-03-26 17:05:14,911 [WARN] PackLoader:240 - Cannot read IP mode file for STMicroelectronics.X-CUBE-AZRTOS-F7.1.1.0
2024-03-26 17:05:14,921 [WARN] PackLoader:240 - Cannot read IP mode file for STMicroelectronics.FP-SNS-MOTENV1.4.3.2
2024-03-26 17:05:14,927 [WARN] PackLoader:240 - Cannot read IP mode file for STMicroelectronics.FP-SNS-FLIGHT1.5.0.2
2024-03-26 17:05:14,934 [WARN] PackLoader:240 - Cannot read IP mode file for STMicroelectronics.X-CUBE-DISPLAY.3.0.0
2024-03-26 17:05:14,944 [WARN] PackLoader:240 - Cannot read IP mode file for STMicroelectronics.X-CUBE-BLE1.7.0.0
2024-03-26 17:05:14,948 [WARN] PackLoader:240 - Cannot read IP mode file for emotas.I-CUBE-CANOPEN.1.3.0
2024-03-26 17:05:14,957 [WARN] PackLoader:240 - Cannot read IP mode file for STMicroelectronics.X-CUBE-BLEMGR.3.1.0
2024-03-26 17:05:14,963 [WARN] PackLoader:240 - Cannot read IP mode file for STMicroelectronics.FP-SNS-SMARTAG2.1.2.0
2024-03-26 17:05:14,971 [INFO] LogOutputStream:77 - [STDOUT_REDIRECT] 1 : Invalid condition id : UX_CORESTACK_Condition cause : null
2024-03-26 17:05:14,972 [INFO] LogOutputStream:77 - [STDOUT_REDIRECT] 1 : Invalid condition id : UX_CORESTACK_Condition cause : null
2024-03-26 17:05:14,973 [INFO] LogOutputStream:77 - [STDOUT_REDIRECT] 1 : Invalid condition id : UX_CORESTACK_Condition cause : null
2024-03-26 17:05:14,973 [INFO] LogOutputStream:77 - [STDOUT_REDIRECT] 1 : Invalid condition id : UX_CORESTACK_Condition cause : null
2024-03-26 17:05:14,974 [INFO] LogOutputStream:77 - [STDOUT_REDIRECT] 1 : Invalid condition id : UX_CORESTACK_Condition cause : null
2024-03-26 17:05:14,977 [WARN] PackLoader:240 - Cannot read IP mode file for STMicroelectronics.X-CUBE-AZRTOS-WL.2.0.0
2024-03-26 17:05:14,984 [WARN] PackLoader:240 - Cannot read IP mode file for WES.I-CUBE-Cesium.1.3.0
2024-03-26 17:05:14,988 [WARN] PackLoader:240 - Cannot read IP mode file for STMicroelectronics.X-CUBE-BLE2.3.3.0
2024-03-26 17:05:14,995 [WARN] PackLoader:240 - Cannot read IP mode file for STMicroelectronics.X-CUBE-ALGOBUILD.1.3.0
2024-03-26 17:05:15,007 [WARN] PackLoader:240 - Cannot read IP mode file for STMicroelectronics.X-CUBE-AZRTOS-G0.1.1.0
2024-03-26 17:05:15,013 [WARN] PackLoader:240 - Cannot read IP mode file for STMicroelectronics.X-CUBE-NFC4.3.0.0
2024-03-26 17:05:15,017 [WARN] PackLoader:240 - Cannot read IP mode file for STMicroelectronics.FP-ATR-SIGFOX1.3.2.0
2024-03-26 17:05:15,022 [WARN] PackLoader:240 - Cannot read IP mode file for STMicroelectronics.X-CUBE-EEPRMA1.5.1.0
2024-03-26 17:05:15,046 [WARN] PackLoader:240 - Cannot read IP mode file for SEGGER.I-CUBE-embOS.1.3.1
2024-03-26 17:05:15,077 [WARN] PackLoader:240 - Cannot read IP mode file for STMicroelectronics.X-CUBE-GNSS1.6.0.0
2024-03-26 17:05:15,092 [WARN] PackLoader:240 - Cannot read IP mode file for STMicroelectronics.X-CUBE-AZRTOS-F4.1.1.0
2024-03-26 17:05:15,099 [WARN] PackLoader:240 - Cannot read IP mode file for wolfSSL.I-CUBE-wolfSSL.5.6.6
2024-03-26 17:05:15,114 [WARN] PackLoader:240 - Cannot read IP mode file for STMicroelectronics.X-CUBE-AZRTOS-L5.2.0.0
2024-03-26 17:05:15,123 [WARN] PackLoader:240 - Cannot read IP mode file for STMicroelectronics.X-CUBE-NFC6.3.1.0
2024-03-26 17:05:15,132 [WARN] PackLoader:240 - Cannot read IP mode file for ITTIA_DB.I-CUBE-ITTIADB.8.8.0
2024-03-26 17:05:15,140 [WARN] PackLoader:240 - Cannot read IP mode file for STMicroelectronics.X-CUBE-NFC7.1.0.1
2024-03-26 17:05:15,149 [WARN] PackLoader:240 - Cannot read IP mode file for STMicroelectronics.X-CUBE-NFC6.3.0.0
2024-03-26 17:05:15,157 [WARN] PackLoader:240 - Cannot read IP mode file for STMicroelectronics.X-CUBE-AI.8.1.0
2024-03-26 17:05:15,184 [WARN] ConditionMgr:438 - getConditionDescription Invalid condition id : LAN8742 Phy interface Condition cause : null
2024-03-26 17:05:15,185 [WARN] PackLoader:240 - Cannot read IP mode file for STMicroelectronics.X-CUBE-AZRTOS-L4.2.0.0
2024-03-26 17:05:15,186 [WARN] ConditionMgr:1039 - genDependencies : Invalid condition id : LAN8742 Phy interface Condition cause : null
2024-03-26 17:05:15,186 [WARN] ConditionMgr:1039 - genDependencies : Invalid condition id : LAN8742 Phy interface Condition cause : null
2024-03-26 17:05:15,186 [WARN] ConditionMgr:1039 - genDependencies : Invalid condition id : LAN8742 Phy interface Condition cause : null
2024-03-26 17:05:15,197 [WARN] PackLoader:240 - Cannot read IP mode file for STMicroelectronics.X-CUBE-SFXS2LP1.4.0.0
2024-03-26 17:05:15,216 [WARN] ConditionMgr:438 - getConditionDescription Invalid condition id : UX DEVICE CLASS RTOS Condition cause : null
2024-03-26 17:05:15,216 [WARN] ConditionMgr:438 - getConditionDescription Invalid condition id : UX DEVICE CLASS RTOS Condition cause : null
2024-03-26 17:05:15,218 [WARN] PackLoader:240 - Cannot read IP mode file for STMicroelectronics.X-CUBE-AZRTOS-WB.2.0.0
2024-03-26 17:05:15,219 [WARN] ConditionMgr:1039 - genDependencies : Invalid condition id : UX DEVICE CLASS RTOS Condition cause : null
2024-03-26 17:05:15,219 [WARN] ConditionMgr:1039 - genDependencies : Invalid condition id : UX DEVICE CLASS RTOS Condition cause : null
2024-03-26 17:05:15,219 [WARN] ConditionMgr:1039 - genDependencies : Invalid condition id : UX DEVICE CLASS RTOS Condition cause : null
2024-03-26 17:05:15,219 [WARN] ConditionMgr:1039 - genDependencies : Invalid condition id : UX DEVICE CLASS RTOS Condition cause : null
2024-03-26 17:05:15,220 [WARN] ConditionMgr:1039 - genDependencies : Invalid condition id : UX DEVICE CLASS RTOS Condition cause : null
2024-03-26 17:05:15,231 [WARN] PackLoader:240 - Cannot read IP mode file for STMicroelectronics.X-CUBE-SUBG2.5.0.0
2024-03-26 17:05:15,252 [WARN] PackLoader:240 - Cannot read IP mode file for STMicroelectronics.X-CUBE-AZRTOS-G4.2.0.0
2024-03-26 17:05:15,267 [WARN] PackLoader:240 - Cannot read IP mode file for Infineon.AIROC-Wi-Fi-Bluetooth-STM32.1.5.1
2024-03-26 17:05:15,275 [WARN] PackLoader:240 - Cannot read IP mode file for STMicroelectronics.FP-SNS-MOTENVWB1.1.3.1
2024-03-26 17:05:15,283 [WARN] PackLoader:240 - Cannot read IP mode file for STMicroelectronics.X-CUBE-ISPU.2.0.0
2024-03-26 17:05:15,315 [WARN] PackLoader:240 - Cannot read IP mode file for STMicroelectronics.X-CUBE-MEMS1.10.0.0
2024-03-26 17:05:15,410 [WARN] PackLoader:240 - Cannot read IP mode file for STMicroelectronics.X-CUBE-FREERTOS.1.1.0
2024-03-26 17:05:15,414 [WARN] PackLoader:240 - Cannot read IP mode file for portGmbH.I-Cube-SoM-uGOAL.1.1.0
2024-03-26 17:05:15,417 [WARN] PackLoader:240 - Cannot read IP mode file for STMicroelectronics.X-CUBE-ALS.1.0.1
2024-03-26 17:05:15,421 [WARN] PackLoader:240 - Cannot read IP mode file for STMicroelectronics.FP-ATR-ASTRA1.2.0.0
2024-03-26 17:05:15,429 [WARN] PackLoader:240 - Cannot read IP mode file for STMicroelectronics.X-CUBE-TOF1.3.4.1
2024-03-26 17:05:15,449 [WARN] PackLoader:240 - Cannot read IP mode file for STMicroelectronics.X-CUBE-AZRTOS-H7.3.2.0
2024-03-26 17:05:15,451 [INFO] ThirdParty:978 - Integrity check success = true
2024-03-26 17:05:15,451 [INFO] IntegrityCheckThread:100 - exiting critical section [integrity check]
2024-03-26 17:05:15,451 [INFO] IntegrityCheckThread:103 - End integrity checks thread
2024-03-26 17:05:15,921 [INFO] WebApp:161 - Instantiating new browser for Auth
2024-03-26 17:05:16,258 [INFO] WebApp:779 - Register for checkConnection events
2024-03-26 17:05:16,258 [INFO] WebApp:414 - Apply proxy settings
2024-03-26 17:05:16,258 [INFO] WebApp:499 - Chromium requires no authentication
2024-03-26 17:05:16,263 [INFO] McuFinderGlobals:63 - Set McuFinder mode to 2 (CubeIDE integrated)
2024-03-26 17:05:16,264 [INFO] WebApp:442 - Direct internet connection detected
2024-03-26 17:05:16,265 [INFO] MainUpdater:2873 - connection check result : 10
2024-03-26 17:05:16,266 [INFO] McuFinderGlobals:76 - Set McuFinderConnectedMode to true
2024-03-26 17:05:16,388 [INFO] WebApp:192 - Starting web application
2024-03-26 17:05:16,388 [INFO] WebApp:544 - Web application path used C:\ST\STM32CubeIDE_1.15.0\STM32CubeIDE\plugins\com.st.stm32cube.common.mx_6.11.0.202403141607\db\plugins\mcufinder\reactClient1\index.html
2024-03-26 17:05:16,406 [INFO] ServerAccessManage:473 - Download File mcusAds.json._tmp_
2024-03-26 17:05:16,512 [INFO] LoadUrlFilesThread:156 - End of LoadUrlFiles Thread
2024-03-26 17:05:16,710 [INFO] ServerAccessManage:473 - Download File cube-finder-db.zip
2024-03-26 17:05:18,448 [INFO] FileExtend:240 - Unzip File : cube-finder-db.zip
2024-03-26 17:05:18,449 [INFO] FileExtend:255 - Standard Zip Deflate
2024-03-26 17:05:19,149 [INFO] LoadUrlFilesThread:156 - End of LoadUrlFiles Thread
2024-03-26 17:05:20,062 [INFO] ServerAccessManage:473 - Download File crdb.zip
2024-03-26 17:05:21,374 [INFO] FileExtend:240 - Unzip File : crdb.zip
2024-03-26 17:05:21,374 [INFO] FileExtend:255 - Standard Zip Deflate
2024-03-26 17:05:21,495 [INFO] LoadUrlFilesThread:156 - End of LoadUrlFiles Thread
2024-03-26 17:05:21,697 [INFO] ServerAccessManage:473 - Download File tutoVideoDB.zip
2024-03-26 17:05:21,701 [INFO] FileExtend:240 - Unzip File : tutoVideoDB.zip
2024-03-26 17:05:21,701 [INFO] FileExtend:255 - Standard Zip Deflate
2024-03-26 17:05:21,812 [INFO] LoadUrlFilesThread:156 - End of LoadUrlFiles Thread
2024-03-26 17:05:21,814 [WARN] DbFile:41 - Overriding database path with different value: C:\Users\Admin\.stmcufinder\plugins\mcufinder/ => C:\Users\Admin\.stmcufinder\plugins\mcufinder
2024-03-26 17:05:21,923 [INFO] ServerAccessManage:473 - Download File api_config.json
2024-03-26 17:05:22,026 [INFO] LoadUrlFilesThread:156 - End of LoadUrlFiles Thread
2024-03-26 17:05:22,027 [INFO] DbMcusAds:53 - JSON generation date=Wed Nov 29 17:52:27 ICT 2023 (1701255147349)
2024-03-26 17:05:22,038 [INFO] LoadUrlFilesThread:185 - End of LoadServerUrlFiles without Thread
2024-03-26 17:05:22,038 [INFO] TargetSelectorAdapter:259 - Refresh data is successful
2024-03-26 17:05:22,123 [INFO] ApiDb:581 - Connected to CubeFinder SQLite database (C:\Users\Admin\.stmcufinder\plugins\mcufinder\mcu\cube-finder-db.db)
2024-03-26 17:05:22,171 [INFO] ApiDb:668 - CubeFinder database Data Model version=2.1
2024-03-26 17:05:22,172 [INFO] ApiDb:669 - CubeFinder database Configuration version=3.0.39
2024-03-26 17:05:22,172 [INFO] ApiDb:670 - CubeFinder database generation date=2024-03-01 (1709305525)
2024-03-26 17:05:22,172 [INFO] ApiDb:671 - CubeFinder database FW Pack versions=[FP-ATR-ASTRA1_V2.0.0, FP-SNS-FLIGHT1_V5.0.1, FP-SNS-FLIGHT1_V5.0.2, FP-SNS-MOTENV1_V4.3.1, FP-SNS-MOTENV1_V4.3.2, FP-SNS-MOTENVWB1_V1.3.1, FP-SNS-SMARTAG2_V1.2.0, STM32Cube_FW_C0_V1.1.0, STM32Cube_FW_F4_V1.28.0, STM32Cube_FW_F7_V1.17.0, STM32Cube_FW_G0_V1.6.2, STM32Cube_FW_G4_V1.5.2, STM32Cube_FW_H5_V0.5.1, STM32Cube_FW_H5_V1.1.1, STM32Cube_FW_H5_V1.2.0, STM32Cube_FW_H5_V1.2.0RC4, STM32Cube_FW_H7RS_V1.0.0, STM32Cube_FW_H7RS_V1.0.0RC4, STM32Cube_FW_H7_V1.11.0, STM32Cube_FW_L0_V1.12.2, STM32Cube_FW_L5_V1.5.1, STM32Cube_FW_U0_V1.0.0, STM32Cube_FW_U0_V1.0.0RC1, STM32Cube_FW_U5_V1.3.0RC4, STM32Cube_FW_U5_V1.5.0, STM32Cube_FW_U5_V1.5.0RC1, STM32Cube_FW_WBA_V1.0.0RC1, STM32Cube_FW_WBA_V1.2.0, STM32Cube_FW_WBA_V1.2.0RC2, STM32Cube_FW_WBA_V1.3.0, STM32Cube_FW_WBA_V1.3.0RC1, STM32Cube_FW_WB_V1.15.0RC1, STM32Cube_FW_WB_V1.16.0, STM32Cube_FW_WB_V1.16.0RC2, STM32Cube_FW_WB_V1.18.0, STM32Cube_FW_WB_V1.19.0, STM32Cube_FW_WL_V1.3.0, X-CUBE-ALGOBUILD_V1.3.0, X-CUBE-ALS_V1.0.1, X-CUBE-AZRTOS-F4_V1.1.0, X-CUBE-AZRTOS-F7_V1.1.0, X-CUBE-AZRTOS-G0_V1.1.0, X-CUBE-AZRTOS-G4_V2.0.0, X-CUBE-AZRTOS-H7_V3.2.0, X-CUBE-AZRTOS-L4_V1.0.0, X-CUBE-AZRTOS-L4_V2.0.0, X-CUBE-AZRTOS-L5_V1.1.0, X-CUBE-AZRTOS-WB_V2.0.0, X-CUBE-AZRTOS-WL_V2.0.0, X-CUBE-BLE1_V7.0.0, X-CUBE-BLE2_V3.3.0, X-CUBE-BLEMGR_V3.1.0, X-CUBE-EEPRMA1_V4.1.0, X-CUBE-EEPRMA1_V5.1.0, X-CUBE-FREERTOS_V1.1.0, X-CUBE-GNSS1_V6.0.0, X-CUBE-MEMS1_V10.0.0, X-CUBE-MEMS1_V9.1.0, X-CUBE-MEMS1_V9.4.0, X-CUBE-MEMS1_V9.6.0, X-CUBE-NFC4_V3.0.0, X-CUBE-NFC7_V1.0.1, X-CUBE-SFXS2LP1_V4.0.0, X-CUBE-SUBG2_V5.0.0, X-CUBE-TOF1_V3.4.0]
2024-03-26 17:05:23,494 [INFO] ApiDb:240 - Found 483 in-development CPN: [B-G473E-ZEST1S, B-WB1M-WPAN1, B-WL5M-SUBG1, NUCLEO-C031C6, NUCLEO-H503RB, NUCLEO-H533RE, NUCLEO-H563ZI, NUCLEO-H7S3L8, NUCLEO-U031R8, NUCLEO-U083RC, NUCLEO-U545RE-Q, NUCLEO-U5A5ZJ-Q, NUCLEO-WBA52CG, NUCLEO-WBA55CG, STEVAL-PROTEUS1, STEVAL-SMARTAG2, STEVAL-STWINBX1, STM320518-EVAL, STM32C0116-DK, STM32C011D6Y3TR, STM32C011D6Y6TR, STM32C011F4P3, STM32C011F4P6, STM32C011F4U3, STM32C011F4U6TR, STM32C011F6P3, STM32C011F6P6, STM32C011F6U3, STM32C011F6U6TR, STM32C011J4M3, STM32C011J4M6, STM32C011J6M3, STM32C011J6M6, STM32C0316-DK, STM32C031C4T3, STM32C031C4T6, STM32C031C4U3, STM32C031C4U6, STM32C031C6T3, STM32C031C6T6, STM32C031C6U3, STM32C031C6U6, STM32C031F4P3, STM32C031F4P6, STM32C031F6P3, STM32C031F6P6, STM32C031G4U3, STM32C031G4U6, STM32C031G6U3, STM32C031G6U6, STM32C031K4T3, STM32C031K4T6, STM32C031K4U3, STM32C031K4U6, STM32C031K6T3, STM32C031K6T6, STM32C031K6U3, STM32C031K6U6, STM32G071K8TXN, STM32G071K8UXN, STM32G081GBU6N, STM32G081KBT6N, STM32G081KBUXN, STM32G0B1CCT6N, STM32G0B1KCT6, STM32G0B1NEY6TR, STM32G0B1RCT6N, STM32G0C1CCT6, STM32G0C1CCT6N, STM32G0C1CCU6N, STM32G0C1CET6N, STM32G0C1CEU6N, STM32G0C1KCT6, STM32G0C1NEY6TR, STM32G0C1RCI6N, STM32G0C1RCT6N, STM32G0C1REI6N, STM32G0C1RET6N, STM32G0C1VCI6, STM32G0C1VEI6, STM32G471CCT6, STM32G471CCU6, STM32G471CET3, STM32G471CET6, STM32G471CEU3, STM32G471CEU6, STM32G471MCT6, STM32G471MET3, STM32G471MET6, STM32G471MEY6TR, STM32G471QCT6, STM32G471QET3, STM32G471RCT6, STM32G471RET3, STM32G471RET6, STM32G471VCH6, STM32G471VCI6, STM32G471VCT6, STM32G471VEH3, STM32G471VEH6, STM32G471VEI3, STM32G471VEI6, STM32G471VET3, STM32G471VET6, STM32G474CCT6, STM32H503CBT6, STM32H503CBU6, STM32H503EBY6TR, STM32H503KBU6, STM32H503RBT6, STM32H523CCT6, STM32H523CCU6, STM32H523CET6, STM32H523CEU6, STM32H523HEY6TR, STM32H523RCT6, STM32H523RET6, STM32H523VCI6, STM32H523VCT6, STM32H523VEI6, STM32H523VET6, STM32H523ZCJ6, STM32H523ZCT6, STM32H523ZEJ6, STM32H523ZET6, STM32H533CET6, STM32H533CEU6, STM32H533HEY6TR, STM32H533RET6, STM32H533VEI6, STM32H533VET6, STM32H533ZEJ6, STM32H533ZET6, STM32H562AGI6, STM32H562AII6, STM32H562IGK6, STM32H562IGT6, STM32H562IIK6, STM32H562IIT6, STM32H562RGT6, STM32H562RGV6, STM32H562RIT6, STM32H562RIV6, STM32H562VGT6, STM32H562VIT6, STM32H562ZGT6, STM32H562ZIT6, STM32H563AGI6, STM32H563AII3Q, STM32H563AII6, STM32H563IGK6, STM32H563IGT6, STM32H563IIK3Q, STM32H563IIK6, STM32H563IIT3Q, STM32H563IIT6, STM32H563MIY3QTR, STM32H563RGT6, STM32H563RGV6, STM32H563RIT6, STM32H563RIV6, STM32H563VGT6, STM32H563VIT3Q, STM32H563VIT6, STM32H563ZGT6, STM32H563ZIT3Q, STM32H563ZIT6, STM32H573AII3Q, STM32H573AII6, STM32H573I-DK, STM32H573IIK3Q, STM32H573IIK6, STM32H573IIT3Q, STM32H573IIT6, STM32H573MIY3QTR, STM32H573RIT6, STM32H573RIV6, STM32H573VIT3Q, STM32H573VIT6, STM32H573ZIT3Q, STM32H573ZIT6, STM32H7R3A8I6, STM32H7R3I8K6, STM32H7R3I8T6, STM32H7R3L8H6, STM32H7R3L8H6H, STM32H7R3R8V6, STM32H7R3V8H6, STM32H7R3V8T6, STM32H7R3V8Y6, STM32H7R3Z8J6, STM32H7R3Z8T6, STM32H7R7A8I6, STM32H7R7I8K6, STM32H7R7I8T6, STM32H7R7L8H6, STM32H7R7L8H6H, STM32H7R7Z8J6, STM32H7S3A8I6, STM32H7S3I8K6, STM32H7S3I8T6, STM32H7S3L8H6, STM32H7S3L8H6H, STM32H7S3R8V6, STM32H7S3V8H6, STM32H7S3V8T6, STM32H7S3V8Y6, STM32H7S3Z8J6, STM32H7S3Z8T6, STM32H7S78-DK, STM32H7S7A8I6, STM32H7S7I8K6, STM32H7S7I8T6, STM32H7S7L8H6, STM32H7S7L8H6H, STM32H7S7Z8J6, STM32L4R5QGI6STR, STM32MP131AAE3, STM32MP131AAF3, STM32MP131AAG3, STM32MP131CAE3, STM32MP131CAF3, STM32MP131CAG3, STM32MP131DAE7, STM32MP131DAF7, STM32MP131DAG7, STM32MP131FAE7, STM32MP131FAF7, STM32MP131FAG7, STM32MP133AAE3, STM32MP133AAF3, STM32MP133AAG3, STM32MP133CAE3, STM32MP133CAF3, STM32MP133CAG3, STM32MP133DAE7, STM32MP133DAF7, STM32MP133DAG7, STM32MP133FAE7, STM32MP133FAF7, STM32MP133FAG7, STM32MP135AAE3, STM32MP135AAF3, STM32MP135AAG3, STM32MP135CAE3, STM32MP135CAF3, STM32MP135CAG3, STM32MP135DAE7, STM32MP135DAF7, STM32MP135DAG7, STM32MP135F-DK, STM32MP135FAE7, STM32MP135FAF7, STM32MP135FAF7T, STM32MP135FAF7U, STM32MP135FAG7, STM32U031C6T6, STM32U031C6U6, STM32U031C8T6, STM32U031C8U6, STM32U031F4P6, STM32U031F6P6, STM32U031F8P6, STM32U031G6Y6TR, STM32U031G8Y6TR, STM32U031K4U6, STM32U031K6U6, STM32U031K8U6, STM32U031R6I6, STM32U031R6T6, STM32U031R8I6, STM32U031R8T6, STM32U073C8T6, STM32U073C8U6, STM32U073CBT6, STM32U073CBU6, STM32U073CCT6, STM32U073CCU6, STM32U073H8Y6TR, STM32U073HBY6TR, STM32U073HCY6TR, STM32U073K8U6, STM32U073KBU6, STM32U073KCU6, STM32U073M8I6, STM32U073M8T6, STM32U073MBI6, STM32U073MBT6, STM32U073MCI6, STM32U073MCT6, STM32U073R8I6, STM32U073R8T6, STM32U073RBI6, STM32U073RBT6, STM32U073RCI6, STM32U073RCT6, STM32U083C-DK, STM32U083CCT6, STM32U083CCU6, STM32U083HCY6TR, STM32U083KCU6, STM32U083MCI6, STM32U083MCT6, STM32U083RCI6, STM32U083RCT6, STM32U535CBT6, STM32U535CBT6Q, STM32U535CBU6, STM32U535CBU6Q, STM32U535CCT6, STM32U535CCT6Q, STM32U535CCU6, STM32U535CCU6Q, STM32U535CET6, STM32U535CET6Q, STM32U535CEU6, STM32U535CEU6Q, STM32U535JEY6QTR, STM32U535NCY6QTR, STM32U535NEY6QTR, STM32U535RBI6, STM32U535RBI6Q, STM32U535RBT6, STM32U535RBT6Q, STM32U535RCI6, STM32U535RCI6Q, STM32U535RCT6, STM32U535RCT6Q, STM32U535REI6, STM32U535REI6Q, STM32U535RET6, STM32U535RET6Q, STM32U535VCI6, STM32U535VCI6Q, STM32U535VCT6, STM32U535VCT6Q, STM32U535VEI6, STM32U535VEI6Q, STM32U535VET6, STM32U535VET6Q, STM32U545CET6, STM32U545CET6Q, STM32U545CEU6, STM32U545CEU6Q, STM32U545JEY6QTR, STM32U545NEY6QTR, STM32U545REI6, STM32U545REI6Q, STM32U545RET6, STM32U545RET6Q, STM32U545VEI6, STM32U545VEI6Q, STM32U545VET6, STM32U545VET6Q, STM32U595AIH6, STM32U595AIH6Q, STM32U595AJH6, STM32U595AJH6Q, STM32U595QII6, STM32U595QII6Q, STM32U595QJI6, STM32U595QJI6Q, STM32U595RIT6, STM32U595RIT6Q, STM32U595RJT6, STM32U595RJT6Q, STM32U595VIT6, STM32U595VIT6Q, STM32U595VJT6, STM32U595VJT6Q, STM32U595ZIT6, STM32U595ZIT6Q, STM32U595ZIY6QTR, STM32U595ZJT6, STM32U595ZJT6Q, STM32U595ZJY6QTR, STM32U599BJY6QTR, STM32U599NIH6Q, STM32U599NJH6Q, STM32U599VIT6Q, STM32U599VJT6, STM32U599VJT6Q, STM32U599ZIT6Q, STM32U599ZIY6QTR, STM32U599ZJT6Q, STM32U599ZJY6QTR, STM32U5A5AJH6, STM32U5A5AJH6Q, STM32U5A5QII3Q , STM32U5A5QJI6, STM32U5A5QJI6Q, STM32U5A5RJT6, STM32U5A5RJT6Q, STM32U5A5VJT6, STM32U5A5VJT6Q, STM32U5A5ZJT6, STM32U5A5ZJT6Q, STM32U5A5ZJY6QTR, STM32U5A9BJY6QTR, STM32U5A9J-DK, STM32U5A9NJH6Q, STM32U5A9VJT6Q, STM32U5A9ZJT6Q, STM32U5A9ZJY6QTR, STM32U5F7VIT6, STM32U5F7VIT6Q, STM32U5F7VJT6, STM32U5F7VJT6Q, STM32U5F9BJY6QTR, STM32U5F9NJH6Q, STM32U5F9VIT6Q, STM32U5F9VJT6Q, STM32U5F9ZIJ6QTR, STM32U5F9ZIT6Q, STM32U5F9ZJJ6QTR, STM32U5F9ZJT6Q, STM32U5G7VJT6, STM32U5G7VJT6Q, STM32U5G9BJY6QTR, STM32U5G9J-DK1, STM32U5G9J-DK2, STM32U5G9NJH6Q, STM32U5G9VJT6Q, STM32U5G9ZJJ6QTR, STM32U5G9ZJT6Q, STM32WB1MMCH6, STM32WBA50KEU6, STM32WBA50KEU6TR, STM32WBA50KGU6, STM32WBA50KGU6TR, STM32WBA52CEU6, STM32WBA52CEU6TR, STM32WBA52CEU7, STM32WBA52CEU7TR, STM32WBA52CGU6, STM32WBA52CGU6TR, STM32WBA52CGU6U, STM32WBA52CGU7, STM32WBA52CGU7TR, STM32WBA52KEU6, STM32WBA52KEU6TR, STM32WBA52KGU6, STM32WBA52KGU6TR, STM32WBA54CEU6, STM32WBA54CEU6TR, STM32WBA54CEU7, STM32WBA54CEU7TR, STM32WBA54CGU6, STM32WBA54CGU6TR, STM32WBA54CGU7, STM32WBA54CGU7TR, STM32WBA54KEU6, STM32WBA54KEU6TR, STM32WBA54KEU7, STM32WBA54KEU7TR, STM32WBA54KGU6, STM32WBA54KGU6TR, STM32WBA54KGU7, STM32WBA54KGU7TR, STM32WBA55CEU6, STM32WBA55CEU6TR, STM32WBA55CEU7, STM32WBA55CEU7TR, STM32WBA55CGU6, STM32WBA55CGU6TR, STM32WBA55CGU6U, STM32WBA55CGU7, STM32WBA55CGU7TR, STM32WBA55G-DK1, STM32WBA55HEF6, STM32WBA55HEF7, STM32WBA55HGF6, STM32WBA55HGF7, STM32WBA55UEI6, STM32WBA55UEI6TR, STM32WBA55UEI7, STM32WBA55UEI7TR, STM32WBA55UGI6, STM32WBA55UGI6TR, STM32WBA55UGI7, STM32WBA55UGI7TR, STM32WL5MOCH6, STM32WL5MOCH6TR]
2024-03-26 17:05:23,498 [INFO] DbMcus:218 - Found 4091 MCUs, 4091 are supported
2024-03-26 17:05:23,500 [INFO] ApiDb:423 - Load user favorites file C:\Users\Admin/.stm32cubeide/favorites.mcus.txt: 0 item(s)
2024-03-26 17:05:23,500 [INFO] ApiDb:427 - User favorites MCUs=[]
2024-03-26 17:05:23,500 [INFO] DbMcus:224 - Set 0 / 0 favorites MCUs
2024-03-26 17:05:23,710 [INFO] ApiDb:668 - CubeFinder database Data Model version=2.1
2024-03-26 17:05:23,710 [INFO] ApiDb:669 - CubeFinder database Configuration version=3.0.39
2024-03-26 17:05:23,710 [INFO] ApiDb:670 - CubeFinder database generation date=2024-03-01 (1709305525)
2024-03-26 17:05:23,710 [INFO] ApiDb:671 - CubeFinder database FW Pack versions=[FP-ATR-ASTRA1_V2.0.0, FP-SNS-FLIGHT1_V5.0.1, FP-SNS-FLIGHT1_V5.0.2, FP-SNS-MOTENV1_V4.3.1, FP-SNS-MOTENV1_V4.3.2, FP-SNS-MOTENVWB1_V1.3.1, FP-SNS-SMARTAG2_V1.2.0, STM32Cube_FW_C0_V1.1.0, STM32Cube_FW_F4_V1.28.0, STM32Cube_FW_F7_V1.17.0, STM32Cube_FW_G0_V1.6.2, STM32Cube_FW_G4_V1.5.2, STM32Cube_FW_H5_V0.5.1, STM32Cube_FW_H5_V1.1.1, STM32Cube_FW_H5_V1.2.0, STM32Cube_FW_H5_V1.2.0RC4, STM32Cube_FW_H7RS_V1.0.0, STM32Cube_FW_H7RS_V1.0.0RC4, STM32Cube_FW_H7_V1.11.0, STM32Cube_FW_L0_V1.12.2, STM32Cube_FW_L5_V1.5.1, STM32Cube_FW_U0_V1.0.0, STM32Cube_FW_U0_V1.0.0RC1, STM32Cube_FW_U5_V1.3.0RC4, STM32Cube_FW_U5_V1.5.0, STM32Cube_FW_U5_V1.5.0RC1, STM32Cube_FW_WBA_V1.0.0RC1, STM32Cube_FW_WBA_V1.2.0, STM32Cube_FW_WBA_V1.2.0RC2, STM32Cube_FW_WBA_V1.3.0, STM32Cube_FW_WBA_V1.3.0RC1, STM32Cube_FW_WB_V1.15.0RC1, STM32Cube_FW_WB_V1.16.0, STM32Cube_FW_WB_V1.16.0RC2, STM32Cube_FW_WB_V1.18.0, STM32Cube_FW_WB_V1.19.0, STM32Cube_FW_WL_V1.3.0, X-CUBE-ALGOBUILD_V1.3.0, X-CUBE-ALS_V1.0.1, X-CUBE-AZRTOS-F4_V1.1.0, X-CUBE-AZRTOS-F7_V1.1.0, X-CUBE-AZRTOS-G0_V1.1.0, X-CUBE-AZRTOS-G4_V2.0.0, X-CUBE-AZRTOS-H7_V3.2.0, X-CUBE-AZRTOS-L4_V1.0.0, X-CUBE-AZRTOS-L4_V2.0.0, X-CUBE-AZRTOS-L5_V1.1.0, X-CUBE-AZRTOS-WB_V2.0.0, X-CUBE-AZRTOS-WL_V2.0.0, X-CUBE-BLE1_V7.0.0, X-CUBE-BLE2_V3.3.0, X-CUBE-BLEMGR_V3.1.0, X-CUBE-EEPRMA1_V4.1.0, X-CUBE-EEPRMA1_V5.1.0, X-CUBE-FREERTOS_V1.1.0, X-CUBE-GNSS1_V6.0.0, X-CUBE-MEMS1_V10.0.0, X-CUBE-MEMS1_V9.1.0, X-CUBE-MEMS1_V9.4.0, X-CUBE-MEMS1_V9.6.0, X-CUBE-NFC4_V3.0.0, X-CUBE-NFC7_V1.0.1, X-CUBE-SFXS2LP1_V4.0.0, X-CUBE-SUBG2_V5.0.0, X-CUBE-TOF1_V3.4.0]
2024-03-26 17:05:23,755 [INFO] DbBoardsSqlite:226 - include board P-NUCLEO-WB55-NUCLEO as a kit item of type 'Nucleo-64'
2024-03-26 17:05:23,755 [INFO] DbBoardsSqlite:226 - include board P-NUCLEO-WB55-USBDONGLE as a kit item of type 'Nucleo USB Dongle'
2024-03-26 17:05:23,755 [INFO] DbBoardsSqlite:226 - include board STEVAL-IDP005V1 as a kit item of type 'Evaluation Board'
2024-03-26 17:05:23,755 [INFO] DbBoardsSqlite:226 - include board STEVAL-IDP005V2 as a kit item of type 'Evaluation Board'
2024-03-26 17:05:23,801 [INFO] ApiDb:240 - Found 483 in-development CPN: [B-G473E-ZEST1S, B-WB1M-WPAN1, B-WL5M-SUBG1, NUCLEO-C031C6, NUCLEO-H503RB, NUCLEO-H533RE, NUCLEO-H563ZI, NUCLEO-H7S3L8, NUCLEO-U031R8, NUCLEO-U083RC, NUCLEO-U545RE-Q, NUCLEO-U5A5ZJ-Q, NUCLEO-WBA52CG, NUCLEO-WBA55CG, STEVAL-PROTEUS1, STEVAL-SMARTAG2, STEVAL-STWINBX1, STM320518-EVAL, STM32C0116-DK, STM32C011D6Y3TR, STM32C011D6Y6TR, STM32C011F4P3, STM32C011F4P6, STM32C011F4U3, STM32C011F4U6TR, STM32C011F6P3, STM32C011F6P6, STM32C011F6U3, STM32C011F6U6TR, STM32C011J4M3, STM32C011J4M6, STM32C011J6M3, STM32C011J6M6, STM32C0316-DK, STM32C031C4T3, STM32C031C4T6, STM32C031C4U3, STM32C031C4U6, STM32C031C6T3, STM32C031C6T6, STM32C031C6U3, STM32C031C6U6, STM32C031F4P3, STM32C031F4P6, STM32C031F6P3, STM32C031F6P6, STM32C031G4U3, STM32C031G4U6, STM32C031G6U3, STM32C031G6U6, STM32C031K4T3, STM32C031K4T6, STM32C031K4U3, STM32C031K4U6, STM32C031K6T3, STM32C031K6T6, STM32C031K6U3, STM32C031K6U6, STM32G071K8TXN, STM32G071K8UXN, STM32G081GBU6N, STM32G081KBT6N, STM32G081KBUXN, STM32G0B1CCT6N, STM32G0B1KCT6, STM32G0B1NEY6TR, STM32G0B1RCT6N, STM32G0C1CCT6, STM32G0C1CCT6N, STM32G0C1CCU6N, STM32G0C1CET6N, STM32G0C1CEU6N, STM32G0C1KCT6, STM32G0C1NEY6TR, STM32G0C1RCI6N, STM32G0C1RCT6N, STM32G0C1REI6N, STM32G0C1RET6N, STM32G0C1VCI6, STM32G0C1VEI6, STM32G471CCT6, STM32G471CCU6, STM32G471CET3, STM32G471CET6, STM32G471CEU3, STM32G471CEU6, STM32G471MCT6, STM32G471MET3, STM32G471MET6, STM32G471MEY6TR, STM32G471QCT6, STM32G471QET3, STM32G471RCT6, STM32G471RET3, STM32G471RET6, STM32G471VCH6, STM32G471VCI6, STM32G471VCT6, STM32G471VEH3, STM32G471VEH6, STM32G471VEI3, STM32G471VEI6, STM32G471VET3, STM32G471VET6, STM32G474CCT6, STM32H503CBT6, STM32H503CBU6, STM32H503EBY6TR, STM32H503KBU6, STM32H503RBT6, STM32H523CCT6, STM32H523CCU6, STM32H523CET6, STM32H523CEU6, STM32H523HEY6TR, STM32H523RCT6, STM32H523RET6, STM32H523VCI6, STM32H523VCT6, STM32H523VEI6, STM32H523VET6, STM32H523ZCJ6, STM32H523ZCT6, STM32H523ZEJ6, STM32H523ZET6, STM32H533CET6, STM32H533CEU6, STM32H533HEY6TR, STM32H533RET6, STM32H533VEI6, STM32H533VET6, STM32H533ZEJ6, STM32H533ZET6, STM32H562AGI6, STM32H562AII6, STM32H562IGK6, STM32H562IGT6, STM32H562IIK6, STM32H562IIT6, STM32H562RGT6, STM32H562RGV6, STM32H562RIT6, STM32H562RIV6, STM32H562VGT6, STM32H562VIT6, STM32H562ZGT6, STM32H562ZIT6, STM32H563AGI6, STM32H563AII3Q, STM32H563AII6, STM32H563IGK6, STM32H563IGT6, STM32H563IIK3Q, STM32H563IIK6, STM32H563IIT3Q, STM32H563IIT6, STM32H563MIY3QTR, STM32H563RGT6, STM32H563RGV6, STM32H563RIT6, STM32H563RIV6, STM32H563VGT6, STM32H563VIT3Q, STM32H563VIT6, STM32H563ZGT6, STM32H563ZIT3Q, STM32H563ZIT6, STM32H573AII3Q, STM32H573AII6, STM32H573I-DK, STM32H573IIK3Q, STM32H573IIK6, STM32H573IIT3Q, STM32H573IIT6, STM32H573MIY3QTR, STM32H573RIT6, STM32H573RIV6, STM32H573VIT3Q, STM32H573VIT6, STM32H573ZIT3Q, STM32H573ZIT6, STM32H7R3A8I6, STM32H7R3I8K6, STM32H7R3I8T6, STM32H7R3L8H6, STM32H7R3L8H6H, STM32H7R3R8V6, STM32H7R3V8H6, STM32H7R3V8T6, STM32H7R3V8Y6, STM32H7R3Z8J6, STM32H7R3Z8T6, STM32H7R7A8I6, STM32H7R7I8K6, STM32H7R7I8T6, STM32H7R7L8H6, STM32H7R7L8H6H, STM32H7R7Z8J6, STM32H7S3A8I6, STM32H7S3I8K6, STM32H7S3I8T6, STM32H7S3L8H6, STM32H7S3L8H6H, STM32H7S3R8V6, STM32H7S3V8H6, STM32H7S3V8T6, STM32H7S3V8Y6, STM32H7S3Z8J6, STM32H7S3Z8T6, STM32H7S78-DK, STM32H7S7A8I6, STM32H7S7I8K6, STM32H7S7I8T6, STM32H7S7L8H6, STM32H7S7L8H6H, STM32H7S7Z8J6, STM32L4R5QGI6STR, STM32MP131AAE3, STM32MP131AAF3, STM32MP131AAG3, STM32MP131CAE3, STM32MP131CAF3, STM32MP131CAG3, STM32MP131DAE7, STM32MP131DAF7, STM32MP131DAG7, STM32MP131FAE7, STM32MP131FAF7, STM32MP131FAG7, STM32MP133AAE3, STM32MP133AAF3, STM32MP133AAG3, STM32MP133CAE3, STM32MP133CAF3, STM32MP133CAG3, STM32MP133DAE7, STM32MP133DAF7, STM32MP133DAG7, STM32MP133FAE7, STM32MP133FAF7, STM32MP133FAG7, STM32MP135AAE3, STM32MP135AAF3, STM32MP135AAG3, STM32MP135CAE3, STM32MP135CAF3, STM32MP135CAG3, STM32MP135DAE7, STM32MP135DAF7, STM32MP135DAG7, STM32MP135F-DK, STM32MP135FAE7, STM32MP135FAF7, STM32MP135FAF7T, STM32MP135FAF7U, STM32MP135FAG7, STM32U031C6T6, STM32U031C6U6, STM32U031C8T6, STM32U031C8U6, STM32U031F4P6, STM32U031F6P6, STM32U031F8P6, STM32U031G6Y6TR, STM32U031G8Y6TR, STM32U031K4U6, STM32U031K6U6, STM32U031K8U6, STM32U031R6I6, STM32U031R6T6, STM32U031R8I6, STM32U031R8T6, STM32U073C8T6, STM32U073C8U6, STM32U073CBT6, STM32U073CBU6, STM32U073CCT6, STM32U073CCU6, STM32U073H8Y6TR, STM32U073HBY6TR, STM32U073HCY6TR, STM32U073K8U6, STM32U073KBU6, STM32U073KCU6, STM32U073M8I6, STM32U073M8T6, STM32U073MBI6, STM32U073MBT6, STM32U073MCI6, STM32U073MCT6, STM32U073R8I6, STM32U073R8T6, STM32U073RBI6, STM32U073RBT6, STM32U073RCI6, STM32U073RCT6, STM32U083C-DK, STM32U083CCT6, STM32U083CCU6, STM32U083HCY6TR, STM32U083KCU6, STM32U083MCI6, STM32U083MCT6, STM32U083RCI6, STM32U083RCT6, STM32U535CBT6, STM32U535CBT6Q, STM32U535CBU6, STM32U535CBU6Q, STM32U535CCT6, STM32U535CCT6Q, STM32U535CCU6, STM32U535CCU6Q, STM32U535CET6, STM32U535CET6Q, STM32U535CEU6, STM32U535CEU6Q, STM32U535JEY6QTR, STM32U535NCY6QTR, STM32U535NEY6QTR, STM32U535RBI6, STM32U535RBI6Q, STM32U535RBT6, STM32U535RBT6Q, STM32U535RCI6, STM32U535RCI6Q, STM32U535RCT6, STM32U535RCT6Q, STM32U535REI6, STM32U535REI6Q, STM32U535RET6, STM32U535RET6Q, STM32U535VCI6, STM32U535VCI6Q, STM32U535VCT6, STM32U535VCT6Q, STM32U535VEI6, STM32U535VEI6Q, STM32U535VET6, STM32U535VET6Q, STM32U545CET6, STM32U545CET6Q, STM32U545CEU6, STM32U545CEU6Q, STM32U545JEY6QTR, STM32U545NEY6QTR, STM32U545REI6, STM32U545REI6Q, STM32U545RET6, STM32U545RET6Q, STM32U545VEI6, STM32U545VEI6Q, STM32U545VET6, STM32U545VET6Q, STM32U595AIH6, STM32U595AIH6Q, STM32U595AJH6, STM32U595AJH6Q, STM32U595QII6, STM32U595QII6Q, STM32U595QJI6, STM32U595QJI6Q, STM32U595RIT6, STM32U595RIT6Q, STM32U595RJT6, STM32U595RJT6Q, STM32U595VIT6, STM32U595VIT6Q, STM32U595VJT6, STM32U595VJT6Q, STM32U595ZIT6, STM32U595ZIT6Q, STM32U595ZIY6QTR, STM32U595ZJT6, STM32U595ZJT6Q, STM32U595ZJY6QTR, STM32U599BJY6QTR, STM32U599NIH6Q, STM32U599NJH6Q, STM32U599VIT6Q, STM32U599VJT6, STM32U599VJT6Q, STM32U599ZIT6Q, STM32U599ZIY6QTR, STM32U599ZJT6Q, STM32U599ZJY6QTR, STM32U5A5AJH6, STM32U5A5AJH6Q, STM32U5A5QII3Q , STM32U5A5QJI6, STM32U5A5QJI6Q, STM32U5A5RJT6, STM32U5A5RJT6Q, STM32U5A5VJT6, STM32U5A5VJT6Q, STM32U5A5ZJT6, STM32U5A5ZJT6Q, STM32U5A5ZJY6QTR, STM32U5A9BJY6QTR, STM32U5A9J-DK, STM32U5A9NJH6Q, STM32U5A9VJT6Q, STM32U5A9ZJT6Q, STM32U5A9ZJY6QTR, STM32U5F7VIT6, STM32U5F7VIT6Q, STM32U5F7VJT6, STM32U5F7VJT6Q, STM32U5F9BJY6QTR, STM32U5F9NJH6Q, STM32U5F9VIT6Q, STM32U5F9VJT6Q, STM32U5F9ZIJ6QTR, STM32U5F9ZIT6Q, STM32U5F9ZJJ6QTR, STM32U5F9ZJT6Q, STM32U5G7VJT6, STM32U5G7VJT6Q, STM32U5G9BJY6QTR, STM32U5G9J-DK1, STM32U5G9J-DK2, STM32U5G9NJH6Q, STM32U5G9VJT6Q, STM32U5G9ZJJ6QTR, STM32U5G9ZJT6Q, STM32WB1MMCH6, STM32WBA50KEU6, STM32WBA50KEU6TR, STM32WBA50KGU6, STM32WBA50KGU6TR, STM32WBA52CEU6, STM32WBA52CEU6TR, STM32WBA52CEU7, STM32WBA52CEU7TR, STM32WBA52CGU6, STM32WBA52CGU6TR, STM32WBA52CGU6U, STM32WBA52CGU7, STM32WBA52CGU7TR, STM32WBA52KEU6, STM32WBA52KEU6TR, STM32WBA52KGU6, STM32WBA52KGU6TR, STM32WBA54CEU6, STM32WBA54CEU6TR, STM32WBA54CEU7, STM32WBA54CEU7TR, STM32WBA54CGU6, STM32WBA54CGU6TR, STM32WBA54CGU7, STM32WBA54CGU7TR, STM32WBA54KEU6, STM32WBA54KEU6TR, STM32WBA54KEU7, STM32WBA54KEU7TR, STM32WBA54KGU6, STM32WBA54KGU6TR, STM32WBA54KGU7, STM32WBA54KGU7TR, STM32WBA55CEU6, STM32WBA55CEU6TR, STM32WBA55CEU7, STM32WBA55CEU7TR, STM32WBA55CGU6, STM32WBA55CGU6TR, STM32WBA55CGU6U, STM32WBA55CGU7, STM32WBA55CGU7TR, STM32WBA55G-DK1, STM32WBA55HEF6, STM32WBA55HEF7, STM32WBA55HGF6, STM32WBA55HGF7, STM32WBA55UEI6, STM32WBA55UEI6TR, STM32WBA55UEI7, STM32WBA55UEI7TR, STM32WBA55UGI6, STM32WBA55UGI6TR, STM32WBA55UGI7, STM32WBA55UGI7TR, STM32WL5MOCH6, STM32WL5MOCH6TR]
2024-03-26 17:05:23,895 [INFO] BoardInfo:889 - No configuration file found for board P-NUCLEO-WB55
2024-03-26 17:05:23,896 [INFO] DbBoards:161 - Kit is not supported: P-NUCLEO-WB55
2024-03-26 17:05:23,900 [INFO] BoardInfo:889 - No configuration file found for board STEVAL-BFA001V1B
2024-03-26 17:05:23,900 [INFO] DbBoards:161 - Kit is not supported: STEVAL-BFA001V1B
2024-03-26 17:05:23,901 [INFO] BoardInfo:889 - No configuration file found for board STEVAL-BFA001V2B
2024-03-26 17:05:23,901 [INFO] DbBoards:161 - Kit is not supported: STEVAL-BFA001V2B
2024-03-26 17:05:23,995 [INFO] DbBoards:168 - Found 199 boards, 196 are supported
2024-03-26 17:05:23,995 [INFO] DbBoards:169 - Found 199 boards, 8 of them is supported for  Bsp
2024-03-26 17:05:23,997 [INFO] ApiDb:414 - User favorites file not found: C:\Users\Admin/.stm32cubeide/favorites.boards.txt
2024-03-26 17:05:23,997 [INFO] DbBoards:198 - Set 0 / 0 favorites Boards
2024-03-26 17:05:23,999 [INFO] ApiDb:668 - CubeFinder database Data Model version=2.1
2024-03-26 17:05:24,000 [INFO] ApiDb:669 - CubeFinder database Configuration version=3.0.39
2024-03-26 17:05:24,000 [INFO] ApiDb:670 - CubeFinder database generation date=2024-03-01 (1709305525)
2024-03-26 17:05:24,000 [INFO] ApiDb:671 - CubeFinder database FW Pack versions=[FP-ATR-ASTRA1_V2.0.0, FP-SNS-FLIGHT1_V5.0.1, FP-SNS-FLIGHT1_V5.0.2, FP-SNS-MOTENV1_V4.3.1, FP-SNS-MOTENV1_V4.3.2, FP-SNS-MOTENVWB1_V1.3.1, FP-SNS-SMARTAG2_V1.2.0, STM32Cube_FW_C0_V1.1.0, STM32Cube_FW_F4_V1.28.0, STM32Cube_FW_F7_V1.17.0, STM32Cube_FW_G0_V1.6.2, STM32Cube_FW_G4_V1.5.2, STM32Cube_FW_H5_V0.5.1, STM32Cube_FW_H5_V1.1.1, STM32Cube_FW_H5_V1.2.0, STM32Cube_FW_H5_V1.2.0RC4, STM32Cube_FW_H7RS_V1.0.0, STM32Cube_FW_H7RS_V1.0.0RC4, STM32Cube_FW_H7_V1.11.0, STM32Cube_FW_L0_V1.12.2, STM32Cube_FW_L5_V1.5.1, STM32Cube_FW_U0_V1.0.0, STM32Cube_FW_U0_V1.0.0RC1, STM32Cube_FW_U5_V1.3.0RC4, STM32Cube_FW_U5_V1.5.0, STM32Cube_FW_U5_V1.5.0RC1, STM32Cube_FW_WBA_V1.0.0RC1, STM32Cube_FW_WBA_V1.2.0, STM32Cube_FW_WBA_V1.2.0RC2, STM32Cube_FW_WBA_V1.3.0, STM32Cube_FW_WBA_V1.3.0RC1, STM32Cube_FW_WB_V1.15.0RC1, STM32Cube_FW_WB_V1.16.0, STM32Cube_FW_WB_V1.16.0RC2, STM32Cube_FW_WB_V1.18.0, STM32Cube_FW_WB_V1.19.0, STM32Cube_FW_WL_V1.3.0, X-CUBE-ALGOBUILD_V1.3.0, X-CUBE-ALS_V1.0.1, X-CUBE-AZRTOS-F4_V1.1.0, X-CUBE-AZRTOS-F7_V1.1.0, X-CUBE-AZRTOS-G0_V1.1.0, X-CUBE-AZRTOS-G4_V2.0.0, X-CUBE-AZRTOS-H7_V3.2.0, X-CUBE-AZRTOS-L4_V1.0.0, X-CUBE-AZRTOS-L4_V2.0.0, X-CUBE-AZRTOS-L5_V1.1.0, X-CUBE-AZRTOS-WB_V2.0.0, X-CUBE-AZRTOS-WL_V2.0.0, X-CUBE-BLE1_V7.0.0, X-CUBE-BLE2_V3.3.0, X-CUBE-BLEMGR_V3.1.0, X-CUBE-EEPRMA1_V4.1.0, X-CUBE-EEPRMA1_V5.1.0, X-CUBE-FREERTOS_V1.1.0, X-CUBE-GNSS1_V6.0.0, X-CUBE-MEMS1_V10.0.0, X-CUBE-MEMS1_V9.1.0, X-CUBE-MEMS1_V9.4.0, X-CUBE-MEMS1_V9.6.0, X-CUBE-NFC4_V3.0.0, X-CUBE-NFC7_V1.0.1, X-CUBE-SFXS2LP1_V4.0.0, X-CUBE-SUBG2_V5.0.0, X-CUBE-TOF1_V3.4.0]
2024-03-26 17:05:24,538 [ERROR] DbExamplesSqlite:437 - Missing JSON key: board_cpn
2024-03-26 17:05:24,538 [ERROR] DbExamplesSqlite:437 - Missing JSON key: board_cpn
2024-03-26 17:05:24,538 [ERROR] DbExamplesSqlite:437 - Missing JSON key: board_cpn
2024-03-26 17:05:24,538 [ERROR] DbExamplesSqlite:437 - Missing JSON key: board_cpn
2024-03-26 17:05:24,605 [INFO] DbExamplesSqlite:395 - Ignored 60 examples not supported by CubeIDE
2024-03-26 17:05:24,605 [INFO] DbExamplesSqlite:396 - Found 8152 examples active
2024-03-26 17:05:24,605 [INFO] DbExamplesSqlite:397 - Found 871 examples obsolete
2024-03-26 17:05:24,605 [INFO] DbExamplesSqlite:398 - Found 0 examples under development
2024-03-26 17:05:24,605 [INFO] DbExamplesSqlite:399 - Found 10 examples not building
2024-03-26 17:05:24,607 [INFO] DbExamples:125 - Found 8102 examples
2024-03-26 17:05:24,634 [ERROR] DbExamples:208 - Found 48 examples with invalid data (board or MCU)
2024-03-26 17:05:24,635 [INFO] DbExamples:222 - Found 101 boards with related examples
2024-03-26 17:05:24,636 [INFO] DbExamples:235 - Found 85 MCUs with related examples
2024-03-26 17:05:24,656 [INFO] ApiDb:414 - User favorites file not found: C:\Users\Admin/.stm32cubeide/favorites.examples.txt
2024-03-26 17:05:24,656 [INFO] DbExamples:250 - Set 0 / 0 favorites Examples
2024-03-26 17:05:24,744 [INFO] McuFinderGlobals:76 - Set McuFinderConnectedMode to true
2024-03-26 17:05:24,751 [INFO] MultiScanPanel:200 - Auto-refresh data requested => check proxy status ongoing
2024-03-26 17:05:24,754 [INFO] FinderPluginLoader:95 - Searching for filters in installed packs
2024-03-26 17:05:25,741 [INFO] LoadUrlFilesThread:185 - End of LoadServerUrlFiles without Thread
2024-03-26 17:05:25,752 [INFO] DetailPanel:341 - Set advertising image to C:/Users/Admin/STM32Cube/Repository/\en.prom-stm32wl3-mcu-finder.jpg
2024-03-26 17:05:28,767 [INFO] MultiScanPanel:200 - Auto-refresh data requested => check proxy status ongoing
2024-03-26 17:05:28,863 [INFO] LoadUrlFilesThread:185 - End of LoadServerUrlFiles without Thread
2024-03-26 17:05:28,863 [INFO] DetailPanel:341 - Set advertising image to C:/Users/Admin/STM32Cube/Repository/\en.prom-stm32wl3-mcu-finder.jpg
2024-03-26 17:05:28,874 [INFO] DbBoards:642 - Loading board mini-images...
2024-03-26 17:05:29,245 [ERROR] DbBoards:659 - Image file not found for board NUCLEO-H533RE: C:\Users\Admin\.stmcufinder\plugins\mcufinder//mcu//boards_images/NUCLEO-H533RE.jpg
2024-03-26 17:05:29,500 [ERROR] DbBoards:659 - Image file not found for board NUCLEO-U031R8: C:\Users\Admin\.stmcufinder\plugins\mcufinder//mcu//boards_images/NUCLEO-U031R8.jpg
2024-03-26 17:05:29,545 [ERROR] DbBoards:659 - Image file not found for board NUCLEO-WBA55CG: C:\Users\Admin\.stmcufinder\plugins\mcufinder//mcu//boards_images/NUCLEO-WBA55CG.jpg
2024-03-26 17:05:30,224 [ERROR] DbBoards:659 - Image file not found for board STM32WBA55G-DK1: C:\Users\Admin\.stmcufinder\plugins\mcufinder//mcu//boards_images/STM32WBA55G-DK1.jpg
2024-03-26 17:05:30,224 [INFO] DbBoards:665 - Loaded 195 board mini-images
2024-03-26 17:07:21,115 [INFO] McuFinderGlobals:76 - Set McuFinderConnectedMode to true
2024-03-26 17:07:21,119 [INFO] ApiDb:448 - Save user favorites file C:\Users\Admin/.stm32cubeide/favorites.mcus.txt: 0 item(s)
2024-03-26 17:07:21,119 [INFO] ApiDb:452 - User favorites MCUs=[]
2024-03-26 17:07:21,123 [INFO] ApiDb:448 - Save user favorites file C:\Users\Admin/.stm32cubeide/favorites.boards.txt: 0 item(s)
2024-03-26 17:07:21,124 [INFO] ApiDb:452 - User favorites Boards=[]
2024-03-26 17:11:45,939 [ERROR] LogOutputStream:75 - [STDERR_REDIRECT] 
2024-03-26 17:11:45,940 [ERROR] LogOutputStream:75 - [STDERR_REDIRECT] 
2024-03-26 17:12:00,714 [INFO] Activator:176 - 


2024-03-26 17:12:00,714 [INFO] Activator:177 - !SESSION log4j initialized
2024-03-26 17:12:03,676 [INFO] LogOutputStream:77 - [STDOUT_REDIRECT] 
2024-03-26 17:12:04,140 [INFO] ApplicationProperties:184 - Using Application install path: C:\ST\STM32CubeIDE_1.15.0\STM32CubeIDE\plugins\com.st.stm32cube.common.mx_6.11.0.202403141607
2024-03-26 17:12:04,155 [INFO] DbMcusXml:78 - Set database path to: C:\ST\STM32CubeIDE_1.15.0\STM32CubeIDE\plugins\com.st.stm32cube.common.mx_6.11.0.202403141607\\db\/mcu/
2024-03-26 17:12:04,156 [INFO] ApiDb:274 - Set plugin database path to: C:\ST\STM32CubeIDE_1.15.0\STM32CubeIDE\plugins\com.st.stm32cube.common.mx_6.11.0.202403141607\\db\/plugins/boardmanager/
2024-03-26 17:12:04,156 [WARN] ApiDb:259 - Overriding images path with different value:  => C:\ST\STM32CubeIDE_1.15.0\STM32CubeIDE\plugins\com.st.stm32cube.common.mx_6.11.0.202403141607\\db\/plugins/mcufinder/images/
2024-03-26 17:12:04,160 [INFO] ApiDb:250 - Set database path to: C:\Users\Admin\.stmcufinder\plugins\mcufinder//mcu/
2024-03-26 17:12:04,161 [INFO] DbMcusAds:125 - Set database path to: C:\Users\Admin\.stmcufinder\plugins\mcufinder//mcu/
2024-03-26 17:12:04,163 [INFO] CrossReferenceDbSqlite:203 - Set database path to: C:\Users\Admin\.stmcufinder\plugins\mcufinder//mcu/cs/
2024-03-26 17:12:04,246 [INFO] RulesReader:64 - Compatibility file has been processed (297 Rules)
2024-03-26 17:12:04,301 [INFO] DbMcusXml:78 - Set database path to: C:\ST\STM32CubeIDE_1.15.0\STM32CubeIDE\plugins\com.st.stm32cube.common.mx_6.11.0.202403141607\\db\/mcu/
2024-03-26 17:12:04,301 [INFO] ApiDb:274 - Set plugin database path to: C:\ST\STM32CubeIDE_1.15.0\STM32CubeIDE\plugins\com.st.stm32cube.common.mx_6.11.0.202403141607\\db\/plugins/boardmanager/
2024-03-26 17:12:04,301 [INFO] ApiDb:261 - Set plugin images path to: C:\ST\STM32CubeIDE_1.15.0\STM32CubeIDE\plugins\com.st.stm32cube.common.mx_6.11.0.202403141607\\db\/plugins/mcufinder/images/
2024-03-26 17:12:04,302 [WARN] DbFile:41 - Overriding database path with different value: C:\Users\Admin\.stmcufinder\plugins\mcufinder/ => C:\Users\Admin\.stmcufinder\plugins\mcufinder
2024-03-26 17:12:04,302 [INFO] ApiDb:250 - Set database path to: C:\Users\Admin\.stmcufinder\plugins\mcufinder//mcu/
2024-03-26 17:12:04,302 [WARN] DbFile:41 - Overriding database path with different value: C:\Users\Admin\.stmcufinder\plugins\mcufinder/ => C:\Users\Admin\.stmcufinder\plugins\mcufinder
2024-03-26 17:12:04,302 [INFO] DbMcusAds:125 - Set database path to: C:\Users\Admin\.stmcufinder\plugins\mcufinder//mcu/
2024-03-26 17:12:04,302 [WARN] DbFile:41 - Overriding database path with different value: C:\Users\Admin\.stmcufinder\plugins\mcufinder/ => C:\Users\Admin\.stmcufinder\plugins\mcufinder
2024-03-26 17:12:04,302 [WARN] DbFile:41 - Overriding database path with different value: C:\Users\Admin\.stmcufinder\plugins\mcufinder/ => C:\Users\Admin\.stmcufinder\plugins\mcufinder
2024-03-26 17:12:04,302 [INFO] CrossReferenceDbSqlite:203 - Set database path to: C:\Users\Admin\.stmcufinder\plugins\mcufinder//mcu/cs/
2024-03-26 17:12:04,354 [INFO] MainPanel:264 - HeapMemory: 268435456
2024-03-26 17:12:04,414 [INFO] DbMcusXml:78 - Set database path to: C:\ST\STM32CubeIDE_1.15.0\STM32CubeIDE\plugins\com.st.stm32cube.common.mx_6.11.0.202403141607\\db\/mcu/
2024-03-26 17:12:04,415 [INFO] ApiDb:274 - Set plugin database path to: C:\ST\STM32CubeIDE_1.15.0\STM32CubeIDE\plugins\com.st.stm32cube.common.mx_6.11.0.202403141607\\db\/plugins/boardmanager/
2024-03-26 17:12:04,415 [INFO] ApiDb:261 - Set plugin images path to: C:\ST\STM32CubeIDE_1.15.0\STM32CubeIDE\plugins\com.st.stm32cube.common.mx_6.11.0.202403141607\\db\/plugins/mcufinder/images/
2024-03-26 17:12:04,415 [WARN] DbFile:41 - Overriding database path with different value: C:\Users\Admin\.stmcufinder\plugins\mcufinder/ => C:\Users\Admin\.stmcufinder\plugins\mcufinder
2024-03-26 17:12:04,415 [INFO] ApiDb:250 - Set database path to: C:\Users\Admin\.stmcufinder\plugins\mcufinder//mcu/
2024-03-26 17:12:04,415 [WARN] DbFile:41 - Overriding database path with different value: C:\Users\Admin\.stmcufinder\plugins\mcufinder/ => C:\Users\Admin\.stmcufinder\plugins\mcufinder
2024-03-26 17:12:04,415 [INFO] DbMcusAds:125 - Set database path to: C:\Users\Admin\.stmcufinder\plugins\mcufinder//mcu/
2024-03-26 17:12:04,415 [WARN] DbFile:41 - Overriding database path with different value: C:\Users\Admin\.stmcufinder\plugins\mcufinder/ => C:\Users\Admin\.stmcufinder\plugins\mcufinder
2024-03-26 17:12:04,415 [WARN] DbFile:41 - Overriding database path with different value: C:\Users\Admin\.stmcufinder\plugins\mcufinder/ => C:\Users\Admin\.stmcufinder\plugins\mcufinder
2024-03-26 17:12:04,416 [INFO] CrossReferenceDbSqlite:203 - Set database path to: C:\Users\Admin\.stmcufinder\plugins\mcufinder//mcu/cs/
2024-03-26 17:12:04,431 [INFO] ApplicationProperties:184 - Using Application install path: C:\ST\STM32CubeIDE_1.15.0\STM32CubeIDE\plugins\com.st.stm32cube.common.mx_6.11.0.202403141607
2024-03-26 17:12:04,432 [INFO] PluginManage:196 - Search for loadable plugins [exclusion list=, ]
2024-03-26 17:12:04,433 [INFO] PluginManage:310 - Check plugin analytics
2024-03-26 17:12:04,570 [INFO] AnalyticsPlugin:253 - Accepted Software Licenses: STM32CubeMX.6.10.0
2024-03-26 17:12:04,570 [INFO] AnalyticsPlugin:255 - Accepted CMSIS Pack Licenses: 
2024-03-26 17:12:04,570 [INFO] AnalyticsPlugin:257 - Accepted Firmware Licenses: 
2024-03-26 17:12:04,572 [INFO] PluginManage:359 - Loaded plugin analytics (category:tool,tabindex:-1)
2024-03-26 17:12:04,572 [INFO] PluginManage:310 - Check plugin cadmodel
2024-03-26 17:12:04,575 [INFO] CADModel:105 - Init CAD model plugin
2024-03-26 17:12:04,575 [INFO] PluginManage:359 - Loaded plugin cadmodel (category:power,tabindex:5)
2024-03-26 17:12:04,575 [INFO] PluginManage:310 - Check plugin clock
2024-03-26 17:12:04,583 [INFO] PluginManage:359 - Loaded plugin clock (category:base,tabindex:2)
2024-03-26 17:12:04,583 [INFO] PluginManage:310 - Check plugin ddr
2024-03-26 17:12:04,585 [INFO] PluginManage:359 - Loaded plugin ddr (category:tool,tabindex:6)
2024-03-26 17:12:04,585 [INFO] PluginManage:310 - Check plugin filemanager
2024-03-26 17:12:04,691 [INFO] PluginManage:359 - Loaded plugin filemanager (category:base,tabindex:10)
2024-03-26 17:12:04,691 [INFO] PluginManage:310 - Check plugin ipmanager
2024-03-26 17:12:04,696 [INFO] PluginManage:359 - Loaded plugin ipmanager (category:base,tabindex:5)
2024-03-26 17:12:04,696 [INFO] PluginManage:310 - Check plugin lpbam
2024-03-26 17:12:04,703 [INFO] PluginManage:359 - Loaded plugin lpbam (category:base,tabindex:0)
2024-03-26 17:12:04,703 [INFO] PluginManage:310 - Check plugin memorymap
2024-03-26 17:12:04,710 [INFO] PluginManage:359 - Loaded plugin memorymap (category:base,tabindex:4)
2024-03-26 17:12:04,710 [INFO] PluginManage:310 - Check plugin pinoutandconfiguration
2024-03-26 17:12:04,715 [INFO] PluginManage:359 - Loaded plugin pinoutandconfiguration (category:base,tabindex:1)
2024-03-26 17:12:04,715 [INFO] PluginManage:310 - Check plugin pinoutconfig
2024-03-26 17:12:04,770 [WARN] SupportedApi:132 - Cannot load RTOS API schema: s4s-elt-must-match.1: The content of 'definitions' must match (annotation?, (simpleType | complexType)?, (unique | key | keyref)*)). A problem was found starting at: attribute.
2024-03-26 17:12:04,854 [INFO] PluginManage:359 - Loaded plugin pinoutconfig (category:base,tabindex:0)
2024-03-26 17:12:04,854 [INFO] PluginManage:310 - Check plugin power
2024-03-26 17:12:04,859 [INFO] PluginManage:359 - Loaded plugin power (category:power,tabindex:4)
2024-03-26 17:12:04,859 [INFO] PluginManage:310 - Check plugin projectmanager
2024-03-26 17:12:04,869 [INFO] PluginManage:359 - Loaded plugin projectmanager (category:projectmanager,tabindex:3)
2024-03-26 17:12:04,869 [INFO] PluginManage:310 - Check plugin thirdparty
2024-03-26 17:12:04,953 [INFO] PluginManage:359 - Loaded plugin thirdparty (category:base,tabindex:-1)
2024-03-26 17:12:04,953 [WARN] IntegrityCheckThread:84 - waiting for thirdparty lock release [integrity check]
2024-03-26 17:12:04,953 [INFO] PluginManage:310 - Check plugin tools
2024-03-26 17:12:04,953 [INFO] IntegrityCheckThread:86 - entering critical section [integrity check]
2024-03-26 17:12:04,954 [INFO] ThirdPartyUpdaterWithRetryManager:70 - Updater plugin not ready yet. [1/15]
2024-03-26 17:12:04,955 [INFO] PluginManage:359 - Loaded plugin tools (category:base,tabindex:7)
2024-03-26 17:12:04,956 [INFO] PluginManage:310 - Check plugin tutovideos
2024-03-26 17:12:05,070 [INFO] PluginManage:359 - Loaded plugin tutovideos (category:base,tabindex:-1)
2024-03-26 17:12:05,071 [INFO] PluginManage:310 - Check plugin updater
2024-03-26 17:12:05,078 [INFO] PluginManage:359 - Loaded plugin updater (category:base,tabindex:12)
2024-03-26 17:12:05,079 [INFO] PluginManage:310 - Check plugin userauth
2024-03-26 17:12:05,083 [INFO] UserAuth:114 - Init User Auth plugin
2024-03-26 17:12:05,083 [INFO] PluginManage:359 - Loaded plugin userauth (category:base,tabindex:14)
2024-03-26 17:12:05,083 [INFO] PluginManage:283 - PluginManage : Loaded plugins [17]
2024-03-26 17:12:05,225 [INFO] PinOutPanel:1561 - setPackage(No Configuration,No Configuration)
2024-03-26 17:12:05,276 [INFO] CADModel:165 - CPN selected for project level
2024-03-26 17:12:05,276 [INFO] CADModel:114 - Register for checkConnection events
2024-03-26 17:12:05,288 [INFO] IPUIPlugin:80 - create IPUIPlugin
2024-03-26 17:12:05,288 [INFO] PluginManager:220 - loadIPPluginJar : add adc
2024-03-26 17:12:05,290 [INFO] IPUIPlugin:80 - create IPUIPlugin
2024-03-26 17:12:05,290 [INFO] PluginManager:220 - loadIPPluginJar : add aes
2024-03-26 17:12:05,292 [INFO] IPUIPlugin:80 - create IPUIPlugin
2024-03-26 17:12:05,292 [INFO] PluginManager:220 - loadIPPluginJar : add can
2024-03-26 17:12:05,293 [INFO] IPUIPlugin:80 - create IPUIPlugin
2024-03-26 17:12:05,293 [INFO] PluginManager:220 - loadIPPluginJar : add comp
2024-03-26 17:12:05,294 [INFO] IPUIPlugin:80 - create IPUIPlugin
2024-03-26 17:12:05,295 [INFO] PluginManager:220 - loadIPPluginJar : add cryp
2024-03-26 17:12:05,296 [INFO] IPUIPlugin:80 - create IPUIPlugin
2024-03-26 17:12:05,296 [INFO] PluginManager:220 - loadIPPluginJar : add dfsdm
2024-03-26 17:12:05,300 [INFO] IPUIPlugin:80 - create IPUIPlugin
2024-03-26 17:12:05,301 [INFO] PluginManager:220 - loadIPPluginJar : add dma
2024-03-26 17:12:05,303 [INFO] IPUIPlugin:80 - create IPUIPlugin
2024-03-26 17:12:05,303 [INFO] PluginManager:220 - loadIPPluginJar : add dma3
2024-03-26 17:12:05,304 [INFO] IPUIPlugin:80 - create IPUIPlugin
2024-03-26 17:12:05,304 [INFO] PluginManager:220 - loadIPPluginJar : add extmemmanager
2024-03-26 17:12:05,305 [INFO] IPUIPlugin:80 - create IPUIPlugin
2024-03-26 17:12:05,305 [INFO] PluginManager:220 - loadIPPluginJar : add fatfs
2024-03-26 17:12:05,308 [INFO] IPUIPlugin:80 - create IPUIPlugin
2024-03-26 17:12:05,308 [INFO] PluginManager:220 - loadIPPluginJar : add fmc
2024-03-26 17:12:05,312 [INFO] IPUIPlugin:80 - create IPUIPlugin
2024-03-26 17:12:05,312 [INFO] PluginManager:220 - loadIPPluginJar : add freertos
2024-03-26 17:12:05,313 [INFO] IPUIPlugin:80 - create IPUIPlugin
2024-03-26 17:12:05,313 [INFO] PluginManager:220 - loadIPPluginJar : add genericplugin
2024-03-26 17:12:05,314 [INFO] IPUIPlugin:80 - create IPUIPlugin
2024-03-26 17:12:05,314 [INFO] PluginManager:220 - loadIPPluginJar : add gfxmmu
2024-03-26 17:12:05,317 [INFO] IPUIPlugin:80 - create IPUIPlugin
2024-03-26 17:12:05,317 [INFO] PluginManager:220 - loadIPPluginJar : add gic
2024-03-26 17:12:05,319 [INFO] IPUIPlugin:80 - create IPUIPlugin
2024-03-26 17:12:05,319 [INFO] PluginManager:220 - loadIPPluginJar : add gpio
2024-03-26 17:12:05,321 [INFO] IPUIPlugin:80 - create IPUIPlugin
2024-03-26 17:12:05,321 [INFO] PluginManager:220 - loadIPPluginJar : add gtzc
2024-03-26 17:12:05,322 [INFO] IPUIPlugin:80 - create IPUIPlugin
2024-03-26 17:12:05,322 [INFO] PluginManager:220 - loadIPPluginJar : add hash
2024-03-26 17:12:05,323 [INFO] IPUIPlugin:80 - create IPUIPlugin
2024-03-26 17:12:05,323 [INFO] PluginManager:220 - loadIPPluginJar : add i2c
2024-03-26 17:12:05,325 [INFO] IPUIPlugin:80 - create IPUIPlugin
2024-03-26 17:12:05,325 [INFO] PluginManager:220 - loadIPPluginJar : add i2s
2024-03-26 17:12:05,326 [INFO] IPUIPlugin:80 - create IPUIPlugin
2024-03-26 17:12:05,326 [INFO] PluginManager:220 - loadIPPluginJar : add i3c
2024-03-26 17:12:05,328 [INFO] IPUIPlugin:80 - create IPUIPlugin
2024-03-26 17:12:05,328 [INFO] PluginManager:220 - loadIPPluginJar : add ipddr
2024-03-26 17:12:05,333 [INFO] IPUIPlugin:80 - create IPUIPlugin
2024-03-26 17:12:05,333 [INFO] PluginManager:220 - loadIPPluginJar : add linkedlist
2024-03-26 17:12:05,335 [INFO] IPUIPlugin:80 - create IPUIPlugin
2024-03-26 17:12:05,335 [INFO] PluginManager:220 - loadIPPluginJar : add lorawan
2024-03-26 17:12:05,335 [INFO] IPUIPlugin:80 - create IPUIPlugin
2024-03-26 17:12:05,336 [INFO] PluginManager:220 - loadIPPluginJar : add ltdc
2024-03-26 17:12:05,339 [INFO] IPUIPlugin:80 - create IPUIPlugin
2024-03-26 17:12:05,339 [INFO] PluginManager:220 - loadIPPluginJar : add mdma
2024-03-26 17:12:05,341 [INFO] IPUIPlugin:80 - create IPUIPlugin
2024-03-26 17:12:05,341 [INFO] PluginManager:220 - loadIPPluginJar : add nvic
2024-03-26 17:12:05,343 [INFO] IPUIPlugin:80 - create IPUIPlugin
2024-03-26 17:12:05,343 [INFO] PluginManager:220 - loadIPPluginJar : add opamp
2024-03-26 17:12:05,344 [INFO] IPUIPlugin:80 - create IPUIPlugin
2024-03-26 17:12:05,345 [INFO] PluginManager:220 - loadIPPluginJar : add openamp
2024-03-26 17:12:05,346 [INFO] IPUIPlugin:80 - create IPUIPlugin
2024-03-26 17:12:05,346 [INFO] PluginManager:220 - loadIPPluginJar : add pdm2pcm
2024-03-26 17:12:05,350 [INFO] IPUIPlugin:80 - create IPUIPlugin
2024-03-26 17:12:05,352 [INFO] PluginManager:220 - loadIPPluginJar : add plateformsettings
2024-03-26 17:12:05,353 [INFO] IPUIPlugin:80 - create IPUIPlugin
2024-03-26 17:12:05,353 [INFO] PluginManager:220 - loadIPPluginJar : add quadspi
2024-03-26 17:12:05,355 [INFO] IPUIPlugin:80 - create IPUIPlugin
2024-03-26 17:12:05,355 [INFO] PluginManager:220 - loadIPPluginJar : add resmgrutility
2024-03-26 17:12:05,357 [INFO] IPUIPlugin:80 - create IPUIPlugin
2024-03-26 17:12:05,357 [INFO] PluginManager:220 - loadIPPluginJar : add sai
2024-03-26 17:12:05,358 [INFO] IPUIPlugin:80 - create IPUIPlugin
2024-03-26 17:12:05,358 [INFO] PluginManager:220 - loadIPPluginJar : add spi
2024-03-26 17:12:05,361 [INFO] IPUIPlugin:80 - create IPUIPlugin
2024-03-26 17:12:05,361 [INFO] PluginManager:220 - loadIPPluginJar : add stm32_wpan
2024-03-26 17:12:05,362 [INFO] IPUIPlugin:80 - create IPUIPlugin
2024-03-26 17:12:05,362 [INFO] PluginManager:220 - loadIPPluginJar : add tim
2024-03-26 17:12:05,364 [INFO] IPUIPlugin:80 - create IPUIPlugin
2024-03-26 17:12:05,365 [INFO] PluginManager:220 - loadIPPluginJar : add touchsensing
2024-03-26 17:12:05,366 [INFO] IPUIPlugin:80 - create IPUIPlugin
2024-03-26 17:12:05,366 [INFO] PluginManager:220 - loadIPPluginJar : add tracer_emb
2024-03-26 17:12:05,367 [INFO] IPUIPlugin:80 - create IPUIPlugin
2024-03-26 17:12:05,367 [INFO] PluginManager:220 - loadIPPluginJar : add ts
2024-03-26 17:12:05,368 [INFO] IPUIPlugin:80 - create IPUIPlugin
2024-03-26 17:12:05,368 [INFO] PluginManager:220 - loadIPPluginJar : add tsc
2024-03-26 17:12:05,369 [INFO] IPUIPlugin:80 - create IPUIPlugin
2024-03-26 17:12:05,369 [INFO] PluginManager:220 - loadIPPluginJar : add ucpd
2024-03-26 17:12:05,370 [INFO] IPUIPlugin:80 - create IPUIPlugin
2024-03-26 17:12:05,370 [INFO] PluginManager:220 - loadIPPluginJar : add usart
2024-03-26 17:12:05,372 [INFO] IPUIPlugin:80 - create IPUIPlugin
2024-03-26 17:12:05,372 [INFO] PluginManager:220 - loadIPPluginJar : add usbx
2024-03-26 17:12:05,479 [INFO] CADModel:165 - CPN selected for project level
2024-03-26 17:12:05,479 [INFO] CADModel:114 - Register for checkConnection events
2024-03-26 17:12:05,480 [FATAL] Updater:308 - Updater called before beeing initialized
2024-03-26 17:12:05,480 [ERROR] CADModel:125 - Updater not yet initialized, retry later 
2024-03-26 17:12:05,560 [INFO] CADModel:165 - CPN selected for project level
2024-03-26 17:12:05,560 [INFO] CADModel:114 - Register for checkConnection events
2024-03-26 17:12:05,560 [FATAL] Updater:308 - Updater called before beeing initialized
2024-03-26 17:12:05,560 [ERROR] CADModel:125 - Updater not yet initialized, retry later 
2024-03-26 17:12:05,563 [FATAL] Updater:308 - Updater called before beeing initialized
2024-03-26 17:12:05,627 [FATAL] Updater:308 - Updater called before beeing initialized
2024-03-26 17:12:05,630 [INFO] DbMcusAds:53 - JSON generation date=Wed Nov 29 17:52:27 ICT 2023 (1701255147349)
2024-03-26 17:12:05,630 [FATAL] Updater:308 - Updater called before beeing initialized
2024-03-26 17:12:05,654 [WARN] DetailPanel:346 - Failed to get advertising image, set to default
2024-03-26 17:12:05,713 [FATAL] Updater:308 - Updater called before beeing initialized
2024-03-26 17:12:05,714 [FATAL] Updater:308 - Updater called before beeing initialized
2024-03-26 17:12:05,714 [FATAL] Updater:308 - Updater called before beeing initialized
2024-03-26 17:12:05,714 [WARN] DetailPanel:346 - Failed to get advertising image, set to default
2024-03-26 17:12:05,715 [FATAL] Updater:308 - Updater called before beeing initialized
2024-03-26 17:12:05,745 [ERROR] Updater:1120 - MainUpdater not yet initialized. External WinMGr cannot be set.
2024-03-26 17:12:05,746 [INFO] Updater:1056 - Updater Version found : 6.11.0
2024-03-26 17:12:05,762 [INFO] ApplicationProperties:184 - Using Application install path: C:\ST\STM32CubeIDE_1.15.0\STM32CubeIDE\plugins\com.st.stm32cube.common.mx_6.11.0.202403141607
2024-03-26 17:12:07,338 [ERROR] LogOutputStream:75 - [STDERR_REDIRECT] Mar 26, 2024 5:12:07 PM java.util.prefs.WindowsPreferences <init>
2024-03-26 17:12:07,339 [ERROR] LogOutputStream:75 - [STDERR_REDIRECT] WARNING: Could not open/create prefs root node Software\JavaSoft\Prefs at root 0xffffffff80000002. Windows RegCreateKeyEx(...) returned error code 5.
2024-03-26 17:12:07,339 [ERROR] LogOutputStream:75 - [STDERR_REDIRECT] 
2024-03-26 17:12:07,495 [INFO] MainUpdater:2873 - connection check result : 10
2024-03-26 17:12:07,495 [INFO] MainUpdater:290 - Updater Check For Update Now.
2024-03-26 17:12:07,496 [INFO] MicroXplorer:498 - Change Database Version : DB.6.0.110
2024-03-26 17:12:07,501 [INFO] McuFinderGlobals:63 - Set McuFinder mode to 2 (CubeIDE integrated)
2024-03-26 17:12:07,506 [INFO] UserAuth:415 - Internet connection configuration mode: 1
2024-03-26 17:12:07,518 [INFO] JxBrowserEngine:152 - Initiate JxBrowser Engine with user profile folder
2024-03-26 17:12:07,647 [INFO] CheckServerUpdateThread:120 - End of CheckServer Thread
2024-03-26 17:12:07,958 [INFO] WebApp:161 - Instantiating new browser for Auth
2024-03-26 17:12:08,084 [WARN] PackLoader:240 - Cannot read IP mode file for STMicroelectronics.X-CUBE-SMBUS.2.1.0
2024-03-26 17:12:08,090 [WARN] PackLoader:240 - Cannot read IP mode file for STMicroelectronics.X-CUBE-TOUCHGFX.4.23.0
2024-03-26 17:12:08,111 [WARN] PackLoader:240 - Cannot read IP mode file for STMicroelectronics.X-CUBE-AZRTOS-F7.1.1.0
2024-03-26 17:12:08,118 [WARN] PackLoader:240 - Cannot read IP mode file for STMicroelectronics.FP-SNS-MOTENV1.4.3.2
2024-03-26 17:12:08,123 [WARN] PackLoader:240 - Cannot read IP mode file for STMicroelectronics.FP-SNS-FLIGHT1.5.0.2
2024-03-26 17:12:08,129 [WARN] PackLoader:240 - Cannot read IP mode file for STMicroelectronics.X-CUBE-DISPLAY.3.0.0
2024-03-26 17:12:08,138 [WARN] PackLoader:240 - Cannot read IP mode file for STMicroelectronics.X-CUBE-BLE1.7.0.0
2024-03-26 17:12:08,143 [WARN] PackLoader:240 - Cannot read IP mode file for emotas.I-CUBE-CANOPEN.1.3.0
2024-03-26 17:12:08,155 [WARN] PackLoader:240 - Cannot read IP mode file for STMicroelectronics.X-CUBE-BLEMGR.3.1.0
2024-03-26 17:12:08,161 [WARN] PackLoader:240 - Cannot read IP mode file for STMicroelectronics.FP-SNS-SMARTAG2.1.2.0
2024-03-26 17:12:08,169 [INFO] LogOutputStream:77 - [STDOUT_REDIRECT] 1 : Invalid condition id : UX_CORESTACK_Condition cause : null
2024-03-26 17:12:08,170 [INFO] LogOutputStream:77 - [STDOUT_REDIRECT] 1 : Invalid condition id : UX_CORESTACK_Condition cause : null
2024-03-26 17:12:08,171 [INFO] LogOutputStream:77 - [STDOUT_REDIRECT] 1 : Invalid condition id : UX_CORESTACK_Condition cause : null
2024-03-26 17:12:08,171 [INFO] LogOutputStream:77 - [STDOUT_REDIRECT] 1 : Invalid condition id : UX_CORESTACK_Condition cause : null
2024-03-26 17:12:08,172 [INFO] LogOutputStream:77 - [STDOUT_REDIRECT] 1 : Invalid condition id : UX_CORESTACK_Condition cause : null
2024-03-26 17:12:08,176 [WARN] PackLoader:240 - Cannot read IP mode file for STMicroelectronics.X-CUBE-AZRTOS-WL.2.0.0
2024-03-26 17:12:08,184 [WARN] PackLoader:240 - Cannot read IP mode file for WES.I-CUBE-Cesium.1.3.0
2024-03-26 17:12:08,190 [WARN] PackLoader:240 - Cannot read IP mode file for STMicroelectronics.X-CUBE-BLE2.3.3.0
2024-03-26 17:12:08,195 [WARN] PackLoader:240 - Cannot read IP mode file for STMicroelectronics.X-CUBE-ALGOBUILD.1.3.0
2024-03-26 17:12:08,206 [WARN] PackLoader:240 - Cannot read IP mode file for STMicroelectronics.X-CUBE-AZRTOS-G0.1.1.0
2024-03-26 17:12:08,210 [WARN] PackLoader:240 - Cannot read IP mode file for STMicroelectronics.X-CUBE-NFC4.3.0.0
2024-03-26 17:12:08,214 [WARN] PackLoader:240 - Cannot read IP mode file for STMicroelectronics.FP-ATR-SIGFOX1.3.2.0
2024-03-26 17:12:08,220 [WARN] PackLoader:240 - Cannot read IP mode file for STMicroelectronics.X-CUBE-EEPRMA1.5.1.0
2024-03-26 17:12:08,250 [WARN] PackLoader:240 - Cannot read IP mode file for SEGGER.I-CUBE-embOS.1.3.1
2024-03-26 17:12:08,299 [WARN] PackLoader:240 - Cannot read IP mode file for STMicroelectronics.X-CUBE-GNSS1.6.0.0
2024-03-26 17:12:08,314 [WARN] PackLoader:240 - Cannot read IP mode file for STMicroelectronics.X-CUBE-AZRTOS-F4.1.1.0
2024-03-26 17:12:08,322 [WARN] PackLoader:240 - Cannot read IP mode file for wolfSSL.I-CUBE-wolfSSL.5.6.6
2024-03-26 17:12:08,336 [WARN] PackLoader:240 - Cannot read IP mode file for STMicroelectronics.X-CUBE-AZRTOS-L5.2.0.0
2024-03-26 17:12:08,344 [WARN] PackLoader:240 - Cannot read IP mode file for STMicroelectronics.X-CUBE-NFC6.3.1.0
2024-03-26 17:12:08,349 [WARN] PackLoader:240 - Cannot read IP mode file for ITTIA_DB.I-CUBE-ITTIADB.8.8.0
2024-03-26 17:12:08,353 [WARN] PackLoader:240 - Cannot read IP mode file for STMicroelectronics.X-CUBE-NFC7.1.0.1
2024-03-26 17:12:08,357 [WARN] PackLoader:240 - Cannot read IP mode file for STMicroelectronics.X-CUBE-NFC6.3.0.0
2024-03-26 17:12:08,361 [WARN] PackLoader:240 - Cannot read IP mode file for STMicroelectronics.X-CUBE-AI.8.1.0
2024-03-26 17:12:08,373 [WARN] ConditionMgr:438 - getConditionDescription Invalid condition id : LAN8742 Phy interface Condition cause : null
2024-03-26 17:12:08,374 [WARN] PackLoader:240 - Cannot read IP mode file for STMicroelectronics.X-CUBE-AZRTOS-L4.2.0.0
2024-03-26 17:12:08,375 [WARN] ConditionMgr:1039 - genDependencies : Invalid condition id : LAN8742 Phy interface Condition cause : null
2024-03-26 17:12:08,375 [WARN] ConditionMgr:1039 - genDependencies : Invalid condition id : LAN8742 Phy interface Condition cause : null
2024-03-26 17:12:08,375 [WARN] ConditionMgr:1039 - genDependencies : Invalid condition id : LAN8742 Phy interface Condition cause : null
2024-03-26 17:12:08,381 [WARN] PackLoader:240 - Cannot read IP mode file for STMicroelectronics.X-CUBE-SFXS2LP1.4.0.0
2024-03-26 17:12:08,389 [WARN] ConditionMgr:438 - getConditionDescription Invalid condition id : UX DEVICE CLASS RTOS Condition cause : null
2024-03-26 17:12:08,389 [WARN] ConditionMgr:438 - getConditionDescription Invalid condition id : UX DEVICE CLASS RTOS Condition cause : null
2024-03-26 17:12:08,391 [WARN] PackLoader:240 - Cannot read IP mode file for STMicroelectronics.X-CUBE-AZRTOS-WB.2.0.0
2024-03-26 17:12:08,392 [WARN] ConditionMgr:1039 - genDependencies : Invalid condition id : UX DEVICE CLASS RTOS Condition cause : null
2024-03-26 17:12:08,392 [WARN] ConditionMgr:1039 - genDependencies : Invalid condition id : UX DEVICE CLASS RTOS Condition cause : null
2024-03-26 17:12:08,393 [WARN] ConditionMgr:1039 - genDependencies : Invalid condition id : UX DEVICE CLASS RTOS Condition cause : null
2024-03-26 17:12:08,393 [WARN] ConditionMgr:1039 - genDependencies : Invalid condition id : UX DEVICE CLASS RTOS Condition cause : null
2024-03-26 17:12:08,393 [WARN] ConditionMgr:1039 - genDependencies : Invalid condition id : UX DEVICE CLASS RTOS Condition cause : null
2024-03-26 17:12:08,402 [WARN] PackLoader:240 - Cannot read IP mode file for STMicroelectronics.X-CUBE-SUBG2.5.0.0
2024-03-26 17:12:08,416 [WARN] PackLoader:240 - Cannot read IP mode file for STMicroelectronics.X-CUBE-AZRTOS-G4.2.0.0
2024-03-26 17:12:08,425 [WARN] PackLoader:240 - Cannot read IP mode file for Infineon.AIROC-Wi-Fi-Bluetooth-STM32.1.5.1
2024-03-26 17:12:08,427 [INFO] WebApp:779 - Register for checkConnection events
2024-03-26 17:12:08,428 [INFO] WebApp:414 - Apply proxy settings
2024-03-26 17:12:08,428 [INFO] WebApp:499 - Chromium requires no authentication
2024-03-26 17:12:08,431 [WARN] PackLoader:240 - Cannot read IP mode file for STMicroelectronics.FP-SNS-MOTENVWB1.1.3.1
2024-03-26 17:12:08,435 [WARN] PackLoader:240 - Cannot read IP mode file for STMicroelectronics.X-CUBE-ISPU.2.0.0
2024-03-26 17:12:08,435 [INFO] WebApp:442 - Direct internet connection detected
2024-03-26 17:12:08,465 [WARN] PackLoader:240 - Cannot read IP mode file for STMicroelectronics.X-CUBE-MEMS1.10.0.0
2024-03-26 17:12:08,541 [WARN] PackLoader:240 - Cannot read IP mode file for STMicroelectronics.X-CUBE-FREERTOS.1.1.0
2024-03-26 17:12:08,545 [WARN] PackLoader:240 - Cannot read IP mode file for portGmbH.I-Cube-SoM-uGOAL.1.1.0
2024-03-26 17:12:08,549 [WARN] PackLoader:240 - Cannot read IP mode file for STMicroelectronics.X-CUBE-ALS.1.0.1
2024-03-26 17:12:08,552 [WARN] PackLoader:240 - Cannot read IP mode file for STMicroelectronics.FP-ATR-ASTRA1.2.0.0
2024-03-26 17:12:08,559 [WARN] PackLoader:240 - Cannot read IP mode file for STMicroelectronics.X-CUBE-TOF1.3.4.1
2024-03-26 17:12:08,576 [WARN] PackLoader:240 - Cannot read IP mode file for STMicroelectronics.X-CUBE-AZRTOS-H7.3.2.0
2024-03-26 17:12:08,579 [INFO] ThirdParty:978 - Integrity check success = true
2024-03-26 17:12:08,579 [INFO] IntegrityCheckThread:100 - exiting critical section [integrity check]
2024-03-26 17:12:08,579 [INFO] IntegrityCheckThread:103 - End integrity checks thread
2024-03-26 17:12:08,586 [INFO] WebApp:192 - Starting web application
2024-03-26 17:12:08,586 [INFO] WebApp:544 - Web application path used C:\ST\STM32CubeIDE_1.15.0\STM32CubeIDE\plugins\com.st.stm32cube.common.mx_6.11.0.202403141607\db\plugins\mcufinder\reactClient1\index.html
2024-03-26 17:13:52,984 [INFO] McuFinderGlobals:63 - Set McuFinder mode to 2 (CubeIDE integrated)
2024-03-26 17:13:52,986 [INFO] UserAuth:179 - activating auth plugin
2024-03-26 17:13:52,988 [INFO] UserAuth:415 - Internet connection configuration mode: 1
2024-03-26 17:13:54,663 [INFO] McuFinderGlobals:63 - Set McuFinder mode to 2 (CubeIDE integrated)
2024-03-26 17:13:54,664 [INFO] UserAuth:179 - activating auth plugin
2024-03-26 17:13:54,665 [INFO] UserAuth:415 - Internet connection configuration mode: 1
2024-03-26 17:14:25,137 [INFO] WebApp:609 - userauth.ini created with success
2024-03-26 17:15:10,711 [ERROR] LogOutputStream:75 - [STDERR_REDIRECT] 
