2024-10-16 14:35:18,633 [INFO] Activator:176 - 


2024-10-16 14:35:18,640 [INFO] Activator:177 - !SESSION log4j initialized
2024-10-16 14:35:28,102 [INFO] LogOutputStream:77 - [STDOUT_REDIRECT] 
2024-10-16 14:35:38,532 [INFO] ApplicationProperties:184 - Using Application install path: C:\ST\STM32CubeIDE_1.15.0\STM32CubeIDE\plugins\com.st.stm32cube.common.mx_6.11.0.202403141607
2024-10-16 14:35:38,552 [INFO] DbMcusXml:78 - Set database path to: C:\ST\STM32CubeIDE_1.15.0\STM32CubeIDE\plugins\com.st.stm32cube.common.mx_6.11.0.202403141607\\db\/mcu/
2024-10-16 14:35:38,552 [INFO] ApiDb:274 - Set plugin database path to: C:\ST\STM32CubeIDE_1.15.0\STM32CubeIDE\plugins\com.st.stm32cube.common.mx_6.11.0.202403141607\\db\/plugins/boardmanager/
2024-10-16 14:35:38,553 [WARN] ApiDb:259 - Overriding images path with different value:  => C:\ST\STM32CubeIDE_1.15.0\STM32CubeIDE\plugins\com.st.stm32cube.common.mx_6.11.0.202403141607\\db\/plugins/mcufinder/images/
2024-10-16 14:35:38,565 [INFO] ApiDb:250 - Set database path to: C:\Users\Admin\.stmcufinder\plugins\mcufinder//mcu/
2024-10-16 14:35:38,567 [INFO] DbMcusAds:125 - Set database path to: C:\Users\Admin\.stmcufinder\plugins\mcufinder//mcu/
2024-10-16 14:35:38,609 [INFO] CrossReferenceDbSqlite:203 - Set database path to: C:\Users\Admin\.stmcufinder\plugins\mcufinder//mcu/cs/
2024-10-16 14:35:38,756 [INFO] RulesReader:64 - Compatibility file has been processed (297 Rules)
2024-10-16 14:35:38,864 [INFO] DbMcusXml:78 - Set database path to: C:\ST\STM32CubeIDE_1.15.0\STM32CubeIDE\plugins\com.st.stm32cube.common.mx_6.11.0.202403141607\\db\/mcu/
2024-10-16 14:35:38,864 [INFO] ApiDb:274 - Set plugin database path to: C:\ST\STM32CubeIDE_1.15.0\STM32CubeIDE\plugins\com.st.stm32cube.common.mx_6.11.0.202403141607\\db\/plugins/boardmanager/
2024-10-16 14:35:38,864 [INFO] ApiDb:261 - Set plugin images path to: C:\ST\STM32CubeIDE_1.15.0\STM32CubeIDE\plugins\com.st.stm32cube.common.mx_6.11.0.202403141607\\db\/plugins/mcufinder/images/
2024-10-16 14:35:38,865 [WARN] DbFile:41 - Overriding database path with different value: C:\Users\Admin\.stmcufinder\plugins\mcufinder/ => C:\Users\Admin\.stmcufinder\plugins\mcufinder
2024-10-16 14:35:38,865 [INFO] ApiDb:250 - Set database path to: C:\Users\Admin\.stmcufinder\plugins\mcufinder//mcu/
2024-10-16 14:35:38,865 [WARN] DbFile:41 - Overriding database path with different value: C:\Users\Admin\.stmcufinder\plugins\mcufinder/ => C:\Users\Admin\.stmcufinder\plugins\mcufinder
2024-10-16 14:35:38,865 [INFO] DbMcusAds:125 - Set database path to: C:\Users\Admin\.stmcufinder\plugins\mcufinder//mcu/
2024-10-16 14:35:38,865 [WARN] DbFile:41 - Overriding database path with different value: C:\Users\Admin\.stmcufinder\plugins\mcufinder/ => C:\Users\Admin\.stmcufinder\plugins\mcufinder
2024-10-16 14:35:38,865 [WARN] DbFile:41 - Overriding database path with different value: C:\Users\Admin\.stmcufinder\plugins\mcufinder/ => C:\Users\Admin\.stmcufinder\plugins\mcufinder
2024-10-16 14:35:38,865 [INFO] CrossReferenceDbSqlite:203 - Set database path to: C:\Users\Admin\.stmcufinder\plugins\mcufinder//mcu/cs/
2024-10-16 14:35:38,968 [INFO] MainPanel:264 - HeapMemory: 268435456
2024-10-16 14:35:39,102 [INFO] DbMcusXml:78 - Set database path to: C:\ST\STM32CubeIDE_1.15.0\STM32CubeIDE\plugins\com.st.stm32cube.common.mx_6.11.0.202403141607\\db\/mcu/
2024-10-16 14:35:39,103 [INFO] ApiDb:274 - Set plugin database path to: C:\ST\STM32CubeIDE_1.15.0\STM32CubeIDE\plugins\com.st.stm32cube.common.mx_6.11.0.202403141607\\db\/plugins/boardmanager/
2024-10-16 14:35:39,103 [INFO] ApiDb:261 - Set plugin images path to: C:\ST\STM32CubeIDE_1.15.0\STM32CubeIDE\plugins\com.st.stm32cube.common.mx_6.11.0.202403141607\\db\/plugins/mcufinder/images/
2024-10-16 14:35:39,103 [WARN] DbFile:41 - Overriding database path with different value: C:\Users\Admin\.stmcufinder\plugins\mcufinder/ => C:\Users\Admin\.stmcufinder\plugins\mcufinder
2024-10-16 14:35:39,104 [INFO] ApiDb:250 - Set database path to: C:\Users\Admin\.stmcufinder\plugins\mcufinder//mcu/
2024-10-16 14:35:39,104 [WARN] DbFile:41 - Overriding database path with different value: C:\Users\Admin\.stmcufinder\plugins\mcufinder/ => C:\Users\Admin\.stmcufinder\plugins\mcufinder
2024-10-16 14:35:39,104 [INFO] DbMcusAds:125 - Set database path to: C:\Users\Admin\.stmcufinder\plugins\mcufinder//mcu/
2024-10-16 14:35:39,104 [WARN] DbFile:41 - Overriding database path with different value: C:\Users\Admin\.stmcufinder\plugins\mcufinder/ => C:\Users\Admin\.stmcufinder\plugins\mcufinder
2024-10-16 14:35:39,104 [WARN] DbFile:41 - Overriding database path with different value: C:\Users\Admin\.stmcufinder\plugins\mcufinder/ => C:\Users\Admin\.stmcufinder\plugins\mcufinder
2024-10-16 14:35:39,104 [INFO] CrossReferenceDbSqlite:203 - Set database path to: C:\Users\Admin\.stmcufinder\plugins\mcufinder//mcu/cs/
2024-10-16 14:35:39,133 [INFO] ApplicationProperties:184 - Using Application install path: C:\ST\STM32CubeIDE_1.15.0\STM32CubeIDE\plugins\com.st.stm32cube.common.mx_6.11.0.202403141607
2024-10-16 14:35:39,137 [INFO] PluginManage:196 - Search for loadable plugins [exclusion list=, ]
2024-10-16 14:35:39,139 [INFO] PluginManage:310 - Check plugin analytics
2024-10-16 14:35:39,385 [INFO] AnalyticsPlugin:253 - Accepted Software Licenses: STM32CubeMX.6.10.0
2024-10-16 14:35:39,385 [INFO] AnalyticsPlugin:255 - Accepted CMSIS Pack Licenses: 
2024-10-16 14:35:39,386 [INFO] AnalyticsPlugin:257 - Accepted Firmware Licenses: 
2024-10-16 14:35:39,389 [INFO] PluginManage:359 - Loaded plugin analytics (category:tool,tabindex:-1)
2024-10-16 14:35:39,390 [INFO] PluginManage:310 - Check plugin cadmodel
2024-10-16 14:35:39,411 [INFO] CADModel:105 - Init CAD model plugin
2024-10-16 14:35:39,411 [INFO] PluginManage:359 - Loaded plugin cadmodel (category:power,tabindex:5)
2024-10-16 14:35:39,412 [INFO] PluginManage:310 - Check plugin clock
2024-10-16 14:35:39,441 [INFO] PluginManage:359 - Loaded plugin clock (category:base,tabindex:2)
2024-10-16 14:35:39,442 [INFO] PluginManage:310 - Check plugin ddr
2024-10-16 14:35:39,444 [INFO] PluginManage:359 - Loaded plugin ddr (category:tool,tabindex:6)
2024-10-16 14:35:39,445 [INFO] PluginManage:310 - Check plugin filemanager
2024-10-16 14:35:39,622 [INFO] PluginManage:359 - Loaded plugin filemanager (category:base,tabindex:10)
2024-10-16 14:35:39,622 [INFO] PluginManage:310 - Check plugin ipmanager
2024-10-16 14:35:39,631 [INFO] PluginManage:359 - Loaded plugin ipmanager (category:base,tabindex:5)
2024-10-16 14:35:39,631 [INFO] PluginManage:310 - Check plugin lpbam
2024-10-16 14:35:39,657 [INFO] PluginManage:359 - Loaded plugin lpbam (category:base,tabindex:0)
2024-10-16 14:35:39,658 [INFO] PluginManage:310 - Check plugin memorymap
2024-10-16 14:35:39,693 [INFO] PluginManage:359 - Loaded plugin memorymap (category:base,tabindex:4)
2024-10-16 14:35:39,693 [INFO] PluginManage:310 - Check plugin pinoutandconfiguration
2024-10-16 14:35:39,717 [INFO] PluginManage:359 - Loaded plugin pinoutandconfiguration (category:base,tabindex:1)
2024-10-16 14:35:39,717 [INFO] PluginManage:310 - Check plugin pinoutconfig
2024-10-16 14:35:39,865 [WARN] SupportedApi:132 - Cannot load RTOS API schema: s4s-elt-must-match.1: The content of 'definitions' must match (annotation?, (simpleType | complexType)?, (unique | key | keyref)*)). A problem was found starting at: attribute.
2024-10-16 14:35:40,074 [INFO] PluginManage:359 - Loaded plugin pinoutconfig (category:base,tabindex:0)
2024-10-16 14:35:40,074 [INFO] PluginManage:310 - Check plugin power
2024-10-16 14:35:40,112 [INFO] PluginManage:359 - Loaded plugin power (category:power,tabindex:4)
2024-10-16 14:35:40,113 [INFO] PluginManage:310 - Check plugin projectmanager
2024-10-16 14:35:40,145 [INFO] PluginManage:359 - Loaded plugin projectmanager (category:projectmanager,tabindex:3)
2024-10-16 14:35:40,145 [INFO] PluginManage:310 - Check plugin thirdparty
2024-10-16 14:35:40,570 [INFO] PluginManage:359 - Loaded plugin thirdparty (category:base,tabindex:-1)
2024-10-16 14:35:40,570 [INFO] PluginManage:310 - Check plugin tools
2024-10-16 14:35:40,570 [WARN] IntegrityCheckThread:84 - waiting for thirdparty lock release [integrity check]
2024-10-16 14:35:40,571 [INFO] IntegrityCheckThread:86 - entering critical section [integrity check]
2024-10-16 14:35:40,571 [INFO] ThirdPartyUpdaterWithRetryManager:70 - Updater plugin not ready yet. [1/15]
2024-10-16 14:35:40,626 [INFO] PluginManage:359 - Loaded plugin tools (category:base,tabindex:7)
2024-10-16 14:35:40,626 [INFO] PluginManage:310 - Check plugin tutovideos
2024-10-16 14:35:40,939 [INFO] PluginManage:359 - Loaded plugin tutovideos (category:base,tabindex:-1)
2024-10-16 14:35:40,939 [INFO] PluginManage:310 - Check plugin updater
2024-10-16 14:35:40,954 [INFO] PluginManage:359 - Loaded plugin updater (category:base,tabindex:12)
2024-10-16 14:35:40,954 [INFO] PluginManage:310 - Check plugin userauth
2024-10-16 14:35:40,962 [INFO] UserAuth:114 - Init User Auth plugin
2024-10-16 14:35:40,962 [INFO] PluginManage:359 - Loaded plugin userauth (category:base,tabindex:14)
2024-10-16 14:35:40,963 [INFO] PluginManage:283 - PluginManage : Loaded plugins [17]
2024-10-16 14:35:41,244 [INFO] PinOutPanel:1561 - setPackage(No Configuration,No Configuration)
2024-10-16 14:35:41,341 [INFO] CADModel:165 - CPN selected for project level
2024-10-16 14:35:41,341 [INFO] CADModel:114 - Register for checkConnection events
2024-10-16 14:35:41,382 [INFO] IPUIPlugin:80 - create IPUIPlugin
2024-10-16 14:35:41,383 [INFO] PluginManager:220 - loadIPPluginJar : add adc
2024-10-16 14:35:41,431 [INFO] IPUIPlugin:80 - create IPUIPlugin
2024-10-16 14:35:41,431 [INFO] PluginManager:220 - loadIPPluginJar : add aes
2024-10-16 14:35:41,491 [INFO] IPUIPlugin:80 - create IPUIPlugin
2024-10-16 14:35:41,492 [INFO] PluginManager:220 - loadIPPluginJar : add can
2024-10-16 14:35:41,528 [INFO] IPUIPlugin:80 - create IPUIPlugin
2024-10-16 14:35:41,529 [INFO] PluginManager:220 - loadIPPluginJar : add comp
2024-10-16 14:35:41,581 [INFO] IPUIPlugin:80 - create IPUIPlugin
2024-10-16 14:35:41,581 [INFO] PluginManager:220 - loadIPPluginJar : add cryp
2024-10-16 14:35:41,625 [INFO] IPUIPlugin:80 - create IPUIPlugin
2024-10-16 14:35:41,626 [INFO] PluginManager:220 - loadIPPluginJar : add dfsdm
2024-10-16 14:35:41,644 [INFO] IPUIPlugin:80 - create IPUIPlugin
2024-10-16 14:35:41,645 [INFO] PluginManager:220 - loadIPPluginJar : add dma
2024-10-16 14:35:41,695 [INFO] IPUIPlugin:80 - create IPUIPlugin
2024-10-16 14:35:41,696 [INFO] PluginManager:220 - loadIPPluginJar : add dma3
2024-10-16 14:35:41,749 [INFO] IPUIPlugin:80 - create IPUIPlugin
2024-10-16 14:35:41,749 [INFO] PluginManager:220 - loadIPPluginJar : add extmemmanager
2024-10-16 14:35:41,774 [INFO] IPUIPlugin:80 - create IPUIPlugin
2024-10-16 14:35:41,774 [INFO] PluginManager:220 - loadIPPluginJar : add fatfs
2024-10-16 14:35:41,832 [INFO] IPUIPlugin:80 - create IPUIPlugin
2024-10-16 14:35:41,832 [INFO] PluginManager:220 - loadIPPluginJar : add fmc
2024-10-16 14:35:41,851 [INFO] IPUIPlugin:80 - create IPUIPlugin
2024-10-16 14:35:41,851 [INFO] PluginManager:220 - loadIPPluginJar : add freertos
2024-10-16 14:35:41,883 [INFO] IPUIPlugin:80 - create IPUIPlugin
2024-10-16 14:35:41,883 [INFO] PluginManager:220 - loadIPPluginJar : add genericplugin
2024-10-16 14:35:41,993 [INFO] IPUIPlugin:80 - create IPUIPlugin
2024-10-16 14:35:41,994 [INFO] PluginManager:220 - loadIPPluginJar : add gfxmmu
2024-10-16 14:35:42,141 [INFO] IPUIPlugin:80 - create IPUIPlugin
2024-10-16 14:35:42,141 [INFO] PluginManager:220 - loadIPPluginJar : add gic
2024-10-16 14:35:42,157 [INFO] IPUIPlugin:80 - create IPUIPlugin
2024-10-16 14:35:42,157 [INFO] PluginManager:220 - loadIPPluginJar : add gpio
2024-10-16 14:35:42,305 [INFO] IPUIPlugin:80 - create IPUIPlugin
2024-10-16 14:35:42,305 [INFO] PluginManager:220 - loadIPPluginJar : add gtzc
2024-10-16 14:35:42,367 [INFO] IPUIPlugin:80 - create IPUIPlugin
2024-10-16 14:35:42,368 [INFO] PluginManager:220 - loadIPPluginJar : add hash
2024-10-16 14:35:42,452 [INFO] IPUIPlugin:80 - create IPUIPlugin
2024-10-16 14:35:42,452 [INFO] PluginManager:220 - loadIPPluginJar : add i2c
2024-10-16 14:35:42,502 [INFO] IPUIPlugin:80 - create IPUIPlugin
2024-10-16 14:35:42,503 [INFO] PluginManager:220 - loadIPPluginJar : add i2s
2024-10-16 14:35:42,547 [INFO] IPUIPlugin:80 - create IPUIPlugin
2024-10-16 14:35:42,547 [INFO] PluginManager:220 - loadIPPluginJar : add i3c
2024-10-16 14:35:42,662 [INFO] IPUIPlugin:80 - create IPUIPlugin
2024-10-16 14:35:42,663 [INFO] PluginManager:220 - loadIPPluginJar : add ipddr
2024-10-16 14:35:42,802 [INFO] IPUIPlugin:80 - create IPUIPlugin
2024-10-16 14:35:42,803 [INFO] PluginManager:220 - loadIPPluginJar : add linkedlist
2024-10-16 14:35:42,842 [INFO] IPUIPlugin:80 - create IPUIPlugin
2024-10-16 14:35:42,842 [INFO] PluginManager:220 - loadIPPluginJar : add lorawan
2024-10-16 14:35:42,885 [INFO] IPUIPlugin:80 - create IPUIPlugin
2024-10-16 14:35:42,885 [INFO] PluginManager:220 - loadIPPluginJar : add ltdc
2024-10-16 14:35:42,901 [INFO] IPUIPlugin:80 - create IPUIPlugin
2024-10-16 14:35:42,901 [INFO] PluginManager:220 - loadIPPluginJar : add mdma
2024-10-16 14:35:42,915 [INFO] IPUIPlugin:80 - create IPUIPlugin
2024-10-16 14:35:42,915 [INFO] PluginManager:220 - loadIPPluginJar : add nvic
2024-10-16 14:35:42,958 [INFO] IPUIPlugin:80 - create IPUIPlugin
2024-10-16 14:35:42,959 [INFO] PluginManager:220 - loadIPPluginJar : add opamp
2024-10-16 14:35:43,024 [INFO] IPUIPlugin:80 - create IPUIPlugin
2024-10-16 14:35:43,024 [INFO] PluginManager:220 - loadIPPluginJar : add openamp
2024-10-16 14:35:43,072 [INFO] IPUIPlugin:80 - create IPUIPlugin
2024-10-16 14:35:43,072 [INFO] PluginManager:220 - loadIPPluginJar : add pdm2pcm
2024-10-16 14:35:43,090 [INFO] IPUIPlugin:80 - create IPUIPlugin
2024-10-16 14:35:43,094 [INFO] PluginManager:220 - loadIPPluginJar : add plateformsettings
2024-10-16 14:35:43,130 [INFO] IPUIPlugin:80 - create IPUIPlugin
2024-10-16 14:35:43,130 [INFO] PluginManager:220 - loadIPPluginJar : add quadspi
2024-10-16 14:35:43,149 [INFO] IPUIPlugin:80 - create IPUIPlugin
2024-10-16 14:35:43,149 [INFO] PluginManager:220 - loadIPPluginJar : add resmgrutility
2024-10-16 14:35:43,209 [INFO] IPUIPlugin:80 - create IPUIPlugin
2024-10-16 14:35:43,209 [INFO] PluginManager:220 - loadIPPluginJar : add sai
2024-10-16 14:35:43,249 [INFO] IPUIPlugin:80 - create IPUIPlugin
2024-10-16 14:35:43,250 [INFO] PluginManager:220 - loadIPPluginJar : add spi
2024-10-16 14:35:43,330 [INFO] IPUIPlugin:80 - create IPUIPlugin
2024-10-16 14:35:43,330 [INFO] PluginManager:220 - loadIPPluginJar : add stm32_wpan
2024-10-16 14:35:43,359 [INFO] IPUIPlugin:80 - create IPUIPlugin
2024-10-16 14:35:43,359 [INFO] PluginManager:220 - loadIPPluginJar : add tim
2024-10-16 14:35:43,448 [INFO] IPUIPlugin:80 - create IPUIPlugin
2024-10-16 14:35:43,449 [INFO] PluginManager:220 - loadIPPluginJar : add touchsensing
2024-10-16 14:35:43,484 [INFO] IPUIPlugin:80 - create IPUIPlugin
2024-10-16 14:35:43,484 [INFO] PluginManager:220 - loadIPPluginJar : add tracer_emb
2024-10-16 14:35:43,522 [INFO] IPUIPlugin:80 - create IPUIPlugin
2024-10-16 14:35:43,523 [INFO] PluginManager:220 - loadIPPluginJar : add ts
2024-10-16 14:35:43,562 [INFO] IPUIPlugin:80 - create IPUIPlugin
2024-10-16 14:35:43,563 [INFO] PluginManager:220 - loadIPPluginJar : add tsc
2024-10-16 14:35:43,572 [INFO] ThirdPartyUpdaterWithRetryManager:70 - Updater plugin not ready yet. [2/15]
2024-10-16 14:35:43,597 [INFO] IPUIPlugin:80 - create IPUIPlugin
2024-10-16 14:35:43,597 [INFO] PluginManager:220 - loadIPPluginJar : add ucpd
2024-10-16 14:35:43,657 [INFO] IPUIPlugin:80 - create IPUIPlugin
2024-10-16 14:35:43,657 [INFO] PluginManager:220 - loadIPPluginJar : add usart
2024-10-16 14:35:43,724 [INFO] IPUIPlugin:80 - create IPUIPlugin
2024-10-16 14:35:43,724 [INFO] PluginManager:220 - loadIPPluginJar : add usbx
2024-10-16 14:35:43,891 [INFO] CADModel:165 - CPN selected for project level
2024-10-16 14:35:43,891 [INFO] CADModel:114 - Register for checkConnection events
2024-10-16 14:35:43,891 [FATAL] Updater:308 - Updater called before beeing initialized
2024-10-16 14:35:43,891 [ERROR] CADModel:125 - Updater not yet initialized, retry later 
2024-10-16 14:35:44,086 [INFO] CADModel:165 - CPN selected for project level
2024-10-16 14:35:44,086 [INFO] CADModel:114 - Register for checkConnection events
2024-10-16 14:35:44,086 [FATAL] Updater:308 - Updater called before beeing initialized
2024-10-16 14:35:44,086 [ERROR] CADModel:125 - Updater not yet initialized, retry later 
2024-10-16 14:35:44,091 [FATAL] Updater:308 - Updater called before beeing initialized
2024-10-16 14:35:44,254 [FATAL] Updater:308 - Updater called before beeing initialized
2024-10-16 14:35:44,267 [INFO] DbMcusAds:53 - JSON generation date=Fri Sep 20 20:04:23 ICT 2024 (1726837463113)
2024-10-16 14:35:44,268 [FATAL] Updater:308 - Updater called before beeing initialized
2024-10-16 14:35:44,365 [WARN] DetailPanel:346 - Failed to get advertising image, set to default
2024-10-16 14:35:44,458 [FATAL] Updater:308 - Updater called before beeing initialized
2024-10-16 14:35:44,461 [FATAL] Updater:308 - Updater called before beeing initialized
2024-10-16 14:35:44,461 [FATAL] Updater:308 - Updater called before beeing initialized
2024-10-16 14:35:44,461 [WARN] DetailPanel:346 - Failed to get advertising image, set to default
2024-10-16 14:35:44,462 [FATAL] Updater:308 - Updater called before beeing initialized
2024-10-16 14:35:44,563 [ERROR] Updater:1120 - MainUpdater not yet initialized. External WinMGr cannot be set.
2024-10-16 14:35:44,581 [INFO] Updater:1056 - Updater Version found : 6.11.0
2024-10-16 14:35:44,613 [INFO] ApplicationProperties:184 - Using Application install path: C:\ST\STM32CubeIDE_1.15.0\STM32CubeIDE\plugins\com.st.stm32cube.common.mx_6.11.0.202403141607
2024-10-16 14:35:46,203 [ERROR] LogOutputStream:75 - [STDERR_REDIRECT] Oct 16, 2024 2:35:46 PM java.util.prefs.WindowsPreferences <init>
2024-10-16 14:35:46,204 [ERROR] LogOutputStream:75 - [STDERR_REDIRECT] WARNING: Could not open/create prefs root node Software\JavaSoft\Prefs at root 0xffffffff80000002. Windows RegCreateKeyEx(...) returned error code 5.
2024-10-16 14:35:46,205 [ERROR] LogOutputStream:75 - [STDERR_REDIRECT] 
2024-10-16 14:35:46,573 [INFO] ThirdPartyUpdaterWithRetryManager:70 - Updater plugin not ready yet. [3/15]
2024-10-16 14:35:46,652 [INFO] MainUpdater:2873 - connection check result : 10
2024-10-16 14:35:46,653 [INFO] MainUpdater:290 - Updater Check For Update Now.
2024-10-16 14:35:46,654 [INFO] MicroXplorer:498 - Change Database Version : DB.6.0.110
2024-10-16 14:35:46,674 [INFO] McuFinderGlobals:63 - Set McuFinder mode to 2 (CubeIDE integrated)
2024-10-16 14:35:46,698 [INFO] UserAuth:415 - Internet connection configuration mode: 1
2024-10-16 14:35:46,737 [INFO] JxBrowserEngine:152 - Initiate JxBrowser Engine with user profile folder
2024-10-16 14:35:46,927 [INFO] CheckServerUpdateThread:120 - End of CheckServer Thread
2024-10-16 14:35:49,801 [WARN] PackLoader:240 - Cannot read IP mode file for STMicroelectronics.FP-SNS-MOTENVWB1.1.4.0
2024-10-16 14:35:49,824 [WARN] PackLoader:240 - Cannot read IP mode file for STMicroelectronics.X-CUBE-SMBUS.2.1.0
2024-10-16 14:35:49,847 [WARN] PackLoader:240 - Cannot read IP mode file for STMicroelectronics.X-CUBE-WB05N.1.1.0
2024-10-16 14:35:49,874 [WARN] PackLoader:240 - Cannot read IP mode file for STMicroelectronics.X-CUBE-TOUCHGFX.4.23.0
2024-10-16 14:35:49,889 [WARN] PackLoader:240 - Cannot read IP mode file for STMicroelectronics.X-CUBE-TOUCHGFX.4.23.2
2024-10-16 14:35:49,940 [WARN] PackLoader:240 - Cannot read IP mode file for STMicroelectronics.X-CUBE-AZRTOS-F7.1.1.0
2024-10-16 14:35:49,962 [WARN] PackLoader:240 - Cannot read IP mode file for STMicroelectronics.FP-SNS-MOTENV1.4.3.2
2024-10-16 14:35:50,051 [WARN] PackLoader:240 - Cannot read IP mode file for STMicroelectronics.X-CUBE-MEMS1.11.0.0
2024-10-16 14:35:50,214 [WARN] PackLoader:240 - Cannot read IP mode file for STMicroelectronics.FP-SNS-FLIGHT1.5.0.2
2024-10-16 14:35:50,233 [WARN] PackLoader:240 - Cannot read IP mode file for STMicroelectronics.X-CUBE-DISPLAY.3.0.0
2024-10-16 14:35:50,253 [WARN] PackLoader:240 - Cannot read IP mode file for STMicroelectronics.X-CUBE-BLE1.7.0.0
2024-10-16 14:35:50,277 [WARN] PackLoader:240 - Cannot read IP mode file for STMicroelectronics.X-CUBE-NFC10.1.0.0
2024-10-16 14:35:50,297 [WARN] PackLoader:240 - Cannot read IP mode file for emotas.I-CUBE-CANOPEN.1.3.0
2024-10-16 14:35:50,316 [WARN] PackLoader:240 - Cannot read IP mode file for STMicroelectronics.X-CUBE-BLEMGR.3.1.0
2024-10-16 14:35:50,338 [WARN] PackLoader:240 - Cannot read IP mode file for STMicroelectronics.FP-SNS-SMARTAG2.1.2.0
2024-10-16 14:35:50,361 [INFO] LogOutputStream:77 - [STDOUT_REDIRECT] 1 : Invalid condition id : UX_CORESTACK_Condition cause : null
2024-10-16 14:35:50,362 [INFO] LogOutputStream:77 - [STDOUT_REDIRECT] 1 : Invalid condition id : UX_CORESTACK_Condition cause : null
2024-10-16 14:35:50,363 [INFO] LogOutputStream:77 - [STDOUT_REDIRECT] 1 : Invalid condition id : UX_CORESTACK_Condition cause : null
2024-10-16 14:35:50,364 [INFO] LogOutputStream:77 - [STDOUT_REDIRECT] 1 : Invalid condition id : UX_CORESTACK_Condition cause : null
2024-10-16 14:35:50,365 [INFO] LogOutputStream:77 - [STDOUT_REDIRECT] 1 : Invalid condition id : UX_CORESTACK_Condition cause : null
2024-10-16 14:35:50,367 [WARN] PackLoader:240 - Cannot read IP mode file for STMicroelectronics.X-CUBE-AZRTOS-WL.2.0.0
2024-10-16 14:35:50,387 [WARN] PackLoader:240 - Cannot read IP mode file for STMicroelectronics.FP-SNS-MOTENV1.5.0.0
2024-10-16 14:35:50,401 [WARN] PackLoader:240 - Cannot read IP mode file for wolfSSL.I-CUBE-wolfMQTT.1.19.0
2024-10-16 14:35:50,419 [WARN] PackLoader:240 - Cannot read IP mode file for WES.I-CUBE-Cesium.1.3.0
2024-10-16 14:35:50,438 [WARN] PackLoader:240 - Cannot read IP mode file for STMicroelectronics.X-CUBE-BLE2.3.3.0
2024-10-16 14:35:50,457 [WARN] PackLoader:240 - Cannot read IP mode file for STMicroelectronics.X-CUBE-NFC9.1.0.0
2024-10-16 14:35:50,480 [WARN] PackLoader:240 - Cannot read IP mode file for STMicroelectronics.X-CUBE-TCPP.4.1.0
2024-10-16 14:35:50,503 [WARN] PackLoader:240 - Cannot read IP mode file for STMicroelectronics.X-CUBE-ALGOBUILD.1.3.0
2024-10-16 14:35:50,534 [WARN] PackLoader:240 - Cannot read IP mode file for STMicroelectronics.X-CUBE-AZRTOS-G0.1.1.0
2024-10-16 14:35:50,555 [WARN] PackLoader:240 - Cannot read IP mode file for STMicroelectronics.X-CUBE-SAFEA1.1.2.2
2024-10-16 14:35:50,574 [WARN] PackLoader:240 - Cannot read IP mode file for STMicroelectronics.X-CUBE-NFC4.3.0.0
2024-10-16 14:35:50,598 [WARN] PackLoader:240 - Cannot read IP mode file for EmbeddedOffice.I-CUBE-FS-RTOS.1.0.1
2024-10-16 14:35:50,598 [ERROR] ConditionMgr:805 - Attr not supported : Dmpu
2024-10-16 14:35:50,598 [ERROR] ConditionMgr:805 - Attr not supported : Dmpu
2024-10-16 14:35:50,598 [ERROR] ConditionMgr:805 - Attr not supported : Dmpu
2024-10-16 14:35:50,599 [ERROR] ConditionMgr:805 - Attr not supported : Dmpu
2024-10-16 14:35:50,599 [ERROR] ConditionMgr:805 - Attr not supported : Dmpu
2024-10-16 14:35:50,599 [ERROR] ConditionMgr:805 - Attr not supported : Dmpu
2024-10-16 14:35:50,599 [ERROR] ConditionMgr:805 - Attr not supported : Dmpu
2024-10-16 14:35:50,599 [ERROR] ConditionMgr:805 - Attr not supported : Dmpu
2024-10-16 14:35:50,599 [ERROR] ConditionMgr:805 - Attr not supported : Dmpu
2024-10-16 14:35:50,599 [ERROR] ConditionMgr:805 - Attr not supported : Dmpu
2024-10-16 14:35:50,599 [ERROR] ConditionMgr:805 - Attr not supported : Dmpu
2024-10-16 14:35:50,599 [ERROR] ConditionMgr:805 - Attr not supported : Dmpu
2024-10-16 14:35:50,599 [ERROR] ConditionMgr:805 - Attr not supported : Dmpu
2024-10-16 14:35:50,600 [ERROR] ConditionMgr:805 - Attr not supported : Dmpu
2024-10-16 14:35:50,600 [ERROR] ConditionMgr:805 - Attr not supported : Dmpu
2024-10-16 14:35:50,600 [ERROR] ConditionMgr:805 - Attr not supported : Dmpu
2024-10-16 14:35:50,600 [ERROR] ConditionMgr:805 - Attr not supported : Dmpu
2024-10-16 14:35:50,600 [ERROR] ConditionMgr:805 - Attr not supported : Dmpu
2024-10-16 14:35:50,600 [ERROR] ConditionMgr:805 - Attr not supported : Dmpu
2024-10-16 14:35:50,600 [ERROR] ConditionMgr:805 - Attr not supported : Dmpu
2024-10-16 14:35:50,600 [ERROR] ConditionMgr:805 - Attr not supported : Dmpu
2024-10-16 14:35:50,600 [ERROR] ConditionMgr:805 - Attr not supported : Dmpu
2024-10-16 14:35:50,600 [ERROR] ConditionMgr:805 - Attr not supported : Dmpu
2024-10-16 14:35:50,600 [ERROR] ConditionMgr:805 - Attr not supported : Dmpu
2024-10-16 14:35:50,600 [ERROR] ConditionMgr:805 - Attr not supported : Dmpu
2024-10-16 14:35:50,601 [ERROR] ConditionMgr:805 - Attr not supported : Dmpu
2024-10-16 14:35:50,601 [ERROR] ConditionMgr:805 - Attr not supported : Dmpu
2024-10-16 14:35:50,601 [ERROR] ConditionMgr:805 - Attr not supported : Dmpu
2024-10-16 14:35:50,601 [ERROR] ConditionMgr:805 - Attr not supported : Dmpu
2024-10-16 14:35:50,601 [ERROR] ConditionMgr:805 - Attr not supported : Dmpu
2024-10-16 14:35:50,601 [ERROR] ConditionMgr:805 - Attr not supported : Dmpu
2024-10-16 14:35:50,601 [ERROR] ConditionMgr:805 - Attr not supported : Dmpu
2024-10-16 14:35:50,601 [ERROR] ConditionMgr:805 - Attr not supported : Dmpu
2024-10-16 14:35:50,601 [ERROR] ConditionMgr:805 - Attr not supported : Dmpu
2024-10-16 14:35:50,601 [ERROR] ConditionMgr:805 - Attr not supported : Dmpu
2024-10-16 14:35:50,601 [ERROR] ConditionMgr:805 - Attr not supported : Dmpu
2024-10-16 14:35:50,602 [ERROR] ConditionMgr:805 - Attr not supported : Dmpu
2024-10-16 14:35:50,602 [ERROR] ConditionMgr:805 - Attr not supported : Dmpu
2024-10-16 14:35:50,602 [ERROR] ConditionMgr:805 - Attr not supported : Dmpu
2024-10-16 14:35:50,602 [ERROR] ConditionMgr:805 - Attr not supported : Dmpu
2024-10-16 14:35:50,602 [ERROR] ConditionMgr:805 - Attr not supported : Dmpu
2024-10-16 14:35:50,602 [ERROR] ConditionMgr:805 - Attr not supported : Dmpu
2024-10-16 14:35:50,602 [ERROR] ConditionMgr:805 - Attr not supported : Dmpu
2024-10-16 14:35:50,602 [ERROR] ConditionMgr:805 - Attr not supported : Dmpu
2024-10-16 14:35:50,602 [ERROR] ConditionMgr:805 - Attr not supported : Dmpu
2024-10-16 14:35:50,602 [ERROR] ConditionMgr:805 - Attr not supported : Dmpu
2024-10-16 14:35:50,603 [ERROR] ConditionMgr:805 - Attr not supported : Dmpu
2024-10-16 14:35:50,603 [ERROR] ConditionMgr:805 - Attr not supported : Dmpu
2024-10-16 14:35:50,603 [ERROR] ConditionMgr:805 - Attr not supported : Dmpu
2024-10-16 14:35:50,603 [ERROR] ConditionMgr:805 - Attr not supported : Dmpu
2024-10-16 14:35:50,603 [ERROR] ConditionMgr:805 - Attr not supported : Dmpu
2024-10-16 14:35:50,603 [ERROR] ConditionMgr:805 - Attr not supported : Dmpu
2024-10-16 14:35:50,603 [ERROR] ConditionMgr:805 - Attr not supported : Dmpu
2024-10-16 14:35:50,603 [ERROR] ConditionMgr:805 - Attr not supported : Dmpu
2024-10-16 14:35:50,603 [ERROR] ConditionMgr:805 - Attr not supported : Dmpu
2024-10-16 14:35:50,603 [ERROR] ConditionMgr:805 - Attr not supported : Dmpu
2024-10-16 14:35:50,603 [ERROR] ConditionMgr:805 - Attr not supported : Dmpu
2024-10-16 14:35:50,604 [ERROR] ConditionMgr:805 - Attr not supported : Dmpu
2024-10-16 14:35:50,604 [ERROR] ConditionMgr:805 - Attr not supported : Dmpu
2024-10-16 14:35:50,604 [ERROR] ConditionMgr:805 - Attr not supported : Dmpu
2024-10-16 14:35:50,604 [ERROR] ConditionMgr:805 - Attr not supported : Dmpu
2024-10-16 14:35:50,604 [ERROR] ConditionMgr:805 - Attr not supported : Dmpu
2024-10-16 14:35:50,604 [ERROR] ConditionMgr:805 - Attr not supported : Dmpu
2024-10-16 14:35:50,604 [ERROR] ConditionMgr:805 - Attr not supported : Dmpu
2024-10-16 14:35:50,627 [WARN] PackLoader:240 - Cannot read IP mode file for RealThread.X-CUBE-RT-Thread_Nano.4.1.1
2024-10-16 14:35:50,646 [WARN] PackLoader:240 - Cannot read IP mode file for STMicroelectronics.FP-ATR-SIGFOX1.3.2.0
2024-10-16 14:35:50,669 [WARN] PackLoader:240 - Cannot read IP mode file for STMicroelectronics.X-CUBE-EEPRMA1.5.1.0
2024-10-16 14:35:50,714 [WARN] PackLoader:240 - Cannot read IP mode file for SEGGER.I-CUBE-embOS.1.3.1
2024-10-16 14:35:50,788 [WARN] PackLoader:240 - Cannot read IP mode file for STMicroelectronics.X-CUBE-ALGOBUILD.1.4.0
2024-10-16 14:35:50,809 [WARN] PackLoader:240 - Cannot read IP mode file for STMicroelectronics.X-CUBE-AI.9.1.0
2024-10-16 14:35:50,832 [WARN] PackLoader:240 - Cannot read IP mode file for STMicroelectronics.X-CUBE-GNSS1.6.0.0
2024-10-16 14:35:50,870 [WARN] PackLoader:240 - Cannot read IP mode file for STMicroelectronics.X-CUBE-AZRTOS-F4.1.1.0
2024-10-16 14:35:50,890 [WARN] PackLoader:240 - Cannot read IP mode file for STMicroelectronics.X-CUBE-ISPU.2.1.0
2024-10-16 14:35:50,909 [WARN] PackLoader:240 - Cannot read IP mode file for STMicroelectronics.X-CUBE-FREERTOS.1.2.0
2024-10-16 14:35:50,927 [WARN] PackLoader:240 - Cannot read IP mode file for wolfSSL.I-CUBE-wolfSSL.5.6.6
2024-10-16 14:35:50,966 [WARN] PackLoader:240 - Cannot read IP mode file for STMicroelectronics.X-CUBE-AZRTOS-L5.2.0.0
2024-10-16 14:35:50,992 [WARN] PackLoader:240 - Cannot read IP mode file for STMicroelectronics.X-CUBE-NFC6.3.1.0
2024-10-16 14:35:51,015 [WARN] PackLoader:240 - Cannot read IP mode file for ITTIA_DB.I-CUBE-ITTIADB.8.8.0
2024-10-16 14:35:51,035 [WARN] PackLoader:240 - Cannot read IP mode file for STMicroelectronics.X-CUBE-DPower.1.2.0
2024-10-16 14:35:51,056 [WARN] PackLoader:240 - Cannot read IP mode file for STMicroelectronics.X-CUBE-AI.9.0.0
2024-10-16 14:35:51,076 [WARN] PackLoader:240 - Cannot read IP mode file for STMicroelectronics.X-CUBE-NFC7.1.0.1
2024-10-16 14:35:51,097 [WARN] PackLoader:240 - Cannot read IP mode file for wolfSSL.I-CUBE-wolfTPM.3.2.0
2024-10-16 14:35:51,119 [WARN] PackLoader:240 - Cannot read IP mode file for STMicroelectronics.X-CUBE-NFC6.3.0.0
2024-10-16 14:35:51,138 [WARN] PackLoader:240 - Cannot read IP mode file for STMicroelectronics.X-CUBE-AI.8.1.0
2024-10-16 14:35:51,170 [WARN] ConditionMgr:438 - getConditionDescription Invalid condition id : LAN8742 Phy interface Condition cause : null
2024-10-16 14:35:51,171 [WARN] PackLoader:240 - Cannot read IP mode file for STMicroelectronics.X-CUBE-AZRTOS-L4.2.0.0
2024-10-16 14:35:51,172 [WARN] ConditionMgr:1039 - genDependencies : Invalid condition id : LAN8742 Phy interface Condition cause : null
2024-10-16 14:35:51,173 [WARN] ConditionMgr:1039 - genDependencies : Invalid condition id : LAN8742 Phy interface Condition cause : null
2024-10-16 14:35:51,173 [WARN] ConditionMgr:1039 - genDependencies : Invalid condition id : LAN8742 Phy interface Condition cause : null
2024-10-16 14:35:51,194 [WARN] PackLoader:240 - Cannot read IP mode file for STMicroelectronics.X-CUBE-SFXS2LP1.4.0.0
2024-10-16 14:35:51,243 [WARN] PackLoader:240 - Cannot read IP mode file for STMicroelectronics.X-CUBE-AZRTOS-H7.3.3.0
2024-10-16 14:35:51,279 [WARN] ConditionMgr:438 - getConditionDescription Invalid condition id : UX DEVICE CLASS RTOS Condition cause : null
2024-10-16 14:35:51,279 [WARN] ConditionMgr:438 - getConditionDescription Invalid condition id : UX DEVICE CLASS RTOS Condition cause : null
2024-10-16 14:35:51,281 [WARN] PackLoader:240 - Cannot read IP mode file for STMicroelectronics.X-CUBE-AZRTOS-WB.2.0.0
2024-10-16 14:35:51,282 [WARN] ConditionMgr:1039 - genDependencies : Invalid condition id : UX DEVICE CLASS RTOS Condition cause : null
2024-10-16 14:35:51,282 [WARN] ConditionMgr:1039 - genDependencies : Invalid condition id : UX DEVICE CLASS RTOS Condition cause : null
2024-10-16 14:35:51,282 [WARN] ConditionMgr:1039 - genDependencies : Invalid condition id : UX DEVICE CLASS RTOS Condition cause : null
2024-10-16 14:35:51,282 [WARN] ConditionMgr:1039 - genDependencies : Invalid condition id : UX DEVICE CLASS RTOS Condition cause : null
2024-10-16 14:35:51,282 [WARN] ConditionMgr:1039 - genDependencies : Invalid condition id : UX DEVICE CLASS RTOS Condition cause : null
2024-10-16 14:35:51,300 [WARN] PackLoader:240 - Cannot read IP mode file for STMicroelectronics.X-CUBE-GNSS1.7.0.0
2024-10-16 14:35:51,320 [WARN] PackLoader:240 - Cannot read IP mode file for STMicroelectronics.FP-SNS-STBOX1.2.0.0
2024-10-16 14:35:51,349 [WARN] PackLoader:240 - Cannot read IP mode file for STMicroelectronics.X-CUBE-SUBG2.5.0.0
2024-10-16 14:35:51,367 [WARN] PackLoader:240 - Cannot read IP mode file for Cesanta.I-CUBE-Mongoose.7.13.0
2024-10-16 14:35:51,397 [WARN] PackLoader:240 - Cannot read IP mode file for STMicroelectronics.X-CUBE-AZRTOS-G4.2.0.0
2024-10-16 14:35:51,438 [WARN] PackLoader:240 - Cannot read IP mode file for Infineon.AIROC-Wi-Fi-Bluetooth-STM32.1.5.1
2024-10-16 14:35:51,454 [WARN] PackLoader:240 - Cannot read IP mode file for STMicroelectronics.FP-SNS-MOTENVWB1.1.3.1
2024-10-16 14:35:51,470 [WARN] PackLoader:240 - Cannot read IP mode file for STMicroelectronics.X-CUBE-ISPU.2.0.0
2024-10-16 14:35:51,485 [WARN] PackLoader:240 - Cannot read IP mode file for STMicroelectronics.X-CUBE-ALS.1.0.2
2024-10-16 14:35:51,547 [WARN] PackLoader:240 - Cannot read IP mode file for STMicroelectronics.X-CUBE-MEMS1.10.0.0
2024-10-16 14:35:51,644 [WARN] PackLoader:240 - Cannot read IP mode file for STMicroelectronics.X-CUBE-FREERTOS.1.1.0
2024-10-16 14:35:51,659 [WARN] PackLoader:240 - Cannot read IP mode file for STMicroelectronics.X-CUBE-TOUCHGFX.4.24.0
2024-10-16 14:35:51,680 [WARN] PackLoader:240 - Cannot read IP mode file for STMicroelectronics.X-CUBE-TOUCHGFX.4.24.1
2024-10-16 14:35:51,696 [WARN] PackLoader:240 - Cannot read IP mode file for portGmbH.I-Cube-SoM-uGOAL.1.1.0
2024-10-16 14:35:51,717 [WARN] PackLoader:240 - Cannot read IP mode file for STMicroelectronics.X-CUBE-ALS.1.0.1
2024-10-16 14:35:51,748 [WARN] PackLoader:240 - Cannot read IP mode file for STMicroelectronics.X-CUBE-AZRTOS-H7RS.1.0.0
2024-10-16 14:35:51,768 [WARN] PackLoader:240 - Cannot read IP mode file for STMicroelectronics.FP-ATR-ASTRA1.2.0.0
2024-10-16 14:35:51,794 [WARN] PackLoader:240 - Cannot read IP mode file for STMicroelectronics.X-CUBE-TOF1.3.4.2
2024-10-16 14:35:51,828 [WARN] PackLoader:240 - Cannot read IP mode file for STMicroelectronics.X-CUBE-TOF1.3.4.1
2024-10-16 14:35:51,870 [WARN] PackLoader:240 - Cannot read IP mode file for STMicroelectronics.X-CUBE-AZRTOS-H7.3.2.0
2024-10-16 14:35:51,895 [WARN] PackLoader:240 - Cannot read IP mode file for wolfSSL.I-CUBE-wolfSSH.1.4.17
2024-10-16 14:35:51,896 [INFO] ThirdParty:978 - Integrity check success = true
2024-10-16 14:35:51,896 [INFO] IntegrityCheckThread:100 - exiting critical section [integrity check]
2024-10-16 14:35:51,896 [INFO] IntegrityCheckThread:103 - End integrity checks thread
2024-10-16 14:35:55,012 [INFO] WebApp:161 - Instantiating new browser for Auth
2024-10-16 14:35:55,761 [INFO] WebApp:779 - Register for checkConnection events
2024-10-16 14:35:55,761 [INFO] WebApp:414 - Apply proxy settings
2024-10-16 14:35:55,762 [INFO] WebApp:499 - Chromium requires no authentication
2024-10-16 14:35:55,772 [INFO] WebApp:442 - Direct internet connection detected
2024-10-16 14:35:56,055 [INFO] WebApp:192 - Starting web application
2024-10-16 14:35:56,056 [INFO] WebApp:544 - Web application path used C:\ST\STM32CubeIDE_1.15.0\STM32CubeIDE\plugins\com.st.stm32cube.common.mx_6.11.0.202403141607\db\plugins\mcufinder\reactClient1\index.html
