2024-09-11 16:13:43,598 [INFO] Activator:176 - 


2024-09-11 16:13:43,602 [INFO] Activator:177 - !SESSION log4j initialized
2024-09-11 16:13:49,776 [INFO] LogOutputStream:77 - [STDOUT_REDIRECT] 
2024-09-11 16:13:55,649 [INFO] ApplicationProperties:184 - Using Application install path: C:\ST\STM32CubeIDE_1.15.0\STM32CubeIDE\plugins\com.st.stm32cube.common.mx_6.11.0.202403141607
2024-09-11 16:13:55,663 [INFO] DbMcusXml:78 - Set database path to: C:\ST\STM32CubeIDE_1.15.0\STM32CubeIDE\plugins\com.st.stm32cube.common.mx_6.11.0.202403141607\\db\/mcu/
2024-09-11 16:13:55,663 [INFO] ApiDb:274 - Set plugin database path to: C:\ST\STM32CubeIDE_1.15.0\STM32CubeIDE\plugins\com.st.stm32cube.common.mx_6.11.0.202403141607\\db\/plugins/boardmanager/
2024-09-11 16:13:55,663 [WARN] ApiDb:259 - Overriding images path with different value:  => C:\ST\STM32CubeIDE_1.15.0\STM32CubeIDE\plugins\com.st.stm32cube.common.mx_6.11.0.202403141607\\db\/plugins/mcufinder/images/
2024-09-11 16:13:55,674 [INFO] ApiDb:250 - Set database path to: C:\Users\Admin\.stmcufinder\plugins\mcufinder//mcu/
2024-09-11 16:13:55,675 [INFO] DbMcusAds:125 - Set database path to: C:\Users\Admin\.stmcufinder\plugins\mcufinder//mcu/
2024-09-11 16:13:55,677 [INFO] CrossReferenceDbSqlite:203 - Set database path to: C:\Users\Admin\.stmcufinder\plugins\mcufinder//mcu/cs/
2024-09-11 16:13:55,775 [INFO] RulesReader:64 - Compatibility file has been processed (297 Rules)
2024-09-11 16:13:55,847 [INFO] DbMcusXml:78 - Set database path to: C:\ST\STM32CubeIDE_1.15.0\STM32CubeIDE\plugins\com.st.stm32cube.common.mx_6.11.0.202403141607\\db\/mcu/
2024-09-11 16:13:55,847 [INFO] ApiDb:274 - Set plugin database path to: C:\ST\STM32CubeIDE_1.15.0\STM32CubeIDE\plugins\com.st.stm32cube.common.mx_6.11.0.202403141607\\db\/plugins/boardmanager/
2024-09-11 16:13:55,847 [INFO] ApiDb:261 - Set plugin images path to: C:\ST\STM32CubeIDE_1.15.0\STM32CubeIDE\plugins\com.st.stm32cube.common.mx_6.11.0.202403141607\\db\/plugins/mcufinder/images/
2024-09-11 16:13:55,847 [WARN] DbFile:41 - Overriding database path with different value: C:\Users\Admin\.stmcufinder\plugins\mcufinder/ => C:\Users\Admin\.stmcufinder\plugins\mcufinder
2024-09-11 16:13:55,847 [INFO] ApiDb:250 - Set database path to: C:\Users\Admin\.stmcufinder\plugins\mcufinder//mcu/
2024-09-11 16:13:55,847 [WARN] DbFile:41 - Overriding database path with different value: C:\Users\Admin\.stmcufinder\plugins\mcufinder/ => C:\Users\Admin\.stmcufinder\plugins\mcufinder
2024-09-11 16:13:55,847 [INFO] DbMcusAds:125 - Set database path to: C:\Users\Admin\.stmcufinder\plugins\mcufinder//mcu/
2024-09-11 16:13:55,848 [WARN] DbFile:41 - Overriding database path with different value: C:\Users\Admin\.stmcufinder\plugins\mcufinder/ => C:\Users\Admin\.stmcufinder\plugins\mcufinder
2024-09-11 16:13:55,848 [WARN] DbFile:41 - Overriding database path with different value: C:\Users\Admin\.stmcufinder\plugins\mcufinder/ => C:\Users\Admin\.stmcufinder\plugins\mcufinder
2024-09-11 16:13:55,848 [INFO] CrossReferenceDbSqlite:203 - Set database path to: C:\Users\Admin\.stmcufinder\plugins\mcufinder//mcu/cs/
2024-09-11 16:13:55,944 [INFO] MainPanel:264 - HeapMemory: 268435456
2024-09-11 16:13:56,022 [INFO] DbMcusXml:78 - Set database path to: C:\ST\STM32CubeIDE_1.15.0\STM32CubeIDE\plugins\com.st.stm32cube.common.mx_6.11.0.202403141607\\db\/mcu/
2024-09-11 16:13:56,023 [INFO] ApiDb:274 - Set plugin database path to: C:\ST\STM32CubeIDE_1.15.0\STM32CubeIDE\plugins\com.st.stm32cube.common.mx_6.11.0.202403141607\\db\/plugins/boardmanager/
2024-09-11 16:13:56,023 [INFO] ApiDb:261 - Set plugin images path to: C:\ST\STM32CubeIDE_1.15.0\STM32CubeIDE\plugins\com.st.stm32cube.common.mx_6.11.0.202403141607\\db\/plugins/mcufinder/images/
2024-09-11 16:13:56,023 [WARN] DbFile:41 - Overriding database path with different value: C:\Users\Admin\.stmcufinder\plugins\mcufinder/ => C:\Users\Admin\.stmcufinder\plugins\mcufinder
2024-09-11 16:13:56,023 [INFO] ApiDb:250 - Set database path to: C:\Users\Admin\.stmcufinder\plugins\mcufinder//mcu/
2024-09-11 16:13:56,023 [WARN] DbFile:41 - Overriding database path with different value: C:\Users\Admin\.stmcufinder\plugins\mcufinder/ => C:\Users\Admin\.stmcufinder\plugins\mcufinder
2024-09-11 16:13:56,023 [INFO] DbMcusAds:125 - Set database path to: C:\Users\Admin\.stmcufinder\plugins\mcufinder//mcu/
2024-09-11 16:13:56,023 [WARN] DbFile:41 - Overriding database path with different value: C:\Users\Admin\.stmcufinder\plugins\mcufinder/ => C:\Users\Admin\.stmcufinder\plugins\mcufinder
2024-09-11 16:13:56,023 [WARN] DbFile:41 - Overriding database path with different value: C:\Users\Admin\.stmcufinder\plugins\mcufinder/ => C:\Users\Admin\.stmcufinder\plugins\mcufinder
2024-09-11 16:13:56,023 [INFO] CrossReferenceDbSqlite:203 - Set database path to: C:\Users\Admin\.stmcufinder\plugins\mcufinder//mcu/cs/
2024-09-11 16:13:56,037 [INFO] ApplicationProperties:184 - Using Application install path: C:\ST\STM32CubeIDE_1.15.0\STM32CubeIDE\plugins\com.st.stm32cube.common.mx_6.11.0.202403141607
2024-09-11 16:13:56,039 [INFO] PluginManage:196 - Search for loadable plugins [exclusion list=, ]
2024-09-11 16:13:56,040 [INFO] PluginManage:310 - Check plugin analytics
2024-09-11 16:13:56,150 [INFO] AnalyticsPlugin:253 - Accepted Software Licenses: STM32CubeMX.6.10.0
2024-09-11 16:13:56,150 [INFO] AnalyticsPlugin:255 - Accepted CMSIS Pack Licenses: 
2024-09-11 16:13:56,150 [INFO] AnalyticsPlugin:257 - Accepted Firmware Licenses: 
2024-09-11 16:13:56,151 [INFO] PluginManage:359 - Loaded plugin analytics (category:tool,tabindex:-1)
2024-09-11 16:13:56,152 [INFO] PluginManage:310 - Check plugin cadmodel
2024-09-11 16:13:56,164 [INFO] CADModel:105 - Init CAD model plugin
2024-09-11 16:13:56,164 [INFO] PluginManage:359 - Loaded plugin cadmodel (category:power,tabindex:5)
2024-09-11 16:13:56,164 [INFO] PluginManage:310 - Check plugin clock
2024-09-11 16:13:56,179 [INFO] PluginManage:359 - Loaded plugin clock (category:base,tabindex:2)
2024-09-11 16:13:56,179 [INFO] PluginManage:310 - Check plugin ddr
2024-09-11 16:13:56,181 [INFO] PluginManage:359 - Loaded plugin ddr (category:tool,tabindex:6)
2024-09-11 16:13:56,181 [INFO] PluginManage:310 - Check plugin filemanager
2024-09-11 16:13:56,278 [INFO] PluginManage:359 - Loaded plugin filemanager (category:base,tabindex:10)
2024-09-11 16:13:56,278 [INFO] PluginManage:310 - Check plugin ipmanager
2024-09-11 16:13:56,283 [INFO] PluginManage:359 - Loaded plugin ipmanager (category:base,tabindex:5)
2024-09-11 16:13:56,283 [INFO] PluginManage:310 - Check plugin lpbam
2024-09-11 16:13:56,299 [INFO] PluginManage:359 - Loaded plugin lpbam (category:base,tabindex:0)
2024-09-11 16:13:56,299 [INFO] PluginManage:310 - Check plugin memorymap
2024-09-11 16:13:56,319 [INFO] PluginManage:359 - Loaded plugin memorymap (category:base,tabindex:4)
2024-09-11 16:13:56,320 [INFO] PluginManage:310 - Check plugin pinoutandconfiguration
2024-09-11 16:13:56,333 [INFO] PluginManage:359 - Loaded plugin pinoutandconfiguration (category:base,tabindex:1)
2024-09-11 16:13:56,333 [INFO] PluginManage:310 - Check plugin pinoutconfig
2024-09-11 16:13:56,408 [WARN] SupportedApi:132 - Cannot load RTOS API schema: s4s-elt-must-match.1: The content of 'definitions' must match (annotation?, (simpleType | complexType)?, (unique | key | keyref)*)). A problem was found starting at: attribute.
2024-09-11 16:13:56,520 [INFO] PluginManage:359 - Loaded plugin pinoutconfig (category:base,tabindex:0)
2024-09-11 16:13:56,520 [INFO] PluginManage:310 - Check plugin power
2024-09-11 16:13:56,535 [INFO] PluginManage:359 - Loaded plugin power (category:power,tabindex:4)
2024-09-11 16:13:56,536 [INFO] PluginManage:310 - Check plugin projectmanager
2024-09-11 16:13:56,547 [INFO] PluginManage:359 - Loaded plugin projectmanager (category:projectmanager,tabindex:3)
2024-09-11 16:13:56,547 [INFO] PluginManage:310 - Check plugin thirdparty
2024-09-11 16:13:56,769 [INFO] PluginManage:359 - Loaded plugin thirdparty (category:base,tabindex:-1)
2024-09-11 16:13:56,769 [WARN] IntegrityCheckThread:84 - waiting for thirdparty lock release [integrity check]
2024-09-11 16:13:56,769 [INFO] PluginManage:310 - Check plugin tools
2024-09-11 16:13:56,769 [INFO] IntegrityCheckThread:86 - entering critical section [integrity check]
2024-09-11 16:13:56,770 [INFO] ThirdPartyUpdaterWithRetryManager:70 - Updater plugin not ready yet. [1/15]
2024-09-11 16:13:56,799 [INFO] PluginManage:359 - Loaded plugin tools (category:base,tabindex:7)
2024-09-11 16:13:56,800 [INFO] PluginManage:310 - Check plugin tutovideos
2024-09-11 16:13:56,970 [INFO] PluginManage:359 - Loaded plugin tutovideos (category:base,tabindex:-1)
2024-09-11 16:13:56,970 [INFO] PluginManage:310 - Check plugin updater
2024-09-11 16:13:56,978 [INFO] PluginManage:359 - Loaded plugin updater (category:base,tabindex:12)
2024-09-11 16:13:56,978 [INFO] PluginManage:310 - Check plugin userauth
2024-09-11 16:13:56,983 [INFO] UserAuth:114 - Init User Auth plugin
2024-09-11 16:13:56,983 [INFO] PluginManage:359 - Loaded plugin userauth (category:base,tabindex:14)
2024-09-11 16:13:56,983 [INFO] PluginManage:283 - PluginManage : Loaded plugins [17]
2024-09-11 16:13:57,139 [INFO] PinOutPanel:1561 - setPackage(No Configuration,No Configuration)
2024-09-11 16:13:57,194 [INFO] CADModel:165 - CPN selected for project level
2024-09-11 16:13:57,194 [INFO] CADModel:114 - Register for checkConnection events
2024-09-11 16:13:57,215 [INFO] IPUIPlugin:80 - create IPUIPlugin
2024-09-11 16:13:57,216 [INFO] PluginManager:220 - loadIPPluginJar : add adc
2024-09-11 16:13:57,244 [INFO] IPUIPlugin:80 - create IPUIPlugin
2024-09-11 16:13:57,244 [INFO] PluginManager:220 - loadIPPluginJar : add aes
2024-09-11 16:13:57,275 [INFO] IPUIPlugin:80 - create IPUIPlugin
2024-09-11 16:13:57,275 [INFO] PluginManager:220 - loadIPPluginJar : add can
2024-09-11 16:13:57,294 [INFO] IPUIPlugin:80 - create IPUIPlugin
2024-09-11 16:13:57,294 [INFO] PluginManager:220 - loadIPPluginJar : add comp
2024-09-11 16:13:57,323 [INFO] IPUIPlugin:80 - create IPUIPlugin
2024-09-11 16:13:57,323 [INFO] PluginManager:220 - loadIPPluginJar : add cryp
2024-09-11 16:13:57,351 [INFO] IPUIPlugin:80 - create IPUIPlugin
2024-09-11 16:13:57,351 [INFO] PluginManager:220 - loadIPPluginJar : add dfsdm
2024-09-11 16:13:57,363 [INFO] IPUIPlugin:80 - create IPUIPlugin
2024-09-11 16:13:57,363 [INFO] PluginManager:220 - loadIPPluginJar : add dma
2024-09-11 16:13:57,399 [INFO] IPUIPlugin:80 - create IPUIPlugin
2024-09-11 16:13:57,399 [INFO] PluginManager:220 - loadIPPluginJar : add dma3
2024-09-11 16:13:57,439 [INFO] IPUIPlugin:80 - create IPUIPlugin
2024-09-11 16:13:57,439 [INFO] PluginManager:220 - loadIPPluginJar : add extmemmanager
2024-09-11 16:13:57,459 [INFO] IPUIPlugin:80 - create IPUIPlugin
2024-09-11 16:13:57,459 [INFO] PluginManager:220 - loadIPPluginJar : add fatfs
2024-09-11 16:13:57,495 [INFO] IPUIPlugin:80 - create IPUIPlugin
2024-09-11 16:13:57,496 [INFO] PluginManager:220 - loadIPPluginJar : add fmc
2024-09-11 16:13:57,507 [INFO] IPUIPlugin:80 - create IPUIPlugin
2024-09-11 16:13:57,508 [INFO] PluginManager:220 - loadIPPluginJar : add freertos
2024-09-11 16:13:57,526 [INFO] IPUIPlugin:80 - create IPUIPlugin
2024-09-11 16:13:57,526 [INFO] PluginManager:220 - loadIPPluginJar : add genericplugin
2024-09-11 16:13:57,627 [INFO] IPUIPlugin:80 - create IPUIPlugin
2024-09-11 16:13:57,627 [INFO] PluginManager:220 - loadIPPluginJar : add gfxmmu
2024-09-11 16:13:57,787 [INFO] IPUIPlugin:80 - create IPUIPlugin
2024-09-11 16:13:57,788 [INFO] PluginManager:220 - loadIPPluginJar : add gic
2024-09-11 16:13:57,811 [INFO] IPUIPlugin:80 - create IPUIPlugin
2024-09-11 16:13:57,811 [INFO] PluginManager:220 - loadIPPluginJar : add gpio
2024-09-11 16:13:57,896 [INFO] IPUIPlugin:80 - create IPUIPlugin
2024-09-11 16:13:57,896 [INFO] PluginManager:220 - loadIPPluginJar : add gtzc
2024-09-11 16:13:57,923 [INFO] IPUIPlugin:80 - create IPUIPlugin
2024-09-11 16:13:57,923 [INFO] PluginManager:220 - loadIPPluginJar : add hash
2024-09-11 16:13:57,970 [INFO] IPUIPlugin:80 - create IPUIPlugin
2024-09-11 16:13:57,970 [INFO] PluginManager:220 - loadIPPluginJar : add i2c
2024-09-11 16:13:58,004 [INFO] IPUIPlugin:80 - create IPUIPlugin
2024-09-11 16:13:58,004 [INFO] PluginManager:220 - loadIPPluginJar : add i2s
2024-09-11 16:13:58,040 [INFO] IPUIPlugin:80 - create IPUIPlugin
2024-09-11 16:13:58,040 [INFO] PluginManager:220 - loadIPPluginJar : add i3c
2024-09-11 16:13:58,129 [INFO] IPUIPlugin:80 - create IPUIPlugin
2024-09-11 16:13:58,129 [INFO] PluginManager:220 - loadIPPluginJar : add ipddr
2024-09-11 16:13:58,209 [INFO] IPUIPlugin:80 - create IPUIPlugin
2024-09-11 16:13:58,209 [INFO] PluginManager:220 - loadIPPluginJar : add linkedlist
2024-09-11 16:13:58,237 [INFO] IPUIPlugin:80 - create IPUIPlugin
2024-09-11 16:13:58,237 [INFO] PluginManager:220 - loadIPPluginJar : add lorawan
2024-09-11 16:13:58,268 [INFO] IPUIPlugin:80 - create IPUIPlugin
2024-09-11 16:13:58,268 [INFO] PluginManager:220 - loadIPPluginJar : add ltdc
2024-09-11 16:13:58,280 [INFO] IPUIPlugin:80 - create IPUIPlugin
2024-09-11 16:13:58,280 [INFO] PluginManager:220 - loadIPPluginJar : add mdma
2024-09-11 16:13:58,290 [INFO] IPUIPlugin:80 - create IPUIPlugin
2024-09-11 16:13:58,291 [INFO] PluginManager:220 - loadIPPluginJar : add nvic
2024-09-11 16:13:58,320 [INFO] IPUIPlugin:80 - create IPUIPlugin
2024-09-11 16:13:58,320 [INFO] PluginManager:220 - loadIPPluginJar : add opamp
2024-09-11 16:13:58,369 [INFO] IPUIPlugin:80 - create IPUIPlugin
2024-09-11 16:13:58,369 [INFO] PluginManager:220 - loadIPPluginJar : add openamp
2024-09-11 16:13:58,407 [INFO] IPUIPlugin:80 - create IPUIPlugin
2024-09-11 16:13:58,407 [INFO] PluginManager:220 - loadIPPluginJar : add pdm2pcm
2024-09-11 16:13:58,420 [INFO] IPUIPlugin:80 - create IPUIPlugin
2024-09-11 16:13:58,422 [INFO] PluginManager:220 - loadIPPluginJar : add plateformsettings
2024-09-11 16:13:58,444 [INFO] IPUIPlugin:80 - create IPUIPlugin
2024-09-11 16:13:58,445 [INFO] PluginManager:220 - loadIPPluginJar : add quadspi
2024-09-11 16:13:58,456 [INFO] IPUIPlugin:80 - create IPUIPlugin
2024-09-11 16:13:58,456 [INFO] PluginManager:220 - loadIPPluginJar : add resmgrutility
2024-09-11 16:13:58,502 [INFO] IPUIPlugin:80 - create IPUIPlugin
2024-09-11 16:13:58,502 [INFO] PluginManager:220 - loadIPPluginJar : add sai
2024-09-11 16:13:58,541 [INFO] IPUIPlugin:80 - create IPUIPlugin
2024-09-11 16:13:58,541 [INFO] PluginManager:220 - loadIPPluginJar : add spi
2024-09-11 16:13:58,605 [INFO] IPUIPlugin:80 - create IPUIPlugin
2024-09-11 16:13:58,605 [INFO] PluginManager:220 - loadIPPluginJar : add stm32_wpan
2024-09-11 16:13:58,626 [INFO] IPUIPlugin:80 - create IPUIPlugin
2024-09-11 16:13:58,626 [INFO] PluginManager:220 - loadIPPluginJar : add tim
2024-09-11 16:13:58,676 [INFO] IPUIPlugin:80 - create IPUIPlugin
2024-09-11 16:13:58,676 [INFO] PluginManager:220 - loadIPPluginJar : add touchsensing
2024-09-11 16:13:58,697 [INFO] IPUIPlugin:80 - create IPUIPlugin
2024-09-11 16:13:58,697 [INFO] PluginManager:220 - loadIPPluginJar : add tracer_emb
2024-09-11 16:13:58,719 [INFO] IPUIPlugin:80 - create IPUIPlugin
2024-09-11 16:13:58,719 [INFO] PluginManager:220 - loadIPPluginJar : add ts
2024-09-11 16:13:58,738 [INFO] IPUIPlugin:80 - create IPUIPlugin
2024-09-11 16:13:58,738 [INFO] PluginManager:220 - loadIPPluginJar : add tsc
2024-09-11 16:13:58,758 [INFO] IPUIPlugin:80 - create IPUIPlugin
2024-09-11 16:13:58,759 [INFO] PluginManager:220 - loadIPPluginJar : add ucpd
2024-09-11 16:13:58,795 [INFO] IPUIPlugin:80 - create IPUIPlugin
2024-09-11 16:13:58,795 [INFO] PluginManager:220 - loadIPPluginJar : add usart
2024-09-11 16:13:58,833 [INFO] IPUIPlugin:80 - create IPUIPlugin
2024-09-11 16:13:58,833 [INFO] PluginManager:220 - loadIPPluginJar : add usbx
2024-09-11 16:13:58,944 [INFO] CADModel:165 - CPN selected for project level
2024-09-11 16:13:58,944 [INFO] CADModel:114 - Register for checkConnection events
2024-09-11 16:13:58,944 [FATAL] Updater:308 - Updater called before beeing initialized
2024-09-11 16:13:58,945 [ERROR] CADModel:125 - Updater not yet initialized, retry later 
2024-09-11 16:13:59,040 [INFO] CADModel:165 - CPN selected for project level
2024-09-11 16:13:59,040 [INFO] CADModel:114 - Register for checkConnection events
2024-09-11 16:13:59,040 [FATAL] Updater:308 - Updater called before beeing initialized
2024-09-11 16:13:59,040 [ERROR] CADModel:125 - Updater not yet initialized, retry later 
2024-09-11 16:13:59,043 [FATAL] Updater:308 - Updater called before beeing initialized
2024-09-11 16:13:59,113 [FATAL] Updater:308 - Updater called before beeing initialized
2024-09-11 16:13:59,122 [INFO] DbMcusAds:53 - JSON generation date=Thu May 16 16:22:00 ICT 2024 (1715851320667)
2024-09-11 16:13:59,123 [FATAL] Updater:308 - Updater called before beeing initialized
2024-09-11 16:13:59,192 [WARN] DetailPanel:346 - Failed to get advertising image, set to default
2024-09-11 16:13:59,254 [FATAL] Updater:308 - Updater called before beeing initialized
2024-09-11 16:13:59,256 [FATAL] Updater:308 - Updater called before beeing initialized
2024-09-11 16:13:59,256 [FATAL] Updater:308 - Updater called before beeing initialized
2024-09-11 16:13:59,256 [WARN] DetailPanel:346 - Failed to get advertising image, set to default
2024-09-11 16:13:59,257 [FATAL] Updater:308 - Updater called before beeing initialized
2024-09-11 16:13:59,301 [ERROR] Updater:1120 - MainUpdater not yet initialized. External WinMGr cannot be set.
2024-09-11 16:13:59,310 [INFO] Updater:1056 - Updater Version found : 6.11.0
2024-09-11 16:13:59,327 [INFO] ApplicationProperties:184 - Using Application install path: C:\ST\STM32CubeIDE_1.15.0\STM32CubeIDE\plugins\com.st.stm32cube.common.mx_6.11.0.202403141607
2024-09-11 16:13:59,772 [INFO] ThirdPartyUpdaterWithRetryManager:70 - Updater plugin not ready yet. [2/15]
2024-09-11 16:14:00,898 [ERROR] LogOutputStream:75 - [STDERR_REDIRECT] Sep 11, 2024 4:14:00 PM java.util.prefs.WindowsPreferences <init>
2024-09-11 16:14:00,899 [ERROR] LogOutputStream:75 - [STDERR_REDIRECT] WARNING: Could not open/create prefs root node Software\JavaSoft\Prefs at root 0xffffffff80000002. Windows RegCreateKeyEx(...) returned error code 5.
2024-09-11 16:14:00,899 [ERROR] LogOutputStream:75 - [STDERR_REDIRECT] 
2024-09-11 16:14:01,197 [INFO] MainUpdater:2873 - connection check result : 10
2024-09-11 16:14:01,197 [INFO] MainUpdater:3567 - Updater definition file requires update
2024-09-11 16:14:01,197 [INFO] MainUpdater:290 - Updater Check For Update Now.
2024-09-11 16:14:01,198 [INFO] MicroXplorer:498 - Change Database Version : DB.6.0.110
2024-09-11 16:14:01,201 [INFO] McuFinderGlobals:63 - Set McuFinder mode to 2 (CubeIDE integrated)
2024-09-11 16:14:01,211 [INFO] McuFinderGlobals:63 - Set McuFinder mode to 2 (CubeIDE integrated)
2024-09-11 16:14:01,220 [INFO] UserAuth:415 - Internet connection configuration mode: 1
2024-09-11 16:14:01,238 [INFO] JxBrowserEngine:152 - Initiate JxBrowser Engine with user profile folder
2024-09-11 16:14:01,273 [INFO] ServerAccessManage:473 - Download File updaters.zip
2024-09-11 16:14:01,357 [INFO] FileExtend:240 - Unzip File : updaters.zip
2024-09-11 16:14:01,357 [INFO] FileExtend:255 - Standard Zip Deflate
2024-09-11 16:14:01,681 [INFO] ServerAccessManage:473 - Download File PacksControlFlags.xml
2024-09-11 16:14:01,833 [INFO] ServerAccessManage:473 - Download File cubemx.pidx
2024-09-11 16:14:02,774 [WARN] MainUpdater:1194 - Updater busy. Cannot search thirdparties
2024-09-11 16:14:02,774 [INFO] ThirdPartyUpdaterWithRetryManager:96 - Updater plugin is busy. [1/15]
2024-09-11 16:14:03,779 [INFO] ServerAccessManage:473 - Download File STMicroelectronics.X-CUBE-GNSS1.pdsc
2024-09-11 16:14:05,435 [ERROR] ServerAccessManage:1089 - Problem, file not found on Server
2024-09-11 16:14:05,654 [INFO] WebApp:161 - Instantiating new browser for Auth
2024-09-11 16:14:05,776 [WARN] MainUpdater:1194 - Updater busy. Cannot search thirdparties
2024-09-11 16:14:05,776 [INFO] ThirdPartyUpdaterWithRetryManager:96 - Updater plugin is busy. [2/15]
2024-09-11 16:14:06,228 [INFO] WebApp:779 - Register for checkConnection events
2024-09-11 16:14:06,228 [INFO] WebApp:414 - Apply proxy settings
2024-09-11 16:14:06,228 [INFO] WebApp:499 - Chromium requires no authentication
2024-09-11 16:14:06,234 [INFO] WebApp:442 - Direct internet connection detected
2024-09-11 16:14:06,296 [ERROR] ServerAccessManage:1089 - Problem, file not found on Server
2024-09-11 16:14:06,353 [INFO] WebApp:192 - Starting web application
2024-09-11 16:14:06,353 [INFO] WebApp:544 - Web application path used C:\ST\STM32CubeIDE_1.15.0\STM32CubeIDE\plugins\com.st.stm32cube.common.mx_6.11.0.202403141607\db\plugins\mcufinder\reactClient1\index.html
2024-09-11 16:14:06,564 [ERROR] ServerAccessManage:1089 - Problem, file not found on Server
2024-09-11 16:14:07,372 [ERROR] ServerAccessManage:1089 - Problem, file not found on Server
2024-09-11 16:14:08,185 [ERROR] ServerAccessManage:1089 - Problem, file not found on Server
2024-09-11 16:14:08,513 [ERROR] ServerAccessManage:1089 - Problem, file not found on Server
2024-09-11 16:14:08,777 [WARN] MainUpdater:1194 - Updater busy. Cannot search thirdparties
2024-09-11 16:14:08,777 [INFO] ThirdPartyUpdaterWithRetryManager:96 - Updater plugin is busy. [3/15]
2024-09-11 16:14:09,250 [WARN] PackLoader:240 - Cannot read IP mode file for STMicroelectronics.X-CUBE-GNSS1.7.0.0
2024-09-11 16:14:09,256 [INFO] PopulateThirdPartyThread:66 - Ending populate Thread
2024-09-11 16:14:09,258 [INFO] ThirdParty:1030 - CMSIS Pack Vendor :STMicroelectronics X-CUBE-GNSS1 7.0.0
2024-09-11 16:14:09,258 [INFO] LoadServerUpdatesThread:375 - End of LoadServerUpdate Thread
2024-09-11 16:14:09,380 [INFO] CheckServerUpdateThread:120 - End of CheckServer Thread
2024-09-11 16:14:09,454 [INFO] MainUpdater:2873 - connection check result : 10
2024-09-11 16:14:09,476 [INFO] McuFinderGlobals:76 - Set McuFinderConnectedMode to true
2024-09-11 16:14:09,700 [INFO] ServerAccessManage:473 - Download File mcusAds.json._tmp_
2024-09-11 16:14:09,808 [INFO] LoadUrlFilesThread:156 - End of LoadUrlFiles Thread
2024-09-11 16:14:10,120 [INFO] ServerAccessManage:473 - Download File cube-finder-db.zip
2024-09-11 16:14:11,778 [WARN] MainUpdater:1194 - Updater busy. Cannot search thirdparties
2024-09-11 16:14:11,778 [INFO] ThirdPartyUpdaterWithRetryManager:96 - Updater plugin is busy. [4/15]
2024-09-11 16:14:11,922 [INFO] FileExtend:240 - Unzip File : cube-finder-db.zip
2024-09-11 16:14:11,922 [INFO] FileExtend:255 - Standard Zip Deflate
2024-09-11 16:14:12,569 [INFO] LoadUrlFilesThread:156 - End of LoadUrlFiles Thread
2024-09-11 16:14:13,674 [INFO] ServerAccessManage:473 - Download File crdb.zip
2024-09-11 16:14:14,779 [WARN] MainUpdater:1194 - Updater busy. Cannot search thirdparties
2024-09-11 16:14:14,779 [INFO] ThirdPartyUpdaterWithRetryManager:96 - Updater plugin is busy. [5/15]
2024-09-11 16:14:15,798 [INFO] FileExtend:240 - Unzip File : crdb.zip
2024-09-11 16:14:15,798 [INFO] FileExtend:255 - Standard Zip Deflate
2024-09-11 16:14:15,921 [INFO] LoadUrlFilesThread:156 - End of LoadUrlFiles Thread
2024-09-11 16:14:16,107 [INFO] ServerAccessManage:473 - Download File tutoVideoDB.zip
2024-09-11 16:14:16,154 [INFO] FileExtend:240 - Unzip File : tutoVideoDB.zip
2024-09-11 16:14:16,154 [INFO] FileExtend:255 - Standard Zip Deflate
2024-09-11 16:14:16,267 [INFO] LoadUrlFilesThread:156 - End of LoadUrlFiles Thread
2024-09-11 16:14:16,269 [WARN] DbFile:41 - Overriding database path with different value: C:\Users\Admin\.stmcufinder\plugins\mcufinder/ => C:\Users\Admin\.stmcufinder\plugins\mcufinder
2024-09-11 16:14:16,332 [INFO] ServerAccessManage:473 - Download File api_config.json
2024-09-11 16:14:16,438 [INFO] LoadUrlFilesThread:156 - End of LoadUrlFiles Thread
2024-09-11 16:14:16,438 [INFO] DbMcusAds:53 - JSON generation date=Thu May 16 16:22:00 ICT 2024 (1715851320667)
2024-09-11 16:14:16,452 [INFO] LoadUrlFilesThread:185 - End of LoadServerUrlFiles without Thread
2024-09-11 16:14:16,453 [INFO] TargetSelectorAdapter:259 - Refresh data is successful
2024-09-11 16:14:16,546 [INFO] ApiDb:581 - Connected to CubeFinder SQLite database (C:\Users\Admin\.stmcufinder\plugins\mcufinder\mcu\cube-finder-db.db)
2024-09-11 16:14:16,594 [INFO] ApiDb:668 - CubeFinder database Data Model version=2.1
2024-09-11 16:14:16,595 [INFO] ApiDb:669 - CubeFinder database Configuration version=3.0.39
2024-09-11 16:14:16,595 [INFO] ApiDb:670 - CubeFinder database generation date=2024-08-06 (1722941618)
2024-09-11 16:14:16,595 [INFO] ApiDb:671 - CubeFinder database FW Pack versions=[FP-ATR-ASTRA1_V2.0.0, FP-SNS-FLIGHT1_V5.0.2, FP-SNS-MOTENV1_V5.0.0, FP-SNS-MOTENVWB1_V1.4.0, FP-SNS-SMARTAG2_V1.2.0, FP-SNS-STBOX1_V2.0.0, STM32Cube_FW_C0_V1.2.0, STM32Cube_FW_F4_V1.28.0, STM32Cube_FW_F7_V1.17.2, STM32Cube_FW_G0_V1.6.2, STM32Cube_FW_G4_V1.6.0, STM32Cube_FW_H5_V1.3.0, STM32Cube_FW_H7RS_V1.1.0, STM32Cube_FW_H7_V1.11.2, STM32Cube_FW_L0_V1.12.2, STM32Cube_FW_L5_V1.5.1, STM32Cube_FW_U0_V1.1.0, STM32Cube_FW_U5_V1.6.0, STM32Cube_FW_WB0_V1.0.0, STM32Cube_FW_WBA_V1.4.1, STM32Cube_FW_WB_V1.20.0, STM32Cube_FW_WL_V1.3.0, X-CUBE-ALGOBUILD_V1.4.0, X-CUBE-ALS_V1.0.2, X-CUBE-AZRTOS-F4_V1.1.0, X-CUBE-AZRTOS-F7_V1.1.0, X-CUBE-AZRTOS-G0_V1.1.0, X-CUBE-AZRTOS-G4_V2.0.0, X-CUBE-AZRTOS-H7RS_V1.0.0, X-CUBE-AZRTOS-H7_V3.2.0, X-CUBE-AZRTOS-L4_V2.0.0, X-CUBE-AZRTOS-L5_V1.1.0, X-CUBE-AZRTOS-WB_V2.0.0, X-CUBE-AZRTOS-WL_V2.0.0, X-CUBE-BLE1_V7.0.0, X-CUBE-BLE2_V3.3.0, X-CUBE-BLEMGR_V3.1.0, X-CUBE-EEPRMA1_V5.1.0, X-CUBE-FREERTOS_V1.2.0, X-CUBE-GNSS1_V6.0.0, X-CUBE-MEMS1_V10.0.0, X-CUBE-NFC4_V3.0.0, X-CUBE-NFC7_V1.0.1, X-CUBE-SFXS2LP1_V4.0.0, X-CUBE-SUBG2_V5.0.0, X-CUBE-TOF1_V3.4.2]
2024-09-11 16:14:17,893 [INFO] ApiDb:240 - Found 483 in-development CPN: [B-G473E-ZEST1S, B-WB1M-WPAN1, B-WL5M-SUBG1, NUCLEO-C031C6, NUCLEO-H503RB, NUCLEO-H533RE, NUCLEO-H563ZI, NUCLEO-H7S3L8, NUCLEO-U031R8, NUCLEO-U083RC, NUCLEO-U545RE-Q, NUCLEO-U5A5ZJ-Q, NUCLEO-WBA52CG, NUCLEO-WBA55CG, STEVAL-PROTEUS1, STEVAL-SMARTAG2, STEVAL-STWINBX1, STM320518-EVAL, STM32C0116-DK, STM32C011D6Y3TR, STM32C011D6Y6TR, STM32C011F4P3, STM32C011F4P6, STM32C011F4U3, STM32C011F4U6TR, STM32C011F6P3, STM32C011F6P6, STM32C011F6U3, STM32C011F6U6TR, STM32C011J4M3, STM32C011J4M6, STM32C011J6M3, STM32C011J6M6, STM32C0316-DK, STM32C031C4T3, STM32C031C4T6, STM32C031C4U3, STM32C031C4U6, STM32C031C6T3, STM32C031C6T6, STM32C031C6U3, STM32C031C6U6, STM32C031F4P3, STM32C031F4P6, STM32C031F6P3, STM32C031F6P6, STM32C031G4U3, STM32C031G4U6, STM32C031G6U3, STM32C031G6U6, STM32C031K4T3, STM32C031K4T6, STM32C031K4U3, STM32C031K4U6, STM32C031K6T3, STM32C031K6T6, STM32C031K6U3, STM32C031K6U6, STM32G071K8TXN, STM32G071K8UXN, STM32G081GBU6N, STM32G081KBT6N, STM32G081KBUXN, STM32G0B1CCT6N, STM32G0B1KCT6, STM32G0B1NEY6TR, STM32G0B1RCT6N, STM32G0C1CCT6, STM32G0C1CCT6N, STM32G0C1CCU6N, STM32G0C1CET6N, STM32G0C1CEU6N, STM32G0C1KCT6, STM32G0C1NEY6TR, STM32G0C1RCI6N, STM32G0C1RCT6N, STM32G0C1REI6N, STM32G0C1RET6N, STM32G0C1VCI6, STM32G0C1VEI6, STM32G471CCT6, STM32G471CCU6, STM32G471CET3, STM32G471CET6, STM32G471CEU3, STM32G471CEU6, STM32G471MCT6, STM32G471MET3, STM32G471MET6, STM32G471MEY6TR, STM32G471QCT6, STM32G471QET3, STM32G471RCT6, STM32G471RET3, STM32G471RET6, STM32G471VCH6, STM32G471VCI6, STM32G471VCT6, STM32G471VEH3, STM32G471VEH6, STM32G471VEI3, STM32G471VEI6, STM32G471VET3, STM32G471VET6, STM32G474CCT6, STM32H503CBT6, STM32H503CBU6, STM32H503EBY6TR, STM32H503KBU6, STM32H503RBT6, STM32H523CCT6, STM32H523CCU6, STM32H523CET6, STM32H523CEU6, STM32H523HEY6TR, STM32H523RCT6, STM32H523RET6, STM32H523VCI6, STM32H523VCT6, STM32H523VEI6, STM32H523VET6, STM32H523ZCJ6, STM32H523ZCT6, STM32H523ZEJ6, STM32H523ZET6, STM32H533CET6, STM32H533CEU6, STM32H533HEY6TR, STM32H533RET6, STM32H533VEI6, STM32H533VET6, STM32H533ZEJ6, STM32H533ZET6, STM32H562AGI6, STM32H562AII6, STM32H562IGK6, STM32H562IGT6, STM32H562IIK6, STM32H562IIT6, STM32H562RGT6, STM32H562RGV6, STM32H562RIT6, STM32H562RIV6, STM32H562VGT6, STM32H562VIT6, STM32H562ZGT6, STM32H562ZIT6, STM32H563AGI6, STM32H563AII3Q, STM32H563AII6, STM32H563IGK6, STM32H563IGT6, STM32H563IIK3Q, STM32H563IIK6, STM32H563IIT3Q, STM32H563IIT6, STM32H563MIY3QTR, STM32H563RGT6, STM32H563RGV6, STM32H563RIT6, STM32H563RIV6, STM32H563VGT6, STM32H563VIT3Q, STM32H563VIT6, STM32H563ZGT6, STM32H563ZIT3Q, STM32H563ZIT6, STM32H573AII3Q, STM32H573AII6, STM32H573I-DK, STM32H573IIK3Q, STM32H573IIK6, STM32H573IIT3Q, STM32H573IIT6, STM32H573MIY3QTR, STM32H573RIT6, STM32H573RIV6, STM32H573VIT3Q, STM32H573VIT6, STM32H573ZIT3Q, STM32H573ZIT6, STM32H7R3A8I6, STM32H7R3I8K6, STM32H7R3I8T6, STM32H7R3L8H6, STM32H7R3L8H6H, STM32H7R3R8V6, STM32H7R3V8H6, STM32H7R3V8T6, STM32H7R3V8Y6, STM32H7R3Z8J6, STM32H7R3Z8T6, STM32H7R7A8I6, STM32H7R7I8K6, STM32H7R7I8T6, STM32H7R7L8H6, STM32H7R7L8H6H, STM32H7R7Z8J6, STM32H7S3A8I6, STM32H7S3I8K6, STM32H7S3I8T6, STM32H7S3L8H6, STM32H7S3L8H6H, STM32H7S3R8V6, STM32H7S3V8H6, STM32H7S3V8T6, STM32H7S3V8Y6, STM32H7S3Z8J6, STM32H7S3Z8T6, STM32H7S78-DK, STM32H7S7A8I6, STM32H7S7I8K6, STM32H7S7I8T6, STM32H7S7L8H6, STM32H7S7L8H6H, STM32H7S7Z8J6, STM32L4R5QGI6STR, STM32MP131AAE3, STM32MP131AAF3, STM32MP131AAG3, STM32MP131CAE3, STM32MP131CAF3, STM32MP131CAG3, STM32MP131DAE7, STM32MP131DAF7, STM32MP131DAG7, STM32MP131FAE7, STM32MP131FAF7, STM32MP131FAG7, STM32MP133AAE3, STM32MP133AAF3, STM32MP133AAG3, STM32MP133CAE3, STM32MP133CAF3, STM32MP133CAG3, STM32MP133DAE7, STM32MP133DAF7, STM32MP133DAG7, STM32MP133FAE7, STM32MP133FAF7, STM32MP133FAG7, STM32MP135AAE3, STM32MP135AAF3, STM32MP135AAG3, STM32MP135CAE3, STM32MP135CAF3, STM32MP135CAG3, STM32MP135DAE7, STM32MP135DAF7, STM32MP135DAG7, STM32MP135F-DK, STM32MP135FAE7, STM32MP135FAF7, STM32MP135FAF7T, STM32MP135FAF7U, STM32MP135FAG7, STM32U031C6T6, STM32U031C6U6, STM32U031C8T6, STM32U031C8U6, STM32U031F4P6, STM32U031F6P6, STM32U031F8P6, STM32U031G6Y6TR, STM32U031G8Y6TR, STM32U031K4U6, STM32U031K6U6, STM32U031K8U6, STM32U031R6I6, STM32U031R6T6, STM32U031R8I6, STM32U031R8T6, STM32U073C8T6, STM32U073C8U6, STM32U073CBT6, STM32U073CBU6, STM32U073CCT6, STM32U073CCU6, STM32U073H8Y6TR, STM32U073HBY6TR, STM32U073HCY6TR, STM32U073K8U6, STM32U073KBU6, STM32U073KCU6, STM32U073M8I6, STM32U073M8T6, STM32U073MBI6, STM32U073MBT6, STM32U073MCI6, STM32U073MCT6, STM32U073R8I6, STM32U073R8T6, STM32U073RBI6, STM32U073RBT6, STM32U073RCI6, STM32U073RCT6, STM32U083C-DK, STM32U083CCT6, STM32U083CCU6, STM32U083HCY6TR, STM32U083KCU6, STM32U083MCI6, STM32U083MCT6, STM32U083RCI6, STM32U083RCT6, STM32U535CBT6, STM32U535CBT6Q, STM32U535CBU6, STM32U535CBU6Q, STM32U535CCT6, STM32U535CCT6Q, STM32U535CCU6, STM32U535CCU6Q, STM32U535CET6, STM32U535CET6Q, STM32U535CEU6, STM32U535CEU6Q, STM32U535JEY6QTR, STM32U535NCY6QTR, STM32U535NEY6QTR, STM32U535RBI6, STM32U535RBI6Q, STM32U535RBT6, STM32U535RBT6Q, STM32U535RCI6, STM32U535RCI6Q, STM32U535RCT6, STM32U535RCT6Q, STM32U535REI6, STM32U535REI6Q, STM32U535RET6, STM32U535RET6Q, STM32U535VCI6, STM32U535VCI6Q, STM32U535VCT6, STM32U535VCT6Q, STM32U535VEI6, STM32U535VEI6Q, STM32U535VET6, STM32U535VET6Q, STM32U545CET6, STM32U545CET6Q, STM32U545CEU6, STM32U545CEU6Q, STM32U545JEY6QTR, STM32U545NEY6QTR, STM32U545REI6, STM32U545REI6Q, STM32U545RET6, STM32U545RET6Q, STM32U545VEI6, STM32U545VEI6Q, STM32U545VET6, STM32U545VET6Q, STM32U595AIH6, STM32U595AIH6Q, STM32U595AJH6, STM32U595AJH6Q, STM32U595QII6, STM32U595QII6Q, STM32U595QJI6, STM32U595QJI6Q, STM32U595RIT6, STM32U595RIT6Q, STM32U595RJT6, STM32U595RJT6Q, STM32U595VIT6, STM32U595VIT6Q, STM32U595VJT6, STM32U595VJT6Q, STM32U595ZIT6, STM32U595ZIT6Q, STM32U595ZIY6QTR, STM32U595ZJT6, STM32U595ZJT6Q, STM32U595ZJY6QTR, STM32U599BJY6QTR, STM32U599NIH6Q, STM32U599NJH6Q, STM32U599VIT6Q, STM32U599VJT6, STM32U599VJT6Q, STM32U599ZIT6Q, STM32U599ZIY6QTR, STM32U599ZJT6Q, STM32U599ZJY6QTR, STM32U5A5AJH6, STM32U5A5AJH6Q, STM32U5A5QII3Q , STM32U5A5QJI6, STM32U5A5QJI6Q, STM32U5A5RJT6, STM32U5A5RJT6Q, STM32U5A5VJT6, STM32U5A5VJT6Q, STM32U5A5ZJT6, STM32U5A5ZJT6Q, STM32U5A5ZJY6QTR, STM32U5A9BJY6QTR, STM32U5A9J-DK, STM32U5A9NJH6Q, STM32U5A9VJT6Q, STM32U5A9ZJT6Q, STM32U5A9ZJY6QTR, STM32U5F7VIT6, STM32U5F7VIT6Q, STM32U5F7VJT6, STM32U5F7VJT6Q, STM32U5F9BJY6QTR, STM32U5F9NJH6Q, STM32U5F9VIT6Q, STM32U5F9VJT6Q, STM32U5F9ZIJ6QTR, STM32U5F9ZIT6Q, STM32U5F9ZJJ6QTR, STM32U5F9ZJT6Q, STM32U5G7VJT6, STM32U5G7VJT6Q, STM32U5G9BJY6QTR, STM32U5G9J-DK1, STM32U5G9J-DK2, STM32U5G9NJH6Q, STM32U5G9VJT6Q, STM32U5G9ZJJ6QTR, STM32U5G9ZJT6Q, STM32WB1MMCH6, STM32WBA50KEU6, STM32WBA50KEU6TR, STM32WBA50KGU6, STM32WBA50KGU6TR, STM32WBA52CEU6, STM32WBA52CEU6TR, STM32WBA52CEU7, STM32WBA52CEU7TR, STM32WBA52CGU6, STM32WBA52CGU6TR, STM32WBA52CGU6U, STM32WBA52CGU7, STM32WBA52CGU7TR, STM32WBA52KEU6, STM32WBA52KEU6TR, STM32WBA52KGU6, STM32WBA52KGU6TR, STM32WBA54CEU6, STM32WBA54CEU6TR, STM32WBA54CEU7, STM32WBA54CEU7TR, STM32WBA54CGU6, STM32WBA54CGU6TR, STM32WBA54CGU7, STM32WBA54CGU7TR, STM32WBA54KEU6, STM32WBA54KEU6TR, STM32WBA54KEU7, STM32WBA54KEU7TR, STM32WBA54KGU6, STM32WBA54KGU6TR, STM32WBA54KGU7, STM32WBA54KGU7TR, STM32WBA55CEU6, STM32WBA55CEU6TR, STM32WBA55CEU7, STM32WBA55CEU7TR, STM32WBA55CGU6, STM32WBA55CGU6TR, STM32WBA55CGU6U, STM32WBA55CGU7, STM32WBA55CGU7TR, STM32WBA55G-DK1, STM32WBA55HEF6, STM32WBA55HEF7, STM32WBA55HGF6, STM32WBA55HGF7, STM32WBA55UEI6, STM32WBA55UEI6TR, STM32WBA55UEI7, STM32WBA55UEI7TR, STM32WBA55UGI6, STM32WBA55UGI6TR, STM32WBA55UGI7, STM32WBA55UGI7TR, STM32WL5MOCH6, STM32WL5MOCH6TR]
2024-09-11 16:14:17,898 [INFO] DbMcus:218 - Found 4203 MCUs, 4203 are supported
2024-09-11 16:14:17,899 [WARN] PackLoader:240 - Cannot read IP mode file for STMicroelectronics.FP-SNS-MOTENVWB1.1.4.0
2024-09-11 16:14:17,905 [INFO] ApiDb:423 - Load user favorites file C:\Users\Admin/.stm32cubeide/favorites.mcus.txt: 1 item(s)
2024-09-11 16:14:17,905 [INFO] ApiDb:427 - User favorites MCUs=[STM32F103C8T6]
2024-09-11 16:14:17,905 [INFO] DbMcus:224 - Set 1 / 1 favorites MCUs
2024-09-11 16:14:17,914 [WARN] PackLoader:240 - Cannot read IP mode file for STMicroelectronics.X-CUBE-SMBUS.2.1.0
2024-09-11 16:14:17,926 [WARN] PackLoader:240 - Cannot read IP mode file for STMicroelectronics.X-CUBE-TOUCHGFX.4.23.0
2024-09-11 16:14:17,939 [WARN] PackLoader:240 - Cannot read IP mode file for STMicroelectronics.X-CUBE-TOUCHGFX.4.23.2
2024-09-11 16:14:17,971 [WARN] PackLoader:240 - Cannot read IP mode file for STMicroelectronics.X-CUBE-AZRTOS-F7.1.1.0
2024-09-11 16:14:17,986 [WARN] PackLoader:240 - Cannot read IP mode file for STMicroelectronics.FP-SNS-MOTENV1.4.3.2
2024-09-11 16:14:18,034 [WARN] PackLoader:240 - Cannot read IP mode file for STMicroelectronics.X-CUBE-MEMS1.11.0.0
2024-09-11 16:14:18,140 [WARN] PackLoader:240 - Cannot read IP mode file for STMicroelectronics.FP-SNS-FLIGHT1.5.0.2
2024-09-11 16:14:18,155 [WARN] PackLoader:240 - Cannot read IP mode file for STMicroelectronics.X-CUBE-DISPLAY.3.0.0
2024-09-11 16:14:18,171 [WARN] PackLoader:240 - Cannot read IP mode file for STMicroelectronics.X-CUBE-BLE1.7.0.0
2024-09-11 16:14:18,184 [WARN] PackLoader:240 - Cannot read IP mode file for emotas.I-CUBE-CANOPEN.1.3.0
2024-09-11 16:14:18,200 [WARN] PackLoader:240 - Cannot read IP mode file for STMicroelectronics.X-CUBE-BLEMGR.3.1.0
2024-09-11 16:14:18,215 [WARN] PackLoader:240 - Cannot read IP mode file for STMicroelectronics.FP-SNS-SMARTAG2.1.2.0
2024-09-11 16:14:18,238 [INFO] LogOutputStream:77 - [STDOUT_REDIRECT] 1 : Invalid condition id : UX_CORESTACK_Condition cause : null
2024-09-11 16:14:18,238 [INFO] LogOutputStream:77 - [STDOUT_REDIRECT] 1 : Invalid condition id : UX_CORESTACK_Condition cause : null
2024-09-11 16:14:18,239 [INFO] LogOutputStream:77 - [STDOUT_REDIRECT] 1 : Invalid condition id : UX_CORESTACK_Condition cause : null
2024-09-11 16:14:18,240 [INFO] LogOutputStream:77 - [STDOUT_REDIRECT] 1 : Invalid condition id : UX_CORESTACK_Condition cause : null
2024-09-11 16:14:18,240 [INFO] LogOutputStream:77 - [STDOUT_REDIRECT] 1 : Invalid condition id : UX_CORESTACK_Condition cause : null
2024-09-11 16:14:18,242 [WARN] PackLoader:240 - Cannot read IP mode file for STMicroelectronics.X-CUBE-AZRTOS-WL.2.0.0
2024-09-11 16:14:18,255 [WARN] PackLoader:240 - Cannot read IP mode file for STMicroelectronics.FP-SNS-MOTENV1.5.0.0
2024-09-11 16:14:18,262 [WARN] PackLoader:240 - Cannot read IP mode file for wolfSSL.I-CUBE-wolfMQTT.1.19.0
2024-09-11 16:14:18,276 [WARN] PackLoader:240 - Cannot read IP mode file for WES.I-CUBE-Cesium.1.3.0
2024-09-11 16:14:18,289 [WARN] PackLoader:240 - Cannot read IP mode file for STMicroelectronics.X-CUBE-BLE2.3.3.0
2024-09-11 16:14:18,301 [WARN] PackLoader:240 - Cannot read IP mode file for STMicroelectronics.X-CUBE-TCPP.4.1.0
2024-09-11 16:14:18,316 [WARN] PackLoader:240 - Cannot read IP mode file for STMicroelectronics.X-CUBE-ALGOBUILD.1.3.0
2024-09-11 16:14:18,340 [WARN] PackLoader:240 - Cannot read IP mode file for STMicroelectronics.X-CUBE-AZRTOS-G0.1.1.0
2024-09-11 16:14:18,355 [WARN] PackLoader:240 - Cannot read IP mode file for STMicroelectronics.X-CUBE-SAFEA1.1.2.2
2024-09-11 16:14:18,369 [WARN] PackLoader:240 - Cannot read IP mode file for STMicroelectronics.X-CUBE-NFC4.3.0.0
2024-09-11 16:14:18,385 [WARN] PackLoader:240 - Cannot read IP mode file for EmbeddedOffice.I-CUBE-FS-RTOS.1.0.1
2024-09-11 16:14:18,385 [ERROR] ConditionMgr:805 - Attr not supported : Dmpu
2024-09-11 16:14:18,385 [ERROR] ConditionMgr:805 - Attr not supported : Dmpu
2024-09-11 16:14:18,385 [ERROR] ConditionMgr:805 - Attr not supported : Dmpu
2024-09-11 16:14:18,385 [ERROR] ConditionMgr:805 - Attr not supported : Dmpu
2024-09-11 16:14:18,385 [ERROR] ConditionMgr:805 - Attr not supported : Dmpu
2024-09-11 16:14:18,385 [ERROR] ConditionMgr:805 - Attr not supported : Dmpu
2024-09-11 16:14:18,385 [ERROR] ConditionMgr:805 - Attr not supported : Dmpu
2024-09-11 16:14:18,385 [ERROR] ConditionMgr:805 - Attr not supported : Dmpu
2024-09-11 16:14:18,385 [ERROR] ConditionMgr:805 - Attr not supported : Dmpu
2024-09-11 16:14:18,385 [ERROR] ConditionMgr:805 - Attr not supported : Dmpu
2024-09-11 16:14:18,385 [ERROR] ConditionMgr:805 - Attr not supported : Dmpu
2024-09-11 16:14:18,385 [ERROR] ConditionMgr:805 - Attr not supported : Dmpu
2024-09-11 16:14:18,386 [ERROR] ConditionMgr:805 - Attr not supported : Dmpu
2024-09-11 16:14:18,386 [ERROR] ConditionMgr:805 - Attr not supported : Dmpu
2024-09-11 16:14:18,386 [ERROR] ConditionMgr:805 - Attr not supported : Dmpu
2024-09-11 16:14:18,386 [ERROR] ConditionMgr:805 - Attr not supported : Dmpu
2024-09-11 16:14:18,386 [ERROR] ConditionMgr:805 - Attr not supported : Dmpu
2024-09-11 16:14:18,386 [ERROR] ConditionMgr:805 - Attr not supported : Dmpu
2024-09-11 16:14:18,386 [ERROR] ConditionMgr:805 - Attr not supported : Dmpu
2024-09-11 16:14:18,386 [ERROR] ConditionMgr:805 - Attr not supported : Dmpu
2024-09-11 16:14:18,386 [ERROR] ConditionMgr:805 - Attr not supported : Dmpu
2024-09-11 16:14:18,386 [ERROR] ConditionMgr:805 - Attr not supported : Dmpu
2024-09-11 16:14:18,386 [ERROR] ConditionMgr:805 - Attr not supported : Dmpu
2024-09-11 16:14:18,386 [ERROR] ConditionMgr:805 - Attr not supported : Dmpu
2024-09-11 16:14:18,386 [ERROR] ConditionMgr:805 - Attr not supported : Dmpu
2024-09-11 16:14:18,386 [ERROR] ConditionMgr:805 - Attr not supported : Dmpu
2024-09-11 16:14:18,386 [ERROR] ConditionMgr:805 - Attr not supported : Dmpu
2024-09-11 16:14:18,386 [ERROR] ConditionMgr:805 - Attr not supported : Dmpu
2024-09-11 16:14:18,386 [ERROR] ConditionMgr:805 - Attr not supported : Dmpu
2024-09-11 16:14:18,386 [ERROR] ConditionMgr:805 - Attr not supported : Dmpu
2024-09-11 16:14:18,386 [ERROR] ConditionMgr:805 - Attr not supported : Dmpu
2024-09-11 16:14:18,386 [ERROR] ConditionMgr:805 - Attr not supported : Dmpu
2024-09-11 16:14:18,386 [ERROR] ConditionMgr:805 - Attr not supported : Dmpu
2024-09-11 16:14:18,386 [ERROR] ConditionMgr:805 - Attr not supported : Dmpu
2024-09-11 16:14:18,386 [ERROR] ConditionMgr:805 - Attr not supported : Dmpu
2024-09-11 16:14:18,386 [ERROR] ConditionMgr:805 - Attr not supported : Dmpu
2024-09-11 16:14:18,386 [ERROR] ConditionMgr:805 - Attr not supported : Dmpu
2024-09-11 16:14:18,386 [ERROR] ConditionMgr:805 - Attr not supported : Dmpu
2024-09-11 16:14:18,386 [ERROR] ConditionMgr:805 - Attr not supported : Dmpu
2024-09-11 16:14:18,386 [ERROR] ConditionMgr:805 - Attr not supported : Dmpu
2024-09-11 16:14:18,386 [ERROR] ConditionMgr:805 - Attr not supported : Dmpu
2024-09-11 16:14:18,387 [ERROR] ConditionMgr:805 - Attr not supported : Dmpu
2024-09-11 16:14:18,387 [ERROR] ConditionMgr:805 - Attr not supported : Dmpu
2024-09-11 16:14:18,387 [ERROR] ConditionMgr:805 - Attr not supported : Dmpu
2024-09-11 16:14:18,387 [ERROR] ConditionMgr:805 - Attr not supported : Dmpu
2024-09-11 16:14:18,387 [ERROR] ConditionMgr:805 - Attr not supported : Dmpu
2024-09-11 16:14:18,387 [ERROR] ConditionMgr:805 - Attr not supported : Dmpu
2024-09-11 16:14:18,387 [ERROR] ConditionMgr:805 - Attr not supported : Dmpu
2024-09-11 16:14:18,387 [ERROR] ConditionMgr:805 - Attr not supported : Dmpu
2024-09-11 16:14:18,387 [ERROR] ConditionMgr:805 - Attr not supported : Dmpu
2024-09-11 16:14:18,387 [ERROR] ConditionMgr:805 - Attr not supported : Dmpu
2024-09-11 16:14:18,387 [ERROR] ConditionMgr:805 - Attr not supported : Dmpu
2024-09-11 16:14:18,387 [ERROR] ConditionMgr:805 - Attr not supported : Dmpu
2024-09-11 16:14:18,387 [ERROR] ConditionMgr:805 - Attr not supported : Dmpu
2024-09-11 16:14:18,387 [ERROR] ConditionMgr:805 - Attr not supported : Dmpu
2024-09-11 16:14:18,387 [ERROR] ConditionMgr:805 - Attr not supported : Dmpu
2024-09-11 16:14:18,387 [ERROR] ConditionMgr:805 - Attr not supported : Dmpu
2024-09-11 16:14:18,387 [ERROR] ConditionMgr:805 - Attr not supported : Dmpu
2024-09-11 16:14:18,387 [ERROR] ConditionMgr:805 - Attr not supported : Dmpu
2024-09-11 16:14:18,387 [ERROR] ConditionMgr:805 - Attr not supported : Dmpu
2024-09-11 16:14:18,387 [ERROR] ConditionMgr:805 - Attr not supported : Dmpu
2024-09-11 16:14:18,387 [ERROR] ConditionMgr:805 - Attr not supported : Dmpu
2024-09-11 16:14:18,387 [ERROR] ConditionMgr:805 - Attr not supported : Dmpu
2024-09-11 16:14:18,387 [ERROR] ConditionMgr:805 - Attr not supported : Dmpu
2024-09-11 16:14:18,399 [WARN] PackLoader:240 - Cannot read IP mode file for RealThread.X-CUBE-RT-Thread_Nano.4.1.1
2024-09-11 16:14:18,404 [WARN] PackLoader:240 - Cannot read IP mode file for STMicroelectronics.FP-ATR-SIGFOX1.3.2.0
2024-09-11 16:14:18,416 [WARN] PackLoader:240 - Cannot read IP mode file for STMicroelectronics.X-CUBE-EEPRMA1.5.1.0
2024-09-11 16:14:18,444 [INFO] ApiDb:668 - CubeFinder database Data Model version=2.1
2024-09-11 16:14:18,444 [INFO] ApiDb:669 - CubeFinder database Configuration version=3.0.39
2024-09-11 16:14:18,444 [INFO] ApiDb:670 - CubeFinder database generation date=2024-08-06 (1722941618)
2024-09-11 16:14:18,444 [INFO] ApiDb:671 - CubeFinder database FW Pack versions=[FP-ATR-ASTRA1_V2.0.0, FP-SNS-FLIGHT1_V5.0.2, FP-SNS-MOTENV1_V5.0.0, FP-SNS-MOTENVWB1_V1.4.0, FP-SNS-SMARTAG2_V1.2.0, FP-SNS-STBOX1_V2.0.0, STM32Cube_FW_C0_V1.2.0, STM32Cube_FW_F4_V1.28.0, STM32Cube_FW_F7_V1.17.2, STM32Cube_FW_G0_V1.6.2, STM32Cube_FW_G4_V1.6.0, STM32Cube_FW_H5_V1.3.0, STM32Cube_FW_H7RS_V1.1.0, STM32Cube_FW_H7_V1.11.2, STM32Cube_FW_L0_V1.12.2, STM32Cube_FW_L5_V1.5.1, STM32Cube_FW_U0_V1.1.0, STM32Cube_FW_U5_V1.6.0, STM32Cube_FW_WB0_V1.0.0, STM32Cube_FW_WBA_V1.4.1, STM32Cube_FW_WB_V1.20.0, STM32Cube_FW_WL_V1.3.0, X-CUBE-ALGOBUILD_V1.4.0, X-CUBE-ALS_V1.0.2, X-CUBE-AZRTOS-F4_V1.1.0, X-CUBE-AZRTOS-F7_V1.1.0, X-CUBE-AZRTOS-G0_V1.1.0, X-CUBE-AZRTOS-G4_V2.0.0, X-CUBE-AZRTOS-H7RS_V1.0.0, X-CUBE-AZRTOS-H7_V3.2.0, X-CUBE-AZRTOS-L4_V2.0.0, X-CUBE-AZRTOS-L5_V1.1.0, X-CUBE-AZRTOS-WB_V2.0.0, X-CUBE-AZRTOS-WL_V2.0.0, X-CUBE-BLE1_V7.0.0, X-CUBE-BLE2_V3.3.0, X-CUBE-BLEMGR_V3.1.0, X-CUBE-EEPRMA1_V5.1.0, X-CUBE-FREERTOS_V1.2.0, X-CUBE-GNSS1_V6.0.0, X-CUBE-MEMS1_V10.0.0, X-CUBE-NFC4_V3.0.0, X-CUBE-NFC7_V1.0.1, X-CUBE-SFXS2LP1_V4.0.0, X-CUBE-SUBG2_V5.0.0, X-CUBE-TOF1_V3.4.2]
2024-09-11 16:14:18,453 [WARN] PackLoader:240 - Cannot read IP mode file for SEGGER.I-CUBE-embOS.1.3.1
2024-09-11 16:14:18,493 [WARN] PackLoader:240 - Cannot read IP mode file for STMicroelectronics.X-CUBE-ALGOBUILD.1.4.0
2024-09-11 16:14:18,494 [INFO] DbBoardsSqlite:226 - include board P-NUCLEO-WB55-NUCLEO as a kit item of type 'Nucleo-64'
2024-09-11 16:14:18,495 [INFO] DbBoardsSqlite:226 - include board P-NUCLEO-WB55-USBDONGLE as a kit item of type 'Nucleo USB Dongle'
2024-09-11 16:14:18,495 [INFO] DbBoardsSqlite:226 - include board STEVAL-IDP005V1 as a kit item of type 'Evaluation Board'
2024-09-11 16:14:18,495 [INFO] DbBoardsSqlite:226 - include board STEVAL-IDP005V2 as a kit item of type 'Evaluation Board'
2024-09-11 16:14:18,505 [WARN] PackLoader:240 - Cannot read IP mode file for STMicroelectronics.X-CUBE-GNSS1.6.0.0
2024-09-11 16:14:18,530 [WARN] PackLoader:240 - Cannot read IP mode file for STMicroelectronics.X-CUBE-AZRTOS-F4.1.1.0
2024-09-11 16:14:18,544 [INFO] ApiDb:240 - Found 483 in-development CPN: [B-G473E-ZEST1S, B-WB1M-WPAN1, B-WL5M-SUBG1, NUCLEO-C031C6, NUCLEO-H503RB, NUCLEO-H533RE, NUCLEO-H563ZI, NUCLEO-H7S3L8, NUCLEO-U031R8, NUCLEO-U083RC, NUCLEO-U545RE-Q, NUCLEO-U5A5ZJ-Q, NUCLEO-WBA52CG, NUCLEO-WBA55CG, STEVAL-PROTEUS1, STEVAL-SMARTAG2, STEVAL-STWINBX1, STM320518-EVAL, STM32C0116-DK, STM32C011D6Y3TR, STM32C011D6Y6TR, STM32C011F4P3, STM32C011F4P6, STM32C011F4U3, STM32C011F4U6TR, STM32C011F6P3, STM32C011F6P6, STM32C011F6U3, STM32C011F6U6TR, STM32C011J4M3, STM32C011J4M6, STM32C011J6M3, STM32C011J6M6, STM32C0316-DK, STM32C031C4T3, STM32C031C4T6, STM32C031C4U3, STM32C031C4U6, STM32C031C6T3, STM32C031C6T6, STM32C031C6U3, STM32C031C6U6, STM32C031F4P3, STM32C031F4P6, STM32C031F6P3, STM32C031F6P6, STM32C031G4U3, STM32C031G4U6, STM32C031G6U3, STM32C031G6U6, STM32C031K4T3, STM32C031K4T6, STM32C031K4U3, STM32C031K4U6, STM32C031K6T3, STM32C031K6T6, STM32C031K6U3, STM32C031K6U6, STM32G071K8TXN, STM32G071K8UXN, STM32G081GBU6N, STM32G081KBT6N, STM32G081KBUXN, STM32G0B1CCT6N, STM32G0B1KCT6, STM32G0B1NEY6TR, STM32G0B1RCT6N, STM32G0C1CCT6, STM32G0C1CCT6N, STM32G0C1CCU6N, STM32G0C1CET6N, STM32G0C1CEU6N, STM32G0C1KCT6, STM32G0C1NEY6TR, STM32G0C1RCI6N, STM32G0C1RCT6N, STM32G0C1REI6N, STM32G0C1RET6N, STM32G0C1VCI6, STM32G0C1VEI6, STM32G471CCT6, STM32G471CCU6, STM32G471CET3, STM32G471CET6, STM32G471CEU3, STM32G471CEU6, STM32G471MCT6, STM32G471MET3, STM32G471MET6, STM32G471MEY6TR, STM32G471QCT6, STM32G471QET3, STM32G471RCT6, STM32G471RET3, STM32G471RET6, STM32G471VCH6, STM32G471VCI6, STM32G471VCT6, STM32G471VEH3, STM32G471VEH6, STM32G471VEI3, STM32G471VEI6, STM32G471VET3, STM32G471VET6, STM32G474CCT6, STM32H503CBT6, STM32H503CBU6, STM32H503EBY6TR, STM32H503KBU6, STM32H503RBT6, STM32H523CCT6, STM32H523CCU6, STM32H523CET6, STM32H523CEU6, STM32H523HEY6TR, STM32H523RCT6, STM32H523RET6, STM32H523VCI6, STM32H523VCT6, STM32H523VEI6, STM32H523VET6, STM32H523ZCJ6, STM32H523ZCT6, STM32H523ZEJ6, STM32H523ZET6, STM32H533CET6, STM32H533CEU6, STM32H533HEY6TR, STM32H533RET6, STM32H533VEI6, STM32H533VET6, STM32H533ZEJ6, STM32H533ZET6, STM32H562AGI6, STM32H562AII6, STM32H562IGK6, STM32H562IGT6, STM32H562IIK6, STM32H562IIT6, STM32H562RGT6, STM32H562RGV6, STM32H562RIT6, STM32H562RIV6, STM32H562VGT6, STM32H562VIT6, STM32H562ZGT6, STM32H562ZIT6, STM32H563AGI6, STM32H563AII3Q, STM32H563AII6, STM32H563IGK6, STM32H563IGT6, STM32H563IIK3Q, STM32H563IIK6, STM32H563IIT3Q, STM32H563IIT6, STM32H563MIY3QTR, STM32H563RGT6, STM32H563RGV6, STM32H563RIT6, STM32H563RIV6, STM32H563VGT6, STM32H563VIT3Q, STM32H563VIT6, STM32H563ZGT6, STM32H563ZIT3Q, STM32H563ZIT6, STM32H573AII3Q, STM32H573AII6, STM32H573I-DK, STM32H573IIK3Q, STM32H573IIK6, STM32H573IIT3Q, STM32H573IIT6, STM32H573MIY3QTR, STM32H573RIT6, STM32H573RIV6, STM32H573VIT3Q, STM32H573VIT6, STM32H573ZIT3Q, STM32H573ZIT6, STM32H7R3A8I6, STM32H7R3I8K6, STM32H7R3I8T6, STM32H7R3L8H6, STM32H7R3L8H6H, STM32H7R3R8V6, STM32H7R3V8H6, STM32H7R3V8T6, STM32H7R3V8Y6, STM32H7R3Z8J6, STM32H7R3Z8T6, STM32H7R7A8I6, STM32H7R7I8K6, STM32H7R7I8T6, STM32H7R7L8H6, STM32H7R7L8H6H, STM32H7R7Z8J6, STM32H7S3A8I6, STM32H7S3I8K6, STM32H7S3I8T6, STM32H7S3L8H6, STM32H7S3L8H6H, STM32H7S3R8V6, STM32H7S3V8H6, STM32H7S3V8T6, STM32H7S3V8Y6, STM32H7S3Z8J6, STM32H7S3Z8T6, STM32H7S78-DK, STM32H7S7A8I6, STM32H7S7I8K6, STM32H7S7I8T6, STM32H7S7L8H6, STM32H7S7L8H6H, STM32H7S7Z8J6, STM32L4R5QGI6STR, STM32MP131AAE3, STM32MP131AAF3, STM32MP131AAG3, STM32MP131CAE3, STM32MP131CAF3, STM32MP131CAG3, STM32MP131DAE7, STM32MP131DAF7, STM32MP131DAG7, STM32MP131FAE7, STM32MP131FAF7, STM32MP131FAG7, STM32MP133AAE3, STM32MP133AAF3, STM32MP133AAG3, STM32MP133CAE3, STM32MP133CAF3, STM32MP133CAG3, STM32MP133DAE7, STM32MP133DAF7, STM32MP133DAG7, STM32MP133FAE7, STM32MP133FAF7, STM32MP133FAG7, STM32MP135AAE3, STM32MP135AAF3, STM32MP135AAG3, STM32MP135CAE3, STM32MP135CAF3, STM32MP135CAG3, STM32MP135DAE7, STM32MP135DAF7, STM32MP135DAG7, STM32MP135F-DK, STM32MP135FAE7, STM32MP135FAF7, STM32MP135FAF7T, STM32MP135FAF7U, STM32MP135FAG7, STM32U031C6T6, STM32U031C6U6, STM32U031C8T6, STM32U031C8U6, STM32U031F4P6, STM32U031F6P6, STM32U031F8P6, STM32U031G6Y6TR, STM32U031G8Y6TR, STM32U031K4U6, STM32U031K6U6, STM32U031K8U6, STM32U031R6I6, STM32U031R6T6, STM32U031R8I6, STM32U031R8T6, STM32U073C8T6, STM32U073C8U6, STM32U073CBT6, STM32U073CBU6, STM32U073CCT6, STM32U073CCU6, STM32U073H8Y6TR, STM32U073HBY6TR, STM32U073HCY6TR, STM32U073K8U6, STM32U073KBU6, STM32U073KCU6, STM32U073M8I6, STM32U073M8T6, STM32U073MBI6, STM32U073MBT6, STM32U073MCI6, STM32U073MCT6, STM32U073R8I6, STM32U073R8T6, STM32U073RBI6, STM32U073RBT6, STM32U073RCI6, STM32U073RCT6, STM32U083C-DK, STM32U083CCT6, STM32U083CCU6, STM32U083HCY6TR, STM32U083KCU6, STM32U083MCI6, STM32U083MCT6, STM32U083RCI6, STM32U083RCT6, STM32U535CBT6, STM32U535CBT6Q, STM32U535CBU6, STM32U535CBU6Q, STM32U535CCT6, STM32U535CCT6Q, STM32U535CCU6, STM32U535CCU6Q, STM32U535CET6, STM32U535CET6Q, STM32U535CEU6, STM32U535CEU6Q, STM32U535JEY6QTR, STM32U535NCY6QTR, STM32U535NEY6QTR, STM32U535RBI6, STM32U535RBI6Q, STM32U535RBT6, STM32U535RBT6Q, STM32U535RCI6, STM32U535RCI6Q, STM32U535RCT6, STM32U535RCT6Q, STM32U535REI6, STM32U535REI6Q, STM32U535RET6, STM32U535RET6Q, STM32U535VCI6, STM32U535VCI6Q, STM32U535VCT6, STM32U535VCT6Q, STM32U535VEI6, STM32U535VEI6Q, STM32U535VET6, STM32U535VET6Q, STM32U545CET6, STM32U545CET6Q, STM32U545CEU6, STM32U545CEU6Q, STM32U545JEY6QTR, STM32U545NEY6QTR, STM32U545REI6, STM32U545REI6Q, STM32U545RET6, STM32U545RET6Q, STM32U545VEI6, STM32U545VEI6Q, STM32U545VET6, STM32U545VET6Q, STM32U595AIH6, STM32U595AIH6Q, STM32U595AJH6, STM32U595AJH6Q, STM32U595QII6, STM32U595QII6Q, STM32U595QJI6, STM32U595QJI6Q, STM32U595RIT6, STM32U595RIT6Q, STM32U595RJT6, STM32U595RJT6Q, STM32U595VIT6, STM32U595VIT6Q, STM32U595VJT6, STM32U595VJT6Q, STM32U595ZIT6, STM32U595ZIT6Q, STM32U595ZIY6QTR, STM32U595ZJT6, STM32U595ZJT6Q, STM32U595ZJY6QTR, STM32U599BJY6QTR, STM32U599NIH6Q, STM32U599NJH6Q, STM32U599VIT6Q, STM32U599VJT6, STM32U599VJT6Q, STM32U599ZIT6Q, STM32U599ZIY6QTR, STM32U599ZJT6Q, STM32U599ZJY6QTR, STM32U5A5AJH6, STM32U5A5AJH6Q, STM32U5A5QII3Q , STM32U5A5QJI6, STM32U5A5QJI6Q, STM32U5A5RJT6, STM32U5A5RJT6Q, STM32U5A5VJT6, STM32U5A5VJT6Q, STM32U5A5ZJT6, STM32U5A5ZJT6Q, STM32U5A5ZJY6QTR, STM32U5A9BJY6QTR, STM32U5A9J-DK, STM32U5A9NJH6Q, STM32U5A9VJT6Q, STM32U5A9ZJT6Q, STM32U5A9ZJY6QTR, STM32U5F7VIT6, STM32U5F7VIT6Q, STM32U5F7VJT6, STM32U5F7VJT6Q, STM32U5F9BJY6QTR, STM32U5F9NJH6Q, STM32U5F9VIT6Q, STM32U5F9VJT6Q, STM32U5F9ZIJ6QTR, STM32U5F9ZIT6Q, STM32U5F9ZJJ6QTR, STM32U5F9ZJT6Q, STM32U5G7VJT6, STM32U5G7VJT6Q, STM32U5G9BJY6QTR, STM32U5G9J-DK1, STM32U5G9J-DK2, STM32U5G9NJH6Q, STM32U5G9VJT6Q, STM32U5G9ZJJ6QTR, STM32U5G9ZJT6Q, STM32WB1MMCH6, STM32WBA50KEU6, STM32WBA50KEU6TR, STM32WBA50KGU6, STM32WBA50KGU6TR, STM32WBA52CEU6, STM32WBA52CEU6TR, STM32WBA52CEU7, STM32WBA52CEU7TR, STM32WBA52CGU6, STM32WBA52CGU6TR, STM32WBA52CGU6U, STM32WBA52CGU7, STM32WBA52CGU7TR, STM32WBA52KEU6, STM32WBA52KEU6TR, STM32WBA52KGU6, STM32WBA52KGU6TR, STM32WBA54CEU6, STM32WBA54CEU6TR, STM32WBA54CEU7, STM32WBA54CEU7TR, STM32WBA54CGU6, STM32WBA54CGU6TR, STM32WBA54CGU7, STM32WBA54CGU7TR, STM32WBA54KEU6, STM32WBA54KEU6TR, STM32WBA54KEU7, STM32WBA54KEU7TR, STM32WBA54KGU6, STM32WBA54KGU6TR, STM32WBA54KGU7, STM32WBA54KGU7TR, STM32WBA55CEU6, STM32WBA55CEU6TR, STM32WBA55CEU7, STM32WBA55CEU7TR, STM32WBA55CGU6, STM32WBA55CGU6TR, STM32WBA55CGU6U, STM32WBA55CGU7, STM32WBA55CGU7TR, STM32WBA55G-DK1, STM32WBA55HEF6, STM32WBA55HEF7, STM32WBA55HGF6, STM32WBA55HGF7, STM32WBA55UEI6, STM32WBA55UEI6TR, STM32WBA55UEI7, STM32WBA55UEI7TR, STM32WBA55UGI6, STM32WBA55UGI6TR, STM32WBA55UGI7, STM32WBA55UGI7TR, STM32WL5MOCH6, STM32WL5MOCH6TR]
2024-09-11 16:14:18,544 [WARN] PackLoader:240 - Cannot read IP mode file for STMicroelectronics.X-CUBE-FREERTOS.1.2.0
2024-09-11 16:14:18,558 [WARN] PackLoader:240 - Cannot read IP mode file for wolfSSL.I-CUBE-wolfSSL.5.6.6
2024-09-11 16:14:18,584 [WARN] PackLoader:240 - Cannot read IP mode file for STMicroelectronics.X-CUBE-AZRTOS-L5.2.0.0
2024-09-11 16:14:18,603 [WARN] PackLoader:240 - Cannot read IP mode file for STMicroelectronics.X-CUBE-NFC6.3.1.0
2024-09-11 16:14:18,617 [WARN] PackLoader:240 - Cannot read IP mode file for ITTIA_DB.I-CUBE-ITTIADB.8.8.0
2024-09-11 16:14:18,638 [WARN] PackLoader:240 - Cannot read IP mode file for STMicroelectronics.X-CUBE-DPower.1.2.0
2024-09-11 16:14:18,650 [WARN] PackLoader:240 - Cannot read IP mode file for STMicroelectronics.X-CUBE-AI.9.0.0
2024-09-11 16:14:18,662 [WARN] PackLoader:240 - Cannot read IP mode file for STMicroelectronics.X-CUBE-NFC7.1.0.1
2024-09-11 16:14:18,671 [INFO] BoardInfo:889 - No configuration file found for board NUCLEO-WB05KZ
2024-09-11 16:14:18,672 [INFO] DbBoards:161 - Board is not supported: NUCLEO-WB05KZ
2024-09-11 16:14:18,673 [INFO] BoardInfo:889 - No configuration file found for board NUCLEO-WB07CC
2024-09-11 16:14:18,673 [INFO] DbBoards:161 - Board is not supported: NUCLEO-WB07CC
2024-09-11 16:14:18,674 [INFO] BoardInfo:889 - No configuration file found for board NUCLEO-WB09KE
2024-09-11 16:14:18,674 [INFO] DbBoards:161 - Board is not supported: NUCLEO-WB09KE
2024-09-11 16:14:18,676 [WARN] PackLoader:240 - Cannot read IP mode file for wolfSSL.I-CUBE-wolfTPM.3.2.0
2024-09-11 16:14:18,683 [INFO] BoardInfo:889 - No configuration file found for board P-NUCLEO-WB55
2024-09-11 16:14:18,683 [INFO] DbBoards:161 - Kit is not supported: P-NUCLEO-WB55
2024-09-11 16:14:18,688 [INFO] BoardInfo:889 - No configuration file found for board STEVAL-BFA001V1B
2024-09-11 16:14:18,688 [INFO] DbBoards:161 - Kit is not supported: STEVAL-BFA001V1B
2024-09-11 16:14:18,689 [INFO] BoardInfo:889 - No configuration file found for board STEVAL-BFA001V2B
2024-09-11 16:14:18,690 [INFO] DbBoards:161 - Kit is not supported: STEVAL-BFA001V2B
2024-09-11 16:14:18,690 [WARN] PackLoader:240 - Cannot read IP mode file for STMicroelectronics.X-CUBE-NFC6.3.0.0
2024-09-11 16:14:18,703 [WARN] PackLoader:240 - Cannot read IP mode file for STMicroelectronics.X-CUBE-AI.8.1.0
2024-09-11 16:14:18,732 [WARN] ConditionMgr:438 - getConditionDescription Invalid condition id : LAN8742 Phy interface Condition cause : null
2024-09-11 16:14:18,732 [WARN] PackLoader:240 - Cannot read IP mode file for STMicroelectronics.X-CUBE-AZRTOS-L4.2.0.0
2024-09-11 16:14:18,733 [WARN] ConditionMgr:1039 - genDependencies : Invalid condition id : LAN8742 Phy interface Condition cause : null
2024-09-11 16:14:18,734 [WARN] ConditionMgr:1039 - genDependencies : Invalid condition id : LAN8742 Phy interface Condition cause : null
2024-09-11 16:14:18,734 [WARN] ConditionMgr:1039 - genDependencies : Invalid condition id : LAN8742 Phy interface Condition cause : null
2024-09-11 16:14:18,750 [WARN] PackLoader:240 - Cannot read IP mode file for STMicroelectronics.X-CUBE-SFXS2LP1.4.0.0
2024-09-11 16:14:18,778 [WARN] PackLoader:240 - Cannot read IP mode file for STMicroelectronics.X-CUBE-AZRTOS-H7.3.3.0
2024-09-11 16:14:18,793 [INFO] BoardInfo:889 - No configuration file found for board STM32MP257F-DK
2024-09-11 16:14:18,793 [INFO] DbBoards:161 - Board is not supported: STM32MP257F-DK
2024-09-11 16:14:18,794 [INFO] BoardInfo:889 - No configuration file found for board STM32MP257F-EV1
2024-09-11 16:14:18,795 [INFO] DbBoards:161 - Board is not supported: STM32MP257F-EV1
2024-09-11 16:14:18,801 [WARN] ConditionMgr:438 - getConditionDescription Invalid condition id : UX DEVICE CLASS RTOS Condition cause : null
2024-09-11 16:14:18,801 [WARN] ConditionMgr:438 - getConditionDescription Invalid condition id : UX DEVICE CLASS RTOS Condition cause : null
2024-09-11 16:14:18,803 [WARN] PackLoader:240 - Cannot read IP mode file for STMicroelectronics.X-CUBE-AZRTOS-WB.2.0.0
2024-09-11 16:14:18,804 [WARN] ConditionMgr:1039 - genDependencies : Invalid condition id : UX DEVICE CLASS RTOS Condition cause : null
2024-09-11 16:14:18,804 [INFO] DbBoards:168 - Found 200 boards, 192 are supported
2024-09-11 16:14:18,804 [WARN] ConditionMgr:1039 - genDependencies : Invalid condition id : UX DEVICE CLASS RTOS Condition cause : null
2024-09-11 16:14:18,804 [INFO] DbBoards:169 - Found 200 boards, 8 of them is supported for  Bsp
2024-09-11 16:14:18,804 [WARN] ConditionMgr:1039 - genDependencies : Invalid condition id : UX DEVICE CLASS RTOS Condition cause : null
2024-09-11 16:14:18,804 [WARN] ConditionMgr:1039 - genDependencies : Invalid condition id : UX DEVICE CLASS RTOS Condition cause : null
2024-09-11 16:14:18,804 [WARN] ConditionMgr:1039 - genDependencies : Invalid condition id : UX DEVICE CLASS RTOS Condition cause : null
2024-09-11 16:14:18,808 [INFO] ApiDb:423 - Load user favorites file C:\Users\Admin/.stm32cubeide/favorites.boards.txt: 0 item(s)
2024-09-11 16:14:18,808 [WARN] PackLoader:240 - Cannot read IP mode file for STMicroelectronics.X-CUBE-GNSS1.7.0.0
2024-09-11 16:14:18,808 [INFO] ApiDb:427 - User favorites Boards=[]
2024-09-11 16:14:18,808 [INFO] DbBoards:198 - Set 0 / 0 favorites Boards
2024-09-11 16:14:18,811 [INFO] ApiDb:668 - CubeFinder database Data Model version=2.1
2024-09-11 16:14:18,811 [INFO] ApiDb:669 - CubeFinder database Configuration version=3.0.39
2024-09-11 16:14:18,811 [INFO] ApiDb:670 - CubeFinder database generation date=2024-08-06 (1722941618)
2024-09-11 16:14:18,811 [INFO] ApiDb:671 - CubeFinder database FW Pack versions=[FP-ATR-ASTRA1_V2.0.0, FP-SNS-FLIGHT1_V5.0.2, FP-SNS-MOTENV1_V5.0.0, FP-SNS-MOTENVWB1_V1.4.0, FP-SNS-SMARTAG2_V1.2.0, FP-SNS-STBOX1_V2.0.0, STM32Cube_FW_C0_V1.2.0, STM32Cube_FW_F4_V1.28.0, STM32Cube_FW_F7_V1.17.2, STM32Cube_FW_G0_V1.6.2, STM32Cube_FW_G4_V1.6.0, STM32Cube_FW_H5_V1.3.0, STM32Cube_FW_H7RS_V1.1.0, STM32Cube_FW_H7_V1.11.2, STM32Cube_FW_L0_V1.12.2, STM32Cube_FW_L5_V1.5.1, STM32Cube_FW_U0_V1.1.0, STM32Cube_FW_U5_V1.6.0, STM32Cube_FW_WB0_V1.0.0, STM32Cube_FW_WBA_V1.4.1, STM32Cube_FW_WB_V1.20.0, STM32Cube_FW_WL_V1.3.0, X-CUBE-ALGOBUILD_V1.4.0, X-CUBE-ALS_V1.0.2, X-CUBE-AZRTOS-F4_V1.1.0, X-CUBE-AZRTOS-F7_V1.1.0, X-CUBE-AZRTOS-G0_V1.1.0, X-CUBE-AZRTOS-G4_V2.0.0, X-CUBE-AZRTOS-H7RS_V1.0.0, X-CUBE-AZRTOS-H7_V3.2.0, X-CUBE-AZRTOS-L4_V2.0.0, X-CUBE-AZRTOS-L5_V1.1.0, X-CUBE-AZRTOS-WB_V2.0.0, X-CUBE-AZRTOS-WL_V2.0.0, X-CUBE-BLE1_V7.0.0, X-CUBE-BLE2_V3.3.0, X-CUBE-BLEMGR_V3.1.0, X-CUBE-EEPRMA1_V5.1.0, X-CUBE-FREERTOS_V1.2.0, X-CUBE-GNSS1_V6.0.0, X-CUBE-MEMS1_V10.0.0, X-CUBE-NFC4_V3.0.0, X-CUBE-NFC7_V1.0.1, X-CUBE-SFXS2LP1_V4.0.0, X-CUBE-SUBG2_V5.0.0, X-CUBE-TOF1_V3.4.2]
2024-09-11 16:14:18,821 [WARN] PackLoader:240 - Cannot read IP mode file for STMicroelectronics.FP-SNS-STBOX1.2.0.0
2024-09-11 16:14:18,839 [WARN] PackLoader:240 - Cannot read IP mode file for STMicroelectronics.X-CUBE-SUBG2.5.0.0
2024-09-11 16:14:18,846 [WARN] PackLoader:240 - Cannot read IP mode file for Cesanta.I-CUBE-Mongoose.7.13.0
2024-09-11 16:14:18,868 [WARN] PackLoader:240 - Cannot read IP mode file for STMicroelectronics.X-CUBE-AZRTOS-G4.2.0.0
2024-09-11 16:14:18,889 [WARN] PackLoader:240 - Cannot read IP mode file for Infineon.AIROC-Wi-Fi-Bluetooth-STM32.1.5.1
2024-09-11 16:14:18,903 [WARN] PackLoader:240 - Cannot read IP mode file for STMicroelectronics.FP-SNS-MOTENVWB1.1.3.1
2024-09-11 16:14:18,916 [WARN] PackLoader:240 - Cannot read IP mode file for STMicroelectronics.X-CUBE-ISPU.2.0.0
2024-09-11 16:14:18,928 [WARN] PackLoader:240 - Cannot read IP mode file for STMicroelectronics.X-CUBE-ALS.1.0.2
2024-09-11 16:14:18,963 [WARN] PackLoader:240 - Cannot read IP mode file for STMicroelectronics.X-CUBE-MEMS1.10.0.0
2024-09-11 16:14:19,049 [WARN] PackLoader:240 - Cannot read IP mode file for STMicroelectronics.X-CUBE-FREERTOS.1.1.0
2024-09-11 16:14:19,064 [WARN] PackLoader:240 - Cannot read IP mode file for STMicroelectronics.X-CUBE-TOUCHGFX.4.24.0
2024-09-11 16:14:19,078 [WARN] PackLoader:240 - Cannot read IP mode file for portGmbH.I-Cube-SoM-uGOAL.1.1.0
2024-09-11 16:14:19,090 [WARN] PackLoader:240 - Cannot read IP mode file for STMicroelectronics.X-CUBE-ALS.1.0.1
2024-09-11 16:14:19,119 [WARN] PackLoader:240 - Cannot read IP mode file for STMicroelectronics.X-CUBE-AZRTOS-H7RS.1.0.0
2024-09-11 16:14:19,127 [WARN] PackLoader:240 - Cannot read IP mode file for STMicroelectronics.FP-ATR-ASTRA1.2.0.0
2024-09-11 16:14:19,145 [WARN] PackLoader:240 - Cannot read IP mode file for STMicroelectronics.X-CUBE-TOF1.3.4.2
2024-09-11 16:14:19,165 [WARN] PackLoader:240 - Cannot read IP mode file for STMicroelectronics.X-CUBE-TOF1.3.4.1
2024-09-11 16:14:19,192 [WARN] PackLoader:240 - Cannot read IP mode file for STMicroelectronics.X-CUBE-AZRTOS-H7.3.2.0
2024-09-11 16:14:19,197 [WARN] PackLoader:240 - Cannot read IP mode file for wolfSSL.I-CUBE-wolfSSH.1.4.17
2024-09-11 16:14:19,197 [INFO] ThirdParty:978 - Integrity check success = true
2024-09-11 16:14:19,197 [INFO] IntegrityCheckThread:100 - exiting critical section [integrity check]
2024-09-11 16:14:19,197 [INFO] IntegrityCheckThread:103 - End integrity checks thread
2024-09-11 16:14:19,384 [ERROR] DbExamplesSqlite:437 - Missing JSON key: board_cpn
2024-09-11 16:14:19,384 [ERROR] DbExamplesSqlite:437 - Missing JSON key: board_cpn
2024-09-11 16:14:19,384 [ERROR] DbExamplesSqlite:437 - Missing JSON key: board_cpn
2024-09-11 16:14:19,384 [ERROR] DbExamplesSqlite:437 - Missing JSON key: board_cpn
2024-09-11 16:14:19,483 [ERROR] DbExamplesSqlite:437 - Missing JSON key: board_cpn
2024-09-11 16:14:19,483 [ERROR] DbExamplesSqlite:437 - Missing JSON key: board_cpn
2024-09-11 16:14:19,483 [ERROR] DbExamplesSqlite:437 - Missing JSON key: board_cpn
2024-09-11 16:14:19,484 [ERROR] DbExamplesSqlite:437 - Missing JSON key: board_cpn
2024-09-11 16:14:19,484 [ERROR] DbExamplesSqlite:437 - Missing JSON key: board_cpn
2024-09-11 16:14:19,484 [ERROR] DbExamplesSqlite:437 - Missing JSON key: board_cpn
2024-09-11 16:14:19,484 [ERROR] DbExamplesSqlite:437 - Missing JSON key: board_cpn
2024-09-11 16:14:19,484 [ERROR] DbExamplesSqlite:437 - Missing JSON key: board_cpn
2024-09-11 16:14:19,484 [ERROR] DbExamplesSqlite:437 - Missing JSON key: board_cpn
2024-09-11 16:14:19,485 [INFO] DbExamplesSqlite:395 - Ignored 28 examples not supported by CubeIDE
2024-09-11 16:14:19,485 [INFO] DbExamplesSqlite:396 - Found 8608 examples active
2024-09-11 16:14:19,485 [INFO] DbExamplesSqlite:397 - Found 0 examples obsolete
2024-09-11 16:14:19,485 [INFO] DbExamplesSqlite:398 - Found 0 examples under development
2024-09-11 16:14:19,485 [INFO] DbExamplesSqlite:399 - Found 10 examples not building
2024-09-11 16:14:19,487 [INFO] DbExamples:125 - Found 8590 examples
2024-09-11 16:14:19,539 [ERROR] DbExamples:208 - Found 308 examples with invalid data (board or MCU)
2024-09-11 16:14:19,540 [INFO] DbExamples:222 - Found 107 boards with related examples
2024-09-11 16:14:19,540 [INFO] DbExamples:235 - Found 86 MCUs with related examples
2024-09-11 16:14:19,559 [INFO] ApiDb:414 - User favorites file not found: C:\Users\Admin/.stm32cubeide/favorites.examples.txt
2024-09-11 16:14:19,559 [INFO] DbExamples:250 - Set 0 / 0 favorites Examples
2024-09-11 16:14:19,830 [INFO] McuFinderGlobals:76 - Set McuFinderConnectedMode to true
2024-09-11 16:14:19,840 [INFO] MultiScanPanel:200 - Auto-refresh data requested => check proxy status ongoing
2024-09-11 16:14:19,844 [INFO] FinderPluginLoader:95 - Searching for filters in installed packs
2024-09-11 16:14:20,880 [INFO] LoadUrlFilesThread:185 - End of LoadServerUrlFiles without Thread
2024-09-11 16:14:20,889 [INFO] DetailPanel:341 - Set advertising image to C:/Users/Admin/STM32Cube/Repository/\en.prom-stm32h7rs-mcu-finder.jpg
2024-09-11 16:14:33,093 [INFO] MainUpdater:2873 - connection check result : 10
2024-09-11 16:14:33,093 [INFO] MainUpdater:2873 - connection check result : 10
2024-09-11 16:14:33,119 [INFO] MicroXplorer:468 - Change Database Path : 
2024-09-11 16:14:33,119 [INFO] MicroXplorer:498 - Change Database Version : DB.6.0.110
2024-09-11 16:14:33,126 [WARN] ThirdParty:871 - waiting for thirdparty lock release [close project]
2024-09-11 16:14:33,126 [INFO] ThirdParty:873 - entering critical section [close project]
2024-09-11 16:14:33,127 [INFO] ThirdParty:883 - exiting critical section [close project]
2024-09-11 16:14:33,130 [INFO] PinOutPanel:1561 - setPackage(No Configuration,No Configuration)
2024-09-11 16:14:33,136 [INFO] UtilMem:75 - Begin LoadConfig() Used Memory: 326677152 Bytes (624951296)
2024-09-11 16:14:33,137 [INFO] MicroXplorer:468 - Change Database Path : 
2024-09-11 16:14:33,138 [INFO] MicroXplorer:498 - Change Database Version : DB.6.0.110
2024-09-11 16:14:33,138 [INFO] OpenFileManager:312 - Change cursor
2024-09-11 16:14:33,220 [INFO] Mcu:2021 - Initializing MCU STM32F103C8Tx STM32F103C8Tx STM32F103C8T6
2024-09-11 16:14:33,999 [INFO] Context:663 - Trying to add GPIOservice into a context  which must be forbidden
2024-09-11 16:14:34,184 [INFO] ImportTextPane:194 - (OptionalMessage_ERROR) Unable to find key (Mcu.ThirdPartyNb) in loaded IOC file
2024-09-11 16:14:34,184 [INFO] ImportTextPane:194 - (OptionalMessage_ERROR) Unable to find key (Mcu.PinsNb) in loaded IOC file
2024-09-11 16:14:34,184 [INFO] ImportTextPane:194 - (OptionalMessage_ERROR) Unable to find key (Mcu.IPNb) in loaded IOC file
2024-09-11 16:14:34,295 [INFO] RtosManager:555 - Registered RTOS mode: class=CMSIS, group=RTOS, mode=CMSIS_V1, owner=FREERTOS
2024-09-11 16:14:34,296 [INFO] RtosManager:555 - Registered RTOS mode: class=CMSIS, group=RTOS2, mode=CMSIS_V2, owner=FREERTOS
2024-09-11 16:14:34,296 [INFO] RtosManager:555 - Registered RTOS mode: class=RTOS, group=Core, mode=CMSIS_V1, owner=FREERTOS
2024-09-11 16:14:34,296 [INFO] RtosManager:555 - Registered RTOS mode: class=RTOS, group=Core, mode=CMSIS_V2, owner=FREERTOS
2024-09-11 16:14:34,296 [WARN] ModelIntegratedComponent:184 - Missing modes for component STMicroelectronics:FreeRTOS:0.0.1:STMicroelectronics:RTOS:FreeRTOS:Core:::10.2.0:
2024-09-11 16:14:34,307 [WARN] ModelIntegratedComponent:63 - No mode defined for component null
2024-09-11 16:14:34,307 [WARN] ModelIntegratedComponent:63 - No mode defined for component null
2024-09-11 16:14:34,307 [WARN] ModelIntegratedComponent:63 - No mode defined for component null
2024-09-11 16:14:34,307 [WARN] ModelIntegratedComponent:63 - No mode defined for component null
2024-09-11 16:14:34,307 [WARN] ModelIntegratedComponent:63 - No mode defined for component null
2024-09-11 16:14:34,307 [WARN] ModelIntegratedComponent:63 - No mode defined for component null
2024-09-11 16:14:34,307 [WARN] ModelIntegratedComponent:63 - No mode defined for component null
2024-09-11 16:14:34,307 [WARN] ModelIntegratedComponent:63 - No mode defined for component null
2024-09-11 16:14:34,307 [WARN] ModelIntegratedComponent:63 - No mode defined for component null
2024-09-11 16:14:34,307 [WARN] ModelIntegratedComponent:63 - No mode defined for component null
2024-09-11 16:14:34,307 [WARN] ModelIntegratedComponent:63 - No mode defined for component null
2024-09-11 16:14:34,307 [WARN] ModelIntegratedComponent:63 - No mode defined for component null
2024-09-11 16:14:34,307 [WARN] ModelIntegratedComponent:63 - No mode defined for component null
2024-09-11 16:14:34,307 [WARN] ModelIntegratedComponent:63 - No mode defined for component null
2024-09-11 16:14:34,307 [WARN] ModelIntegratedComponent:63 - No mode defined for component null
2024-09-11 16:14:34,307 [WARN] ModelIntegratedComponent:63 - No mode defined for component null
2024-09-11 16:14:34,307 [WARN] ModelIntegratedComponent:63 - No mode defined for component null
2024-09-11 16:14:34,307 [WARN] ModelIntegratedComponent:63 - No mode defined for component null
2024-09-11 16:14:34,307 [WARN] ModelIntegratedComponent:63 - No mode defined for component null
2024-09-11 16:14:34,307 [WARN] ModelIntegratedComponent:63 - No mode defined for component null
2024-09-11 16:14:34,308 [WARN] ModelIntegratedComponent:63 - No mode defined for component null
2024-09-11 16:14:34,308 [WARN] ModelIntegratedComponent:63 - No mode defined for component null
2024-09-11 16:14:34,308 [WARN] ModelIntegratedComponent:63 - No mode defined for component null
2024-09-11 16:14:34,308 [WARN] ModelIntegratedComponent:63 - No mode defined for component null
2024-09-11 16:14:34,308 [WARN] ModelIntegratedComponent:63 - No mode defined for component null
2024-09-11 16:14:34,308 [WARN] ModelIntegratedComponent:63 - No mode defined for component null
2024-09-11 16:14:34,308 [WARN] ModelIntegratedComponent:63 - No mode defined for component null
2024-09-11 16:14:34,308 [WARN] ModelIntegratedComponent:63 - No mode defined for component null
2024-09-11 16:14:34,308 [WARN] ModelIntegratedComponent:63 - No mode defined for component null
2024-09-11 16:14:34,308 [WARN] ModelIntegratedComponent:63 - No mode defined for component null
2024-09-11 16:14:34,308 [WARN] ModelIntegratedComponent:63 - No mode defined for component null
2024-09-11 16:14:34,308 [WARN] ModelIntegratedComponent:63 - No mode defined for component null
2024-09-11 16:14:34,308 [WARN] ModelIntegratedComponent:63 - No mode defined for component null
2024-09-11 16:14:34,308 [WARN] ModelIntegratedComponent:63 - No mode defined for component null
2024-09-11 16:14:34,377 [INFO] ThirdPartyModel:298 - Start build external matchings
2024-09-11 16:14:34,884 [INFO] ThirdPartyModel:316 - End build external matchings
2024-09-11 16:14:35,013 [INFO] UtilMem:75 - End LoadConfig() Used Memory: 272105600 Bytes (624951296)
2024-09-11 16:14:35,037 [WARN] ThirdParty:833 - waiting for thirdparty lock release [change project]
2024-09-11 16:14:35,037 [INFO] ThirdParty:835 - entering critical section [change project]
2024-09-11 16:14:35,037 [INFO] ThirdParty:1030 - CMSIS Pack Vendor :STMicroelectronics USBPD 4.1
2024-09-11 16:14:35,037 [INFO] ThirdParty:1030 - CMSIS Pack Vendor :STMicroelectronics X-CUBE-AZRTOS-H7 3.3.0
2024-09-11 16:14:35,037 [INFO] ThirdParty:1030 - CMSIS Pack Vendor :STMicroelectronics X-CUBE-GNSS1 6.0.0
2024-09-11 16:14:35,037 [INFO] ThirdParty:1030 - CMSIS Pack Vendor :STMicroelectronics USB_HOST 2.0.0
2024-09-11 16:14:35,037 [INFO] ThirdParty:1030 - CMSIS Pack Vendor :STMicroelectronics FP-SNS-MOTENVWB1 1.4.0
2024-09-11 16:14:35,037 [INFO] ThirdParty:1030 - CMSIS Pack Vendor :STMicroelectronics X-CUBE-AZRTOS-F4 1.1.0
2024-09-11 16:14:35,037 [INFO] ThirdParty:1030 - CMSIS Pack Vendor :STMicroelectronics LIBJPEG 8.0.0
2024-09-11 16:14:35,037 [INFO] ThirdParty:1030 - CMSIS Pack Vendor :STMicroelectronics X-CUBE-SMBUS 2.1.0
2024-09-11 16:14:35,037 [INFO] ThirdParty:1030 - CMSIS Pack Vendor :STMicroelectronics USB_DEVICE 3.0.0
2024-09-11 16:14:35,037 [INFO] ThirdParty:1030 - CMSIS Pack Vendor :STMicroelectronics X-CUBE-TCPP 4.1.0
2024-09-11 16:14:35,037 [INFO] ThirdParty:1030 - CMSIS Pack Vendor :STMicroelectronics X-CUBE-FREERTOS 1.2.0
2024-09-11 16:14:35,037 [INFO] ThirdParty:1030 - CMSIS Pack Vendor :STMicroelectronics X-CUBE-AZRTOS-WB 2.0.0
2024-09-11 16:14:35,037 [INFO] ThirdParty:1030 - CMSIS Pack Vendor :wolfSSL I-CUBE-wolfSSL 5.6.6
2024-09-11 16:14:35,037 [INFO] ThirdParty:1030 - CMSIS Pack Vendor :STMicroelectronics X-CUBE-GNSS1 7.0.0
2024-09-11 16:14:35,037 [INFO] ThirdParty:1030 - CMSIS Pack Vendor :STMicroelectronics X-CUBE-TOUCHGFX 4.23.0
2024-09-11 16:14:35,037 [INFO] ThirdParty:1030 - CMSIS Pack Vendor :STMicroelectronics X-CUBE-TOUCHGFX 4.23.2
2024-09-11 16:14:35,037 [INFO] ThirdParty:1030 - CMSIS Pack Vendor :STMicroelectronics X-CUBE-AZRTOS-F7 1.1.0
2024-09-11 16:14:35,037 [INFO] ThirdParty:1030 - CMSIS Pack Vendor :STMicroelectronics X-CUBE-AZRTOS-L5 2.0.0
2024-09-11 16:14:35,037 [INFO] ThirdParty:1030 - CMSIS Pack Vendor :STMicroelectronics USB_DEVICE 2.0.0
2024-09-11 16:14:35,037 [INFO] ThirdParty:1030 - CMSIS Pack Vendor :STMicroelectronics X-CUBE-NFC6 3.1.0
2024-09-11 16:14:35,037 [INFO] ThirdParty:1030 - CMSIS Pack Vendor :ITTIA_DB I-CUBE-ITTIADB 8.8.0
2024-09-11 16:14:35,037 [INFO] ThirdParty:1030 - CMSIS Pack Vendor :STMicroelectronics FP-SNS-STBOX1 2.0.0
2024-09-11 16:14:35,038 [INFO] ThirdParty:1030 - CMSIS Pack Vendor :STMicroelectronics FP-SNS-MOTENV1 4.3.2
2024-09-11 16:14:35,038 [INFO] ThirdParty:1030 - CMSIS Pack Vendor :STMicroelectronics X-CUBE-ALGOBUILD 1.3.0
2024-09-11 16:14:35,038 [INFO] ThirdParty:1030 - CMSIS Pack Vendor :STMicroelectronics X-CUBE-MEMS1 11.0.0
2024-09-11 16:14:35,038 [INFO] ThirdParty:1030 - CMSIS Pack Vendor :STMicroelectronics FreeRTOS 0.0.1
2024-09-11 16:14:35,038 [INFO] ThirdParty:1030 - CMSIS Pack Vendor :STMicroelectronics X-CUBE-AZRTOS-G0 1.1.0
2024-09-11 16:14:35,038 [INFO] ThirdParty:1030 - CMSIS Pack Vendor :STMicroelectronics X-CUBE-SAFEA1 1.2.2
2024-09-11 16:14:35,038 [INFO] ThirdParty:1030 - CMSIS Pack Vendor :STMicroelectronics X-CUBE-NFC4 3.0.0
2024-09-11 16:14:35,038 [INFO] ThirdParty:1030 - CMSIS Pack Vendor :STMicroelectronics X-CUBE-DPower 1.2.0
2024-09-11 16:14:35,038 [INFO] ThirdParty:1030 - CMSIS Pack Vendor :STMicroelectronics X-CUBE-SUBG2 5.0.0
2024-09-11 16:14:35,038 [INFO] ThirdParty:1030 - CMSIS Pack Vendor :STMicroelectronics STM32_WPAN 1.0.0
2024-09-11 16:14:35,038 [INFO] ThirdParty:1030 - CMSIS Pack Vendor :EmbeddedOffice I-CUBE-FS-RTOS 1.0.1
2024-09-11 16:14:35,038 [INFO] ThirdParty:1030 - CMSIS Pack Vendor :STMicroelectronics lwIP 2.0.3
2024-09-11 16:14:35,038 [INFO] ThirdParty:1030 - CMSIS Pack Vendor :STMicroelectronics FP-SNS-FLIGHT1 5.0.2
2024-09-11 16:14:35,038 [INFO] ThirdParty:1030 - CMSIS Pack Vendor :Cesanta I-CUBE-Mongoose 7.13.0
2024-09-11 16:14:35,038 [INFO] ThirdParty:1030 - CMSIS Pack Vendor :STMicroelectronics USB_HOST 1.0.0
2024-09-11 16:14:35,038 [INFO] ThirdParty:1030 - CMSIS Pack Vendor :STMicroelectronics X-CUBE-AI 9.0.0
2024-09-11 16:14:35,038 [INFO] ThirdParty:1030 - CMSIS Pack Vendor :STMicroelectronics X-CUBE-AZRTOS-G4 2.0.0
2024-09-11 16:14:35,038 [INFO] ThirdParty:1030 - CMSIS Pack Vendor :STMicroelectronics PDM2PCM 3.1.0
2024-09-11 16:14:35,038 [INFO] ThirdParty:1030 - CMSIS Pack Vendor :Infineon AIROC-Wi-Fi-Bluetooth-STM32 1.5.1
2024-09-11 16:14:35,038 [INFO] ThirdParty:1030 - CMSIS Pack Vendor :STMicroelectronics PDM2PCM 3.3.0
2024-09-11 16:14:35,038 [INFO] ThirdParty:1030 - CMSIS Pack Vendor :STMicroelectronics X-CUBE-DISPLAY 3.0.0
2024-09-11 16:14:35,038 [INFO] ThirdParty:1030 - CMSIS Pack Vendor :RealThread X-CUBE-RT-Thread_Nano 4.1.1
2024-09-11 16:14:35,038 [INFO] ThirdParty:1030 - CMSIS Pack Vendor :STMicroelectronics FP-SNS-MOTENVWB1 1.3.1
2024-09-11 16:14:35,038 [INFO] ThirdParty:1030 - CMSIS Pack Vendor :STMicroelectronics X-CUBE-BLE1 7.0.0
2024-09-11 16:14:35,038 [INFO] ThirdParty:1030 - CMSIS Pack Vendor :STMicroelectronics FP-ATR-SIGFOX1 3.2.0
2024-09-11 16:14:35,038 [INFO] ThirdParty:1030 - CMSIS Pack Vendor :STMicroelectronics X-CUBE-ISPU 2.0.0
2024-09-11 16:14:35,038 [INFO] ThirdParty:1030 - CMSIS Pack Vendor :STMicroelectronics X-CUBE-EEPRMA1 5.1.0
2024-09-11 16:14:35,038 [INFO] ThirdParty:1030 - CMSIS Pack Vendor :STMicroelectronics HAL Drivers 0.0.0
2024-09-11 16:14:35,038 [INFO] ThirdParty:1030 - CMSIS Pack Vendor :STMicroelectronics MBEDTLS 2.16.2
2024-09-11 16:14:35,039 [INFO] ThirdParty:1030 - CMSIS Pack Vendor :STMicroelectronics X-CUBE-ALS 1.0.2
2024-09-11 16:14:35,039 [INFO] ThirdParty:1030 - CMSIS Pack Vendor :emotas I-CUBE-CANOPEN 1.3.0
2024-09-11 16:14:35,039 [INFO] ThirdParty:1030 - CMSIS Pack Vendor :STMicroelectronics X-CUBE-MEMS1 10.0.0
2024-09-11 16:14:35,039 [INFO] ThirdParty:1030 - CMSIS Pack Vendor :STMicroelectronics X-CUBE-FREERTOS 1.1.0
2024-09-11 16:14:35,039 [INFO] ThirdParty:1030 - CMSIS Pack Vendor :STMicroelectronics X-CUBE-NFC7 1.0.1
2024-09-11 16:14:35,039 [INFO] ThirdParty:1030 - CMSIS Pack Vendor :STMicroelectronics MBEDTLS 2.14.1
2024-09-11 16:14:35,039 [INFO] ThirdParty:1030 - CMSIS Pack Vendor :STMicroelectronics X-CUBE-TOUCHGFX 4.24.0
2024-09-11 16:14:35,039 [INFO] ThirdParty:1030 - CMSIS Pack Vendor :wolfSSL I-CUBE-wolfTPM 3.2.0
2024-09-11 16:14:35,039 [INFO] ThirdParty:1030 - CMSIS Pack Vendor :STMicroelectronics X-CUBE-NFC6 3.0.0
2024-09-11 16:14:35,039 [INFO] ThirdParty:1030 - CMSIS Pack Vendor :portGmbH I-Cube-SoM-uGOAL 1.1.0
2024-09-11 16:14:35,039 [INFO] ThirdParty:1030 - CMSIS Pack Vendor :STMicroelectronics X-CUBE-ALS 1.0.1
2024-09-11 16:14:35,039 [INFO] ThirdParty:1030 - CMSIS Pack Vendor :STMicroelectronics X-CUBE-BLEMGR 3.1.0
2024-09-11 16:14:35,039 [INFO] ThirdParty:1030 - CMSIS Pack Vendor :STMicroelectronics ThreadX 1.0.0
2024-09-11 16:14:35,039 [INFO] ThirdParty:1030 - CMSIS Pack Vendor :STMicroelectronics FP-SNS-SMARTAG2 1.2.0
2024-09-11 16:14:35,039 [INFO] ThirdParty:1030 - CMSIS Pack Vendor :STMicroelectronics X-CUBE-AZRTOS-WL 2.0.0
2024-09-11 16:14:35,039 [INFO] ThirdParty:1030 - CMSIS Pack Vendor :SEGGER I-CUBE-embOS 1.3.1
2024-09-11 16:14:35,039 [INFO] ThirdParty:1030 - CMSIS Pack Vendor :STMicroelectronics X-CUBE-ALGOBUILD 1.4.0
2024-09-11 16:14:35,039 [INFO] ThirdParty:1030 - CMSIS Pack Vendor :STMicroelectronics FP-SNS-MOTENV1 5.0.0
2024-09-11 16:14:35,039 [INFO] ThirdParty:1030 - CMSIS Pack Vendor :STMicroelectronics USB_DEVICE 1.0.0
2024-09-11 16:14:35,039 [INFO] ThirdParty:1030 - CMSIS Pack Vendor :STMicroelectronics X-CUBE-AI 8.1.0
2024-09-11 16:14:35,039 [INFO] ThirdParty:1030 - CMSIS Pack Vendor :STMicroelectronics X-CUBE-AZRTOS-H7RS 1.0.0
2024-09-11 16:14:35,039 [INFO] ThirdParty:1030 - CMSIS Pack Vendor :wolfSSL I-CUBE-wolfMQTT 1.19.0
2024-09-11 16:14:35,039 [INFO] ThirdParty:1030 - CMSIS Pack Vendor :STMicroelectronics X-CUBE-AZRTOS-L4 2.0.0
2024-09-11 16:14:35,039 [INFO] ThirdParty:1030 - CMSIS Pack Vendor :STMicroelectronics ThreadX 0.0.2
2024-09-11 16:14:35,039 [INFO] ThirdParty:1030 - CMSIS Pack Vendor :WES I-CUBE-Cesium 1.3.0
2024-09-11 16:14:35,039 [INFO] ThirdParty:1030 - CMSIS Pack Vendor :STMicroelectronics FP-ATR-ASTRA1 2.0.0
2024-09-11 16:14:35,039 [INFO] ThirdParty:1030 - CMSIS Pack Vendor :STMicroelectronics lwIP 2.1.2
2024-09-11 16:14:35,039 [INFO] ThirdParty:1030 - CMSIS Pack Vendor :STMicroelectronics X-CUBE-SFXS2LP1 4.0.0
2024-09-11 16:14:35,039 [INFO] ThirdParty:1030 - CMSIS Pack Vendor :STMicroelectronics X-CUBE-BLE2 3.3.0
2024-09-11 16:14:35,039 [INFO] ThirdParty:1030 - CMSIS Pack Vendor :STMicroelectronics X-CUBE-TOF1 3.4.2
2024-09-11 16:14:35,039 [INFO] ThirdParty:1030 - CMSIS Pack Vendor :STMicroelectronics X-CUBE-TOF1 3.4.1
2024-09-11 16:14:35,040 [INFO] ThirdParty:1030 - CMSIS Pack Vendor :STMicroelectronics X-CUBE-AZRTOS-H7 3.2.0
2024-09-11 16:14:35,040 [INFO] ThirdParty:1030 - CMSIS Pack Vendor :STMicroelectronics PDM2PCM 3.2.0
2024-09-11 16:14:35,040 [INFO] ThirdParty:1030 - CMSIS Pack Vendor :wolfSSL I-CUBE-wolfSSH 1.4.17
2024-09-11 16:14:35,040 [INFO] ThirdParty:841 - exiting critical section [change project]
2024-09-11 16:14:35,225 [INFO] PinOutPanel:1561 - setPackage(No Configuration,No Configuration)
2024-09-11 16:14:35,227 [INFO] PinOutPanel:1561 - setPackage(STM32F103C8Tx,LQFP48)
2024-09-11 16:14:35,494 [INFO] UtilMem:75 - Before build in PCC Used Memory: 422962232 Bytes (624951296)
2024-09-11 16:14:36,071 [INFO] UtilMem:75 - After build in PCC Used Memory: 298615296 Bytes (624951296)
2024-09-11 16:14:36,095 [INFO] IPUIPlugin:80 - create IPUIPlugin
2024-09-11 16:14:36,095 [INFO] IPUIPlugin:80 - create IPUIPlugin
2024-09-11 16:14:36,096 [INFO] IPUIPlugin:80 - create IPUIPlugin
2024-09-11 16:14:36,096 [INFO] IPUIPlugin:80 - create IPUIPlugin
2024-09-11 16:14:36,096 [INFO] IPUIPlugin:80 - create IPUIPlugin
2024-09-11 16:14:36,096 [INFO] IPUIPlugin:80 - create IPUIPlugin
2024-09-11 16:14:36,096 [INFO] IPUIPlugin:80 - create IPUIPlugin
2024-09-11 16:14:36,096 [INFO] IPUIPlugin:80 - create IPUIPlugin
2024-09-11 16:14:36,096 [INFO] IPUIPlugin:80 - create IPUIPlugin
2024-09-11 16:14:36,096 [INFO] IPUIPlugin:80 - create IPUIPlugin
2024-09-11 16:14:36,097 [INFO] IPUIPlugin:80 - create IPUIPlugin
2024-09-11 16:14:36,097 [INFO] IPUIPlugin:80 - create IPUIPlugin
2024-09-11 16:14:36,097 [INFO] IPUIPlugin:80 - create IPUIPlugin
2024-09-11 16:14:36,097 [INFO] IPUIPlugin:80 - create IPUIPlugin
2024-09-11 16:14:36,097 [INFO] IPUIPlugin:80 - create IPUIPlugin
2024-09-11 16:14:36,097 [INFO] IPUIPlugin:80 - create IPUIPlugin
2024-09-11 16:14:36,098 [INFO] IPUIPlugin:80 - create IPUIPlugin
2024-09-11 16:14:36,098 [INFO] IPUIPlugin:80 - create IPUIPlugin
2024-09-11 16:14:36,098 [INFO] IPUIPlugin:80 - create IPUIPlugin
2024-09-11 16:14:36,098 [INFO] IPUIPlugin:80 - create IPUIPlugin
2024-09-11 16:14:36,098 [INFO] IPUIPlugin:80 - create IPUIPlugin
2024-09-11 16:14:36,098 [INFO] IPUIPlugin:80 - create IPUIPlugin
2024-09-11 16:14:36,099 [INFO] IPUIPlugin:80 - create IPUIPlugin
2024-09-11 16:14:36,099 [INFO] IPUIPlugin:80 - create IPUIPlugin
2024-09-11 16:14:36,099 [INFO] IPUIPlugin:80 - create IPUIPlugin
2024-09-11 16:14:36,099 [INFO] IPUIPlugin:80 - create IPUIPlugin
2024-09-11 16:14:36,099 [INFO] IPUIPlugin:80 - create IPUIPlugin
2024-09-11 16:14:36,275 [INFO] CADModel:165 - CPN selected for project levelSTM32F103C8T6
2024-09-11 16:14:36,275 [INFO] CADModel:114 - Register for checkConnection events
2024-09-11 16:14:36,318 [INFO] OpenFileManager:343 - Restore cursor
2024-09-11 16:14:36,957 [INFO] UtilMem:75 - End SaveConfig() Used Memory: 353782560 Bytes (624951296)
2024-09-11 16:14:37,009 [INFO] UtilMem:75 - End SaveConfig() Used Memory: 367122896 Bytes (624951296)
2024-09-11 16:14:37,512 [INFO] BlockDiagram:2759 - set Specific Code input for plugin: NVIC
2024-09-11 16:14:37,512 [INFO] BlockDiagram:2759 - set Specific Code input for plugin: RCC
2024-09-11 16:14:37,513 [INFO] CodeGenerator:807 - code generatio: config db path: C:\ST\STM32CubeIDE_1.15.0\STM32CubeIDE\plugins\com.st.stm32cube.common.mx_6.11.0.202403141607\\db\
2024-09-11 16:14:37,709 [INFO] CodeEngine:255 - oldGeneratedFile, C:\Users\Admin\STM32CubeIDE\workspace_1.15.0\test_uart\MXTmpFiles\license.tmp_save
2024-09-11 16:14:38,028 [INFO] CodeEngine:279 - Generated code: C:\Users\Admin\STM32CubeIDE\workspace_1.15.0\test_uart\MXTmpFiles\license.tmp
2024-09-11 16:14:38,063 [INFO] CodeEngine:255 - oldGeneratedFile, C:\Users\Admin\STM32CubeIDE\workspace_1.15.0\test_uart\Core\Src\stm32f1xx_it.c_save
2024-09-11 16:14:38,243 [INFO] CodeEngine:279 - Generated code: C:\Users\Admin\STM32CubeIDE\workspace_1.15.0\test_uart\Core\Src\stm32f1xx_it.c
2024-09-11 16:14:38,253 [INFO] CodeEngine:255 - oldGeneratedFile, C:\Users\Admin\STM32CubeIDE\workspace_1.15.0\test_uart\Core\Inc\stm32f1xx_it.h_save
2024-09-11 16:14:38,336 [INFO] CodeEngine:279 - Generated code: C:\Users\Admin\STM32CubeIDE\workspace_1.15.0\test_uart\Core\Inc\stm32f1xx_it.h
2024-09-11 16:14:38,486 [INFO] CodeEngine:255 - oldGeneratedFile, C:\Users\Admin\STM32CubeIDE\workspace_1.15.0\test_uart\Core\Src\stm32f1xx_hal_msp.c_save
2024-09-11 16:14:38,624 [INFO] CodeEngine:279 - Generated code: C:\Users\Admin\STM32CubeIDE\workspace_1.15.0\test_uart\Core\Src\stm32f1xx_hal_msp.c
2024-09-11 16:14:38,635 [INFO] CodeEngine:255 - oldGeneratedFile, C:\Users\Admin\STM32CubeIDE\workspace_1.15.0\test_uart\MXTmpFiles\system.tmp_save
2024-09-11 16:14:38,699 [INFO] CodeEngine:279 - Generated code: C:\Users\Admin\STM32CubeIDE\workspace_1.15.0\test_uart\MXTmpFiles\system.tmp
2024-09-11 16:14:38,721 [INFO] CodeEngine:311 - oldGeneratedFile, C:\Users\Admin\STM32CubeIDE\workspace_1.15.0\test_uart\Core\Inc\stm32f1xx_hal_conf.h_save
2024-09-11 16:14:38,806 [INFO] CodeEngine:335 - Generated code: C:\Users\Admin\STM32CubeIDE\workspace_1.15.0\test_uart\Core\Inc\stm32f1xx_hal_conf.h
2024-09-11 16:14:38,848 [INFO] CodeEngine:255 - oldGeneratedFile, C:\Users\Admin\STM32CubeIDE\workspace_1.15.0\test_uart\Core\Inc\main.h_save
2024-09-11 16:14:38,943 [INFO] CodeEngine:279 - Generated code: C:\Users\Admin\STM32CubeIDE\workspace_1.15.0\test_uart\Core\Inc\main.h
2024-09-11 16:14:38,953 [INFO] CodeEngine:255 - oldGeneratedFile, C:\Users\Admin\STM32CubeIDE\workspace_1.15.0\test_uart\Core\Src\main.c_save
2024-09-11 16:14:39,082 [INFO] CodeEngine:279 - Generated code: C:\Users\Admin\STM32CubeIDE\workspace_1.15.0\test_uart\Core\Src\main.c
2024-09-11 16:14:39,466 [INFO] ProjectBuilder:3163 - Time for Copy HAL[1] : 238mS.
2024-09-11 16:14:39,472 [INFO] ProjectBuilder:4736 - Project Generator version: 4.3.0-B58
2024-09-11 16:14:39,536 [INFO] ConfigFileManager:1503 - The Die is : DIE410
2024-09-11 16:14:39,555 [INFO] ApiDbMcu:508 - Load IP Config File for FATFS
2024-09-11 16:14:39,583 [INFO] ApiDbMcu:508 - Load IP Config File for FREERTOS
2024-09-11 16:14:39,607 [INFO] ApiDbMcu:508 - Load IP Config File for USB_DEVICE
2024-09-11 16:14:40,203 [INFO] LogOutputStream:77 - [STDOUT_REDIRECT] 
2024-09-11 16:14:42,749 [INFO] ProjectBuilder:5002 - Time for Generating toolchain IDE Files: 3277mS.
2024-09-11 16:14:42,750 [INFO] ProjectBuilder:3034 - Time for Copy CMSIS : 1mS.
2024-09-11 16:14:42,751 [INFO] ProjectBuilder:3034 - Time for Copy CMSIS : 0mS.
2024-09-11 16:14:43,519 [INFO] McuFinderGlobals:76 - Set McuFinderConnectedMode to true
2024-09-11 16:14:43,523 [INFO] ApiDb:448 - Save user favorites file C:\Users\Admin/.stm32cubeide/favorites.mcus.txt: 1 item(s)
2024-09-11 16:14:43,523 [INFO] ApiDb:452 - User favorites MCUs=[STM32F103C8T6]
2024-09-11 16:36:57,968 [INFO] UtilMem:75 - End SaveConfig() Used Memory: 629288032 Bytes (1073741824)
2024-09-11 16:36:58,113 [INFO] UtilMem:75 - End SaveConfig() Used Memory: 651368272 Bytes (1073741824)
2024-09-11 16:36:59,017 [INFO] UtilMem:75 - End SaveConfig() Used Memory: 709767048 Bytes (1073741824)
2024-09-11 16:36:59,166 [INFO] BlockDiagram:2759 - set Specific Code input for plugin: NVIC
2024-09-11 16:36:59,166 [INFO] BlockDiagram:2759 - set Specific Code input for plugin: USART
2024-09-11 16:36:59,166 [INFO] BlockDiagram:2759 - set Specific Code input for plugin: SYS
2024-09-11 16:36:59,166 [INFO] BlockDiagram:2759 - set Specific Code input for plugin: GPIO
2024-09-11 16:36:59,166 [INFO] BlockDiagram:2759 - set Specific Code input for plugin: RCC
2024-09-11 16:36:59,167 [INFO] CodeGenerator:807 - code generatio: config db path: C:\ST\STM32CubeIDE_1.15.0\STM32CubeIDE\plugins\com.st.stm32cube.common.mx_6.11.0.202403141607\\db\
2024-09-11 16:36:59,237 [INFO] CodeEngine:255 - oldGeneratedFile, C:\Users\Admin\STM32CubeIDE\workspace_1.15.0\test_uart\MXTmpFiles\license.tmp_save
2024-09-11 16:36:59,377 [INFO] CodeEngine:279 - Generated code: C:\Users\Admin\STM32CubeIDE\workspace_1.15.0\test_uart\MXTmpFiles\license.tmp
2024-09-11 16:36:59,439 [INFO] CodeEngine:255 - oldGeneratedFile, C:\Users\Admin\STM32CubeIDE\workspace_1.15.0\test_uart\MXTmpFiles\gpio.tmp_save
2024-09-11 16:36:59,543 [INFO] CodeEngine:279 - Generated code: C:\Users\Admin\STM32CubeIDE\workspace_1.15.0\test_uart\MXTmpFiles\gpio.tmp
2024-09-11 16:36:59,637 [INFO] CodeEngine:255 - oldGeneratedFile, C:\Users\Admin\STM32CubeIDE\workspace_1.15.0\test_uart\Core\Src\stm32f1xx_it.c_save
2024-09-11 16:36:59,826 [INFO] CodeEngine:279 - Generated code: C:\Users\Admin\STM32CubeIDE\workspace_1.15.0\test_uart\Core\Src\stm32f1xx_it.c
2024-09-11 16:36:59,840 [INFO] CodeEngine:255 - oldGeneratedFile, C:\Users\Admin\STM32CubeIDE\workspace_1.15.0\test_uart\Core\Inc\stm32f1xx_it.h_save
2024-09-11 16:36:59,913 [INFO] CodeEngine:279 - Generated code: C:\Users\Admin\STM32CubeIDE\workspace_1.15.0\test_uart\Core\Inc\stm32f1xx_it.h
2024-09-11 16:36:59,933 [INFO] CodeEngine:255 - oldGeneratedFile, C:\Users\Admin\STM32CubeIDE\workspace_1.15.0\test_uart\Core\Src\stm32f1xx_hal_msp.c_save
2024-09-11 16:37:00,072 [INFO] CodeEngine:279 - Generated code: C:\Users\Admin\STM32CubeIDE\workspace_1.15.0\test_uart\Core\Src\stm32f1xx_hal_msp.c
2024-09-11 16:37:00,076 [INFO] CodeEngine:255 - oldGeneratedFile, C:\Users\Admin\STM32CubeIDE\workspace_1.15.0\test_uart\MXTmpFiles\system.tmp_save
2024-09-11 16:37:00,137 [INFO] CodeEngine:279 - Generated code: C:\Users\Admin\STM32CubeIDE\workspace_1.15.0\test_uart\MXTmpFiles\system.tmp
2024-09-11 16:37:00,160 [INFO] CodeEngine:311 - oldGeneratedFile, C:\Users\Admin\STM32CubeIDE\workspace_1.15.0\test_uart\Core\Inc\stm32f1xx_hal_conf.h_save
2024-09-11 16:37:00,284 [INFO] CodeEngine:335 - Generated code: C:\Users\Admin\STM32CubeIDE\workspace_1.15.0\test_uart\Core\Inc\stm32f1xx_hal_conf.h
2024-09-11 16:37:00,344 [INFO] CodeEngine:255 - oldGeneratedFile, C:\Users\Admin\STM32CubeIDE\workspace_1.15.0\test_uart\Core\Inc\main.h_save
2024-09-11 16:37:00,433 [INFO] CodeEngine:279 - Generated code: C:\Users\Admin\STM32CubeIDE\workspace_1.15.0\test_uart\Core\Inc\main.h
2024-09-11 16:37:00,449 [INFO] CodeEngine:255 - oldGeneratedFile, C:\Users\Admin\STM32CubeIDE\workspace_1.15.0\test_uart\Core\Src\main.c_save
2024-09-11 16:37:00,556 [INFO] CodeEngine:279 - Generated code: C:\Users\Admin\STM32CubeIDE\workspace_1.15.0\test_uart\Core\Src\main.c
2024-09-11 16:37:00,963 [INFO] ProjectBuilder:3163 - Time for Copy HAL[1] : 254mS.
2024-09-11 16:37:00,966 [INFO] ProjectBuilder:4736 - Project Generator version: 4.3.0-B58
2024-09-11 16:37:01,036 [INFO] ConfigFileManager:1503 - The Die is : DIE410
2024-09-11 16:37:02,472 [INFO] ProjectBuilder:5002 - Time for Generating toolchain IDE Files: 1506mS.
2024-09-11 16:37:02,473 [INFO] ProjectBuilder:3034 - Time for Copy CMSIS : 0mS.
2024-09-11 16:37:02,476 [INFO] ProjectBuilder:3034 - Time for Copy CMSIS : 0mS.
2024-09-11 17:01:04,049 [INFO] UtilMem:75 - End SaveConfig() Used Memory: 913672456 Bytes (1073741824)
2024-09-11 17:01:04,090 [INFO] UtilMem:75 - End SaveConfig() Used Memory: 927433592 Bytes (1073741824)
2024-09-11 17:01:04,379 [INFO] UtilMem:75 - End SaveConfig() Used Memory: 956063864 Bytes (1073741824)
2024-09-11 17:01:04,483 [INFO] BlockDiagram:2759 - set Specific Code input for plugin: NVIC
2024-09-11 17:01:04,483 [INFO] BlockDiagram:2759 - set Specific Code input for plugin: USART
2024-09-11 17:01:04,483 [INFO] BlockDiagram:2759 - set Specific Code input for plugin: SYS
2024-09-11 17:01:04,483 [INFO] BlockDiagram:2759 - set Specific Code input for plugin: GPIO
2024-09-11 17:01:04,483 [INFO] BlockDiagram:2759 - set Specific Code input for plugin: RCC
2024-09-11 17:01:04,484 [INFO] CodeGenerator:807 - code generatio: config db path: C:\ST\STM32CubeIDE_1.15.0\STM32CubeIDE\plugins\com.st.stm32cube.common.mx_6.11.0.202403141607\\db\
2024-09-11 17:01:04,529 [INFO] CodeEngine:255 - oldGeneratedFile, C:\Users\Admin\STM32CubeIDE\workspace_1.15.0\test_uart\MXTmpFiles\license.tmp_save
2024-09-11 17:01:04,609 [INFO] CodeEngine:279 - Generated code: C:\Users\Admin\STM32CubeIDE\workspace_1.15.0\test_uart\MXTmpFiles\license.tmp
2024-09-11 17:01:04,623 [INFO] CodeEngine:255 - oldGeneratedFile, C:\Users\Admin\STM32CubeIDE\workspace_1.15.0\test_uart\MXTmpFiles\gpio.tmp_save
2024-09-11 17:01:04,707 [INFO] CodeEngine:279 - Generated code: C:\Users\Admin\STM32CubeIDE\workspace_1.15.0\test_uart\MXTmpFiles\gpio.tmp
2024-09-11 17:01:04,752 [INFO] CodeEngine:255 - oldGeneratedFile, C:\Users\Admin\STM32CubeIDE\workspace_1.15.0\test_uart\Core\Src\stm32f1xx_it.c_save
2024-09-11 17:01:04,871 [INFO] CodeEngine:279 - Generated code: C:\Users\Admin\STM32CubeIDE\workspace_1.15.0\test_uart\Core\Src\stm32f1xx_it.c
2024-09-11 17:01:04,885 [INFO] CodeEngine:255 - oldGeneratedFile, C:\Users\Admin\STM32CubeIDE\workspace_1.15.0\test_uart\Core\Inc\stm32f1xx_it.h_save
2024-09-11 17:01:04,951 [INFO] CodeEngine:279 - Generated code: C:\Users\Admin\STM32CubeIDE\workspace_1.15.0\test_uart\Core\Inc\stm32f1xx_it.h
2024-09-11 17:01:04,976 [INFO] CodeEngine:255 - oldGeneratedFile, C:\Users\Admin\STM32CubeIDE\workspace_1.15.0\test_uart\Core\Src\stm32f1xx_hal_msp.c_save
2024-09-11 17:01:05,079 [INFO] CodeEngine:279 - Generated code: C:\Users\Admin\STM32CubeIDE\workspace_1.15.0\test_uart\Core\Src\stm32f1xx_hal_msp.c
2024-09-11 17:01:05,082 [INFO] CodeEngine:255 - oldGeneratedFile, C:\Users\Admin\STM32CubeIDE\workspace_1.15.0\test_uart\MXTmpFiles\system.tmp_save
2024-09-11 17:01:05,134 [INFO] CodeEngine:279 - Generated code: C:\Users\Admin\STM32CubeIDE\workspace_1.15.0\test_uart\MXTmpFiles\system.tmp
2024-09-11 17:01:05,146 [INFO] CodeEngine:311 - oldGeneratedFile, C:\Users\Admin\STM32CubeIDE\workspace_1.15.0\test_uart\Core\Inc\stm32f1xx_hal_conf.h_save
2024-09-11 17:01:05,220 [INFO] CodeEngine:335 - Generated code: C:\Users\Admin\STM32CubeIDE\workspace_1.15.0\test_uart\Core\Inc\stm32f1xx_hal_conf.h
2024-09-11 17:01:05,252 [INFO] CodeEngine:255 - oldGeneratedFile, C:\Users\Admin\STM32CubeIDE\workspace_1.15.0\test_uart\Core\Inc\main.h_save
2024-09-11 17:01:05,319 [INFO] CodeEngine:279 - Generated code: C:\Users\Admin\STM32CubeIDE\workspace_1.15.0\test_uart\Core\Inc\main.h
2024-09-11 17:01:05,333 [INFO] CodeEngine:255 - oldGeneratedFile, C:\Users\Admin\STM32CubeIDE\workspace_1.15.0\test_uart\Core\Src\main.c_save
2024-09-11 17:01:05,422 [INFO] CodeEngine:279 - Generated code: C:\Users\Admin\STM32CubeIDE\workspace_1.15.0\test_uart\Core\Src\main.c
2024-09-11 17:01:05,781 [INFO] ProjectBuilder:3163 - Time for Copy HAL[1] : 231mS.
2024-09-11 17:01:05,784 [INFO] ProjectBuilder:4736 - Project Generator version: 4.3.0-B58
2024-09-11 17:01:05,838 [INFO] ConfigFileManager:1503 - The Die is : DIE410
2024-09-11 17:01:06,575 [INFO] ProjectBuilder:5002 - Time for Generating toolchain IDE Files: 791mS.
2024-09-11 17:01:06,576 [INFO] ProjectBuilder:3034 - Time for Copy CMSIS : 1mS.
2024-09-11 17:01:06,579 [INFO] ProjectBuilder:3034 - Time for Copy CMSIS : 0mS.
2024-09-11 17:21:51,224 [ERROR] LogOutputStream:75 - [STDERR_REDIRECT] 
