2024-08-06 14:43:52,232 [INFO] Activator:176 - 


2024-08-06 14:43:52,232 [INFO] Activator:177 - !SESSION log4j initialized
2024-08-06 14:44:00,512 [INFO] LogOutputStream:77 - [STDOUT_REDIRECT] 
2024-08-06 14:44:03,056 [INFO] ApplicationProperties:184 - Using Application install path: C:\ST\STM32CubeIDE_1.15.0\STM32CubeIDE\plugins\com.st.stm32cube.common.mx_6.11.0.202403141607
2024-08-06 14:44:03,088 [INFO] DbMcusXml:78 - Set database path to: C:\ST\STM32CubeIDE_1.15.0\STM32CubeIDE\plugins\com.st.stm32cube.common.mx_6.11.0.202403141607\\db\/mcu/
2024-08-06 14:44:03,088 [INFO] ApiDb:274 - Set plugin database path to: C:\ST\STM32CubeIDE_1.15.0\STM32CubeIDE\plugins\com.st.stm32cube.common.mx_6.11.0.202403141607\\db\/plugins/boardmanager/
2024-08-06 14:44:03,089 [WARN] ApiDb:259 - Overriding images path with different value:  => C:\ST\STM32CubeIDE_1.15.0\STM32CubeIDE\plugins\com.st.stm32cube.common.mx_6.11.0.202403141607\\db\/plugins/mcufinder/images/
2024-08-06 14:44:03,110 [INFO] ApiDb:250 - Set database path to: C:\Users\Admin\.stmcufinder\plugins\mcufinder//mcu/
2024-08-06 14:44:03,113 [INFO] DbMcusAds:125 - Set database path to: C:\Users\Admin\.stmcufinder\plugins\mcufinder//mcu/
2024-08-06 14:44:03,117 [INFO] CrossReferenceDbSqlite:203 - Set database path to: C:\Users\Admin\.stmcufinder\plugins\mcufinder//mcu/cs/
2024-08-06 14:44:03,324 [INFO] RulesReader:64 - Compatibility file has been processed (297 Rules)
2024-08-06 14:44:03,426 [INFO] DbMcusXml:78 - Set database path to: C:\ST\STM32CubeIDE_1.15.0\STM32CubeIDE\plugins\com.st.stm32cube.common.mx_6.11.0.202403141607\\db\/mcu/
2024-08-06 14:44:03,426 [INFO] ApiDb:274 - Set plugin database path to: C:\ST\STM32CubeIDE_1.15.0\STM32CubeIDE\plugins\com.st.stm32cube.common.mx_6.11.0.202403141607\\db\/plugins/boardmanager/
2024-08-06 14:44:03,427 [INFO] ApiDb:261 - Set plugin images path to: C:\ST\STM32CubeIDE_1.15.0\STM32CubeIDE\plugins\com.st.stm32cube.common.mx_6.11.0.202403141607\\db\/plugins/mcufinder/images/
2024-08-06 14:44:03,427 [WARN] DbFile:41 - Overriding database path with different value: C:\Users\Admin\.stmcufinder\plugins\mcufinder/ => C:\Users\Admin\.stmcufinder\plugins\mcufinder
2024-08-06 14:44:03,428 [INFO] ApiDb:250 - Set database path to: C:\Users\Admin\.stmcufinder\plugins\mcufinder//mcu/
2024-08-06 14:44:03,428 [WARN] DbFile:41 - Overriding database path with different value: C:\Users\Admin\.stmcufinder\plugins\mcufinder/ => C:\Users\Admin\.stmcufinder\plugins\mcufinder
2024-08-06 14:44:03,428 [INFO] DbMcusAds:125 - Set database path to: C:\Users\Admin\.stmcufinder\plugins\mcufinder//mcu/
2024-08-06 14:44:03,428 [WARN] DbFile:41 - Overriding database path with different value: C:\Users\Admin\.stmcufinder\plugins\mcufinder/ => C:\Users\Admin\.stmcufinder\plugins\mcufinder
2024-08-06 14:44:03,428 [WARN] DbFile:41 - Overriding database path with different value: C:\Users\Admin\.stmcufinder\plugins\mcufinder/ => C:\Users\Admin\.stmcufinder\plugins\mcufinder
2024-08-06 14:44:03,428 [INFO] CrossReferenceDbSqlite:203 - Set database path to: C:\Users\Admin\.stmcufinder\plugins\mcufinder//mcu/cs/
2024-08-06 14:44:03,540 [INFO] MainPanel:264 - HeapMemory: 268435456
2024-08-06 14:44:03,686 [INFO] DbMcusXml:78 - Set database path to: C:\ST\STM32CubeIDE_1.15.0\STM32CubeIDE\plugins\com.st.stm32cube.common.mx_6.11.0.202403141607\\db\/mcu/
2024-08-06 14:44:03,686 [INFO] ApiDb:274 - Set plugin database path to: C:\ST\STM32CubeIDE_1.15.0\STM32CubeIDE\plugins\com.st.stm32cube.common.mx_6.11.0.202403141607\\db\/plugins/boardmanager/
2024-08-06 14:44:03,686 [INFO] ApiDb:261 - Set plugin images path to: C:\ST\STM32CubeIDE_1.15.0\STM32CubeIDE\plugins\com.st.stm32cube.common.mx_6.11.0.202403141607\\db\/plugins/mcufinder/images/
2024-08-06 14:44:03,687 [WARN] DbFile:41 - Overriding database path with different value: C:\Users\Admin\.stmcufinder\plugins\mcufinder/ => C:\Users\Admin\.stmcufinder\plugins\mcufinder
2024-08-06 14:44:03,687 [INFO] ApiDb:250 - Set database path to: C:\Users\Admin\.stmcufinder\plugins\mcufinder//mcu/
2024-08-06 14:44:03,687 [WARN] DbFile:41 - Overriding database path with different value: C:\Users\Admin\.stmcufinder\plugins\mcufinder/ => C:\Users\Admin\.stmcufinder\plugins\mcufinder
2024-08-06 14:44:03,688 [INFO] DbMcusAds:125 - Set database path to: C:\Users\Admin\.stmcufinder\plugins\mcufinder//mcu/
2024-08-06 14:44:03,688 [WARN] DbFile:41 - Overriding database path with different value: C:\Users\Admin\.stmcufinder\plugins\mcufinder/ => C:\Users\Admin\.stmcufinder\plugins\mcufinder
2024-08-06 14:44:03,688 [WARN] DbFile:41 - Overriding database path with different value: C:\Users\Admin\.stmcufinder\plugins\mcufinder/ => C:\Users\Admin\.stmcufinder\plugins\mcufinder
2024-08-06 14:44:03,688 [INFO] CrossReferenceDbSqlite:203 - Set database path to: C:\Users\Admin\.stmcufinder\plugins\mcufinder//mcu/cs/
2024-08-06 14:44:03,714 [INFO] ApplicationProperties:184 - Using Application install path: C:\ST\STM32CubeIDE_1.15.0\STM32CubeIDE\plugins\com.st.stm32cube.common.mx_6.11.0.202403141607
2024-08-06 14:44:03,717 [INFO] PluginManage:196 - Search for loadable plugins [exclusion list=, ]
2024-08-06 14:44:03,720 [INFO] PluginManage:310 - Check plugin analytics
2024-08-06 14:44:03,979 [INFO] AnalyticsPlugin:253 - Accepted Software Licenses: STM32CubeMX.6.10.0
2024-08-06 14:44:03,979 [INFO] AnalyticsPlugin:255 - Accepted CMSIS Pack Licenses: 
2024-08-06 14:44:03,980 [INFO] AnalyticsPlugin:257 - Accepted Firmware Licenses: 
2024-08-06 14:44:03,984 [INFO] PluginManage:359 - Loaded plugin analytics (category:tool,tabindex:-1)
2024-08-06 14:44:03,985 [INFO] PluginManage:310 - Check plugin cadmodel
2024-08-06 14:44:04,009 [INFO] CADModel:105 - Init CAD model plugin
2024-08-06 14:44:04,009 [INFO] PluginManage:359 - Loaded plugin cadmodel (category:power,tabindex:5)
2024-08-06 14:44:04,009 [INFO] PluginManage:310 - Check plugin clock
2024-08-06 14:44:04,039 [INFO] PluginManage:359 - Loaded plugin clock (category:base,tabindex:2)
2024-08-06 14:44:04,039 [INFO] PluginManage:310 - Check plugin ddr
2024-08-06 14:44:04,042 [INFO] PluginManage:359 - Loaded plugin ddr (category:tool,tabindex:6)
2024-08-06 14:44:04,042 [INFO] PluginManage:310 - Check plugin filemanager
2024-08-06 14:44:04,284 [INFO] PluginManage:359 - Loaded plugin filemanager (category:base,tabindex:10)
2024-08-06 14:44:04,284 [INFO] PluginManage:310 - Check plugin ipmanager
2024-08-06 14:44:04,297 [INFO] PluginManage:359 - Loaded plugin ipmanager (category:base,tabindex:5)
2024-08-06 14:44:04,298 [INFO] PluginManage:310 - Check plugin lpbam
2024-08-06 14:44:04,335 [INFO] PluginManage:359 - Loaded plugin lpbam (category:base,tabindex:0)
2024-08-06 14:44:04,335 [INFO] PluginManage:310 - Check plugin memorymap
2024-08-06 14:44:04,381 [INFO] PluginManage:359 - Loaded plugin memorymap (category:base,tabindex:4)
2024-08-06 14:44:04,381 [INFO] PluginManage:310 - Check plugin pinoutandconfiguration
2024-08-06 14:44:04,411 [INFO] PluginManage:359 - Loaded plugin pinoutandconfiguration (category:base,tabindex:1)
2024-08-06 14:44:04,411 [INFO] PluginManage:310 - Check plugin pinoutconfig
2024-08-06 14:44:04,557 [WARN] SupportedApi:132 - Cannot load RTOS API schema: s4s-elt-must-match.1: The content of 'definitions' must match (annotation?, (simpleType | complexType)?, (unique | key | keyref)*)). A problem was found starting at: attribute.
2024-08-06 14:44:04,787 [INFO] PluginManage:359 - Loaded plugin pinoutconfig (category:base,tabindex:0)
2024-08-06 14:44:04,787 [INFO] PluginManage:310 - Check plugin power
2024-08-06 14:44:04,818 [INFO] PluginManage:359 - Loaded plugin power (category:power,tabindex:4)
2024-08-06 14:44:04,819 [INFO] PluginManage:310 - Check plugin projectmanager
2024-08-06 14:44:04,841 [INFO] PluginManage:359 - Loaded plugin projectmanager (category:projectmanager,tabindex:3)
2024-08-06 14:44:04,841 [INFO] PluginManage:310 - Check plugin thirdparty
2024-08-06 14:44:05,271 [INFO] PluginManage:359 - Loaded plugin thirdparty (category:base,tabindex:-1)
2024-08-06 14:44:05,271 [WARN] IntegrityCheckThread:84 - waiting for thirdparty lock release [integrity check]
2024-08-06 14:44:05,272 [INFO] PluginManage:310 - Check plugin tools
2024-08-06 14:44:05,272 [INFO] IntegrityCheckThread:86 - entering critical section [integrity check]
2024-08-06 14:44:05,273 [INFO] ThirdPartyUpdaterWithRetryManager:70 - Updater plugin not ready yet. [1/15]
2024-08-06 14:44:05,334 [INFO] PluginManage:359 - Loaded plugin tools (category:base,tabindex:7)
2024-08-06 14:44:05,335 [INFO] PluginManage:310 - Check plugin tutovideos
2024-08-06 14:44:05,672 [INFO] PluginManage:359 - Loaded plugin tutovideos (category:base,tabindex:-1)
2024-08-06 14:44:05,672 [INFO] PluginManage:310 - Check plugin updater
2024-08-06 14:44:05,687 [INFO] PluginManage:359 - Loaded plugin updater (category:base,tabindex:12)
2024-08-06 14:44:05,687 [INFO] PluginManage:310 - Check plugin userauth
2024-08-06 14:44:05,695 [INFO] UserAuth:114 - Init User Auth plugin
2024-08-06 14:44:05,695 [INFO] PluginManage:359 - Loaded plugin userauth (category:base,tabindex:14)
2024-08-06 14:44:05,696 [INFO] PluginManage:283 - PluginManage : Loaded plugins [17]
2024-08-06 14:44:06,033 [INFO] PinOutPanel:1561 - setPackage(No Configuration,No Configuration)
2024-08-06 14:44:06,114 [INFO] CADModel:165 - CPN selected for project level
2024-08-06 14:44:06,114 [INFO] CADModel:114 - Register for checkConnection events
2024-08-06 14:44:06,147 [INFO] IPUIPlugin:80 - create IPUIPlugin
2024-08-06 14:44:06,148 [INFO] PluginManager:220 - loadIPPluginJar : add adc
2024-08-06 14:44:06,202 [INFO] IPUIPlugin:80 - create IPUIPlugin
2024-08-06 14:44:06,202 [INFO] PluginManager:220 - loadIPPluginJar : add aes
2024-08-06 14:44:06,268 [INFO] IPUIPlugin:80 - create IPUIPlugin
2024-08-06 14:44:06,269 [INFO] PluginManager:220 - loadIPPluginJar : add can
2024-08-06 14:44:06,314 [INFO] IPUIPlugin:80 - create IPUIPlugin
2024-08-06 14:44:06,315 [INFO] PluginManager:220 - loadIPPluginJar : add comp
2024-08-06 14:44:06,369 [INFO] IPUIPlugin:80 - create IPUIPlugin
2024-08-06 14:44:06,369 [INFO] PluginManager:220 - loadIPPluginJar : add cryp
2024-08-06 14:44:06,404 [INFO] IPUIPlugin:80 - create IPUIPlugin
2024-08-06 14:44:06,405 [INFO] PluginManager:220 - loadIPPluginJar : add dfsdm
2024-08-06 14:44:06,423 [INFO] IPUIPlugin:80 - create IPUIPlugin
2024-08-06 14:44:06,424 [INFO] PluginManager:220 - loadIPPluginJar : add dma
2024-08-06 14:44:06,484 [INFO] IPUIPlugin:80 - create IPUIPlugin
2024-08-06 14:44:06,484 [INFO] PluginManager:220 - loadIPPluginJar : add dma3
2024-08-06 14:44:06,538 [INFO] IPUIPlugin:80 - create IPUIPlugin
2024-08-06 14:44:06,538 [INFO] PluginManager:220 - loadIPPluginJar : add extmemmanager
2024-08-06 14:44:06,570 [INFO] IPUIPlugin:80 - create IPUIPlugin
2024-08-06 14:44:06,570 [INFO] PluginManager:220 - loadIPPluginJar : add fatfs
2024-08-06 14:44:06,636 [INFO] IPUIPlugin:80 - create IPUIPlugin
2024-08-06 14:44:06,637 [INFO] PluginManager:220 - loadIPPluginJar : add fmc
2024-08-06 14:44:06,663 [INFO] IPUIPlugin:80 - create IPUIPlugin
2024-08-06 14:44:06,663 [INFO] PluginManager:220 - loadIPPluginJar : add freertos
2024-08-06 14:44:06,694 [INFO] IPUIPlugin:80 - create IPUIPlugin
2024-08-06 14:44:06,694 [INFO] PluginManager:220 - loadIPPluginJar : add genericplugin
2024-08-06 14:44:06,834 [INFO] IPUIPlugin:80 - create IPUIPlugin
2024-08-06 14:44:06,834 [INFO] PluginManager:220 - loadIPPluginJar : add gfxmmu
2024-08-06 14:44:07,021 [INFO] IPUIPlugin:80 - create IPUIPlugin
2024-08-06 14:44:07,022 [INFO] PluginManager:220 - loadIPPluginJar : add gic
2024-08-06 14:44:07,040 [INFO] IPUIPlugin:80 - create IPUIPlugin
2024-08-06 14:44:07,040 [INFO] PluginManager:220 - loadIPPluginJar : add gpio
2024-08-06 14:44:07,181 [INFO] IPUIPlugin:80 - create IPUIPlugin
2024-08-06 14:44:07,181 [INFO] PluginManager:220 - loadIPPluginJar : add gtzc
2024-08-06 14:44:07,222 [INFO] IPUIPlugin:80 - create IPUIPlugin
2024-08-06 14:44:07,222 [INFO] PluginManager:220 - loadIPPluginJar : add hash
2024-08-06 14:44:07,306 [INFO] IPUIPlugin:80 - create IPUIPlugin
2024-08-06 14:44:07,306 [INFO] PluginManager:220 - loadIPPluginJar : add i2c
2024-08-06 14:44:07,362 [INFO] IPUIPlugin:80 - create IPUIPlugin
2024-08-06 14:44:07,363 [INFO] PluginManager:220 - loadIPPluginJar : add i2s
2024-08-06 14:44:07,435 [INFO] IPUIPlugin:80 - create IPUIPlugin
2024-08-06 14:44:07,436 [INFO] PluginManager:220 - loadIPPluginJar : add i3c
2024-08-06 14:44:07,591 [INFO] IPUIPlugin:80 - create IPUIPlugin
2024-08-06 14:44:07,591 [INFO] PluginManager:220 - loadIPPluginJar : add ipddr
2024-08-06 14:44:07,743 [INFO] IPUIPlugin:80 - create IPUIPlugin
2024-08-06 14:44:07,743 [INFO] PluginManager:220 - loadIPPluginJar : add linkedlist
2024-08-06 14:44:07,789 [INFO] IPUIPlugin:80 - create IPUIPlugin
2024-08-06 14:44:07,791 [INFO] PluginManager:220 - loadIPPluginJar : add lorawan
2024-08-06 14:44:07,842 [INFO] IPUIPlugin:80 - create IPUIPlugin
2024-08-06 14:44:07,842 [INFO] PluginManager:220 - loadIPPluginJar : add ltdc
2024-08-06 14:44:07,862 [INFO] IPUIPlugin:80 - create IPUIPlugin
2024-08-06 14:44:07,863 [INFO] PluginManager:220 - loadIPPluginJar : add mdma
2024-08-06 14:44:07,878 [INFO] IPUIPlugin:80 - create IPUIPlugin
2024-08-06 14:44:07,878 [INFO] PluginManager:220 - loadIPPluginJar : add nvic
2024-08-06 14:44:07,925 [INFO] IPUIPlugin:80 - create IPUIPlugin
2024-08-06 14:44:07,925 [INFO] PluginManager:220 - loadIPPluginJar : add opamp
2024-08-06 14:44:08,001 [INFO] IPUIPlugin:80 - create IPUIPlugin
2024-08-06 14:44:08,001 [INFO] PluginManager:220 - loadIPPluginJar : add openamp
2024-08-06 14:44:08,068 [INFO] IPUIPlugin:80 - create IPUIPlugin
2024-08-06 14:44:08,068 [INFO] PluginManager:220 - loadIPPluginJar : add pdm2pcm
2024-08-06 14:44:08,095 [INFO] IPUIPlugin:80 - create IPUIPlugin
2024-08-06 14:44:08,099 [INFO] PluginManager:220 - loadIPPluginJar : add plateformsettings
2024-08-06 14:44:08,140 [INFO] IPUIPlugin:80 - create IPUIPlugin
2024-08-06 14:44:08,140 [INFO] PluginManager:220 - loadIPPluginJar : add quadspi
2024-08-06 14:44:08,158 [INFO] IPUIPlugin:80 - create IPUIPlugin
2024-08-06 14:44:08,158 [INFO] PluginManager:220 - loadIPPluginJar : add resmgrutility
2024-08-06 14:44:08,242 [INFO] IPUIPlugin:80 - create IPUIPlugin
2024-08-06 14:44:08,242 [INFO] PluginManager:220 - loadIPPluginJar : add sai
2024-08-06 14:44:08,273 [INFO] ThirdPartyUpdaterWithRetryManager:70 - Updater plugin not ready yet. [2/15]
2024-08-06 14:44:08,298 [INFO] IPUIPlugin:80 - create IPUIPlugin
2024-08-06 14:44:08,298 [INFO] PluginManager:220 - loadIPPluginJar : add spi
2024-08-06 14:44:08,392 [INFO] IPUIPlugin:80 - create IPUIPlugin
2024-08-06 14:44:08,392 [INFO] PluginManager:220 - loadIPPluginJar : add stm32_wpan
2024-08-06 14:44:08,424 [INFO] IPUIPlugin:80 - create IPUIPlugin
2024-08-06 14:44:08,424 [INFO] PluginManager:220 - loadIPPluginJar : add tim
2024-08-06 14:44:08,504 [INFO] IPUIPlugin:80 - create IPUIPlugin
2024-08-06 14:44:08,505 [INFO] PluginManager:220 - loadIPPluginJar : add touchsensing
2024-08-06 14:44:08,544 [INFO] IPUIPlugin:80 - create IPUIPlugin
2024-08-06 14:44:08,544 [INFO] PluginManager:220 - loadIPPluginJar : add tracer_emb
2024-08-06 14:44:08,573 [INFO] IPUIPlugin:80 - create IPUIPlugin
2024-08-06 14:44:08,573 [INFO] PluginManager:220 - loadIPPluginJar : add ts
2024-08-06 14:44:08,608 [INFO] IPUIPlugin:80 - create IPUIPlugin
2024-08-06 14:44:08,609 [INFO] PluginManager:220 - loadIPPluginJar : add tsc
2024-08-06 14:44:08,639 [INFO] IPUIPlugin:80 - create IPUIPlugin
2024-08-06 14:44:08,639 [INFO] PluginManager:220 - loadIPPluginJar : add ucpd
2024-08-06 14:44:08,708 [INFO] IPUIPlugin:80 - create IPUIPlugin
2024-08-06 14:44:08,708 [INFO] PluginManager:220 - loadIPPluginJar : add usart
2024-08-06 14:44:08,766 [INFO] IPUIPlugin:80 - create IPUIPlugin
2024-08-06 14:44:08,766 [INFO] PluginManager:220 - loadIPPluginJar : add usbx
2024-08-06 14:44:08,929 [INFO] CADModel:165 - CPN selected for project level
2024-08-06 14:44:08,929 [INFO] CADModel:114 - Register for checkConnection events
2024-08-06 14:44:08,929 [FATAL] Updater:308 - Updater called before beeing initialized
2024-08-06 14:44:08,930 [ERROR] CADModel:125 - Updater not yet initialized, retry later 
2024-08-06 14:44:09,171 [INFO] CADModel:165 - CPN selected for project level
2024-08-06 14:44:09,171 [INFO] CADModel:114 - Register for checkConnection events
2024-08-06 14:44:09,171 [FATAL] Updater:308 - Updater called before beeing initialized
2024-08-06 14:44:09,171 [ERROR] CADModel:125 - Updater not yet initialized, retry later 
2024-08-06 14:44:09,177 [FATAL] Updater:308 - Updater called before beeing initialized
2024-08-06 14:44:09,388 [FATAL] Updater:308 - Updater called before beeing initialized
2024-08-06 14:44:09,410 [INFO] DbMcusAds:53 - JSON generation date=Thu May 16 16:22:00 ICT 2024 (1715851320667)
2024-08-06 14:44:09,410 [FATAL] Updater:308 - Updater called before beeing initialized
2024-08-06 14:44:09,460 [WARN] DetailPanel:346 - Failed to get advertising image, set to default
2024-08-06 14:44:09,584 [FATAL] Updater:308 - Updater called before beeing initialized
2024-08-06 14:44:09,587 [FATAL] Updater:308 - Updater called before beeing initialized
2024-08-06 14:44:09,588 [FATAL] Updater:308 - Updater called before beeing initialized
2024-08-06 14:44:09,588 [WARN] DetailPanel:346 - Failed to get advertising image, set to default
2024-08-06 14:44:09,589 [FATAL] Updater:308 - Updater called before beeing initialized
2024-08-06 14:44:09,711 [ERROR] Updater:1120 - MainUpdater not yet initialized. External WinMGr cannot be set.
2024-08-06 14:44:09,731 [INFO] Updater:1056 - Updater Version found : 6.11.0
2024-08-06 14:44:09,771 [INFO] ApplicationProperties:184 - Using Application install path: C:\ST\STM32CubeIDE_1.15.0\STM32CubeIDE\plugins\com.st.stm32cube.common.mx_6.11.0.202403141607
2024-08-06 14:44:11,275 [INFO] ThirdPartyUpdaterWithRetryManager:70 - Updater plugin not ready yet. [3/15]
2024-08-06 14:44:11,369 [ERROR] LogOutputStream:75 - [STDERR_REDIRECT] Aug 06, 2024 2:44:11 PM java.util.prefs.WindowsPreferences <init>
2024-08-06 14:44:11,370 [ERROR] LogOutputStream:75 - [STDERR_REDIRECT] WARNING: Could not open/create prefs root node Software\JavaSoft\Prefs at root 0xffffffff80000002. Windows RegCreateKeyEx(...) returned error code 5.
2024-08-06 14:44:11,370 [ERROR] LogOutputStream:75 - [STDERR_REDIRECT] 
2024-08-06 14:44:11,904 [INFO] MainUpdater:2873 - connection check result : 10
2024-08-06 14:44:11,906 [INFO] MainUpdater:290 - Updater Check For Update Now.
2024-08-06 14:44:11,906 [INFO] MicroXplorer:498 - Change Database Version : DB.6.0.110
2024-08-06 14:44:11,939 [INFO] McuFinderGlobals:63 - Set McuFinder mode to 2 (CubeIDE integrated)
2024-08-06 14:44:11,963 [INFO] UserAuth:415 - Internet connection configuration mode: 1
2024-08-06 14:44:12,002 [INFO] JxBrowserEngine:152 - Initiate JxBrowser Engine with user profile folder
2024-08-06 14:44:12,200 [INFO] CheckServerUpdateThread:120 - End of CheckServer Thread
2024-08-06 14:44:14,502 [WARN] PackLoader:240 - Cannot read IP mode file for STMicroelectronics.FP-SNS-MOTENVWB1.1.4.0
2024-08-06 14:44:14,528 [WARN] PackLoader:240 - Cannot read IP mode file for STMicroelectronics.X-CUBE-SMBUS.2.1.0
2024-08-06 14:44:14,549 [WARN] PackLoader:240 - Cannot read IP mode file for STMicroelectronics.X-CUBE-TOUCHGFX.4.23.0
2024-08-06 14:44:14,564 [WARN] PackLoader:240 - Cannot read IP mode file for STMicroelectronics.X-CUBE-TOUCHGFX.4.23.2
2024-08-06 14:44:14,619 [WARN] PackLoader:240 - Cannot read IP mode file for STMicroelectronics.X-CUBE-AZRTOS-F7.1.1.0
2024-08-06 14:44:14,643 [WARN] PackLoader:240 - Cannot read IP mode file for STMicroelectronics.FP-SNS-MOTENV1.4.3.2
2024-08-06 14:44:14,661 [WARN] PackLoader:240 - Cannot read IP mode file for STMicroelectronics.FP-SNS-FLIGHT1.5.0.2
2024-08-06 14:44:14,683 [WARN] PackLoader:240 - Cannot read IP mode file for STMicroelectronics.X-CUBE-DISPLAY.3.0.0
2024-08-06 14:44:14,708 [WARN] PackLoader:240 - Cannot read IP mode file for STMicroelectronics.X-CUBE-BLE1.7.0.0
2024-08-06 14:44:14,726 [WARN] PackLoader:240 - Cannot read IP mode file for emotas.I-CUBE-CANOPEN.1.3.0
2024-08-06 14:44:14,750 [WARN] PackLoader:240 - Cannot read IP mode file for STMicroelectronics.X-CUBE-BLEMGR.3.1.0
2024-08-06 14:44:14,769 [WARN] PackLoader:240 - Cannot read IP mode file for STMicroelectronics.FP-SNS-SMARTAG2.1.2.0
2024-08-06 14:44:14,799 [INFO] LogOutputStream:77 - [STDOUT_REDIRECT] 1 : Invalid condition id : UX_CORESTACK_Condition cause : null
2024-08-06 14:44:14,799 [INFO] LogOutputStream:77 - [STDOUT_REDIRECT] 1 : Invalid condition id : UX_CORESTACK_Condition cause : null
2024-08-06 14:44:14,800 [INFO] LogOutputStream:77 - [STDOUT_REDIRECT] 1 : Invalid condition id : UX_CORESTACK_Condition cause : null
2024-08-06 14:44:14,802 [INFO] LogOutputStream:77 - [STDOUT_REDIRECT] 1 : Invalid condition id : UX_CORESTACK_Condition cause : null
2024-08-06 14:44:14,803 [INFO] LogOutputStream:77 - [STDOUT_REDIRECT] 1 : Invalid condition id : UX_CORESTACK_Condition cause : null
2024-08-06 14:44:14,809 [WARN] PackLoader:240 - Cannot read IP mode file for STMicroelectronics.X-CUBE-AZRTOS-WL.2.0.0
2024-08-06 14:44:14,828 [WARN] PackLoader:240 - Cannot read IP mode file for STMicroelectronics.FP-SNS-MOTENV1.5.0.0
2024-08-06 14:44:14,847 [WARN] PackLoader:240 - Cannot read IP mode file for wolfSSL.I-CUBE-wolfMQTT.1.19.0
2024-08-06 14:44:14,869 [WARN] PackLoader:240 - Cannot read IP mode file for WES.I-CUBE-Cesium.1.3.0
2024-08-06 14:44:14,886 [WARN] PackLoader:240 - Cannot read IP mode file for STMicroelectronics.X-CUBE-BLE2.3.3.0
2024-08-06 14:44:14,908 [WARN] PackLoader:240 - Cannot read IP mode file for STMicroelectronics.X-CUBE-TCPP.4.1.0
2024-08-06 14:44:14,929 [WARN] PackLoader:240 - Cannot read IP mode file for STMicroelectronics.X-CUBE-ALGOBUILD.1.3.0
2024-08-06 14:44:14,963 [WARN] PackLoader:240 - Cannot read IP mode file for STMicroelectronics.X-CUBE-AZRTOS-G0.1.1.0
2024-08-06 14:44:14,986 [WARN] PackLoader:240 - Cannot read IP mode file for STMicroelectronics.X-CUBE-SAFEA1.1.2.2
2024-08-06 14:44:15,003 [WARN] PackLoader:240 - Cannot read IP mode file for STMicroelectronics.X-CUBE-NFC4.3.0.0
2024-08-06 14:44:15,029 [WARN] PackLoader:240 - Cannot read IP mode file for EmbeddedOffice.I-CUBE-FS-RTOS.1.0.1
2024-08-06 14:44:15,030 [ERROR] ConditionMgr:805 - Attr not supported : Dmpu
2024-08-06 14:44:15,030 [ERROR] ConditionMgr:805 - Attr not supported : Dmpu
2024-08-06 14:44:15,030 [ERROR] ConditionMgr:805 - Attr not supported : Dmpu
2024-08-06 14:44:15,030 [ERROR] ConditionMgr:805 - Attr not supported : Dmpu
2024-08-06 14:44:15,030 [ERROR] ConditionMgr:805 - Attr not supported : Dmpu
2024-08-06 14:44:15,030 [ERROR] ConditionMgr:805 - Attr not supported : Dmpu
2024-08-06 14:44:15,030 [ERROR] ConditionMgr:805 - Attr not supported : Dmpu
2024-08-06 14:44:15,030 [ERROR] ConditionMgr:805 - Attr not supported : Dmpu
2024-08-06 14:44:15,031 [ERROR] ConditionMgr:805 - Attr not supported : Dmpu
2024-08-06 14:44:15,031 [ERROR] ConditionMgr:805 - Attr not supported : Dmpu
2024-08-06 14:44:15,031 [ERROR] ConditionMgr:805 - Attr not supported : Dmpu
2024-08-06 14:44:15,031 [ERROR] ConditionMgr:805 - Attr not supported : Dmpu
2024-08-06 14:44:15,031 [ERROR] ConditionMgr:805 - Attr not supported : Dmpu
2024-08-06 14:44:15,031 [ERROR] ConditionMgr:805 - Attr not supported : Dmpu
2024-08-06 14:44:15,031 [ERROR] ConditionMgr:805 - Attr not supported : Dmpu
2024-08-06 14:44:15,031 [ERROR] ConditionMgr:805 - Attr not supported : Dmpu
2024-08-06 14:44:15,032 [ERROR] ConditionMgr:805 - Attr not supported : Dmpu
2024-08-06 14:44:15,032 [ERROR] ConditionMgr:805 - Attr not supported : Dmpu
2024-08-06 14:44:15,032 [ERROR] ConditionMgr:805 - Attr not supported : Dmpu
2024-08-06 14:44:15,032 [ERROR] ConditionMgr:805 - Attr not supported : Dmpu
2024-08-06 14:44:15,032 [ERROR] ConditionMgr:805 - Attr not supported : Dmpu
2024-08-06 14:44:15,032 [ERROR] ConditionMgr:805 - Attr not supported : Dmpu
2024-08-06 14:44:15,032 [ERROR] ConditionMgr:805 - Attr not supported : Dmpu
2024-08-06 14:44:15,032 [ERROR] ConditionMgr:805 - Attr not supported : Dmpu
2024-08-06 14:44:15,032 [ERROR] ConditionMgr:805 - Attr not supported : Dmpu
2024-08-06 14:44:15,032 [ERROR] ConditionMgr:805 - Attr not supported : Dmpu
2024-08-06 14:44:15,033 [ERROR] ConditionMgr:805 - Attr not supported : Dmpu
2024-08-06 14:44:15,033 [ERROR] ConditionMgr:805 - Attr not supported : Dmpu
2024-08-06 14:44:15,033 [ERROR] ConditionMgr:805 - Attr not supported : Dmpu
2024-08-06 14:44:15,033 [ERROR] ConditionMgr:805 - Attr not supported : Dmpu
2024-08-06 14:44:15,033 [ERROR] ConditionMgr:805 - Attr not supported : Dmpu
2024-08-06 14:44:15,033 [ERROR] ConditionMgr:805 - Attr not supported : Dmpu
2024-08-06 14:44:15,033 [ERROR] ConditionMgr:805 - Attr not supported : Dmpu
2024-08-06 14:44:15,033 [ERROR] ConditionMgr:805 - Attr not supported : Dmpu
2024-08-06 14:44:15,033 [ERROR] ConditionMgr:805 - Attr not supported : Dmpu
2024-08-06 14:44:15,033 [ERROR] ConditionMgr:805 - Attr not supported : Dmpu
2024-08-06 14:44:15,034 [ERROR] ConditionMgr:805 - Attr not supported : Dmpu
2024-08-06 14:44:15,034 [ERROR] ConditionMgr:805 - Attr not supported : Dmpu
2024-08-06 14:44:15,034 [ERROR] ConditionMgr:805 - Attr not supported : Dmpu
2024-08-06 14:44:15,034 [ERROR] ConditionMgr:805 - Attr not supported : Dmpu
2024-08-06 14:44:15,034 [ERROR] ConditionMgr:805 - Attr not supported : Dmpu
2024-08-06 14:44:15,034 [ERROR] ConditionMgr:805 - Attr not supported : Dmpu
2024-08-06 14:44:15,034 [ERROR] ConditionMgr:805 - Attr not supported : Dmpu
2024-08-06 14:44:15,034 [ERROR] ConditionMgr:805 - Attr not supported : Dmpu
2024-08-06 14:44:15,034 [ERROR] ConditionMgr:805 - Attr not supported : Dmpu
2024-08-06 14:44:15,035 [ERROR] ConditionMgr:805 - Attr not supported : Dmpu
2024-08-06 14:44:15,035 [ERROR] ConditionMgr:805 - Attr not supported : Dmpu
2024-08-06 14:44:15,035 [ERROR] ConditionMgr:805 - Attr not supported : Dmpu
2024-08-06 14:44:15,035 [ERROR] ConditionMgr:805 - Attr not supported : Dmpu
2024-08-06 14:44:15,035 [ERROR] ConditionMgr:805 - Attr not supported : Dmpu
2024-08-06 14:44:15,035 [ERROR] ConditionMgr:805 - Attr not supported : Dmpu
2024-08-06 14:44:15,035 [ERROR] ConditionMgr:805 - Attr not supported : Dmpu
2024-08-06 14:44:15,035 [ERROR] ConditionMgr:805 - Attr not supported : Dmpu
2024-08-06 14:44:15,035 [ERROR] ConditionMgr:805 - Attr not supported : Dmpu
2024-08-06 14:44:15,035 [ERROR] ConditionMgr:805 - Attr not supported : Dmpu
2024-08-06 14:44:15,035 [ERROR] ConditionMgr:805 - Attr not supported : Dmpu
2024-08-06 14:44:15,035 [ERROR] ConditionMgr:805 - Attr not supported : Dmpu
2024-08-06 14:44:15,035 [ERROR] ConditionMgr:805 - Attr not supported : Dmpu
2024-08-06 14:44:15,035 [ERROR] ConditionMgr:805 - Attr not supported : Dmpu
2024-08-06 14:44:15,036 [ERROR] ConditionMgr:805 - Attr not supported : Dmpu
2024-08-06 14:44:15,036 [ERROR] ConditionMgr:805 - Attr not supported : Dmpu
2024-08-06 14:44:15,036 [ERROR] ConditionMgr:805 - Attr not supported : Dmpu
2024-08-06 14:44:15,036 [ERROR] ConditionMgr:805 - Attr not supported : Dmpu
2024-08-06 14:44:15,036 [ERROR] ConditionMgr:805 - Attr not supported : Dmpu
2024-08-06 14:44:15,055 [WARN] PackLoader:240 - Cannot read IP mode file for RealThread.X-CUBE-RT-Thread_Nano.4.1.1
2024-08-06 14:44:15,071 [WARN] PackLoader:240 - Cannot read IP mode file for STMicroelectronics.FP-ATR-SIGFOX1.3.2.0
2024-08-06 14:44:15,089 [WARN] PackLoader:240 - Cannot read IP mode file for STMicroelectronics.X-CUBE-EEPRMA1.5.1.0
2024-08-06 14:44:15,140 [WARN] PackLoader:240 - Cannot read IP mode file for SEGGER.I-CUBE-embOS.1.3.1
2024-08-06 14:44:15,199 [WARN] PackLoader:240 - Cannot read IP mode file for STMicroelectronics.X-CUBE-ALGOBUILD.1.4.0
2024-08-06 14:44:15,216 [WARN] PackLoader:240 - Cannot read IP mode file for STMicroelectronics.X-CUBE-GNSS1.6.0.0
2024-08-06 14:44:15,259 [WARN] PackLoader:240 - Cannot read IP mode file for STMicroelectronics.X-CUBE-AZRTOS-F4.1.1.0
2024-08-06 14:44:15,280 [WARN] PackLoader:240 - Cannot read IP mode file for STMicroelectronics.X-CUBE-FREERTOS.1.2.0
2024-08-06 14:44:15,296 [WARN] PackLoader:240 - Cannot read IP mode file for wolfSSL.I-CUBE-wolfSSL.5.6.6
2024-08-06 14:44:15,326 [WARN] PackLoader:240 - Cannot read IP mode file for STMicroelectronics.X-CUBE-AZRTOS-L5.2.0.0
2024-08-06 14:44:15,349 [WARN] PackLoader:240 - Cannot read IP mode file for STMicroelectronics.X-CUBE-NFC6.3.1.0
2024-08-06 14:44:15,374 [WARN] PackLoader:240 - Cannot read IP mode file for ITTIA_DB.I-CUBE-ITTIADB.8.8.0
2024-08-06 14:44:15,395 [WARN] PackLoader:240 - Cannot read IP mode file for STMicroelectronics.X-CUBE-DPower.1.2.0
2024-08-06 14:44:15,413 [WARN] PackLoader:240 - Cannot read IP mode file for STMicroelectronics.X-CUBE-AI.9.0.0
2024-08-06 14:44:15,430 [WARN] PackLoader:240 - Cannot read IP mode file for STMicroelectronics.X-CUBE-NFC7.1.0.1
2024-08-06 14:44:15,447 [WARN] PackLoader:240 - Cannot read IP mode file for wolfSSL.I-CUBE-wolfTPM.3.2.0
2024-08-06 14:44:15,465 [WARN] PackLoader:240 - Cannot read IP mode file for STMicroelectronics.X-CUBE-NFC6.3.0.0
2024-08-06 14:44:15,483 [WARN] PackLoader:240 - Cannot read IP mode file for STMicroelectronics.X-CUBE-AI.8.1.0
2024-08-06 14:44:15,518 [WARN] ConditionMgr:438 - getConditionDescription Invalid condition id : LAN8742 Phy interface Condition cause : null
2024-08-06 14:44:15,519 [WARN] PackLoader:240 - Cannot read IP mode file for STMicroelectronics.X-CUBE-AZRTOS-L4.2.0.0
2024-08-06 14:44:15,520 [WARN] ConditionMgr:1039 - genDependencies : Invalid condition id : LAN8742 Phy interface Condition cause : null
2024-08-06 14:44:15,521 [WARN] ConditionMgr:1039 - genDependencies : Invalid condition id : LAN8742 Phy interface Condition cause : null
2024-08-06 14:44:15,521 [WARN] ConditionMgr:1039 - genDependencies : Invalid condition id : LAN8742 Phy interface Condition cause : null
2024-08-06 14:44:15,546 [WARN] PackLoader:240 - Cannot read IP mode file for STMicroelectronics.X-CUBE-SFXS2LP1.4.0.0
2024-08-06 14:44:15,580 [WARN] ConditionMgr:438 - getConditionDescription Invalid condition id : UX DEVICE CLASS RTOS Condition cause : null
2024-08-06 14:44:15,580 [WARN] ConditionMgr:438 - getConditionDescription Invalid condition id : UX DEVICE CLASS RTOS Condition cause : null
2024-08-06 14:44:15,583 [WARN] PackLoader:240 - Cannot read IP mode file for STMicroelectronics.X-CUBE-AZRTOS-WB.2.0.0
2024-08-06 14:44:15,584 [WARN] ConditionMgr:1039 - genDependencies : Invalid condition id : UX DEVICE CLASS RTOS Condition cause : null
2024-08-06 14:44:15,585 [WARN] ConditionMgr:1039 - genDependencies : Invalid condition id : UX DEVICE CLASS RTOS Condition cause : null
2024-08-06 14:44:15,585 [WARN] ConditionMgr:1039 - genDependencies : Invalid condition id : UX DEVICE CLASS RTOS Condition cause : null
2024-08-06 14:44:15,586 [WARN] ConditionMgr:1039 - genDependencies : Invalid condition id : UX DEVICE CLASS RTOS Condition cause : null
2024-08-06 14:44:15,586 [WARN] ConditionMgr:1039 - genDependencies : Invalid condition id : UX DEVICE CLASS RTOS Condition cause : null
2024-08-06 14:44:15,605 [WARN] PackLoader:240 - Cannot read IP mode file for STMicroelectronics.FP-SNS-STBOX1.2.0.0
2024-08-06 14:44:15,627 [WARN] PackLoader:240 - Cannot read IP mode file for STMicroelectronics.X-CUBE-SUBG2.5.0.0
2024-08-06 14:44:15,645 [WARN] PackLoader:240 - Cannot read IP mode file for Cesanta.I-CUBE-Mongoose.7.13.0
2024-08-06 14:44:15,677 [WARN] PackLoader:240 - Cannot read IP mode file for STMicroelectronics.X-CUBE-AZRTOS-G4.2.0.0
2024-08-06 14:44:15,705 [WARN] PackLoader:240 - Cannot read IP mode file for Infineon.AIROC-Wi-Fi-Bluetooth-STM32.1.5.1
2024-08-06 14:44:15,723 [WARN] PackLoader:240 - Cannot read IP mode file for STMicroelectronics.FP-SNS-MOTENVWB1.1.3.1
2024-08-06 14:44:15,738 [WARN] PackLoader:240 - Cannot read IP mode file for STMicroelectronics.X-CUBE-ISPU.2.0.0
2024-08-06 14:44:15,754 [WARN] PackLoader:240 - Cannot read IP mode file for STMicroelectronics.X-CUBE-ALS.1.0.2
2024-08-06 14:44:15,809 [WARN] PackLoader:240 - Cannot read IP mode file for STMicroelectronics.X-CUBE-MEMS1.10.0.0
2024-08-06 14:44:15,924 [WARN] PackLoader:240 - Cannot read IP mode file for STMicroelectronics.X-CUBE-FREERTOS.1.1.0
2024-08-06 14:44:15,941 [WARN] PackLoader:240 - Cannot read IP mode file for STMicroelectronics.X-CUBE-TOUCHGFX.4.24.0
2024-08-06 14:44:15,961 [WARN] PackLoader:240 - Cannot read IP mode file for portGmbH.I-Cube-SoM-uGOAL.1.1.0
2024-08-06 14:44:15,979 [WARN] PackLoader:240 - Cannot read IP mode file for STMicroelectronics.X-CUBE-ALS.1.0.1
2024-08-06 14:44:16,011 [WARN] PackLoader:240 - Cannot read IP mode file for STMicroelectronics.X-CUBE-AZRTOS-H7RS.1.0.0
2024-08-06 14:44:16,029 [WARN] PackLoader:240 - Cannot read IP mode file for STMicroelectronics.FP-ATR-ASTRA1.2.0.0
2024-08-06 14:44:16,061 [WARN] PackLoader:240 - Cannot read IP mode file for STMicroelectronics.X-CUBE-TOF1.3.4.2
2024-08-06 14:44:16,107 [WARN] PackLoader:240 - Cannot read IP mode file for STMicroelectronics.X-CUBE-TOF1.3.4.1
2024-08-06 14:44:16,184 [WARN] PackLoader:240 - Cannot read IP mode file for STMicroelectronics.X-CUBE-AZRTOS-H7.3.2.0
2024-08-06 14:44:16,204 [WARN] PackLoader:240 - Cannot read IP mode file for wolfSSL.I-CUBE-wolfSSH.1.4.17
2024-08-06 14:44:16,205 [INFO] ThirdParty:978 - Integrity check success = true
2024-08-06 14:44:16,205 [INFO] IntegrityCheckThread:100 - exiting critical section [integrity check]
2024-08-06 14:44:16,205 [INFO] IntegrityCheckThread:103 - End integrity checks thread
2024-08-06 14:44:19,439 [INFO] WebApp:161 - Instantiating new browser for Auth
2024-08-06 14:44:20,439 [INFO] WebApp:779 - Register for checkConnection events
2024-08-06 14:44:20,439 [INFO] WebApp:414 - Apply proxy settings
2024-08-06 14:44:20,439 [INFO] WebApp:499 - Chromium requires no authentication
2024-08-06 14:44:20,449 [INFO] WebApp:442 - Direct internet connection detected
2024-08-06 14:44:20,665 [INFO] WebApp:192 - Starting web application
2024-08-06 14:44:20,665 [INFO] WebApp:544 - Web application path used C:\ST\STM32CubeIDE_1.15.0\STM32CubeIDE\plugins\com.st.stm32cube.common.mx_6.11.0.202403141607\db\plugins\mcufinder\reactClient1\index.html
2024-08-06 14:54:25,576 [INFO] McuFinderGlobals:63 - Set McuFinder mode to 2 (CubeIDE integrated)
2024-08-06 14:54:25,614 [INFO] MainUpdater:2873 - connection check result : 10
2024-08-06 14:54:26,314 [INFO] ApiDb:581 - Connected to CubeFinder SQLite database (C:\Users\Admin\.stmcufinder\plugins\mcufinder\mcu\cube-finder-db.db)
2024-08-06 14:54:26,418 [INFO] ApiDb:668 - CubeFinder database Data Model version=2.1
2024-08-06 14:54:26,418 [INFO] ApiDb:669 - CubeFinder database Configuration version=3.0.39
2024-08-06 14:54:26,418 [INFO] ApiDb:670 - CubeFinder database generation date=2024-06-20 (1718880634)
2024-08-06 14:54:26,419 [INFO] ApiDb:671 - CubeFinder database FW Pack versions=[FP-ATR-ASTRA1_V2.0.0, FP-SNS-FLIGHT1_V5.0.2, FP-SNS-MOTENV1_V5.0.0, FP-SNS-MOTENVWB1_V1.4.0, FP-SNS-SMARTAG2_V1.2.0, STM32Cube_FW_C0_V1.2.0, STM32Cube_FW_F4_V1.28.0, STM32Cube_FW_F7_V1.17.2, STM32Cube_FW_G0_V1.6.2, STM32Cube_FW_G4_V1.6.0, STM32Cube_FW_H5_V1.3.0, STM32Cube_FW_H7RS_V1.1.0, STM32Cube_FW_H7_V1.11.2, STM32Cube_FW_L0_V1.12.2, STM32Cube_FW_L5_V1.5.1, STM32Cube_FW_U0_V1.1.0, STM32Cube_FW_U5_V1.6.0, STM32Cube_FW_WB0_V1.0.0, STM32Cube_FW_WBA_V1.4.0, STM32Cube_FW_WB_V1.20.0, STM32Cube_FW_WL_V1.3.0, X-CUBE-ALGOBUILD_V1.4.0, X-CUBE-ALS_V1.0.2, X-CUBE-AZRTOS-F4_V1.1.0, X-CUBE-AZRTOS-F7_V1.1.0, X-CUBE-AZRTOS-G0_V1.1.0, X-CUBE-AZRTOS-G4_V2.0.0, X-CUBE-AZRTOS-H7RS_V1.0.0, X-CUBE-AZRTOS-H7_V3.2.0, X-CUBE-AZRTOS-L4_V2.0.0, X-CUBE-AZRTOS-L5_V1.1.0, X-CUBE-AZRTOS-WB_V2.0.0, X-CUBE-AZRTOS-WL_V2.0.0, X-CUBE-BLE1_V7.0.0, X-CUBE-BLE2_V3.3.0, X-CUBE-BLEMGR_V3.1.0, X-CUBE-EEPRMA1_V5.1.0, X-CUBE-FREERTOS_V1.2.0, X-CUBE-GNSS1_V6.0.0, X-CUBE-MEMS1_V10.0.0, X-CUBE-NFC4_V3.0.0, X-CUBE-NFC7_V1.0.1, X-CUBE-SFXS2LP1_V4.0.0, X-CUBE-SUBG2_V5.0.0, X-CUBE-TOF1_V3.4.1]
2024-08-06 14:54:26,570 [INFO] DbBoardsSqlite:226 - include board P-NUCLEO-WB55-NUCLEO as a kit item of type 'Nucleo-64'
2024-08-06 14:54:26,571 [INFO] DbBoardsSqlite:226 - include board P-NUCLEO-WB55-USBDONGLE as a kit item of type 'Nucleo USB Dongle'
2024-08-06 14:54:26,573 [INFO] DbBoardsSqlite:226 - include board STEVAL-IDP005V1 as a kit item of type 'Evaluation Board'
2024-08-06 14:54:26,573 [INFO] DbBoardsSqlite:226 - include board STEVAL-IDP005V2 as a kit item of type 'Evaluation Board'
2024-08-06 14:54:26,790 [INFO] ApiDb:240 - Found 483 in-development CPN: [B-G473E-ZEST1S, B-WB1M-WPAN1, B-WL5M-SUBG1, NUCLEO-C031C6, NUCLEO-H503RB, NUCLEO-H533RE, NUCLEO-H563ZI, NUCLEO-H7S3L8, NUCLEO-U031R8, NUCLEO-U083RC, NUCLEO-U545RE-Q, NUCLEO-U5A5ZJ-Q, NUCLEO-WBA52CG, NUCLEO-WBA55CG, STEVAL-PROTEUS1, STEVAL-SMARTAG2, STEVAL-STWINBX1, STM320518-EVAL, STM32C0116-DK, STM32C011D6Y3TR, STM32C011D6Y6TR, STM32C011F4P3, STM32C011F4P6, STM32C011F4U3, STM32C011F4U6TR, STM32C011F6P3, STM32C011F6P6, STM32C011F6U3, STM32C011F6U6TR, STM32C011J4M3, STM32C011J4M6, STM32C011J6M3, STM32C011J6M6, STM32C0316-DK, STM32C031C4T3, STM32C031C4T6, STM32C031C4U3, STM32C031C4U6, STM32C031C6T3, STM32C031C6T6, STM32C031C6U3, STM32C031C6U6, STM32C031F4P3, STM32C031F4P6, STM32C031F6P3, STM32C031F6P6, STM32C031G4U3, STM32C031G4U6, STM32C031G6U3, STM32C031G6U6, STM32C031K4T3, STM32C031K4T6, STM32C031K4U3, STM32C031K4U6, STM32C031K6T3, STM32C031K6T6, STM32C031K6U3, STM32C031K6U6, STM32G071K8TXN, STM32G071K8UXN, STM32G081GBU6N, STM32G081KBT6N, STM32G081KBUXN, STM32G0B1CCT6N, STM32G0B1KCT6, STM32G0B1NEY6TR, STM32G0B1RCT6N, STM32G0C1CCT6, STM32G0C1CCT6N, STM32G0C1CCU6N, STM32G0C1CET6N, STM32G0C1CEU6N, STM32G0C1KCT6, STM32G0C1NEY6TR, STM32G0C1RCI6N, STM32G0C1RCT6N, STM32G0C1REI6N, STM32G0C1RET6N, STM32G0C1VCI6, STM32G0C1VEI6, STM32G471CCT6, STM32G471CCU6, STM32G471CET3, STM32G471CET6, STM32G471CEU3, STM32G471CEU6, STM32G471MCT6, STM32G471MET3, STM32G471MET6, STM32G471MEY6TR, STM32G471QCT6, STM32G471QET3, STM32G471RCT6, STM32G471RET3, STM32G471RET6, STM32G471VCH6, STM32G471VCI6, STM32G471VCT6, STM32G471VEH3, STM32G471VEH6, STM32G471VEI3, STM32G471VEI6, STM32G471VET3, STM32G471VET6, STM32G474CCT6, STM32H503CBT6, STM32H503CBU6, STM32H503EBY6TR, STM32H503KBU6, STM32H503RBT6, STM32H523CCT6, STM32H523CCU6, STM32H523CET6, STM32H523CEU6, STM32H523HEY6TR, STM32H523RCT6, STM32H523RET6, STM32H523VCI6, STM32H523VCT6, STM32H523VEI6, STM32H523VET6, STM32H523ZCJ6, STM32H523ZCT6, STM32H523ZEJ6, STM32H523ZET6, STM32H533CET6, STM32H533CEU6, STM32H533HEY6TR, STM32H533RET6, STM32H533VEI6, STM32H533VET6, STM32H533ZEJ6, STM32H533ZET6, STM32H562AGI6, STM32H562AII6, STM32H562IGK6, STM32H562IGT6, STM32H562IIK6, STM32H562IIT6, STM32H562RGT6, STM32H562RGV6, STM32H562RIT6, STM32H562RIV6, STM32H562VGT6, STM32H562VIT6, STM32H562ZGT6, STM32H562ZIT6, STM32H563AGI6, STM32H563AII3Q, STM32H563AII6, STM32H563IGK6, STM32H563IGT6, STM32H563IIK3Q, STM32H563IIK6, STM32H563IIT3Q, STM32H563IIT6, STM32H563MIY3QTR, STM32H563RGT6, STM32H563RGV6, STM32H563RIT6, STM32H563RIV6, STM32H563VGT6, STM32H563VIT3Q, STM32H563VIT6, STM32H563ZGT6, STM32H563ZIT3Q, STM32H563ZIT6, STM32H573AII3Q, STM32H573AII6, STM32H573I-DK, STM32H573IIK3Q, STM32H573IIK6, STM32H573IIT3Q, STM32H573IIT6, STM32H573MIY3QTR, STM32H573RIT6, STM32H573RIV6, STM32H573VIT3Q, STM32H573VIT6, STM32H573ZIT3Q, STM32H573ZIT6, STM32H7R3A8I6, STM32H7R3I8K6, STM32H7R3I8T6, STM32H7R3L8H6, STM32H7R3L8H6H, STM32H7R3R8V6, STM32H7R3V8H6, STM32H7R3V8T6, STM32H7R3V8Y6, STM32H7R3Z8J6, STM32H7R3Z8T6, STM32H7R7A8I6, STM32H7R7I8K6, STM32H7R7I8T6, STM32H7R7L8H6, STM32H7R7L8H6H, STM32H7R7Z8J6, STM32H7S3A8I6, STM32H7S3I8K6, STM32H7S3I8T6, STM32H7S3L8H6, STM32H7S3L8H6H, STM32H7S3R8V6, STM32H7S3V8H6, STM32H7S3V8T6, STM32H7S3V8Y6, STM32H7S3Z8J6, STM32H7S3Z8T6, STM32H7S78-DK, STM32H7S7A8I6, STM32H7S7I8K6, STM32H7S7I8T6, STM32H7S7L8H6, STM32H7S7L8H6H, STM32H7S7Z8J6, STM32L4R5QGI6STR, STM32MP131AAE3, STM32MP131AAF3, STM32MP131AAG3, STM32MP131CAE3, STM32MP131CAF3, STM32MP131CAG3, STM32MP131DAE7, STM32MP131DAF7, STM32MP131DAG7, STM32MP131FAE7, STM32MP131FAF7, STM32MP131FAG7, STM32MP133AAE3, STM32MP133AAF3, STM32MP133AAG3, STM32MP133CAE3, STM32MP133CAF3, STM32MP133CAG3, STM32MP133DAE7, STM32MP133DAF7, STM32MP133DAG7, STM32MP133FAE7, STM32MP133FAF7, STM32MP133FAG7, STM32MP135AAE3, STM32MP135AAF3, STM32MP135AAG3, STM32MP135CAE3, STM32MP135CAF3, STM32MP135CAG3, STM32MP135DAE7, STM32MP135DAF7, STM32MP135DAG7, STM32MP135F-DK, STM32MP135FAE7, STM32MP135FAF7, STM32MP135FAF7T, STM32MP135FAF7U, STM32MP135FAG7, STM32U031C6T6, STM32U031C6U6, STM32U031C8T6, STM32U031C8U6, STM32U031F4P6, STM32U031F6P6, STM32U031F8P6, STM32U031G6Y6TR, STM32U031G8Y6TR, STM32U031K4U6, STM32U031K6U6, STM32U031K8U6, STM32U031R6I6, STM32U031R6T6, STM32U031R8I6, STM32U031R8T6, STM32U073C8T6, STM32U073C8U6, STM32U073CBT6, STM32U073CBU6, STM32U073CCT6, STM32U073CCU6, STM32U073H8Y6TR, STM32U073HBY6TR, STM32U073HCY6TR, STM32U073K8U6, STM32U073KBU6, STM32U073KCU6, STM32U073M8I6, STM32U073M8T6, STM32U073MBI6, STM32U073MBT6, STM32U073MCI6, STM32U073MCT6, STM32U073R8I6, STM32U073R8T6, STM32U073RBI6, STM32U073RBT6, STM32U073RCI6, STM32U073RCT6, STM32U083C-DK, STM32U083CCT6, STM32U083CCU6, STM32U083HCY6TR, STM32U083KCU6, STM32U083MCI6, STM32U083MCT6, STM32U083RCI6, STM32U083RCT6, STM32U535CBT6, STM32U535CBT6Q, STM32U535CBU6, STM32U535CBU6Q, STM32U535CCT6, STM32U535CCT6Q, STM32U535CCU6, STM32U535CCU6Q, STM32U535CET6, STM32U535CET6Q, STM32U535CEU6, STM32U535CEU6Q, STM32U535JEY6QTR, STM32U535NCY6QTR, STM32U535NEY6QTR, STM32U535RBI6, STM32U535RBI6Q, STM32U535RBT6, STM32U535RBT6Q, STM32U535RCI6, STM32U535RCI6Q, STM32U535RCT6, STM32U535RCT6Q, STM32U535REI6, STM32U535REI6Q, STM32U535RET6, STM32U535RET6Q, STM32U535VCI6, STM32U535VCI6Q, STM32U535VCT6, STM32U535VCT6Q, STM32U535VEI6, STM32U535VEI6Q, STM32U535VET6, STM32U535VET6Q, STM32U545CET6, STM32U545CET6Q, STM32U545CEU6, STM32U545CEU6Q, STM32U545JEY6QTR, STM32U545NEY6QTR, STM32U545REI6, STM32U545REI6Q, STM32U545RET6, STM32U545RET6Q, STM32U545VEI6, STM32U545VEI6Q, STM32U545VET6, STM32U545VET6Q, STM32U595AIH6, STM32U595AIH6Q, STM32U595AJH6, STM32U595AJH6Q, STM32U595QII6, STM32U595QII6Q, STM32U595QJI6, STM32U595QJI6Q, STM32U595RIT6, STM32U595RIT6Q, STM32U595RJT6, STM32U595RJT6Q, STM32U595VIT6, STM32U595VIT6Q, STM32U595VJT6, STM32U595VJT6Q, STM32U595ZIT6, STM32U595ZIT6Q, STM32U595ZIY6QTR, STM32U595ZJT6, STM32U595ZJT6Q, STM32U595ZJY6QTR, STM32U599BJY6QTR, STM32U599NIH6Q, STM32U599NJH6Q, STM32U599VIT6Q, STM32U599VJT6, STM32U599VJT6Q, STM32U599ZIT6Q, STM32U599ZIY6QTR, STM32U599ZJT6Q, STM32U599ZJY6QTR, STM32U5A5AJH6, STM32U5A5AJH6Q, STM32U5A5QII3Q , STM32U5A5QJI6, STM32U5A5QJI6Q, STM32U5A5RJT6, STM32U5A5RJT6Q, STM32U5A5VJT6, STM32U5A5VJT6Q, STM32U5A5ZJT6, STM32U5A5ZJT6Q, STM32U5A5ZJY6QTR, STM32U5A9BJY6QTR, STM32U5A9J-DK, STM32U5A9NJH6Q, STM32U5A9VJT6Q, STM32U5A9ZJT6Q, STM32U5A9ZJY6QTR, STM32U5F7VIT6, STM32U5F7VIT6Q, STM32U5F7VJT6, STM32U5F7VJT6Q, STM32U5F9BJY6QTR, STM32U5F9NJH6Q, STM32U5F9VIT6Q, STM32U5F9VJT6Q, STM32U5F9ZIJ6QTR, STM32U5F9ZIT6Q, STM32U5F9ZJJ6QTR, STM32U5F9ZJT6Q, STM32U5G7VJT6, STM32U5G7VJT6Q, STM32U5G9BJY6QTR, STM32U5G9J-DK1, STM32U5G9J-DK2, STM32U5G9NJH6Q, STM32U5G9VJT6Q, STM32U5G9ZJJ6QTR, STM32U5G9ZJT6Q, STM32WB1MMCH6, STM32WBA50KEU6, STM32WBA50KEU6TR, STM32WBA50KGU6, STM32WBA50KGU6TR, STM32WBA52CEU6, STM32WBA52CEU6TR, STM32WBA52CEU7, STM32WBA52CEU7TR, STM32WBA52CGU6, STM32WBA52CGU6TR, STM32WBA52CGU6U, STM32WBA52CGU7, STM32WBA52CGU7TR, STM32WBA52KEU6, STM32WBA52KEU6TR, STM32WBA52KGU6, STM32WBA52KGU6TR, STM32WBA54CEU6, STM32WBA54CEU6TR, STM32WBA54CEU7, STM32WBA54CEU7TR, STM32WBA54CGU6, STM32WBA54CGU6TR, STM32WBA54CGU7, STM32WBA54CGU7TR, STM32WBA54KEU6, STM32WBA54KEU6TR, STM32WBA54KEU7, STM32WBA54KEU7TR, STM32WBA54KGU6, STM32WBA54KGU6TR, STM32WBA54KGU7, STM32WBA54KGU7TR, STM32WBA55CEU6, STM32WBA55CEU6TR, STM32WBA55CEU7, STM32WBA55CEU7TR, STM32WBA55CGU6, STM32WBA55CGU6TR, STM32WBA55CGU6U, STM32WBA55CGU7, STM32WBA55CGU7TR, STM32WBA55G-DK1, STM32WBA55HEF6, STM32WBA55HEF7, STM32WBA55HGF6, STM32WBA55HGF7, STM32WBA55UEI6, STM32WBA55UEI6TR, STM32WBA55UEI7, STM32WBA55UEI7TR, STM32WBA55UGI6, STM32WBA55UGI6TR, STM32WBA55UGI7, STM32WBA55UGI7TR, STM32WL5MOCH6, STM32WL5MOCH6TR]
2024-08-06 14:54:26,796 [INFO] ApiDb:668 - CubeFinder database Data Model version=2.1
2024-08-06 14:54:26,796 [INFO] ApiDb:669 - CubeFinder database Configuration version=3.0.39
2024-08-06 14:54:26,796 [INFO] ApiDb:670 - CubeFinder database generation date=2024-06-20 (1718880634)
2024-08-06 14:54:26,796 [INFO] ApiDb:671 - CubeFinder database FW Pack versions=[FP-ATR-ASTRA1_V2.0.0, FP-SNS-FLIGHT1_V5.0.2, FP-SNS-MOTENV1_V5.0.0, FP-SNS-MOTENVWB1_V1.4.0, FP-SNS-SMARTAG2_V1.2.0, STM32Cube_FW_C0_V1.2.0, STM32Cube_FW_F4_V1.28.0, STM32Cube_FW_F7_V1.17.2, STM32Cube_FW_G0_V1.6.2, STM32Cube_FW_G4_V1.6.0, STM32Cube_FW_H5_V1.3.0, STM32Cube_FW_H7RS_V1.1.0, STM32Cube_FW_H7_V1.11.2, STM32Cube_FW_L0_V1.12.2, STM32Cube_FW_L5_V1.5.1, STM32Cube_FW_U0_V1.1.0, STM32Cube_FW_U5_V1.6.0, STM32Cube_FW_WB0_V1.0.0, STM32Cube_FW_WBA_V1.4.0, STM32Cube_FW_WB_V1.20.0, STM32Cube_FW_WL_V1.3.0, X-CUBE-ALGOBUILD_V1.4.0, X-CUBE-ALS_V1.0.2, X-CUBE-AZRTOS-F4_V1.1.0, X-CUBE-AZRTOS-F7_V1.1.0, X-CUBE-AZRTOS-G0_V1.1.0, X-CUBE-AZRTOS-G4_V2.0.0, X-CUBE-AZRTOS-H7RS_V1.0.0, X-CUBE-AZRTOS-H7_V3.2.0, X-CUBE-AZRTOS-L4_V2.0.0, X-CUBE-AZRTOS-L5_V1.1.0, X-CUBE-AZRTOS-WB_V2.0.0, X-CUBE-AZRTOS-WL_V2.0.0, X-CUBE-BLE1_V7.0.0, X-CUBE-BLE2_V3.3.0, X-CUBE-BLEMGR_V3.1.0, X-CUBE-EEPRMA1_V5.1.0, X-CUBE-FREERTOS_V1.2.0, X-CUBE-GNSS1_V6.0.0, X-CUBE-MEMS1_V10.0.0, X-CUBE-NFC4_V3.0.0, X-CUBE-NFC7_V1.0.1, X-CUBE-SFXS2LP1_V4.0.0, X-CUBE-SUBG2_V5.0.0, X-CUBE-TOF1_V3.4.1]
2024-08-06 14:54:29,417 [INFO] ApiDb:240 - Found 483 in-development CPN: [B-G473E-ZEST1S, B-WB1M-WPAN1, B-WL5M-SUBG1, NUCLEO-C031C6, NUCLEO-H503RB, NUCLEO-H533RE, NUCLEO-H563ZI, NUCLEO-H7S3L8, NUCLEO-U031R8, NUCLEO-U083RC, NUCLEO-U545RE-Q, NUCLEO-U5A5ZJ-Q, NUCLEO-WBA52CG, NUCLEO-WBA55CG, STEVAL-PROTEUS1, STEVAL-SMARTAG2, STEVAL-STWINBX1, STM320518-EVAL, STM32C0116-DK, STM32C011D6Y3TR, STM32C011D6Y6TR, STM32C011F4P3, STM32C011F4P6, STM32C011F4U3, STM32C011F4U6TR, STM32C011F6P3, STM32C011F6P6, STM32C011F6U3, STM32C011F6U6TR, STM32C011J4M3, STM32C011J4M6, STM32C011J6M3, STM32C011J6M6, STM32C0316-DK, STM32C031C4T3, STM32C031C4T6, STM32C031C4U3, STM32C031C4U6, STM32C031C6T3, STM32C031C6T6, STM32C031C6U3, STM32C031C6U6, STM32C031F4P3, STM32C031F4P6, STM32C031F6P3, STM32C031F6P6, STM32C031G4U3, STM32C031G4U6, STM32C031G6U3, STM32C031G6U6, STM32C031K4T3, STM32C031K4T6, STM32C031K4U3, STM32C031K4U6, STM32C031K6T3, STM32C031K6T6, STM32C031K6U3, STM32C031K6U6, STM32G071K8TXN, STM32G071K8UXN, STM32G081GBU6N, STM32G081KBT6N, STM32G081KBUXN, STM32G0B1CCT6N, STM32G0B1KCT6, STM32G0B1NEY6TR, STM32G0B1RCT6N, STM32G0C1CCT6, STM32G0C1CCT6N, STM32G0C1CCU6N, STM32G0C1CET6N, STM32G0C1CEU6N, STM32G0C1KCT6, STM32G0C1NEY6TR, STM32G0C1RCI6N, STM32G0C1RCT6N, STM32G0C1REI6N, STM32G0C1RET6N, STM32G0C1VCI6, STM32G0C1VEI6, STM32G471CCT6, STM32G471CCU6, STM32G471CET3, STM32G471CET6, STM32G471CEU3, STM32G471CEU6, STM32G471MCT6, STM32G471MET3, STM32G471MET6, STM32G471MEY6TR, STM32G471QCT6, STM32G471QET3, STM32G471RCT6, STM32G471RET3, STM32G471RET6, STM32G471VCH6, STM32G471VCI6, STM32G471VCT6, STM32G471VEH3, STM32G471VEH6, STM32G471VEI3, STM32G471VEI6, STM32G471VET3, STM32G471VET6, STM32G474CCT6, STM32H503CBT6, STM32H503CBU6, STM32H503EBY6TR, STM32H503KBU6, STM32H503RBT6, STM32H523CCT6, STM32H523CCU6, STM32H523CET6, STM32H523CEU6, STM32H523HEY6TR, STM32H523RCT6, STM32H523RET6, STM32H523VCI6, STM32H523VCT6, STM32H523VEI6, STM32H523VET6, STM32H523ZCJ6, STM32H523ZCT6, STM32H523ZEJ6, STM32H523ZET6, STM32H533CET6, STM32H533CEU6, STM32H533HEY6TR, STM32H533RET6, STM32H533VEI6, STM32H533VET6, STM32H533ZEJ6, STM32H533ZET6, STM32H562AGI6, STM32H562AII6, STM32H562IGK6, STM32H562IGT6, STM32H562IIK6, STM32H562IIT6, STM32H562RGT6, STM32H562RGV6, STM32H562RIT6, STM32H562RIV6, STM32H562VGT6, STM32H562VIT6, STM32H562ZGT6, STM32H562ZIT6, STM32H563AGI6, STM32H563AII3Q, STM32H563AII6, STM32H563IGK6, STM32H563IGT6, STM32H563IIK3Q, STM32H563IIK6, STM32H563IIT3Q, STM32H563IIT6, STM32H563MIY3QTR, STM32H563RGT6, STM32H563RGV6, STM32H563RIT6, STM32H563RIV6, STM32H563VGT6, STM32H563VIT3Q, STM32H563VIT6, STM32H563ZGT6, STM32H563ZIT3Q, STM32H563ZIT6, STM32H573AII3Q, STM32H573AII6, STM32H573I-DK, STM32H573IIK3Q, STM32H573IIK6, STM32H573IIT3Q, STM32H573IIT6, STM32H573MIY3QTR, STM32H573RIT6, STM32H573RIV6, STM32H573VIT3Q, STM32H573VIT6, STM32H573ZIT3Q, STM32H573ZIT6, STM32H7R3A8I6, STM32H7R3I8K6, STM32H7R3I8T6, STM32H7R3L8H6, STM32H7R3L8H6H, STM32H7R3R8V6, STM32H7R3V8H6, STM32H7R3V8T6, STM32H7R3V8Y6, STM32H7R3Z8J6, STM32H7R3Z8T6, STM32H7R7A8I6, STM32H7R7I8K6, STM32H7R7I8T6, STM32H7R7L8H6, STM32H7R7L8H6H, STM32H7R7Z8J6, STM32H7S3A8I6, STM32H7S3I8K6, STM32H7S3I8T6, STM32H7S3L8H6, STM32H7S3L8H6H, STM32H7S3R8V6, STM32H7S3V8H6, STM32H7S3V8T6, STM32H7S3V8Y6, STM32H7S3Z8J6, STM32H7S3Z8T6, STM32H7S78-DK, STM32H7S7A8I6, STM32H7S7I8K6, STM32H7S7I8T6, STM32H7S7L8H6, STM32H7S7L8H6H, STM32H7S7Z8J6, STM32L4R5QGI6STR, STM32MP131AAE3, STM32MP131AAF3, STM32MP131AAG3, STM32MP131CAE3, STM32MP131CAF3, STM32MP131CAG3, STM32MP131DAE7, STM32MP131DAF7, STM32MP131DAG7, STM32MP131FAE7, STM32MP131FAF7, STM32MP131FAG7, STM32MP133AAE3, STM32MP133AAF3, STM32MP133AAG3, STM32MP133CAE3, STM32MP133CAF3, STM32MP133CAG3, STM32MP133DAE7, STM32MP133DAF7, STM32MP133DAG7, STM32MP133FAE7, STM32MP133FAF7, STM32MP133FAG7, STM32MP135AAE3, STM32MP135AAF3, STM32MP135AAG3, STM32MP135CAE3, STM32MP135CAF3, STM32MP135CAG3, STM32MP135DAE7, STM32MP135DAF7, STM32MP135DAG7, STM32MP135F-DK, STM32MP135FAE7, STM32MP135FAF7, STM32MP135FAF7T, STM32MP135FAF7U, STM32MP135FAG7, STM32U031C6T6, STM32U031C6U6, STM32U031C8T6, STM32U031C8U6, STM32U031F4P6, STM32U031F6P6, STM32U031F8P6, STM32U031G6Y6TR, STM32U031G8Y6TR, STM32U031K4U6, STM32U031K6U6, STM32U031K8U6, STM32U031R6I6, STM32U031R6T6, STM32U031R8I6, STM32U031R8T6, STM32U073C8T6, STM32U073C8U6, STM32U073CBT6, STM32U073CBU6, STM32U073CCT6, STM32U073CCU6, STM32U073H8Y6TR, STM32U073HBY6TR, STM32U073HCY6TR, STM32U073K8U6, STM32U073KBU6, STM32U073KCU6, STM32U073M8I6, STM32U073M8T6, STM32U073MBI6, STM32U073MBT6, STM32U073MCI6, STM32U073MCT6, STM32U073R8I6, STM32U073R8T6, STM32U073RBI6, STM32U073RBT6, STM32U073RCI6, STM32U073RCT6, STM32U083C-DK, STM32U083CCT6, STM32U083CCU6, STM32U083HCY6TR, STM32U083KCU6, STM32U083MCI6, STM32U083MCT6, STM32U083RCI6, STM32U083RCT6, STM32U535CBT6, STM32U535CBT6Q, STM32U535CBU6, STM32U535CBU6Q, STM32U535CCT6, STM32U535CCT6Q, STM32U535CCU6, STM32U535CCU6Q, STM32U535CET6, STM32U535CET6Q, STM32U535CEU6, STM32U535CEU6Q, STM32U535JEY6QTR, STM32U535NCY6QTR, STM32U535NEY6QTR, STM32U535RBI6, STM32U535RBI6Q, STM32U535RBT6, STM32U535RBT6Q, STM32U535RCI6, STM32U535RCI6Q, STM32U535RCT6, STM32U535RCT6Q, STM32U535REI6, STM32U535REI6Q, STM32U535RET6, STM32U535RET6Q, STM32U535VCI6, STM32U535VCI6Q, STM32U535VCT6, STM32U535VCT6Q, STM32U535VEI6, STM32U535VEI6Q, STM32U535VET6, STM32U535VET6Q, STM32U545CET6, STM32U545CET6Q, STM32U545CEU6, STM32U545CEU6Q, STM32U545JEY6QTR, STM32U545NEY6QTR, STM32U545REI6, STM32U545REI6Q, STM32U545RET6, STM32U545RET6Q, STM32U545VEI6, STM32U545VEI6Q, STM32U545VET6, STM32U545VET6Q, STM32U595AIH6, STM32U595AIH6Q, STM32U595AJH6, STM32U595AJH6Q, STM32U595QII6, STM32U595QII6Q, STM32U595QJI6, STM32U595QJI6Q, STM32U595RIT6, STM32U595RIT6Q, STM32U595RJT6, STM32U595RJT6Q, STM32U595VIT6, STM32U595VIT6Q, STM32U595VJT6, STM32U595VJT6Q, STM32U595ZIT6, STM32U595ZIT6Q, STM32U595ZIY6QTR, STM32U595ZJT6, STM32U595ZJT6Q, STM32U595ZJY6QTR, STM32U599BJY6QTR, STM32U599NIH6Q, STM32U599NJH6Q, STM32U599VIT6Q, STM32U599VJT6, STM32U599VJT6Q, STM32U599ZIT6Q, STM32U599ZIY6QTR, STM32U599ZJT6Q, STM32U599ZJY6QTR, STM32U5A5AJH6, STM32U5A5AJH6Q, STM32U5A5QII3Q , STM32U5A5QJI6, STM32U5A5QJI6Q, STM32U5A5RJT6, STM32U5A5RJT6Q, STM32U5A5VJT6, STM32U5A5VJT6Q, STM32U5A5ZJT6, STM32U5A5ZJT6Q, STM32U5A5ZJY6QTR, STM32U5A9BJY6QTR, STM32U5A9J-DK, STM32U5A9NJH6Q, STM32U5A9VJT6Q, STM32U5A9ZJT6Q, STM32U5A9ZJY6QTR, STM32U5F7VIT6, STM32U5F7VIT6Q, STM32U5F7VJT6, STM32U5F7VJT6Q, STM32U5F9BJY6QTR, STM32U5F9NJH6Q, STM32U5F9VIT6Q, STM32U5F9VJT6Q, STM32U5F9ZIJ6QTR, STM32U5F9ZIT6Q, STM32U5F9ZJJ6QTR, STM32U5F9ZJT6Q, STM32U5G7VJT6, STM32U5G7VJT6Q, STM32U5G9BJY6QTR, STM32U5G9J-DK1, STM32U5G9J-DK2, STM32U5G9NJH6Q, STM32U5G9VJT6Q, STM32U5G9ZJJ6QTR, STM32U5G9ZJT6Q, STM32WB1MMCH6, STM32WBA50KEU6, STM32WBA50KEU6TR, STM32WBA50KGU6, STM32WBA50KGU6TR, STM32WBA52CEU6, STM32WBA52CEU6TR, STM32WBA52CEU7, STM32WBA52CEU7TR, STM32WBA52CGU6, STM32WBA52CGU6TR, STM32WBA52CGU6U, STM32WBA52CGU7, STM32WBA52CGU7TR, STM32WBA52KEU6, STM32WBA52KEU6TR, STM32WBA52KGU6, STM32WBA52KGU6TR, STM32WBA54CEU6, STM32WBA54CEU6TR, STM32WBA54CEU7, STM32WBA54CEU7TR, STM32WBA54CGU6, STM32WBA54CGU6TR, STM32WBA54CGU7, STM32WBA54CGU7TR, STM32WBA54KEU6, STM32WBA54KEU6TR, STM32WBA54KEU7, STM32WBA54KEU7TR, STM32WBA54KGU6, STM32WBA54KGU6TR, STM32WBA54KGU7, STM32WBA54KGU7TR, STM32WBA55CEU6, STM32WBA55CEU6TR, STM32WBA55CEU7, STM32WBA55CEU7TR, STM32WBA55CGU6, STM32WBA55CGU6TR, STM32WBA55CGU6U, STM32WBA55CGU7, STM32WBA55CGU7TR, STM32WBA55G-DK1, STM32WBA55HEF6, STM32WBA55HEF7, STM32WBA55HGF6, STM32WBA55HGF7, STM32WBA55UEI6, STM32WBA55UEI6TR, STM32WBA55UEI7, STM32WBA55UEI7TR, STM32WBA55UGI6, STM32WBA55UGI6TR, STM32WBA55UGI7, STM32WBA55UGI7TR, STM32WL5MOCH6, STM32WL5MOCH6TR]
2024-08-06 14:54:29,426 [INFO] DbMcus:218 - Found 4203 MCUs, 4203 are supported
2024-08-06 14:54:29,435 [INFO] ApiDb:423 - Load user favorites file C:\Users\Admin/.stm32cubeide/favorites.mcus.txt: 1 item(s)
2024-08-06 14:54:29,435 [INFO] ApiDb:427 - User favorites MCUs=[STM32F103C8T6]
2024-08-06 14:54:29,436 [INFO] DbMcus:224 - Set 1 / 1 favorites MCUs
2024-08-06 14:54:29,943 [INFO] BoardInfo:889 - No configuration file found for board P-NUCLEO-WB55
2024-08-06 14:54:29,943 [INFO] DbBoards:161 - Kit is not supported: P-NUCLEO-WB55
2024-08-06 14:54:29,949 [INFO] BoardInfo:889 - No configuration file found for board STEVAL-BFA001V1B
2024-08-06 14:54:29,949 [INFO] DbBoards:161 - Kit is not supported: STEVAL-BFA001V1B
2024-08-06 14:54:29,950 [INFO] BoardInfo:889 - No configuration file found for board STEVAL-BFA001V2B
2024-08-06 14:54:29,950 [INFO] DbBoards:161 - Kit is not supported: STEVAL-BFA001V2B
2024-08-06 14:54:30,083 [INFO] DbBoards:168 - Found 195 boards, 192 are supported
2024-08-06 14:54:30,083 [INFO] DbBoards:169 - Found 195 boards, 8 of them is supported for  Bsp
2024-08-06 14:54:30,087 [INFO] ApiDb:423 - Load user favorites file C:\Users\Admin/.stm32cubeide/favorites.boards.txt: 0 item(s)
2024-08-06 14:54:30,087 [INFO] ApiDb:427 - User favorites Boards=[]
2024-08-06 14:54:30,087 [INFO] DbBoards:198 - Set 0 / 0 favorites Boards
2024-08-06 14:54:30,087 [INFO] McuFinderGlobals:76 - Set McuFinderConnectedMode to true
2024-08-06 14:54:30,096 [INFO] MultiScanPanel:200 - Auto-refresh data requested => check proxy status ongoing
2024-08-06 14:54:30,100 [INFO] FinderPluginLoader:95 - Searching for filters in installed packs
2024-08-06 14:54:31,872 [INFO] LoadUrlFilesThread:185 - End of LoadServerUrlFiles without Thread
2024-08-06 14:54:31,892 [INFO] DetailPanel:341 - Set advertising image to C:/Users/Admin/STM32Cube/Repository/\en.prom-stm32h7rs-mcu-finder.jpg
2024-08-06 14:55:02,112 [INFO] MainUpdater:2873 - connection check result : 10
2024-08-06 14:55:02,112 [INFO] MainUpdater:2873 - connection check result : 10
2024-08-06 14:55:02,155 [INFO] MicroXplorer:468 - Change Database Path : 
2024-08-06 14:55:02,156 [INFO] MicroXplorer:498 - Change Database Version : DB.6.0.110
2024-08-06 14:55:02,165 [WARN] ThirdParty:871 - waiting for thirdparty lock release [close project]
2024-08-06 14:55:02,165 [INFO] ThirdParty:873 - entering critical section [close project]
2024-08-06 14:55:02,166 [INFO] ThirdParty:883 - exiting critical section [close project]
2024-08-06 14:55:02,169 [INFO] PinOutPanel:1561 - setPackage(No Configuration,No Configuration)
2024-08-06 14:55:02,175 [INFO] UtilMem:75 - Begin LoadConfig() Used Memory: 745511280 Bytes (1073741824)
2024-08-06 14:55:02,177 [INFO] MicroXplorer:468 - Change Database Path : 
2024-08-06 14:55:02,177 [INFO] MicroXplorer:498 - Change Database Version : DB.6.0.110
2024-08-06 14:55:02,177 [INFO] OpenFileManager:312 - Change cursor
2024-08-06 14:55:02,289 [INFO] Mcu:2021 - Initializing MCU STM32F103C8Tx STM32F103C8Tx STM32F103C8T6
2024-08-06 14:55:03,456 [INFO] Context:663 - Trying to add GPIOservice into a context  which must be forbidden
2024-08-06 14:55:03,744 [INFO] ImportTextPane:194 - (OptionalMessage_ERROR) Unable to find key (Mcu.ThirdPartyNb) in loaded IOC file
2024-08-06 14:55:03,745 [INFO] ImportTextPane:194 - (OptionalMessage_ERROR) Unable to find key (Mcu.PinsNb) in loaded IOC file
2024-08-06 14:55:03,745 [INFO] ImportTextPane:194 - (OptionalMessage_ERROR) Unable to find key (Mcu.IPNb) in loaded IOC file
2024-08-06 14:55:03,834 [INFO] RtosManager:555 - Registered RTOS mode: class=CMSIS, group=RTOS, mode=CMSIS_V1, owner=FREERTOS
2024-08-06 14:55:03,835 [INFO] RtosManager:555 - Registered RTOS mode: class=CMSIS, group=RTOS2, mode=CMSIS_V2, owner=FREERTOS
2024-08-06 14:55:03,835 [INFO] RtosManager:555 - Registered RTOS mode: class=RTOS, group=Core, mode=CMSIS_V1, owner=FREERTOS
2024-08-06 14:55:03,835 [INFO] RtosManager:555 - Registered RTOS mode: class=RTOS, group=Core, mode=CMSIS_V2, owner=FREERTOS
2024-08-06 14:55:03,835 [WARN] ModelIntegratedComponent:184 - Missing modes for component STMicroelectronics:FreeRTOS:0.0.1:STMicroelectronics:RTOS:FreeRTOS:Core:::10.2.0:
2024-08-06 14:55:03,864 [WARN] ModelIntegratedComponent:63 - No mode defined for component null
2024-08-06 14:55:03,864 [WARN] ModelIntegratedComponent:63 - No mode defined for component null
2024-08-06 14:55:03,864 [WARN] ModelIntegratedComponent:63 - No mode defined for component null
2024-08-06 14:55:03,864 [WARN] ModelIntegratedComponent:63 - No mode defined for component null
2024-08-06 14:55:03,864 [WARN] ModelIntegratedComponent:63 - No mode defined for component null
2024-08-06 14:55:03,864 [WARN] ModelIntegratedComponent:63 - No mode defined for component null
2024-08-06 14:55:03,865 [WARN] ModelIntegratedComponent:63 - No mode defined for component null
2024-08-06 14:55:03,865 [WARN] ModelIntegratedComponent:63 - No mode defined for component null
2024-08-06 14:55:03,865 [WARN] ModelIntegratedComponent:63 - No mode defined for component null
2024-08-06 14:55:03,865 [WARN] ModelIntegratedComponent:63 - No mode defined for component null
2024-08-06 14:55:03,865 [WARN] ModelIntegratedComponent:63 - No mode defined for component null
2024-08-06 14:55:03,865 [WARN] ModelIntegratedComponent:63 - No mode defined for component null
2024-08-06 14:55:03,865 [WARN] ModelIntegratedComponent:63 - No mode defined for component null
2024-08-06 14:55:03,865 [WARN] ModelIntegratedComponent:63 - No mode defined for component null
2024-08-06 14:55:03,865 [WARN] ModelIntegratedComponent:63 - No mode defined for component null
2024-08-06 14:55:03,865 [WARN] ModelIntegratedComponent:63 - No mode defined for component null
2024-08-06 14:55:03,865 [WARN] ModelIntegratedComponent:63 - No mode defined for component null
2024-08-06 14:55:03,866 [WARN] ModelIntegratedComponent:63 - No mode defined for component null
2024-08-06 14:55:03,866 [WARN] ModelIntegratedComponent:63 - No mode defined for component null
2024-08-06 14:55:03,866 [WARN] ModelIntegratedComponent:63 - No mode defined for component null
2024-08-06 14:55:03,866 [WARN] ModelIntegratedComponent:63 - No mode defined for component null
2024-08-06 14:55:03,866 [WARN] ModelIntegratedComponent:63 - No mode defined for component null
2024-08-06 14:55:03,866 [WARN] ModelIntegratedComponent:63 - No mode defined for component null
2024-08-06 14:55:03,866 [WARN] ModelIntegratedComponent:63 - No mode defined for component null
2024-08-06 14:55:03,866 [WARN] ModelIntegratedComponent:63 - No mode defined for component null
2024-08-06 14:55:03,866 [WARN] ModelIntegratedComponent:63 - No mode defined for component null
2024-08-06 14:55:03,866 [WARN] ModelIntegratedComponent:63 - No mode defined for component null
2024-08-06 14:55:03,866 [WARN] ModelIntegratedComponent:63 - No mode defined for component null
2024-08-06 14:55:03,866 [WARN] ModelIntegratedComponent:63 - No mode defined for component null
2024-08-06 14:55:03,866 [WARN] ModelIntegratedComponent:63 - No mode defined for component null
2024-08-06 14:55:03,866 [WARN] ModelIntegratedComponent:63 - No mode defined for component null
2024-08-06 14:55:03,866 [WARN] ModelIntegratedComponent:63 - No mode defined for component null
2024-08-06 14:55:03,866 [WARN] ModelIntegratedComponent:63 - No mode defined for component null
2024-08-06 14:55:03,866 [WARN] ModelIntegratedComponent:63 - No mode defined for component null
2024-08-06 14:55:04,099 [INFO] ThirdPartyModel:298 - Start build external matchings
2024-08-06 14:55:04,704 [INFO] ThirdPartyModel:316 - End build external matchings
2024-08-06 14:55:05,017 [INFO] UtilMem:75 - End LoadConfig() Used Memory: 642615784 Bytes (1073741824)
2024-08-06 14:55:05,056 [WARN] ThirdParty:833 - waiting for thirdparty lock release [change project]
2024-08-06 14:55:05,057 [INFO] ThirdParty:835 - entering critical section [change project]
2024-08-06 14:55:05,057 [INFO] ThirdParty:1030 - CMSIS Pack Vendor :STMicroelectronics USBPD 4.1
2024-08-06 14:55:05,057 [INFO] ThirdParty:1030 - CMSIS Pack Vendor :STMicroelectronics X-CUBE-GNSS1 6.0.0
2024-08-06 14:55:05,057 [INFO] ThirdParty:1030 - CMSIS Pack Vendor :STMicroelectronics USB_HOST 2.0.0
2024-08-06 14:55:05,057 [INFO] ThirdParty:1030 - CMSIS Pack Vendor :STMicroelectronics FP-SNS-MOTENVWB1 1.4.0
2024-08-06 14:55:05,057 [INFO] ThirdParty:1030 - CMSIS Pack Vendor :STMicroelectronics X-CUBE-AZRTOS-F4 1.1.0
2024-08-06 14:55:05,057 [INFO] ThirdParty:1030 - CMSIS Pack Vendor :STMicroelectronics LIBJPEG 8.0.0
2024-08-06 14:55:05,058 [INFO] ThirdParty:1030 - CMSIS Pack Vendor :STMicroelectronics X-CUBE-SMBUS 2.1.0
2024-08-06 14:55:05,058 [INFO] ThirdParty:1030 - CMSIS Pack Vendor :STMicroelectronics USB_DEVICE 3.0.0
2024-08-06 14:55:05,058 [INFO] ThirdParty:1030 - CMSIS Pack Vendor :STMicroelectronics X-CUBE-TCPP 4.1.0
2024-08-06 14:55:05,058 [INFO] ThirdParty:1030 - CMSIS Pack Vendor :STMicroelectronics X-CUBE-FREERTOS 1.2.0
2024-08-06 14:55:05,058 [INFO] ThirdParty:1030 - CMSIS Pack Vendor :STMicroelectronics X-CUBE-AZRTOS-WB 2.0.0
2024-08-06 14:55:05,058 [INFO] ThirdParty:1030 - CMSIS Pack Vendor :wolfSSL I-CUBE-wolfSSL 5.6.6
2024-08-06 14:55:05,058 [INFO] ThirdParty:1030 - CMSIS Pack Vendor :STMicroelectronics X-CUBE-TOUCHGFX 4.23.0
2024-08-06 14:55:05,058 [INFO] ThirdParty:1030 - CMSIS Pack Vendor :STMicroelectronics X-CUBE-TOUCHGFX 4.23.2
2024-08-06 14:55:05,058 [INFO] ThirdParty:1030 - CMSIS Pack Vendor :STMicroelectronics X-CUBE-AZRTOS-F7 1.1.0
2024-08-06 14:55:05,058 [INFO] ThirdParty:1030 - CMSIS Pack Vendor :STMicroelectronics X-CUBE-AZRTOS-L5 2.0.0
2024-08-06 14:55:05,058 [INFO] ThirdParty:1030 - CMSIS Pack Vendor :STMicroelectronics USB_DEVICE 2.0.0
2024-08-06 14:55:05,058 [INFO] ThirdParty:1030 - CMSIS Pack Vendor :STMicroelectronics X-CUBE-NFC6 3.1.0
2024-08-06 14:55:05,058 [INFO] ThirdParty:1030 - CMSIS Pack Vendor :ITTIA_DB I-CUBE-ITTIADB 8.8.0
2024-08-06 14:55:05,059 [INFO] ThirdParty:1030 - CMSIS Pack Vendor :STMicroelectronics FP-SNS-STBOX1 2.0.0
2024-08-06 14:55:05,059 [INFO] ThirdParty:1030 - CMSIS Pack Vendor :STMicroelectronics FP-SNS-MOTENV1 4.3.2
2024-08-06 14:55:05,059 [INFO] ThirdParty:1030 - CMSIS Pack Vendor :STMicroelectronics X-CUBE-ALGOBUILD 1.3.0
2024-08-06 14:55:05,059 [INFO] ThirdParty:1030 - CMSIS Pack Vendor :STMicroelectronics FreeRTOS 0.0.1
2024-08-06 14:55:05,059 [INFO] ThirdParty:1030 - CMSIS Pack Vendor :STMicroelectronics X-CUBE-AZRTOS-G0 1.1.0
2024-08-06 14:55:05,059 [INFO] ThirdParty:1030 - CMSIS Pack Vendor :STMicroelectronics X-CUBE-SAFEA1 1.2.2
2024-08-06 14:55:05,059 [INFO] ThirdParty:1030 - CMSIS Pack Vendor :STMicroelectronics X-CUBE-NFC4 3.0.0
2024-08-06 14:55:05,059 [INFO] ThirdParty:1030 - CMSIS Pack Vendor :STMicroelectronics X-CUBE-DPower 1.2.0
2024-08-06 14:55:05,059 [INFO] ThirdParty:1030 - CMSIS Pack Vendor :STMicroelectronics X-CUBE-SUBG2 5.0.0
2024-08-06 14:55:05,059 [INFO] ThirdParty:1030 - CMSIS Pack Vendor :STMicroelectronics STM32_WPAN 1.0.0
2024-08-06 14:55:05,059 [INFO] ThirdParty:1030 - CMSIS Pack Vendor :EmbeddedOffice I-CUBE-FS-RTOS 1.0.1
2024-08-06 14:55:05,059 [INFO] ThirdParty:1030 - CMSIS Pack Vendor :STMicroelectronics lwIP 2.0.3
2024-08-06 14:55:05,059 [INFO] ThirdParty:1030 - CMSIS Pack Vendor :STMicroelectronics FP-SNS-FLIGHT1 5.0.2
2024-08-06 14:55:05,060 [INFO] ThirdParty:1030 - CMSIS Pack Vendor :Cesanta I-CUBE-Mongoose 7.13.0
2024-08-06 14:55:05,060 [INFO] ThirdParty:1030 - CMSIS Pack Vendor :STMicroelectronics USB_HOST 1.0.0
2024-08-06 14:55:05,060 [INFO] ThirdParty:1030 - CMSIS Pack Vendor :STMicroelectronics X-CUBE-AI 9.0.0
2024-08-06 14:55:05,060 [INFO] ThirdParty:1030 - CMSIS Pack Vendor :STMicroelectronics X-CUBE-AZRTOS-G4 2.0.0
2024-08-06 14:55:05,060 [INFO] ThirdParty:1030 - CMSIS Pack Vendor :STMicroelectronics PDM2PCM 3.1.0
2024-08-06 14:55:05,060 [INFO] ThirdParty:1030 - CMSIS Pack Vendor :Infineon AIROC-Wi-Fi-Bluetooth-STM32 1.5.1
2024-08-06 14:55:05,060 [INFO] ThirdParty:1030 - CMSIS Pack Vendor :STMicroelectronics PDM2PCM 3.3.0
2024-08-06 14:55:05,060 [INFO] ThirdParty:1030 - CMSIS Pack Vendor :STMicroelectronics X-CUBE-DISPLAY 3.0.0
2024-08-06 14:55:05,060 [INFO] ThirdParty:1030 - CMSIS Pack Vendor :RealThread X-CUBE-RT-Thread_Nano 4.1.1
2024-08-06 14:55:05,060 [INFO] ThirdParty:1030 - CMSIS Pack Vendor :STMicroelectronics FP-SNS-MOTENVWB1 1.3.1
2024-08-06 14:55:05,060 [INFO] ThirdParty:1030 - CMSIS Pack Vendor :STMicroelectronics X-CUBE-BLE1 7.0.0
2024-08-06 14:55:05,060 [INFO] ThirdParty:1030 - CMSIS Pack Vendor :STMicroelectronics FP-ATR-SIGFOX1 3.2.0
2024-08-06 14:55:05,060 [INFO] ThirdParty:1030 - CMSIS Pack Vendor :STMicroelectronics X-CUBE-ISPU 2.0.0
2024-08-06 14:55:05,060 [INFO] ThirdParty:1030 - CMSIS Pack Vendor :STMicroelectronics X-CUBE-EEPRMA1 5.1.0
2024-08-06 14:55:05,060 [INFO] ThirdParty:1030 - CMSIS Pack Vendor :STMicroelectronics HAL Drivers 0.0.0
2024-08-06 14:55:05,060 [INFO] ThirdParty:1030 - CMSIS Pack Vendor :STMicroelectronics MBEDTLS 2.16.2
2024-08-06 14:55:05,060 [INFO] ThirdParty:1030 - CMSIS Pack Vendor :STMicroelectronics X-CUBE-ALS 1.0.2
2024-08-06 14:55:05,060 [INFO] ThirdParty:1030 - CMSIS Pack Vendor :emotas I-CUBE-CANOPEN 1.3.0
2024-08-06 14:55:05,060 [INFO] ThirdParty:1030 - CMSIS Pack Vendor :STMicroelectronics X-CUBE-MEMS1 10.0.0
2024-08-06 14:55:05,061 [INFO] ThirdParty:1030 - CMSIS Pack Vendor :STMicroelectronics X-CUBE-FREERTOS 1.1.0
2024-08-06 14:55:05,061 [INFO] ThirdParty:1030 - CMSIS Pack Vendor :STMicroelectronics X-CUBE-NFC7 1.0.1
2024-08-06 14:55:05,061 [INFO] ThirdParty:1030 - CMSIS Pack Vendor :STMicroelectronics MBEDTLS 2.14.1
2024-08-06 14:55:05,061 [INFO] ThirdParty:1030 - CMSIS Pack Vendor :STMicroelectronics X-CUBE-TOUCHGFX 4.24.0
2024-08-06 14:55:05,061 [INFO] ThirdParty:1030 - CMSIS Pack Vendor :wolfSSL I-CUBE-wolfTPM 3.2.0
2024-08-06 14:55:05,061 [INFO] ThirdParty:1030 - CMSIS Pack Vendor :STMicroelectronics X-CUBE-NFC6 3.0.0
2024-08-06 14:55:05,061 [INFO] ThirdParty:1030 - CMSIS Pack Vendor :portGmbH I-Cube-SoM-uGOAL 1.1.0
2024-08-06 14:55:05,061 [INFO] ThirdParty:1030 - CMSIS Pack Vendor :STMicroelectronics X-CUBE-ALS 1.0.1
2024-08-06 14:55:05,061 [INFO] ThirdParty:1030 - CMSIS Pack Vendor :STMicroelectronics X-CUBE-BLEMGR 3.1.0
2024-08-06 14:55:05,061 [INFO] ThirdParty:1030 - CMSIS Pack Vendor :STMicroelectronics ThreadX 1.0.0
2024-08-06 14:55:05,061 [INFO] ThirdParty:1030 - CMSIS Pack Vendor :STMicroelectronics FP-SNS-SMARTAG2 1.2.0
2024-08-06 14:55:05,061 [INFO] ThirdParty:1030 - CMSIS Pack Vendor :STMicroelectronics X-CUBE-AZRTOS-WL 2.0.0
2024-08-06 14:55:05,061 [INFO] ThirdParty:1030 - CMSIS Pack Vendor :SEGGER I-CUBE-embOS 1.3.1
2024-08-06 14:55:05,061 [INFO] ThirdParty:1030 - CMSIS Pack Vendor :STMicroelectronics X-CUBE-ALGOBUILD 1.4.0
2024-08-06 14:55:05,061 [INFO] ThirdParty:1030 - CMSIS Pack Vendor :STMicroelectronics FP-SNS-MOTENV1 5.0.0
2024-08-06 14:55:05,061 [INFO] ThirdParty:1030 - CMSIS Pack Vendor :STMicroelectronics USB_DEVICE 1.0.0
2024-08-06 14:55:05,061 [INFO] ThirdParty:1030 - CMSIS Pack Vendor :STMicroelectronics X-CUBE-AI 8.1.0
2024-08-06 14:55:05,061 [INFO] ThirdParty:1030 - CMSIS Pack Vendor :STMicroelectronics X-CUBE-AZRTOS-H7RS 1.0.0
2024-08-06 14:55:05,061 [INFO] ThirdParty:1030 - CMSIS Pack Vendor :wolfSSL I-CUBE-wolfMQTT 1.19.0
2024-08-06 14:55:05,062 [INFO] ThirdParty:1030 - CMSIS Pack Vendor :STMicroelectronics X-CUBE-AZRTOS-L4 2.0.0
2024-08-06 14:55:05,062 [INFO] ThirdParty:1030 - CMSIS Pack Vendor :STMicroelectronics ThreadX 0.0.2
2024-08-06 14:55:05,062 [INFO] ThirdParty:1030 - CMSIS Pack Vendor :WES I-CUBE-Cesium 1.3.0
2024-08-06 14:55:05,062 [INFO] ThirdParty:1030 - CMSIS Pack Vendor :STMicroelectronics FP-ATR-ASTRA1 2.0.0
2024-08-06 14:55:05,062 [INFO] ThirdParty:1030 - CMSIS Pack Vendor :STMicroelectronics lwIP 2.1.2
2024-08-06 14:55:05,062 [INFO] ThirdParty:1030 - CMSIS Pack Vendor :STMicroelectronics X-CUBE-SFXS2LP1 4.0.0
2024-08-06 14:55:05,062 [INFO] ThirdParty:1030 - CMSIS Pack Vendor :STMicroelectronics X-CUBE-BLE2 3.3.0
2024-08-06 14:55:05,062 [INFO] ThirdParty:1030 - CMSIS Pack Vendor :STMicroelectronics X-CUBE-TOF1 3.4.2
2024-08-06 14:55:05,062 [INFO] ThirdParty:1030 - CMSIS Pack Vendor :STMicroelectronics X-CUBE-TOF1 3.4.1
2024-08-06 14:55:05,062 [INFO] ThirdParty:1030 - CMSIS Pack Vendor :STMicroelectronics X-CUBE-AZRTOS-H7 3.2.0
2024-08-06 14:55:05,062 [INFO] ThirdParty:1030 - CMSIS Pack Vendor :STMicroelectronics PDM2PCM 3.2.0
2024-08-06 14:55:05,062 [INFO] ThirdParty:1030 - CMSIS Pack Vendor :wolfSSL I-CUBE-wolfSSH 1.4.17
2024-08-06 14:55:05,062 [INFO] ThirdParty:841 - exiting critical section [change project]
2024-08-06 14:55:05,403 [INFO] PinOutPanel:1561 - setPackage(No Configuration,No Configuration)
2024-08-06 14:55:05,405 [INFO] PinOutPanel:1561 - setPackage(STM32F103C8Tx,LQFP48)
2024-08-06 14:55:05,977 [INFO] UtilMem:75 - Before build in PCC Used Memory: 614173472 Bytes (1073741824)
2024-08-06 14:55:07,040 [INFO] UtilMem:75 - After build in PCC Used Memory: 703828768 Bytes (1073741824)
2024-08-06 14:55:07,077 [INFO] IPUIPlugin:80 - create IPUIPlugin
2024-08-06 14:55:07,078 [INFO] IPUIPlugin:80 - create IPUIPlugin
2024-08-06 14:55:07,078 [INFO] IPUIPlugin:80 - create IPUIPlugin
2024-08-06 14:55:07,078 [INFO] IPUIPlugin:80 - create IPUIPlugin
2024-08-06 14:55:07,079 [INFO] IPUIPlugin:80 - create IPUIPlugin
2024-08-06 14:55:07,079 [INFO] IPUIPlugin:80 - create IPUIPlugin
2024-08-06 14:55:07,079 [INFO] IPUIPlugin:80 - create IPUIPlugin
2024-08-06 14:55:07,079 [INFO] IPUIPlugin:80 - create IPUIPlugin
2024-08-06 14:55:07,079 [INFO] IPUIPlugin:80 - create IPUIPlugin
2024-08-06 14:55:07,080 [INFO] IPUIPlugin:80 - create IPUIPlugin
2024-08-06 14:55:07,080 [INFO] IPUIPlugin:80 - create IPUIPlugin
2024-08-06 14:55:07,080 [INFO] IPUIPlugin:80 - create IPUIPlugin
2024-08-06 14:55:07,080 [INFO] IPUIPlugin:80 - create IPUIPlugin
2024-08-06 14:55:07,080 [INFO] IPUIPlugin:80 - create IPUIPlugin
2024-08-06 14:55:07,081 [INFO] IPUIPlugin:80 - create IPUIPlugin
2024-08-06 14:55:07,081 [INFO] IPUIPlugin:80 - create IPUIPlugin
2024-08-06 14:55:07,081 [INFO] IPUIPlugin:80 - create IPUIPlugin
2024-08-06 14:55:07,082 [INFO] IPUIPlugin:80 - create IPUIPlugin
2024-08-06 14:55:07,082 [INFO] IPUIPlugin:80 - create IPUIPlugin
2024-08-06 14:55:07,082 [INFO] IPUIPlugin:80 - create IPUIPlugin
2024-08-06 14:55:07,083 [INFO] IPUIPlugin:80 - create IPUIPlugin
2024-08-06 14:55:07,083 [INFO] IPUIPlugin:80 - create IPUIPlugin
2024-08-06 14:55:07,083 [INFO] IPUIPlugin:80 - create IPUIPlugin
2024-08-06 14:55:07,083 [INFO] IPUIPlugin:80 - create IPUIPlugin
2024-08-06 14:55:07,084 [INFO] IPUIPlugin:80 - create IPUIPlugin
2024-08-06 14:55:07,085 [INFO] IPUIPlugin:80 - create IPUIPlugin
2024-08-06 14:55:07,085 [INFO] IPUIPlugin:80 - create IPUIPlugin
2024-08-06 14:55:07,332 [INFO] CADModel:165 - CPN selected for project levelSTM32F103C8T6
2024-08-06 14:55:07,332 [INFO] CADModel:114 - Register for checkConnection events
2024-08-06 14:55:07,382 [INFO] OpenFileManager:343 - Restore cursor
2024-08-06 14:55:09,707 [INFO] UtilMem:75 - End SaveConfig() Used Memory: 789285664 Bytes (1073741824)
2024-08-06 14:55:09,769 [INFO] UtilMem:75 - End SaveConfig() Used Memory: 801421072 Bytes (1073741824)
2024-08-06 14:55:10,234 [INFO] BlockDiagram:2759 - set Specific Code input for plugin: NVIC
2024-08-06 14:55:10,235 [INFO] BlockDiagram:2759 - set Specific Code input for plugin: RCC
2024-08-06 14:55:10,236 [INFO] CodeGenerator:807 - code generatio: config db path: C:\ST\STM32CubeIDE_1.15.0\STM32CubeIDE\plugins\com.st.stm32cube.common.mx_6.11.0.202403141607\\db\
2024-08-06 14:55:10,480 [INFO] CodeEngine:255 - oldGeneratedFile, C:\Users\Admin\STM32CubeIDE\workspace_1.15.0\check_relay\MXTmpFiles\license.tmp_save
2024-08-06 14:55:10,955 [INFO] CodeEngine:279 - Generated code: C:\Users\Admin\STM32CubeIDE\workspace_1.15.0\check_relay\MXTmpFiles\license.tmp
2024-08-06 14:55:10,988 [INFO] CodeEngine:255 - oldGeneratedFile, C:\Users\Admin\STM32CubeIDE\workspace_1.15.0\check_relay\Core\Src\stm32f1xx_it.c_save
2024-08-06 14:55:11,198 [INFO] CodeEngine:279 - Generated code: C:\Users\Admin\STM32CubeIDE\workspace_1.15.0\check_relay\Core\Src\stm32f1xx_it.c
2024-08-06 14:55:11,215 [INFO] CodeEngine:255 - oldGeneratedFile, C:\Users\Admin\STM32CubeIDE\workspace_1.15.0\check_relay\Core\Inc\stm32f1xx_it.h_save
2024-08-06 14:55:11,377 [INFO] CodeEngine:279 - Generated code: C:\Users\Admin\STM32CubeIDE\workspace_1.15.0\check_relay\Core\Inc\stm32f1xx_it.h
2024-08-06 14:55:11,603 [INFO] CodeEngine:255 - oldGeneratedFile, C:\Users\Admin\STM32CubeIDE\workspace_1.15.0\check_relay\Core\Src\stm32f1xx_hal_msp.c_save
2024-08-06 14:55:11,837 [INFO] CodeEngine:279 - Generated code: C:\Users\Admin\STM32CubeIDE\workspace_1.15.0\check_relay\Core\Src\stm32f1xx_hal_msp.c
2024-08-06 14:55:11,852 [INFO] CodeEngine:255 - oldGeneratedFile, C:\Users\Admin\STM32CubeIDE\workspace_1.15.0\check_relay\MXTmpFiles\system.tmp_save
2024-08-06 14:55:11,997 [INFO] CodeEngine:279 - Generated code: C:\Users\Admin\STM32CubeIDE\workspace_1.15.0\check_relay\MXTmpFiles\system.tmp
2024-08-06 14:55:12,024 [INFO] CodeEngine:311 - oldGeneratedFile, C:\Users\Admin\STM32CubeIDE\workspace_1.15.0\check_relay\Core\Inc\stm32f1xx_hal_conf.h_save
2024-08-06 14:55:12,199 [INFO] CodeEngine:335 - Generated code: C:\Users\Admin\STM32CubeIDE\workspace_1.15.0\check_relay\Core\Inc\stm32f1xx_hal_conf.h
2024-08-06 14:55:12,287 [INFO] CodeEngine:255 - oldGeneratedFile, C:\Users\Admin\STM32CubeIDE\workspace_1.15.0\check_relay\Core\Inc\main.h_save
2024-08-06 14:55:12,456 [INFO] CodeEngine:279 - Generated code: C:\Users\Admin\STM32CubeIDE\workspace_1.15.0\check_relay\Core\Inc\main.h
2024-08-06 14:55:12,475 [INFO] CodeEngine:255 - oldGeneratedFile, C:\Users\Admin\STM32CubeIDE\workspace_1.15.0\check_relay\Core\Src\main.c_save
2024-08-06 14:55:12,686 [INFO] CodeEngine:279 - Generated code: C:\Users\Admin\STM32CubeIDE\workspace_1.15.0\check_relay\Core\Src\main.c
2024-08-06 14:55:13,441 [INFO] ProjectBuilder:3163 - Time for Copy HAL[1] : 495mS.
2024-08-06 14:55:13,452 [INFO] ProjectBuilder:4736 - Project Generator version: 4.3.0-B58
2024-08-06 14:55:13,577 [INFO] ConfigFileManager:1503 - The Die is : DIE410
2024-08-06 14:55:13,611 [INFO] ApiDbMcu:508 - Load IP Config File for FATFS
2024-08-06 14:55:13,665 [INFO] ApiDbMcu:508 - Load IP Config File for FREERTOS
2024-08-06 14:55:13,705 [INFO] ApiDbMcu:508 - Load IP Config File for USB_DEVICE
2024-08-06 14:55:14,594 [INFO] LogOutputStream:77 - [STDOUT_REDIRECT] 
2024-08-06 14:55:18,481 [INFO] ProjectBuilder:5002 - Time for Generating toolchain IDE Files: 5029mS.
2024-08-06 14:55:18,482 [INFO] ProjectBuilder:3034 - Time for Copy CMSIS : 1mS.
2024-08-06 14:55:18,485 [INFO] ProjectBuilder:3034 - Time for Copy CMSIS : 0mS.
2024-08-06 14:55:20,064 [INFO] McuFinderGlobals:76 - Set McuFinderConnectedMode to true
2024-08-06 14:55:20,068 [INFO] ApiDb:448 - Save user favorites file C:\Users\Admin/.stm32cubeide/favorites.mcus.txt: 1 item(s)
2024-08-06 14:55:20,069 [INFO] ApiDb:452 - User favorites MCUs=[STM32F103C8T6]
2024-08-06 14:56:50,400 [INFO] UtilMem:75 - End SaveConfig() Used Memory: 844066656 Bytes (1073741824)
2024-08-06 14:56:53,303 [INFO] UtilMem:75 - End SaveConfig() Used Memory: 863102360 Bytes (1073741824)
2024-08-06 14:56:55,955 [INFO] UtilMem:75 - End SaveConfig() Used Memory: 928546480 Bytes (1073741824)
2024-08-06 14:56:56,191 [INFO] BlockDiagram:2759 - set Specific Code input for plugin: NVIC
2024-08-06 14:56:56,191 [INFO] BlockDiagram:2759 - set Specific Code input for plugin: SYS
2024-08-06 14:56:56,192 [INFO] BlockDiagram:2759 - set Specific Code input for plugin: GPIO
2024-08-06 14:56:56,192 [INFO] BlockDiagram:2759 - set Specific Code input for plugin: RCC
2024-08-06 14:56:56,193 [INFO] CodeGenerator:807 - code generatio: config db path: C:\ST\STM32CubeIDE_1.15.0\STM32CubeIDE\plugins\com.st.stm32cube.common.mx_6.11.0.202403141607\\db\
2024-08-06 14:56:56,287 [INFO] CodeEngine:255 - oldGeneratedFile, C:\Users\Admin\STM32CubeIDE\workspace_1.15.0\check_relay\MXTmpFiles\license.tmp_save
2024-08-06 14:56:56,434 [INFO] CodeEngine:279 - Generated code: C:\Users\Admin\STM32CubeIDE\workspace_1.15.0\check_relay\MXTmpFiles\license.tmp
2024-08-06 14:56:56,501 [INFO] CodeEngine:255 - oldGeneratedFile, C:\Users\Admin\STM32CubeIDE\workspace_1.15.0\check_relay\MXTmpFiles\gpio.tmp_save
2024-08-06 14:56:56,638 [INFO] CodeEngine:279 - Generated code: C:\Users\Admin\STM32CubeIDE\workspace_1.15.0\check_relay\MXTmpFiles\gpio.tmp
2024-08-06 14:56:56,703 [INFO] CodeEngine:255 - oldGeneratedFile, C:\Users\Admin\STM32CubeIDE\workspace_1.15.0\check_relay\Core\Src\stm32f1xx_it.c_save
2024-08-06 14:56:56,820 [INFO] CodeEngine:279 - Generated code: C:\Users\Admin\STM32CubeIDE\workspace_1.15.0\check_relay\Core\Src\stm32f1xx_it.c
2024-08-06 14:56:56,828 [INFO] CodeEngine:255 - oldGeneratedFile, C:\Users\Admin\STM32CubeIDE\workspace_1.15.0\check_relay\Core\Inc\stm32f1xx_it.h_save
2024-08-06 14:56:56,923 [INFO] CodeEngine:279 - Generated code: C:\Users\Admin\STM32CubeIDE\workspace_1.15.0\check_relay\Core\Inc\stm32f1xx_it.h
2024-08-06 14:56:56,951 [INFO] CodeEngine:255 - oldGeneratedFile, C:\Users\Admin\STM32CubeIDE\workspace_1.15.0\check_relay\Core\Src\stm32f1xx_hal_msp.c_save
2024-08-06 14:56:57,100 [INFO] CodeEngine:279 - Generated code: C:\Users\Admin\STM32CubeIDE\workspace_1.15.0\check_relay\Core\Src\stm32f1xx_hal_msp.c
2024-08-06 14:56:57,105 [INFO] CodeEngine:255 - oldGeneratedFile, C:\Users\Admin\STM32CubeIDE\workspace_1.15.0\check_relay\MXTmpFiles\system.tmp_save
2024-08-06 14:56:57,182 [INFO] CodeEngine:279 - Generated code: C:\Users\Admin\STM32CubeIDE\workspace_1.15.0\check_relay\MXTmpFiles\system.tmp
2024-08-06 14:56:57,203 [INFO] CodeEngine:311 - oldGeneratedFile, C:\Users\Admin\STM32CubeIDE\workspace_1.15.0\check_relay\Core\Inc\stm32f1xx_hal_conf.h_save
2024-08-06 14:56:57,338 [INFO] CodeEngine:335 - Generated code: C:\Users\Admin\STM32CubeIDE\workspace_1.15.0\check_relay\Core\Inc\stm32f1xx_hal_conf.h
2024-08-06 14:56:57,407 [INFO] CodeEngine:255 - oldGeneratedFile, C:\Users\Admin\STM32CubeIDE\workspace_1.15.0\check_relay\Core\Inc\main.h_save
2024-08-06 14:56:57,529 [INFO] CodeEngine:279 - Generated code: C:\Users\Admin\STM32CubeIDE\workspace_1.15.0\check_relay\Core\Inc\main.h
2024-08-06 14:56:57,552 [INFO] CodeEngine:255 - oldGeneratedFile, C:\Users\Admin\STM32CubeIDE\workspace_1.15.0\check_relay\Core\Src\main.c_save
2024-08-06 14:56:57,700 [INFO] CodeEngine:279 - Generated code: C:\Users\Admin\STM32CubeIDE\workspace_1.15.0\check_relay\Core\Src\main.c
2024-08-06 14:56:58,289 [INFO] ProjectBuilder:3163 - Time for Copy HAL[1] : 410mS.
2024-08-06 14:56:58,293 [INFO] ProjectBuilder:4736 - Project Generator version: 4.3.0-B58
2024-08-06 14:56:58,381 [INFO] ConfigFileManager:1503 - The Die is : DIE410
2024-08-06 14:56:59,797 [INFO] ProjectBuilder:5002 - Time for Generating toolchain IDE Files: 1504mS.
2024-08-06 14:56:59,799 [INFO] ProjectBuilder:3034 - Time for Copy CMSIS : 0mS.
2024-08-06 14:56:59,802 [INFO] ProjectBuilder:3034 - Time for Copy CMSIS : 0mS.
2024-08-06 16:02:21,529 [ERROR] LogOutputStream:75 - [STDERR_REDIRECT] 
