2024-09-26 22:12:17,553 [INFO] Activator:176 - 


2024-09-26 22:12:17,558 [INFO] Activator:177 - !SESSION log4j initialized
2024-09-26 22:12:24,511 [INFO] LogOutputStream:77 - [STDOUT_REDIRECT] 
2024-09-26 22:12:31,796 [INFO] ApplicationProperties:184 - Using Application install path: C:\ST\STM32CubeIDE_1.15.0\STM32CubeIDE\plugins\com.st.stm32cube.common.mx_6.11.0.202403141607
2024-09-26 22:12:31,813 [INFO] DbMcusXml:78 - Set database path to: C:\ST\STM32CubeIDE_1.15.0\STM32CubeIDE\plugins\com.st.stm32cube.common.mx_6.11.0.202403141607\\db\/mcu/
2024-09-26 22:12:31,813 [INFO] ApiDb:274 - Set plugin database path to: C:\ST\STM32CubeIDE_1.15.0\STM32CubeIDE\plugins\com.st.stm32cube.common.mx_6.11.0.202403141607\\db\/plugins/boardmanager/
2024-09-26 22:12:31,813 [WARN] ApiDb:259 - Overriding images path with different value:  => C:\ST\STM32CubeIDE_1.15.0\STM32CubeIDE\plugins\com.st.stm32cube.common.mx_6.11.0.202403141607\\db\/plugins/mcufinder/images/
2024-09-26 22:12:31,830 [INFO] ApiDb:250 - Set database path to: C:\Users\Admin\.stmcufinder\plugins\mcufinder//mcu/
2024-09-26 22:12:31,832 [INFO] DbMcusAds:125 - Set database path to: C:\Users\Admin\.stmcufinder\plugins\mcufinder//mcu/
2024-09-26 22:12:31,834 [INFO] CrossReferenceDbSqlite:203 - Set database path to: C:\Users\Admin\.stmcufinder\plugins\mcufinder//mcu/cs/
2024-09-26 22:12:31,939 [INFO] RulesReader:64 - Compatibility file has been processed (297 Rules)
2024-09-26 22:12:32,007 [INFO] DbMcusXml:78 - Set database path to: C:\ST\STM32CubeIDE_1.15.0\STM32CubeIDE\plugins\com.st.stm32cube.common.mx_6.11.0.202403141607\\db\/mcu/
2024-09-26 22:12:32,007 [INFO] ApiDb:274 - Set plugin database path to: C:\ST\STM32CubeIDE_1.15.0\STM32CubeIDE\plugins\com.st.stm32cube.common.mx_6.11.0.202403141607\\db\/plugins/boardmanager/
2024-09-26 22:12:32,007 [INFO] ApiDb:261 - Set plugin images path to: C:\ST\STM32CubeIDE_1.15.0\STM32CubeIDE\plugins\com.st.stm32cube.common.mx_6.11.0.202403141607\\db\/plugins/mcufinder/images/
2024-09-26 22:12:32,008 [WARN] DbFile:41 - Overriding database path with different value: C:\Users\Admin\.stmcufinder\plugins\mcufinder/ => C:\Users\Admin\.stmcufinder\plugins\mcufinder
2024-09-26 22:12:32,008 [INFO] ApiDb:250 - Set database path to: C:\Users\Admin\.stmcufinder\plugins\mcufinder//mcu/
2024-09-26 22:12:32,008 [WARN] DbFile:41 - Overriding database path with different value: C:\Users\Admin\.stmcufinder\plugins\mcufinder/ => C:\Users\Admin\.stmcufinder\plugins\mcufinder
2024-09-26 22:12:32,008 [INFO] DbMcusAds:125 - Set database path to: C:\Users\Admin\.stmcufinder\plugins\mcufinder//mcu/
2024-09-26 22:12:32,008 [WARN] DbFile:41 - Overriding database path with different value: C:\Users\Admin\.stmcufinder\plugins\mcufinder/ => C:\Users\Admin\.stmcufinder\plugins\mcufinder
2024-09-26 22:12:32,008 [WARN] DbFile:41 - Overriding database path with different value: C:\Users\Admin\.stmcufinder\plugins\mcufinder/ => C:\Users\Admin\.stmcufinder\plugins\mcufinder
2024-09-26 22:12:32,008 [INFO] CrossReferenceDbSqlite:203 - Set database path to: C:\Users\Admin\.stmcufinder\plugins\mcufinder//mcu/cs/
2024-09-26 22:12:32,084 [INFO] MainPanel:264 - HeapMemory: 268435456
2024-09-26 22:12:32,170 [INFO] DbMcusXml:78 - Set database path to: C:\ST\STM32CubeIDE_1.15.0\STM32CubeIDE\plugins\com.st.stm32cube.common.mx_6.11.0.202403141607\\db\/mcu/
2024-09-26 22:12:32,170 [INFO] ApiDb:274 - Set plugin database path to: C:\ST\STM32CubeIDE_1.15.0\STM32CubeIDE\plugins\com.st.stm32cube.common.mx_6.11.0.202403141607\\db\/plugins/boardmanager/
2024-09-26 22:12:32,170 [INFO] ApiDb:261 - Set plugin images path to: C:\ST\STM32CubeIDE_1.15.0\STM32CubeIDE\plugins\com.st.stm32cube.common.mx_6.11.0.202403141607\\db\/plugins/mcufinder/images/
2024-09-26 22:12:32,171 [WARN] DbFile:41 - Overriding database path with different value: C:\Users\Admin\.stmcufinder\plugins\mcufinder/ => C:\Users\Admin\.stmcufinder\plugins\mcufinder
2024-09-26 22:12:32,171 [INFO] ApiDb:250 - Set database path to: C:\Users\Admin\.stmcufinder\plugins\mcufinder//mcu/
2024-09-26 22:12:32,171 [WARN] DbFile:41 - Overriding database path with different value: C:\Users\Admin\.stmcufinder\plugins\mcufinder/ => C:\Users\Admin\.stmcufinder\plugins\mcufinder
2024-09-26 22:12:32,171 [INFO] DbMcusAds:125 - Set database path to: C:\Users\Admin\.stmcufinder\plugins\mcufinder//mcu/
2024-09-26 22:12:32,171 [WARN] DbFile:41 - Overriding database path with different value: C:\Users\Admin\.stmcufinder\plugins\mcufinder/ => C:\Users\Admin\.stmcufinder\plugins\mcufinder
2024-09-26 22:12:32,171 [WARN] DbFile:41 - Overriding database path with different value: C:\Users\Admin\.stmcufinder\plugins\mcufinder/ => C:\Users\Admin\.stmcufinder\plugins\mcufinder
2024-09-26 22:12:32,171 [INFO] CrossReferenceDbSqlite:203 - Set database path to: C:\Users\Admin\.stmcufinder\plugins\mcufinder//mcu/cs/
2024-09-26 22:12:32,186 [INFO] ApplicationProperties:184 - Using Application install path: C:\ST\STM32CubeIDE_1.15.0\STM32CubeIDE\plugins\com.st.stm32cube.common.mx_6.11.0.202403141607
2024-09-26 22:12:32,187 [INFO] PluginManage:196 - Search for loadable plugins [exclusion list=, ]
2024-09-26 22:12:32,189 [INFO] PluginManage:310 - Check plugin analytics
2024-09-26 22:12:32,336 [INFO] AnalyticsPlugin:253 - Accepted Software Licenses: STM32CubeMX.6.10.0
2024-09-26 22:12:32,336 [INFO] AnalyticsPlugin:255 - Accepted CMSIS Pack Licenses: 
2024-09-26 22:12:32,337 [INFO] AnalyticsPlugin:257 - Accepted Firmware Licenses: 
2024-09-26 22:12:32,339 [INFO] PluginManage:359 - Loaded plugin analytics (category:tool,tabindex:-1)
2024-09-26 22:12:32,339 [INFO] PluginManage:310 - Check plugin cadmodel
2024-09-26 22:12:32,356 [INFO] CADModel:105 - Init CAD model plugin
2024-09-26 22:12:32,357 [INFO] PluginManage:359 - Loaded plugin cadmodel (category:power,tabindex:5)
2024-09-26 22:12:32,357 [INFO] PluginManage:310 - Check plugin clock
2024-09-26 22:12:32,376 [INFO] PluginManage:359 - Loaded plugin clock (category:base,tabindex:2)
2024-09-26 22:12:32,376 [INFO] PluginManage:310 - Check plugin ddr
2024-09-26 22:12:32,378 [INFO] PluginManage:359 - Loaded plugin ddr (category:tool,tabindex:6)
2024-09-26 22:12:32,378 [INFO] PluginManage:310 - Check plugin filemanager
2024-09-26 22:12:32,539 [INFO] PluginManage:359 - Loaded plugin filemanager (category:base,tabindex:10)
2024-09-26 22:12:32,539 [INFO] PluginManage:310 - Check plugin ipmanager
2024-09-26 22:12:32,547 [INFO] PluginManage:359 - Loaded plugin ipmanager (category:base,tabindex:5)
2024-09-26 22:12:32,547 [INFO] PluginManage:310 - Check plugin lpbam
2024-09-26 22:12:32,567 [INFO] PluginManage:359 - Loaded plugin lpbam (category:base,tabindex:0)
2024-09-26 22:12:32,567 [INFO] PluginManage:310 - Check plugin memorymap
2024-09-26 22:12:32,592 [INFO] PluginManage:359 - Loaded plugin memorymap (category:base,tabindex:4)
2024-09-26 22:12:32,592 [INFO] PluginManage:310 - Check plugin pinoutandconfiguration
2024-09-26 22:12:32,607 [INFO] PluginManage:359 - Loaded plugin pinoutandconfiguration (category:base,tabindex:1)
2024-09-26 22:12:32,607 [INFO] PluginManage:310 - Check plugin pinoutconfig
2024-09-26 22:12:32,683 [WARN] SupportedApi:132 - Cannot load RTOS API schema: s4s-elt-must-match.1: The content of 'definitions' must match (annotation?, (simpleType | complexType)?, (unique | key | keyref)*)). A problem was found starting at: attribute.
2024-09-26 22:12:32,794 [INFO] PluginManage:359 - Loaded plugin pinoutconfig (category:base,tabindex:0)
2024-09-26 22:12:32,794 [INFO] PluginManage:310 - Check plugin power
2024-09-26 22:12:32,813 [INFO] PluginManage:359 - Loaded plugin power (category:power,tabindex:4)
2024-09-26 22:12:32,814 [INFO] PluginManage:310 - Check plugin projectmanager
2024-09-26 22:12:32,828 [INFO] PluginManage:359 - Loaded plugin projectmanager (category:projectmanager,tabindex:3)
2024-09-26 22:12:32,828 [INFO] PluginManage:310 - Check plugin thirdparty
2024-09-26 22:12:33,090 [INFO] PluginManage:359 - Loaded plugin thirdparty (category:base,tabindex:-1)
2024-09-26 22:12:33,090 [WARN] IntegrityCheckThread:84 - waiting for thirdparty lock release [integrity check]
2024-09-26 22:12:33,090 [INFO] PluginManage:310 - Check plugin tools
2024-09-26 22:12:33,090 [INFO] IntegrityCheckThread:86 - entering critical section [integrity check]
2024-09-26 22:12:33,091 [INFO] ThirdPartyUpdaterWithRetryManager:70 - Updater plugin not ready yet. [1/15]
2024-09-26 22:12:33,121 [INFO] PluginManage:359 - Loaded plugin tools (category:base,tabindex:7)
2024-09-26 22:12:33,121 [INFO] PluginManage:310 - Check plugin tutovideos
2024-09-26 22:12:33,278 [INFO] PluginManage:359 - Loaded plugin tutovideos (category:base,tabindex:-1)
2024-09-26 22:12:33,278 [INFO] PluginManage:310 - Check plugin updater
2024-09-26 22:12:33,292 [INFO] PluginManage:359 - Loaded plugin updater (category:base,tabindex:12)
2024-09-26 22:12:33,292 [INFO] PluginManage:310 - Check plugin userauth
2024-09-26 22:12:33,299 [INFO] UserAuth:114 - Init User Auth plugin
2024-09-26 22:12:33,299 [INFO] PluginManage:359 - Loaded plugin userauth (category:base,tabindex:14)
2024-09-26 22:12:33,299 [INFO] PluginManage:283 - PluginManage : Loaded plugins [17]
2024-09-26 22:12:33,491 [INFO] PinOutPanel:1561 - setPackage(No Configuration,No Configuration)
2024-09-26 22:12:33,562 [INFO] CADModel:165 - CPN selected for project level
2024-09-26 22:12:33,562 [INFO] CADModel:114 - Register for checkConnection events
2024-09-26 22:12:33,585 [INFO] IPUIPlugin:80 - create IPUIPlugin
2024-09-26 22:12:33,585 [INFO] PluginManager:220 - loadIPPluginJar : add adc
2024-09-26 22:12:33,625 [INFO] IPUIPlugin:80 - create IPUIPlugin
2024-09-26 22:12:33,625 [INFO] PluginManager:220 - loadIPPluginJar : add aes
2024-09-26 22:12:33,663 [INFO] IPUIPlugin:80 - create IPUIPlugin
2024-09-26 22:12:33,663 [INFO] PluginManager:220 - loadIPPluginJar : add can
2024-09-26 22:12:33,685 [INFO] IPUIPlugin:80 - create IPUIPlugin
2024-09-26 22:12:33,685 [INFO] PluginManager:220 - loadIPPluginJar : add comp
2024-09-26 22:12:33,720 [INFO] IPUIPlugin:80 - create IPUIPlugin
2024-09-26 22:12:33,720 [INFO] PluginManager:220 - loadIPPluginJar : add cryp
2024-09-26 22:12:33,747 [INFO] IPUIPlugin:80 - create IPUIPlugin
2024-09-26 22:12:33,747 [INFO] PluginManager:220 - loadIPPluginJar : add dfsdm
2024-09-26 22:12:33,764 [INFO] IPUIPlugin:80 - create IPUIPlugin
2024-09-26 22:12:33,764 [INFO] PluginManager:220 - loadIPPluginJar : add dma
2024-09-26 22:12:33,804 [INFO] IPUIPlugin:80 - create IPUIPlugin
2024-09-26 22:12:33,805 [INFO] PluginManager:220 - loadIPPluginJar : add dma3
2024-09-26 22:12:33,846 [INFO] IPUIPlugin:80 - create IPUIPlugin
2024-09-26 22:12:33,846 [INFO] PluginManager:220 - loadIPPluginJar : add extmemmanager
2024-09-26 22:12:33,867 [INFO] IPUIPlugin:80 - create IPUIPlugin
2024-09-26 22:12:33,867 [INFO] PluginManager:220 - loadIPPluginJar : add fatfs
2024-09-26 22:12:33,916 [INFO] IPUIPlugin:80 - create IPUIPlugin
2024-09-26 22:12:33,916 [INFO] PluginManager:220 - loadIPPluginJar : add fmc
2024-09-26 22:12:33,930 [INFO] IPUIPlugin:80 - create IPUIPlugin
2024-09-26 22:12:33,931 [INFO] PluginManager:220 - loadIPPluginJar : add freertos
2024-09-26 22:12:33,951 [INFO] IPUIPlugin:80 - create IPUIPlugin
2024-09-26 22:12:33,952 [INFO] PluginManager:220 - loadIPPluginJar : add genericplugin
2024-09-26 22:12:34,036 [INFO] IPUIPlugin:80 - create IPUIPlugin
2024-09-26 22:12:34,037 [INFO] PluginManager:220 - loadIPPluginJar : add gfxmmu
2024-09-26 22:12:34,154 [INFO] IPUIPlugin:80 - create IPUIPlugin
2024-09-26 22:12:34,155 [INFO] PluginManager:220 - loadIPPluginJar : add gic
2024-09-26 22:12:34,166 [INFO] IPUIPlugin:80 - create IPUIPlugin
2024-09-26 22:12:34,166 [INFO] PluginManager:220 - loadIPPluginJar : add gpio
2024-09-26 22:12:34,250 [INFO] IPUIPlugin:80 - create IPUIPlugin
2024-09-26 22:12:34,250 [INFO] PluginManager:220 - loadIPPluginJar : add gtzc
2024-09-26 22:12:34,280 [INFO] IPUIPlugin:80 - create IPUIPlugin
2024-09-26 22:12:34,280 [INFO] PluginManager:220 - loadIPPluginJar : add hash
2024-09-26 22:12:34,325 [INFO] IPUIPlugin:80 - create IPUIPlugin
2024-09-26 22:12:34,326 [INFO] PluginManager:220 - loadIPPluginJar : add i2c
2024-09-26 22:12:34,361 [INFO] IPUIPlugin:80 - create IPUIPlugin
2024-09-26 22:12:34,361 [INFO] PluginManager:220 - loadIPPluginJar : add i2s
2024-09-26 22:12:34,398 [INFO] IPUIPlugin:80 - create IPUIPlugin
2024-09-26 22:12:34,399 [INFO] PluginManager:220 - loadIPPluginJar : add i3c
2024-09-26 22:12:34,502 [INFO] IPUIPlugin:80 - create IPUIPlugin
2024-09-26 22:12:34,502 [INFO] PluginManager:220 - loadIPPluginJar : add ipddr
2024-09-26 22:12:34,589 [INFO] IPUIPlugin:80 - create IPUIPlugin
2024-09-26 22:12:34,589 [INFO] PluginManager:220 - loadIPPluginJar : add linkedlist
2024-09-26 22:12:34,627 [INFO] IPUIPlugin:80 - create IPUIPlugin
2024-09-26 22:12:34,627 [INFO] PluginManager:220 - loadIPPluginJar : add lorawan
2024-09-26 22:12:34,665 [INFO] IPUIPlugin:80 - create IPUIPlugin
2024-09-26 22:12:34,665 [INFO] PluginManager:220 - loadIPPluginJar : add ltdc
2024-09-26 22:12:34,678 [INFO] IPUIPlugin:80 - create IPUIPlugin
2024-09-26 22:12:34,679 [INFO] PluginManager:220 - loadIPPluginJar : add mdma
2024-09-26 22:12:34,691 [INFO] IPUIPlugin:80 - create IPUIPlugin
2024-09-26 22:12:34,691 [INFO] PluginManager:220 - loadIPPluginJar : add nvic
2024-09-26 22:12:34,726 [INFO] IPUIPlugin:80 - create IPUIPlugin
2024-09-26 22:12:34,726 [INFO] PluginManager:220 - loadIPPluginJar : add opamp
2024-09-26 22:12:34,787 [INFO] IPUIPlugin:80 - create IPUIPlugin
2024-09-26 22:12:34,787 [INFO] PluginManager:220 - loadIPPluginJar : add openamp
2024-09-26 22:12:34,824 [INFO] IPUIPlugin:80 - create IPUIPlugin
2024-09-26 22:12:34,824 [INFO] PluginManager:220 - loadIPPluginJar : add pdm2pcm
2024-09-26 22:12:34,840 [INFO] IPUIPlugin:80 - create IPUIPlugin
2024-09-26 22:12:34,842 [INFO] PluginManager:220 - loadIPPluginJar : add plateformsettings
2024-09-26 22:12:34,863 [INFO] IPUIPlugin:80 - create IPUIPlugin
2024-09-26 22:12:34,863 [INFO] PluginManager:220 - loadIPPluginJar : add quadspi
2024-09-26 22:12:34,877 [INFO] IPUIPlugin:80 - create IPUIPlugin
2024-09-26 22:12:34,877 [INFO] PluginManager:220 - loadIPPluginJar : add resmgrutility
2024-09-26 22:12:34,925 [INFO] IPUIPlugin:80 - create IPUIPlugin
2024-09-26 22:12:34,925 [INFO] PluginManager:220 - loadIPPluginJar : add sai
2024-09-26 22:12:34,964 [INFO] IPUIPlugin:80 - create IPUIPlugin
2024-09-26 22:12:34,964 [INFO] PluginManager:220 - loadIPPluginJar : add spi
2024-09-26 22:12:35,053 [INFO] IPUIPlugin:80 - create IPUIPlugin
2024-09-26 22:12:35,054 [INFO] PluginManager:220 - loadIPPluginJar : add stm32_wpan
2024-09-26 22:12:35,077 [INFO] IPUIPlugin:80 - create IPUIPlugin
2024-09-26 22:12:35,077 [INFO] PluginManager:220 - loadIPPluginJar : add tim
2024-09-26 22:12:35,133 [INFO] IPUIPlugin:80 - create IPUIPlugin
2024-09-26 22:12:35,133 [INFO] PluginManager:220 - loadIPPluginJar : add touchsensing
2024-09-26 22:12:35,157 [INFO] IPUIPlugin:80 - create IPUIPlugin
2024-09-26 22:12:35,157 [INFO] PluginManager:220 - loadIPPluginJar : add tracer_emb
2024-09-26 22:12:35,179 [INFO] IPUIPlugin:80 - create IPUIPlugin
2024-09-26 22:12:35,179 [INFO] PluginManager:220 - loadIPPluginJar : add ts
2024-09-26 22:12:35,212 [INFO] IPUIPlugin:80 - create IPUIPlugin
2024-09-26 22:12:35,213 [INFO] PluginManager:220 - loadIPPluginJar : add tsc
2024-09-26 22:12:35,243 [INFO] IPUIPlugin:80 - create IPUIPlugin
2024-09-26 22:12:35,243 [INFO] PluginManager:220 - loadIPPluginJar : add ucpd
2024-09-26 22:12:35,283 [INFO] IPUIPlugin:80 - create IPUIPlugin
2024-09-26 22:12:35,283 [INFO] PluginManager:220 - loadIPPluginJar : add usart
2024-09-26 22:12:35,331 [INFO] IPUIPlugin:80 - create IPUIPlugin
2024-09-26 22:12:35,331 [INFO] PluginManager:220 - loadIPPluginJar : add usbx
2024-09-26 22:12:35,452 [INFO] CADModel:165 - CPN selected for project level
2024-09-26 22:12:35,453 [INFO] CADModel:114 - Register for checkConnection events
2024-09-26 22:12:35,453 [FATAL] Updater:308 - Updater called before beeing initialized
2024-09-26 22:12:35,453 [ERROR] CADModel:125 - Updater not yet initialized, retry later 
2024-09-26 22:12:35,563 [INFO] CADModel:165 - CPN selected for project level
2024-09-26 22:12:35,563 [INFO] CADModel:114 - Register for checkConnection events
2024-09-26 22:12:35,563 [FATAL] Updater:308 - Updater called before beeing initialized
2024-09-26 22:12:35,563 [ERROR] CADModel:125 - Updater not yet initialized, retry later 
2024-09-26 22:12:35,567 [FATAL] Updater:308 - Updater called before beeing initialized
2024-09-26 22:12:35,657 [FATAL] Updater:308 - Updater called before beeing initialized
2024-09-26 22:12:35,667 [INFO] DbMcusAds:53 - JSON generation date=Fri Sep 20 20:04:23 ICT 2024 (1726837463113)
2024-09-26 22:12:35,667 [FATAL] Updater:308 - Updater called before beeing initialized
2024-09-26 22:12:35,745 [WARN] DetailPanel:346 - Failed to get advertising image, set to default
2024-09-26 22:12:35,816 [FATAL] Updater:308 - Updater called before beeing initialized
2024-09-26 22:12:35,818 [FATAL] Updater:308 - Updater called before beeing initialized
2024-09-26 22:12:35,818 [FATAL] Updater:308 - Updater called before beeing initialized
2024-09-26 22:12:35,818 [WARN] DetailPanel:346 - Failed to get advertising image, set to default
2024-09-26 22:12:35,819 [FATAL] Updater:308 - Updater called before beeing initialized
2024-09-26 22:12:35,877 [ERROR] Updater:1120 - MainUpdater not yet initialized. External WinMGr cannot be set.
2024-09-26 22:12:35,891 [INFO] Updater:1056 - Updater Version found : 6.11.0
2024-09-26 22:12:35,918 [INFO] ApplicationProperties:184 - Using Application install path: C:\ST\STM32CubeIDE_1.15.0\STM32CubeIDE\plugins\com.st.stm32cube.common.mx_6.11.0.202403141607
2024-09-26 22:12:36,091 [INFO] ThirdPartyUpdaterWithRetryManager:70 - Updater plugin not ready yet. [2/15]
2024-09-26 22:12:37,497 [ERROR] LogOutputStream:75 - [STDERR_REDIRECT] Sep 26, 2024 10:12:37 PM java.util.prefs.WindowsPreferences <init>
2024-09-26 22:12:37,498 [ERROR] LogOutputStream:75 - [STDERR_REDIRECT] WARNING: Could not open/create prefs root node Software\JavaSoft\Prefs at root 0xffffffff80000002. Windows RegCreateKeyEx(...) returned error code 5.
2024-09-26 22:12:37,498 [ERROR] LogOutputStream:75 - [STDERR_REDIRECT] 
2024-09-26 22:12:37,885 [INFO] MainUpdater:2873 - connection check result : 10
2024-09-26 22:12:37,886 [INFO] MainUpdater:290 - Updater Check For Update Now.
2024-09-26 22:12:37,886 [INFO] MicroXplorer:498 - Change Database Version : DB.6.0.110
2024-09-26 22:12:37,900 [INFO] McuFinderGlobals:63 - Set McuFinder mode to 2 (CubeIDE integrated)
2024-09-26 22:12:37,915 [INFO] UserAuth:415 - Internet connection configuration mode: 1
2024-09-26 22:12:37,949 [INFO] JxBrowserEngine:152 - Initiate JxBrowser Engine with user profile folder
2024-09-26 22:12:38,109 [INFO] CheckServerUpdateThread:120 - End of CheckServer Thread
2024-09-26 22:12:39,290 [WARN] PackLoader:240 - Cannot read IP mode file for STMicroelectronics.FP-SNS-MOTENVWB1.1.4.0
2024-09-26 22:12:39,306 [WARN] PackLoader:240 - Cannot read IP mode file for STMicroelectronics.X-CUBE-SMBUS.2.1.0
2024-09-26 22:12:39,324 [WARN] PackLoader:240 - Cannot read IP mode file for STMicroelectronics.X-CUBE-TOUCHGFX.4.23.0
2024-09-26 22:12:39,336 [WARN] PackLoader:240 - Cannot read IP mode file for STMicroelectronics.X-CUBE-TOUCHGFX.4.23.2
2024-09-26 22:12:39,388 [WARN] PackLoader:240 - Cannot read IP mode file for STMicroelectronics.X-CUBE-AZRTOS-F7.1.1.0
2024-09-26 22:12:39,410 [WARN] PackLoader:240 - Cannot read IP mode file for STMicroelectronics.FP-SNS-MOTENV1.4.3.2
2024-09-26 22:12:39,492 [WARN] PackLoader:240 - Cannot read IP mode file for STMicroelectronics.X-CUBE-MEMS1.11.0.0
2024-09-26 22:12:39,667 [WARN] PackLoader:240 - Cannot read IP mode file for STMicroelectronics.FP-SNS-FLIGHT1.5.0.2
2024-09-26 22:12:39,691 [WARN] PackLoader:240 - Cannot read IP mode file for STMicroelectronics.X-CUBE-DISPLAY.3.0.0
2024-09-26 22:12:39,712 [WARN] PackLoader:240 - Cannot read IP mode file for STMicroelectronics.X-CUBE-BLE1.7.0.0
2024-09-26 22:12:39,730 [WARN] PackLoader:240 - Cannot read IP mode file for emotas.I-CUBE-CANOPEN.1.3.0
2024-09-26 22:12:39,753 [WARN] PackLoader:240 - Cannot read IP mode file for STMicroelectronics.X-CUBE-BLEMGR.3.1.0
2024-09-26 22:12:39,775 [WARN] PackLoader:240 - Cannot read IP mode file for STMicroelectronics.FP-SNS-SMARTAG2.1.2.0
2024-09-26 22:12:39,799 [INFO] LogOutputStream:77 - [STDOUT_REDIRECT] 1 : Invalid condition id : UX_CORESTACK_Condition cause : null
2024-09-26 22:12:39,800 [INFO] LogOutputStream:77 - [STDOUT_REDIRECT] 1 : Invalid condition id : UX_CORESTACK_Condition cause : null
2024-09-26 22:12:39,801 [INFO] LogOutputStream:77 - [STDOUT_REDIRECT] 1 : Invalid condition id : UX_CORESTACK_Condition cause : null
2024-09-26 22:12:39,802 [INFO] LogOutputStream:77 - [STDOUT_REDIRECT] 1 : Invalid condition id : UX_CORESTACK_Condition cause : null
2024-09-26 22:12:39,804 [INFO] LogOutputStream:77 - [STDOUT_REDIRECT] 1 : Invalid condition id : UX_CORESTACK_Condition cause : null
2024-09-26 22:12:39,808 [WARN] PackLoader:240 - Cannot read IP mode file for STMicroelectronics.X-CUBE-AZRTOS-WL.2.0.0
2024-09-26 22:12:39,826 [WARN] PackLoader:240 - Cannot read IP mode file for STMicroelectronics.FP-SNS-MOTENV1.5.0.0
2024-09-26 22:12:39,843 [WARN] PackLoader:240 - Cannot read IP mode file for wolfSSL.I-CUBE-wolfMQTT.1.19.0
2024-09-26 22:12:39,867 [WARN] PackLoader:240 - Cannot read IP mode file for WES.I-CUBE-Cesium.1.3.0
2024-09-26 22:12:39,885 [WARN] PackLoader:240 - Cannot read IP mode file for STMicroelectronics.X-CUBE-BLE2.3.3.0
2024-09-26 22:12:39,905 [WARN] PackLoader:240 - Cannot read IP mode file for STMicroelectronics.X-CUBE-TCPP.4.1.0
2024-09-26 22:12:39,926 [WARN] PackLoader:240 - Cannot read IP mode file for STMicroelectronics.X-CUBE-ALGOBUILD.1.3.0
2024-09-26 22:12:39,962 [WARN] PackLoader:240 - Cannot read IP mode file for STMicroelectronics.X-CUBE-AZRTOS-G0.1.1.0
2024-09-26 22:12:39,992 [WARN] PackLoader:240 - Cannot read IP mode file for STMicroelectronics.X-CUBE-SAFEA1.1.2.2
2024-09-26 22:12:40,014 [WARN] PackLoader:240 - Cannot read IP mode file for STMicroelectronics.X-CUBE-NFC4.3.0.0
2024-09-26 22:12:40,047 [WARN] PackLoader:240 - Cannot read IP mode file for EmbeddedOffice.I-CUBE-FS-RTOS.1.0.1
2024-09-26 22:12:40,048 [ERROR] ConditionMgr:805 - Attr not supported : Dmpu
2024-09-26 22:12:40,048 [ERROR] ConditionMgr:805 - Attr not supported : Dmpu
2024-09-26 22:12:40,048 [ERROR] ConditionMgr:805 - Attr not supported : Dmpu
2024-09-26 22:12:40,048 [ERROR] ConditionMgr:805 - Attr not supported : Dmpu
2024-09-26 22:12:40,048 [ERROR] ConditionMgr:805 - Attr not supported : Dmpu
2024-09-26 22:12:40,049 [ERROR] ConditionMgr:805 - Attr not supported : Dmpu
2024-09-26 22:12:40,049 [ERROR] ConditionMgr:805 - Attr not supported : Dmpu
2024-09-26 22:12:40,049 [ERROR] ConditionMgr:805 - Attr not supported : Dmpu
2024-09-26 22:12:40,049 [ERROR] ConditionMgr:805 - Attr not supported : Dmpu
2024-09-26 22:12:40,049 [ERROR] ConditionMgr:805 - Attr not supported : Dmpu
2024-09-26 22:12:40,049 [ERROR] ConditionMgr:805 - Attr not supported : Dmpu
2024-09-26 22:12:40,049 [ERROR] ConditionMgr:805 - Attr not supported : Dmpu
2024-09-26 22:12:40,049 [ERROR] ConditionMgr:805 - Attr not supported : Dmpu
2024-09-26 22:12:40,049 [ERROR] ConditionMgr:805 - Attr not supported : Dmpu
2024-09-26 22:12:40,049 [ERROR] ConditionMgr:805 - Attr not supported : Dmpu
2024-09-26 22:12:40,049 [ERROR] ConditionMgr:805 - Attr not supported : Dmpu
2024-09-26 22:12:40,050 [ERROR] ConditionMgr:805 - Attr not supported : Dmpu
2024-09-26 22:12:40,050 [ERROR] ConditionMgr:805 - Attr not supported : Dmpu
2024-09-26 22:12:40,050 [ERROR] ConditionMgr:805 - Attr not supported : Dmpu
2024-09-26 22:12:40,050 [ERROR] ConditionMgr:805 - Attr not supported : Dmpu
2024-09-26 22:12:40,050 [ERROR] ConditionMgr:805 - Attr not supported : Dmpu
2024-09-26 22:12:40,050 [ERROR] ConditionMgr:805 - Attr not supported : Dmpu
2024-09-26 22:12:40,050 [ERROR] ConditionMgr:805 - Attr not supported : Dmpu
2024-09-26 22:12:40,050 [ERROR] ConditionMgr:805 - Attr not supported : Dmpu
2024-09-26 22:12:40,050 [ERROR] ConditionMgr:805 - Attr not supported : Dmpu
2024-09-26 22:12:40,050 [ERROR] ConditionMgr:805 - Attr not supported : Dmpu
2024-09-26 22:12:40,050 [ERROR] ConditionMgr:805 - Attr not supported : Dmpu
2024-09-26 22:12:40,051 [ERROR] ConditionMgr:805 - Attr not supported : Dmpu
2024-09-26 22:12:40,051 [ERROR] ConditionMgr:805 - Attr not supported : Dmpu
2024-09-26 22:12:40,051 [ERROR] ConditionMgr:805 - Attr not supported : Dmpu
2024-09-26 22:12:40,051 [ERROR] ConditionMgr:805 - Attr not supported : Dmpu
2024-09-26 22:12:40,051 [ERROR] ConditionMgr:805 - Attr not supported : Dmpu
2024-09-26 22:12:40,051 [ERROR] ConditionMgr:805 - Attr not supported : Dmpu
2024-09-26 22:12:40,051 [ERROR] ConditionMgr:805 - Attr not supported : Dmpu
2024-09-26 22:12:40,051 [ERROR] ConditionMgr:805 - Attr not supported : Dmpu
2024-09-26 22:12:40,051 [ERROR] ConditionMgr:805 - Attr not supported : Dmpu
2024-09-26 22:12:40,051 [ERROR] ConditionMgr:805 - Attr not supported : Dmpu
2024-09-26 22:12:40,051 [ERROR] ConditionMgr:805 - Attr not supported : Dmpu
2024-09-26 22:12:40,052 [ERROR] ConditionMgr:805 - Attr not supported : Dmpu
2024-09-26 22:12:40,052 [ERROR] ConditionMgr:805 - Attr not supported : Dmpu
2024-09-26 22:12:40,052 [ERROR] ConditionMgr:805 - Attr not supported : Dmpu
2024-09-26 22:12:40,052 [ERROR] ConditionMgr:805 - Attr not supported : Dmpu
2024-09-26 22:12:40,052 [ERROR] ConditionMgr:805 - Attr not supported : Dmpu
2024-09-26 22:12:40,052 [ERROR] ConditionMgr:805 - Attr not supported : Dmpu
2024-09-26 22:12:40,052 [ERROR] ConditionMgr:805 - Attr not supported : Dmpu
2024-09-26 22:12:40,052 [ERROR] ConditionMgr:805 - Attr not supported : Dmpu
2024-09-26 22:12:40,052 [ERROR] ConditionMgr:805 - Attr not supported : Dmpu
2024-09-26 22:12:40,052 [ERROR] ConditionMgr:805 - Attr not supported : Dmpu
2024-09-26 22:12:40,052 [ERROR] ConditionMgr:805 - Attr not supported : Dmpu
2024-09-26 22:12:40,053 [ERROR] ConditionMgr:805 - Attr not supported : Dmpu
2024-09-26 22:12:40,053 [ERROR] ConditionMgr:805 - Attr not supported : Dmpu
2024-09-26 22:12:40,053 [ERROR] ConditionMgr:805 - Attr not supported : Dmpu
2024-09-26 22:12:40,053 [ERROR] ConditionMgr:805 - Attr not supported : Dmpu
2024-09-26 22:12:40,053 [ERROR] ConditionMgr:805 - Attr not supported : Dmpu
2024-09-26 22:12:40,053 [ERROR] ConditionMgr:805 - Attr not supported : Dmpu
2024-09-26 22:12:40,053 [ERROR] ConditionMgr:805 - Attr not supported : Dmpu
2024-09-26 22:12:40,053 [ERROR] ConditionMgr:805 - Attr not supported : Dmpu
2024-09-26 22:12:40,053 [ERROR] ConditionMgr:805 - Attr not supported : Dmpu
2024-09-26 22:12:40,053 [ERROR] ConditionMgr:805 - Attr not supported : Dmpu
2024-09-26 22:12:40,053 [ERROR] ConditionMgr:805 - Attr not supported : Dmpu
2024-09-26 22:12:40,053 [ERROR] ConditionMgr:805 - Attr not supported : Dmpu
2024-09-26 22:12:40,054 [ERROR] ConditionMgr:805 - Attr not supported : Dmpu
2024-09-26 22:12:40,054 [ERROR] ConditionMgr:805 - Attr not supported : Dmpu
2024-09-26 22:12:40,054 [ERROR] ConditionMgr:805 - Attr not supported : Dmpu
2024-09-26 22:12:40,083 [WARN] PackLoader:240 - Cannot read IP mode file for RealThread.X-CUBE-RT-Thread_Nano.4.1.1
2024-09-26 22:12:40,102 [WARN] PackLoader:240 - Cannot read IP mode file for STMicroelectronics.FP-ATR-SIGFOX1.3.2.0
2024-09-26 22:12:40,121 [WARN] PackLoader:240 - Cannot read IP mode file for STMicroelectronics.X-CUBE-EEPRMA1.5.1.0
2024-09-26 22:12:40,170 [WARN] PackLoader:240 - Cannot read IP mode file for SEGGER.I-CUBE-embOS.1.3.1
2024-09-26 22:12:40,222 [WARN] PackLoader:240 - Cannot read IP mode file for STMicroelectronics.X-CUBE-ALGOBUILD.1.4.0
2024-09-26 22:12:40,237 [WARN] PackLoader:240 - Cannot read IP mode file for STMicroelectronics.X-CUBE-GNSS1.6.0.0
2024-09-26 22:12:40,267 [WARN] PackLoader:240 - Cannot read IP mode file for STMicroelectronics.X-CUBE-AZRTOS-F4.1.1.0
2024-09-26 22:12:40,281 [WARN] PackLoader:240 - Cannot read IP mode file for STMicroelectronics.X-CUBE-ISPU.2.1.0
2024-09-26 22:12:40,296 [WARN] PackLoader:240 - Cannot read IP mode file for STMicroelectronics.X-CUBE-FREERTOS.1.2.0
2024-09-26 22:12:40,312 [WARN] PackLoader:240 - Cannot read IP mode file for wolfSSL.I-CUBE-wolfSSL.5.6.6
2024-09-26 22:12:40,352 [WARN] PackLoader:240 - Cannot read IP mode file for STMicroelectronics.X-CUBE-AZRTOS-L5.2.0.0
2024-09-26 22:12:40,376 [WARN] PackLoader:240 - Cannot read IP mode file for STMicroelectronics.X-CUBE-NFC6.3.1.0
2024-09-26 22:12:40,396 [WARN] PackLoader:240 - Cannot read IP mode file for ITTIA_DB.I-CUBE-ITTIADB.8.8.0
2024-09-26 22:12:40,414 [WARN] PackLoader:240 - Cannot read IP mode file for STMicroelectronics.X-CUBE-DPower.1.2.0
2024-09-26 22:12:40,432 [WARN] PackLoader:240 - Cannot read IP mode file for STMicroelectronics.X-CUBE-AI.9.0.0
2024-09-26 22:12:40,449 [WARN] PackLoader:240 - Cannot read IP mode file for STMicroelectronics.X-CUBE-NFC7.1.0.1
2024-09-26 22:12:40,467 [WARN] PackLoader:240 - Cannot read IP mode file for wolfSSL.I-CUBE-wolfTPM.3.2.0
2024-09-26 22:12:40,486 [WARN] PackLoader:240 - Cannot read IP mode file for STMicroelectronics.X-CUBE-NFC6.3.0.0
2024-09-26 22:12:40,502 [WARN] PackLoader:240 - Cannot read IP mode file for STMicroelectronics.X-CUBE-AI.8.1.0
2024-09-26 22:12:40,538 [WARN] ConditionMgr:438 - getConditionDescription Invalid condition id : LAN8742 Phy interface Condition cause : null
2024-09-26 22:12:40,539 [WARN] PackLoader:240 - Cannot read IP mode file for STMicroelectronics.X-CUBE-AZRTOS-L4.2.0.0
2024-09-26 22:12:40,541 [WARN] ConditionMgr:1039 - genDependencies : Invalid condition id : LAN8742 Phy interface Condition cause : null
2024-09-26 22:12:40,542 [WARN] ConditionMgr:1039 - genDependencies : Invalid condition id : LAN8742 Phy interface Condition cause : null
2024-09-26 22:12:40,543 [WARN] ConditionMgr:1039 - genDependencies : Invalid condition id : LAN8742 Phy interface Condition cause : null
2024-09-26 22:12:40,570 [WARN] PackLoader:240 - Cannot read IP mode file for STMicroelectronics.X-CUBE-SFXS2LP1.4.0.0
2024-09-26 22:12:40,610 [WARN] PackLoader:240 - Cannot read IP mode file for STMicroelectronics.X-CUBE-AZRTOS-H7.3.3.0
2024-09-26 22:12:40,640 [WARN] ConditionMgr:438 - getConditionDescription Invalid condition id : UX DEVICE CLASS RTOS Condition cause : null
2024-09-26 22:12:40,641 [WARN] ConditionMgr:438 - getConditionDescription Invalid condition id : UX DEVICE CLASS RTOS Condition cause : null
2024-09-26 22:12:40,644 [WARN] PackLoader:240 - Cannot read IP mode file for STMicroelectronics.X-CUBE-AZRTOS-WB.2.0.0
2024-09-26 22:12:40,645 [WARN] ConditionMgr:1039 - genDependencies : Invalid condition id : UX DEVICE CLASS RTOS Condition cause : null
2024-09-26 22:12:40,645 [WARN] ConditionMgr:1039 - genDependencies : Invalid condition id : UX DEVICE CLASS RTOS Condition cause : null
2024-09-26 22:12:40,645 [WARN] ConditionMgr:1039 - genDependencies : Invalid condition id : UX DEVICE CLASS RTOS Condition cause : null
2024-09-26 22:12:40,646 [WARN] ConditionMgr:1039 - genDependencies : Invalid condition id : UX DEVICE CLASS RTOS Condition cause : null
2024-09-26 22:12:40,646 [WARN] ConditionMgr:1039 - genDependencies : Invalid condition id : UX DEVICE CLASS RTOS Condition cause : null
2024-09-26 22:12:40,666 [WARN] PackLoader:240 - Cannot read IP mode file for STMicroelectronics.X-CUBE-GNSS1.7.0.0
2024-09-26 22:12:40,682 [WARN] PackLoader:240 - Cannot read IP mode file for STMicroelectronics.FP-SNS-STBOX1.2.0.0
2024-09-26 22:12:40,704 [WARN] PackLoader:240 - Cannot read IP mode file for STMicroelectronics.X-CUBE-SUBG2.5.0.0
2024-09-26 22:12:40,726 [WARN] PackLoader:240 - Cannot read IP mode file for Cesanta.I-CUBE-Mongoose.7.13.0
2024-09-26 22:12:40,754 [WARN] PackLoader:240 - Cannot read IP mode file for STMicroelectronics.X-CUBE-AZRTOS-G4.2.0.0
2024-09-26 22:12:40,785 [WARN] PackLoader:240 - Cannot read IP mode file for Infineon.AIROC-Wi-Fi-Bluetooth-STM32.1.5.1
2024-09-26 22:12:40,799 [WARN] PackLoader:240 - Cannot read IP mode file for STMicroelectronics.FP-SNS-MOTENVWB1.1.3.1
2024-09-26 22:12:40,812 [WARN] PackLoader:240 - Cannot read IP mode file for STMicroelectronics.X-CUBE-ISPU.2.0.0
2024-09-26 22:12:40,826 [WARN] PackLoader:240 - Cannot read IP mode file for STMicroelectronics.X-CUBE-ALS.1.0.2
2024-09-26 22:12:40,865 [WARN] PackLoader:240 - Cannot read IP mode file for STMicroelectronics.X-CUBE-MEMS1.10.0.0
2024-09-26 22:12:40,966 [WARN] PackLoader:240 - Cannot read IP mode file for STMicroelectronics.X-CUBE-FREERTOS.1.1.0
2024-09-26 22:12:40,984 [WARN] PackLoader:240 - Cannot read IP mode file for STMicroelectronics.X-CUBE-TOUCHGFX.4.24.0
2024-09-26 22:12:40,997 [WARN] PackLoader:240 - Cannot read IP mode file for STMicroelectronics.X-CUBE-TOUCHGFX.4.24.1
2024-09-26 22:12:41,016 [WARN] PackLoader:240 - Cannot read IP mode file for portGmbH.I-Cube-SoM-uGOAL.1.1.0
2024-09-26 22:12:41,031 [WARN] PackLoader:240 - Cannot read IP mode file for STMicroelectronics.X-CUBE-ALS.1.0.1
2024-09-26 22:12:41,056 [WARN] PackLoader:240 - Cannot read IP mode file for STMicroelectronics.X-CUBE-AZRTOS-H7RS.1.0.0
2024-09-26 22:12:41,071 [WARN] PackLoader:240 - Cannot read IP mode file for STMicroelectronics.FP-ATR-ASTRA1.2.0.0
2024-09-26 22:12:41,089 [WARN] PackLoader:240 - Cannot read IP mode file for STMicroelectronics.X-CUBE-TOF1.3.4.2
2024-09-26 22:12:41,112 [WARN] PackLoader:240 - Cannot read IP mode file for STMicroelectronics.X-CUBE-TOF1.3.4.1
2024-09-26 22:12:41,152 [WARN] PackLoader:240 - Cannot read IP mode file for STMicroelectronics.X-CUBE-AZRTOS-H7.3.2.0
2024-09-26 22:12:41,166 [WARN] PackLoader:240 - Cannot read IP mode file for wolfSSL.I-CUBE-wolfSSH.1.4.17
2024-09-26 22:12:41,166 [INFO] ThirdParty:978 - Integrity check success = true
2024-09-26 22:12:41,166 [INFO] IntegrityCheckThread:100 - exiting critical section [integrity check]
2024-09-26 22:12:41,167 [INFO] IntegrityCheckThread:103 - End integrity checks thread
2024-09-26 22:12:42,883 [INFO] WebApp:161 - Instantiating new browser for Auth
2024-09-26 22:12:43,444 [INFO] WebApp:779 - Register for checkConnection events
2024-09-26 22:12:43,444 [INFO] WebApp:414 - Apply proxy settings
2024-09-26 22:12:43,445 [INFO] WebApp:499 - Chromium requires no authentication
2024-09-26 22:12:43,451 [INFO] WebApp:442 - Direct internet connection detected
2024-09-26 22:12:43,566 [INFO] WebApp:192 - Starting web application
2024-09-26 22:12:43,566 [INFO] WebApp:544 - Web application path used C:\ST\STM32CubeIDE_1.15.0\STM32CubeIDE\plugins\com.st.stm32cube.common.mx_6.11.0.202403141607\db\plugins\mcufinder\reactClient1\index.html
2024-09-26 22:16:21,931 [ERROR] LogOutputStream:75 - [STDERR_REDIRECT] 
